[05:07:07] 'Brightness' fonksiyonu aktif.
[05:07:13] 'Brightness' fonksiyonu inaktif.
[05:08:26] 'Zoom' fonksiyonu aktif.
[05:08:41] 'Zoom' fonksiyonu aktif.
[05:09:06] 'Zoom' fonksiyonu aktif.
[05:09:14] 'Zoom' fonksiyonu inaktif.
[05:09:16] 'Brightness' fonksiyonu aktif.
[05:09:20] 'Zoom' fonksiyonu aktif.
[05:15:41] 'Zoom' fonksiyonu aktif.
[05:17:35] 'Zoom' fonksiyonu aktif.
[05:17:53] 'Zoom' fonksiyonu inaktif.
[05:17:56] 'Zoom' fonksiyonu aktif.
[05:17:56] 'Zoom' fonksiyonu inaktif.
[05:19:25] 'Zoom' fonksiyonu aktif.
[05:19:35] 'Zoom' fonksiyonu aktif.
[05:22:33] 'Contrast' fonksiyonu aktif.
[05:22:34] 'Contrast' fonksiyonu çalıştırıldı.
[05:22:34] 'Contrast' fonksiyonu tamamlandı.
[05:22:34] 'Contrast' fonksiyonu çalıştırıldı.
[05:22:34] 'Contrast' fonksiyonu tamamlandı.
[05:22:34] 'Contrast' fonksiyonu çalıştırıldı.
[05:22:34] 'Contrast' fonksiyonu tamamlandı.
[05:22:34] 'Contrast' fonksiyonu çalıştırıldı.
[05:22:34] 'Contrast' fonksiyonu tamamlandı.
[05:22:34] 'Contrast' fonksiyonu çalıştırıldı.
[05:22:34] 'Contrast' fonksiyonu tamamlandı.
[05:22:34] 'Contrast' fonksiyonu çalıştırıldı.
[05:22:34] 'Contrast' fonksiyonu tamamlandı.
[05:22:34] 'Contrast' fonksiyonu çalıştırıldı.
[05:22:34] 'Contrast' fonksiyonu tamamlandı.
[05:22:34] 'Contrast' fonksiyonu çalıştırıldı.
[05:22:34] 'Contrast' fonksiyonu tamamlandı.
[05:22:34] 'Contrast' fonksiyonu çalıştırıldı.
[05:22:34] 'Contrast' fonksiyonu tamamlandı.
[05:22:34] 'Contrast' fonksiyonu çalıştırıldı.
[05:22:34] 'Contrast' fonksiyonu tamamlandı.
[05:22:34] 'Contrast' fonksiyonu çalıştırıldı.
[05:22:34] 'Contrast' fonksiyonu tamamlandı.
[05:22:34] 'Contrast' fonksiyonu çalıştırıldı.
[05:22:34] 'Contrast' fonksiyonu tamamlandı.
[05:22:34] 'Contrast' fonksiyonu çalıştırıldı.
[05:22:34] 'Contrast' fonksiyonu tamamlandı.
[05:22:34] 'Contrast' fonksiyonu çalıştırıldı.
[05:22:34] 'Contrast' fonksiyonu tamamlandı.
[05:22:34] 'Contrast' fonksiyonu çalıştırıldı.
[05:22:34] 'Contrast' fonksiyonu tamamlandı.
[05:22:34] 'Contrast' fonksiyonu çalıştırıldı.
[05:22:34] 'Contrast' fonksiyonu tamamlandı.
[05:22:34] 'Contrast' fonksiyonu çalıştırıldı.
[05:22:34] 'Contrast' fonksiyonu tamamlandı.
[05:22:34] 'Contrast' fonksiyonu çalıştırıldı.
[05:22:34] 'Contrast' fonksiyonu tamamlandı.
[05:22:34] 'Contrast' fonksiyonu çalıştırıldı.
[05:22:34] 'Contrast' fonksiyonu tamamlandı.
[05:22:34] 'Contrast' fonksiyonu çalıştırıldı.
[05:22:34] 'Contrast' fonksiyonu tamamlandı.
[05:22:34] 'Contrast' fonksiyonu çalıştırıldı.
[05:22:34] 'Contrast' fonksiyonu tamamlandı.
[05:22:34] 'Contrast' fonksiyonu çalıştırıldı.
[05:22:34] 'Contrast' fonksiyonu tamamlandı.
[05:22:34] 'Contrast' fonksiyonu çalıştırıldı.
[05:22:34] 'Contrast' fonksiyonu tamamlandı.
[05:22:34] 'Contrast' fonksiyonu çalıştırıldı.
[05:22:34] 'Contrast' fonksiyonu tamamlandı.
[05:22:34] 'Contrast' fonksiyonu çalıştırıldı.
[05:22:34] 'Contrast' fonksiyonu tamamlandı.
[05:22:34] 'Contrast' fonksiyonu çalıştırıldı.
[05:22:34] 'Contrast' fonksiyonu tamamlandı.
[05:22:34] 'Contrast' fonksiyonu çalıştırıldı.
[05:22:34] 'Contrast' fonksiyonu tamamlandı.
[05:22:34] 'Contrast' fonksiyonu çalıştırıldı.
[05:22:34] 'Contrast' fonksiyonu tamamlandı.
[05:22:34] 'Contrast' fonksiyonu çalıştırıldı.
[05:22:34] 'Contrast' fonksiyonu tamamlandı.
[05:22:35] 'Contrast' fonksiyonu çalıştırıldı.
[05:22:35] 'Contrast' fonksiyonu tamamlandı.
[05:22:35] 'Contrast' fonksiyonu çalıştırıldı.
[05:22:35] 'Contrast' fonksiyonu tamamlandı.
[05:22:35] 'Contrast' fonksiyonu çalıştırıldı.
[05:22:35] 'Contrast' fonksiyonu tamamlandı.
[05:22:35] 'Contrast' fonksiyonu çalıştırıldı.
[05:22:35] 'Contrast' fonksiyonu tamamlandı.
[05:22:35] 'Contrast' fonksiyonu çalıştırıldı.
[05:22:35] 'Contrast' fonksiyonu tamamlandı.
[05:22:35] 'Contrast' fonksiyonu çalıştırıldı.
[05:22:35] 'Contrast' fonksiyonu tamamlandı.
[05:22:35] 'Contrast' fonksiyonu çalıştırıldı.
[05:22:35] 'Contrast' fonksiyonu tamamlandı.
[05:22:35] 'Contrast' fonksiyonu çalıştırıldı.
[05:22:35] 'Contrast' fonksiyonu tamamlandı.
[05:22:35] 'Contrast' fonksiyonu çalıştırıldı.
[05:22:35] 'Contrast' fonksiyonu tamamlandı.
[05:22:35] 'Contrast' fonksiyonu çalıştırıldı.
[05:22:35] 'Contrast' fonksiyonu tamamlandı.
[05:22:35] 'Contrast' fonksiyonu çalıştırıldı.
[05:22:35] 'Contrast' fonksiyonu tamamlandı.
[05:22:35] 'Contrast' fonksiyonu çalıştırıldı.
[05:22:35] 'Contrast' fonksiyonu tamamlandı.
[05:22:35] 'Contrast' fonksiyonu çalıştırıldı.
[05:22:35] 'Contrast' fonksiyonu tamamlandı.
[05:22:35] 'Contrast' fonksiyonu çalıştırıldı.
[05:22:35] 'Contrast' fonksiyonu tamamlandı.
[05:22:35] 'Contrast' fonksiyonu çalıştırıldı.
[05:22:35] 'Contrast' fonksiyonu tamamlandı.
[05:22:35] 'Contrast' fonksiyonu çalıştırıldı.
[05:22:35] 'Contrast' fonksiyonu tamamlandı.
[05:22:35] 'Contrast' fonksiyonu çalıştırıldı.
[05:22:35] 'Contrast' fonksiyonu tamamlandı.
[05:22:35] 'Contrast' fonksiyonu çalıştırıldı.
[05:22:35] 'Contrast' fonksiyonu tamamlandı.
[05:22:35] 'Contrast' fonksiyonu çalıştırıldı.
[05:22:35] 'Contrast' fonksiyonu tamamlandı.
[05:22:35] 'Contrast' fonksiyonu çalıştırıldı.
[05:22:35] 'Contrast' fonksiyonu tamamlandı.
[05:22:35] 'Contrast' fonksiyonu çalıştırıldı.
[05:22:35] 'Contrast' fonksiyonu tamamlandı.
[05:22:35] 'Contrast' fonksiyonu çalıştırıldı.
[05:22:35] 'Contrast' fonksiyonu tamamlandı.
[05:22:35] 'Contrast' fonksiyonu çalıştırıldı.
[05:22:35] 'Contrast' fonksiyonu tamamlandı.
[05:22:35] 'Contrast' fonksiyonu çalıştırıldı.
[05:22:35] 'Contrast' fonksiyonu tamamlandı.
[05:22:36] 'Contrast' fonksiyonu çalıştırıldı.
[05:22:36] 'Contrast' fonksiyonu tamamlandı.
[05:22:36] 'Contrast' fonksiyonu çalıştırıldı.
[05:22:36] 'Contrast' fonksiyonu tamamlandı.
[05:22:36] 'Contrast' fonksiyonu çalıştırıldı.
[05:22:36] 'Contrast' fonksiyonu tamamlandı.
[05:22:36] 'Contrast' fonksiyonu çalıştırıldı.
[05:22:36] 'Contrast' fonksiyonu tamamlandı.
[05:22:36] 'Contrast' fonksiyonu çalıştırıldı.
[05:22:36] 'Contrast' fonksiyonu tamamlandı.
[05:22:36] 'Contrast' fonksiyonu çalıştırıldı.
[05:22:36] 'Contrast' fonksiyonu tamamlandı.
[05:22:36] 'Contrast' fonksiyonu çalıştırıldı.
[05:22:36] 'Contrast' fonksiyonu tamamlandı.
[05:22:36] 'Contrast' fonksiyonu çalıştırıldı.
[05:22:36] 'Contrast' fonksiyonu tamamlandı.
[05:22:36] 'Contrast' fonksiyonu çalıştırıldı.
[05:22:36] 'Contrast' fonksiyonu tamamlandı.
[05:22:36] 'Contrast' fonksiyonu çalıştırıldı.
[05:22:36] 'Contrast' fonksiyonu tamamlandı.
[05:22:37] 'Contrast' fonksiyonu çalıştırıldı.
[05:22:37] 'Contrast' fonksiyonu tamamlandı.
[05:22:37] 'Contrast' fonksiyonu çalıştırıldı.
[05:22:37] 'Contrast' fonksiyonu tamamlandı.
[05:22:37] 'Contrast' fonksiyonu çalıştırıldı.
[05:22:37] 'Contrast' fonksiyonu tamamlandı.
[05:22:37] 'Contrast' fonksiyonu çalıştırıldı.
[05:22:37] 'Contrast' fonksiyonu tamamlandı.
[05:22:37] 'Contrast' fonksiyonu çalıştırıldı.
[05:22:37] 'Contrast' fonksiyonu tamamlandı.
[05:22:37] 'Contrast' fonksiyonu çalıştırıldı.
[05:22:37] 'Contrast' fonksiyonu tamamlandı.
[05:22:37] 'Contrast' fonksiyonu çalıştırıldı.
[05:22:37] 'Contrast' fonksiyonu tamamlandı.
[05:22:37] 'Contrast' fonksiyonu çalıştırıldı.
[05:22:37] 'Contrast' fonksiyonu tamamlandı.
[05:22:37] 'Contrast' fonksiyonu çalıştırıldı.
[05:22:37] 'Contrast' fonksiyonu tamamlandı.
[05:22:37] 'Contrast' fonksiyonu çalıştırıldı.
[05:22:37] 'Contrast' fonksiyonu tamamlandı.
[05:22:37] 'Contrast' fonksiyonu çalıştırıldı.
[05:22:37] 'Contrast' fonksiyonu tamamlandı.
[05:22:37] 'Contrast' fonksiyonu çalıştırıldı.
[05:22:37] 'Contrast' fonksiyonu tamamlandı.
[05:22:37] 'Contrast' fonksiyonu çalıştırıldı.
[05:22:37] 'Contrast' fonksiyonu tamamlandı.
[05:22:37] 'Contrast' fonksiyonu çalıştırıldı.
[05:22:37] 'Contrast' fonksiyonu tamamlandı.
[05:22:37] 'Contrast' fonksiyonu çalıştırıldı.
[05:22:37] 'Contrast' fonksiyonu tamamlandı.
[05:22:37] 'Contrast' fonksiyonu çalıştırıldı.
[05:22:37] 'Contrast' fonksiyonu tamamlandı.
[05:22:37] 'Contrast' fonksiyonu çalıştırıldı.
[05:22:37] 'Contrast' fonksiyonu tamamlandı.
[05:22:37] 'Contrast' fonksiyonu çalıştırıldı.
[05:22:37] 'Contrast' fonksiyonu tamamlandı.
[05:22:37] 'Contrast' fonksiyonu çalıştırıldı.
[05:22:37] 'Contrast' fonksiyonu tamamlandı.
[05:22:37] 'Contrast' fonksiyonu çalıştırıldı.
[05:22:37] 'Contrast' fonksiyonu tamamlandı.
[05:22:37] 'Contrast' fonksiyonu çalıştırıldı.
[05:22:37] 'Contrast' fonksiyonu tamamlandı.
[05:22:37] 'Contrast' fonksiyonu çalıştırıldı.
[05:22:37] 'Contrast' fonksiyonu tamamlandı.
[05:22:37] 'Contrast' fonksiyonu çalıştırıldı.
[05:22:37] 'Contrast' fonksiyonu tamamlandı.
[05:22:37] 'Contrast' fonksiyonu çalıştırıldı.
[05:22:37] 'Contrast' fonksiyonu tamamlandı.
[05:22:37] 'Contrast' fonksiyonu çalıştırıldı.
[05:22:37] 'Contrast' fonksiyonu tamamlandı.
[05:22:37] 'Contrast' fonksiyonu çalıştırıldı.
[05:22:37] 'Contrast' fonksiyonu tamamlandı.
[05:22:37] 'Contrast' fonksiyonu çalıştırıldı.
[05:22:37] 'Contrast' fonksiyonu tamamlandı.
[05:22:37] 'Contrast' fonksiyonu çalıştırıldı.
[05:22:37] 'Contrast' fonksiyonu tamamlandı.
[05:22:37] 'Contrast' fonksiyonu çalıştırıldı.
[05:22:37] 'Contrast' fonksiyonu tamamlandı.
[05:22:38] 'Contrast' fonksiyonu çalıştırıldı.
[05:22:38] 'Contrast' fonksiyonu tamamlandı.
[05:22:38] 'Contrast' fonksiyonu çalıştırıldı.
[05:22:38] 'Contrast' fonksiyonu tamamlandı.
[05:22:38] 'Contrast' fonksiyonu çalıştırıldı.
[05:22:38] 'Contrast' fonksiyonu tamamlandı.
[05:22:38] 'Contrast' fonksiyonu çalıştırıldı.
[05:22:38] 'Contrast' fonksiyonu tamamlandı.
[05:22:38] 'Contrast' fonksiyonu çalıştırıldı.
[05:22:38] 'Contrast' fonksiyonu tamamlandı.
[05:22:38] 'Contrast' fonksiyonu çalıştırıldı.
[05:22:38] 'Contrast' fonksiyonu tamamlandı.
[05:22:38] 'Contrast' fonksiyonu çalıştırıldı.
[05:22:38] 'Contrast' fonksiyonu tamamlandı.
[05:22:38] 'Contrast' fonksiyonu çalıştırıldı.
[05:22:38] 'Contrast' fonksiyonu tamamlandı.
[05:22:38] 'Contrast' fonksiyonu çalıştırıldı.
[05:22:38] 'Contrast' fonksiyonu tamamlandı.
[05:22:38] 'Contrast' fonksiyonu çalıştırıldı.
[05:22:38] 'Contrast' fonksiyonu tamamlandı.
[05:22:38] 'Contrast' fonksiyonu çalıştırıldı.
[05:22:38] 'Contrast' fonksiyonu tamamlandı.
[05:22:38] 'Contrast' fonksiyonu çalıştırıldı.
[05:22:38] 'Contrast' fonksiyonu tamamlandı.
[05:22:38] 'Contrast' fonksiyonu çalıştırıldı.
[05:22:38] 'Contrast' fonksiyonu tamamlandı.
[05:22:38] 'Contrast' fonksiyonu çalıştırıldı.
[05:22:38] 'Contrast' fonksiyonu tamamlandı.
[05:22:38] 'Contrast' fonksiyonu çalıştırıldı.
[05:22:38] 'Contrast' fonksiyonu tamamlandı.
[05:22:38] 'Contrast' fonksiyonu çalıştırıldı.
[05:22:38] 'Contrast' fonksiyonu tamamlandı.
[05:22:38] 'Contrast' fonksiyonu çalıştırıldı.
[05:22:38] 'Contrast' fonksiyonu tamamlandı.
[05:22:38] 'Contrast' fonksiyonu çalıştırıldı.
[05:22:38] 'Contrast' fonksiyonu tamamlandı.
[05:22:38] 'Contrast' fonksiyonu çalıştırıldı.
[05:22:38] 'Contrast' fonksiyonu tamamlandı.
[05:22:38] 'Contrast' fonksiyonu çalıştırıldı.
[05:22:38] 'Contrast' fonksiyonu tamamlandı.
[05:22:38] 'Contrast' fonksiyonu çalıştırıldı.
[05:22:38] 'Contrast' fonksiyonu tamamlandı.
[05:22:38] 'Contrast' fonksiyonu çalıştırıldı.
[05:22:38] 'Contrast' fonksiyonu tamamlandı.
[05:22:38] 'Contrast' fonksiyonu çalıştırıldı.
[05:22:38] 'Contrast' fonksiyonu tamamlandı.
[05:22:38] 'Contrast' fonksiyonu çalıştırıldı.
[05:22:38] 'Contrast' fonksiyonu tamamlandı.
[05:22:38] 'Contrast' fonksiyonu çalıştırıldı.
[05:22:38] 'Contrast' fonksiyonu tamamlandı.
[05:22:38] 'Contrast' fonksiyonu çalıştırıldı.
[05:22:38] 'Contrast' fonksiyonu tamamlandı.
[05:22:38] 'Contrast' fonksiyonu çalıştırıldı.
[05:22:38] 'Contrast' fonksiyonu tamamlandı.
[05:22:38] 'Contrast' fonksiyonu çalıştırıldı.
[05:22:38] 'Contrast' fonksiyonu tamamlandı.
[05:22:38] 'Contrast' fonksiyonu çalıştırıldı.
[05:22:38] 'Contrast' fonksiyonu tamamlandı.
[05:22:38] 'Contrast' fonksiyonu çalıştırıldı.
[05:22:38] 'Contrast' fonksiyonu tamamlandı.
[05:22:38] 'Contrast' fonksiyonu çalıştırıldı.
[05:22:38] 'Contrast' fonksiyonu tamamlandı.
[05:22:38] 'Contrast' fonksiyonu çalıştırıldı.
[05:22:38] 'Contrast' fonksiyonu tamamlandı.
[05:22:38] 'Contrast' fonksiyonu çalıştırıldı.
[05:22:38] 'Contrast' fonksiyonu tamamlandı.
[05:22:38] 'Contrast' fonksiyonu çalıştırıldı.
[05:22:38] 'Contrast' fonksiyonu tamamlandı.
[05:22:38] 'Contrast' fonksiyonu çalıştırıldı.
[05:22:38] 'Contrast' fonksiyonu tamamlandı.
[05:22:38] 'Contrast' fonksiyonu çalıştırıldı.
[05:22:38] 'Contrast' fonksiyonu tamamlandı.
[05:22:38] 'Contrast' fonksiyonu çalıştırıldı.
[05:22:38] 'Contrast' fonksiyonu tamamlandı.
[05:22:38] 'Contrast' fonksiyonu çalıştırıldı.
[05:22:38] 'Contrast' fonksiyonu tamamlandı.
[05:22:38] 'Contrast' fonksiyonu çalıştırıldı.
[05:22:38] 'Contrast' fonksiyonu tamamlandı.
[05:22:38] 'Contrast' fonksiyonu çalıştırıldı.
[05:22:38] 'Contrast' fonksiyonu tamamlandı.
[05:22:38] 'Contrast' fonksiyonu çalıştırıldı.
[05:22:38] 'Contrast' fonksiyonu tamamlandı.
[05:22:38] 'Contrast' fonksiyonu çalıştırıldı.
[05:22:38] 'Contrast' fonksiyonu tamamlandı.
[05:22:38] 'Contrast' fonksiyonu çalıştırıldı.
[05:22:38] 'Contrast' fonksiyonu tamamlandı.
[05:22:38] 'Contrast' fonksiyonu çalıştırıldı.
[05:22:38] 'Contrast' fonksiyonu tamamlandı.
[05:22:38] 'Contrast' fonksiyonu çalıştırıldı.
[05:22:38] 'Contrast' fonksiyonu tamamlandı.
[05:22:38] 'Contrast' fonksiyonu çalıştırıldı.
[05:22:38] 'Contrast' fonksiyonu tamamlandı.
[05:22:38] 'Contrast' fonksiyonu çalıştırıldı.
[05:22:38] 'Contrast' fonksiyonu tamamlandı.
[05:22:38] 'Contrast' fonksiyonu çalıştırıldı.
[05:22:38] 'Contrast' fonksiyonu tamamlandı.
[05:22:38] 'Contrast' fonksiyonu çalıştırıldı.
[05:22:38] 'Contrast' fonksiyonu tamamlandı.
[05:22:38] 'Contrast' fonksiyonu çalıştırıldı.
[05:22:38] 'Contrast' fonksiyonu tamamlandı.
[05:22:38] 'Contrast' fonksiyonu çalıştırıldı.
[05:22:38] 'Contrast' fonksiyonu tamamlandı.
[05:22:38] 'Contrast' fonksiyonu çalıştırıldı.
[05:22:38] 'Contrast' fonksiyonu tamamlandı.
[05:22:38] 'Contrast' fonksiyonu çalıştırıldı.
[05:22:38] 'Contrast' fonksiyonu tamamlandı.
[05:22:38] 'Contrast' fonksiyonu çalıştırıldı.
[05:22:38] 'Contrast' fonksiyonu tamamlandı.
[05:22:38] 'Contrast' fonksiyonu çalıştırıldı.
[05:22:38] 'Contrast' fonksiyonu tamamlandı.
[05:22:38] 'Contrast' fonksiyonu çalıştırıldı.
[05:22:38] 'Contrast' fonksiyonu tamamlandı.
[05:22:38] 'Contrast' fonksiyonu çalıştırıldı.
[05:22:38] 'Contrast' fonksiyonu tamamlandı.
[05:22:38] 'Contrast' fonksiyonu çalıştırıldı.
[05:22:38] 'Contrast' fonksiyonu tamamlandı.
[05:22:38] 'Contrast' fonksiyonu çalıştırıldı.
[05:22:38] 'Contrast' fonksiyonu tamamlandı.
[05:22:39] 'Contrast' fonksiyonu çalıştırıldı.
[05:22:39] 'Contrast' fonksiyonu tamamlandı.
[05:22:39] 'Contrast' fonksiyonu çalıştırıldı.
[05:22:39] 'Contrast' fonksiyonu tamamlandı.
[05:22:39] 'Contrast' fonksiyonu çalıştırıldı.
[05:22:39] 'Contrast' fonksiyonu tamamlandı.
[05:22:39] 'Contrast' fonksiyonu çalıştırıldı.
[05:22:39] 'Contrast' fonksiyonu tamamlandı.
[05:22:39] 'Contrast' fonksiyonu çalıştırıldı.
[05:22:39] 'Contrast' fonksiyonu tamamlandı.
[05:22:39] 'Contrast' fonksiyonu çalıştırıldı.
[05:22:39] 'Contrast' fonksiyonu tamamlandı.
[05:22:39] 'Contrast' fonksiyonu çalıştırıldı.
[05:22:39] 'Contrast' fonksiyonu tamamlandı.
[05:22:39] 'Contrast' fonksiyonu çalıştırıldı.
[05:22:39] 'Contrast' fonksiyonu tamamlandı.
[05:22:39] 'Contrast' fonksiyonu çalıştırıldı.
[05:22:39] 'Contrast' fonksiyonu tamamlandı.
[05:22:39] 'Contrast' fonksiyonu çalıştırıldı.
[05:22:39] 'Contrast' fonksiyonu tamamlandı.
[05:22:39] 'Contrast' fonksiyonu çalıştırıldı.
[05:22:39] 'Contrast' fonksiyonu tamamlandı.
[05:22:39] 'Contrast' fonksiyonu çalıştırıldı.
[05:22:39] 'Contrast' fonksiyonu tamamlandı.
[05:22:39] 'Contrast' fonksiyonu çalıştırıldı.
[05:22:39] 'Contrast' fonksiyonu tamamlandı.
[05:22:39] 'Contrast' fonksiyonu çalıştırıldı.
[05:22:39] 'Contrast' fonksiyonu tamamlandı.
[05:22:39] 'Contrast' fonksiyonu çalıştırıldı.
[05:22:39] 'Contrast' fonksiyonu tamamlandı.
[05:22:39] 'Contrast' fonksiyonu çalıştırıldı.
[05:22:39] 'Contrast' fonksiyonu tamamlandı.
[05:22:39] 'Contrast' fonksiyonu çalıştırıldı.
[05:22:39] 'Contrast' fonksiyonu tamamlandı.
[05:22:39] 'Contrast' fonksiyonu çalıştırıldı.
[05:22:39] 'Contrast' fonksiyonu tamamlandı.
[05:22:39] 'Contrast' fonksiyonu çalıştırıldı.
[05:22:39] 'Contrast' fonksiyonu tamamlandı.
[05:22:39] 'Contrast' fonksiyonu çalıştırıldı.
[05:22:39] 'Contrast' fonksiyonu tamamlandı.
[05:22:39] 'Contrast' fonksiyonu çalıştırıldı.
[05:22:39] 'Contrast' fonksiyonu tamamlandı.
[05:22:39] 'Contrast' fonksiyonu çalıştırıldı.
[05:22:39] 'Contrast' fonksiyonu tamamlandı.
[05:22:39] 'Contrast' fonksiyonu çalıştırıldı.
[05:22:39] 'Contrast' fonksiyonu tamamlandı.
[05:22:39] 'Contrast' fonksiyonu çalıştırıldı.
[05:22:39] 'Contrast' fonksiyonu tamamlandı.
[05:22:39] 'Contrast' fonksiyonu çalıştırıldı.
[05:22:39] 'Contrast' fonksiyonu tamamlandı.
[05:22:39] 'Contrast' fonksiyonu çalıştırıldı.
[05:22:39] 'Contrast' fonksiyonu tamamlandı.
[05:22:39] 'Contrast' fonksiyonu çalıştırıldı.
[05:22:39] 'Contrast' fonksiyonu tamamlandı.
[05:22:39] 'Contrast' fonksiyonu çalıştırıldı.
[05:22:39] 'Contrast' fonksiyonu tamamlandı.
[05:22:39] 'Contrast' fonksiyonu çalıştırıldı.
[05:22:39] 'Contrast' fonksiyonu tamamlandı.
[05:22:39] 'Contrast' fonksiyonu çalıştırıldı.
[05:22:39] 'Contrast' fonksiyonu tamamlandı.
[05:22:39] 'Contrast' fonksiyonu çalıştırıldı.
[05:22:39] 'Contrast' fonksiyonu tamamlandı.
[05:22:39] 'Contrast' fonksiyonu çalıştırıldı.
[05:22:39] 'Contrast' fonksiyonu tamamlandı.
[05:22:39] 'Contrast' fonksiyonu çalıştırıldı.
[05:22:39] 'Contrast' fonksiyonu tamamlandı.
[05:22:39] 'Contrast' fonksiyonu çalıştırıldı.
[05:22:39] 'Contrast' fonksiyonu tamamlandı.
[05:22:39] 'Contrast' fonksiyonu çalıştırıldı.
[05:22:39] 'Contrast' fonksiyonu tamamlandı.
[05:22:39] 'Contrast' fonksiyonu çalıştırıldı.
[05:22:39] 'Contrast' fonksiyonu tamamlandı.
[05:22:39] 'Contrast' fonksiyonu çalıştırıldı.
[05:22:39] 'Contrast' fonksiyonu tamamlandı.
[05:22:39] 'Contrast' fonksiyonu çalıştırıldı.
[05:22:39] 'Contrast' fonksiyonu tamamlandı.
[05:22:39] 'Contrast' fonksiyonu çalıştırıldı.
[05:22:39] 'Contrast' fonksiyonu tamamlandı.
[05:22:39] 'Contrast' fonksiyonu çalıştırıldı.
[05:22:39] 'Contrast' fonksiyonu tamamlandı.
[05:22:39] 'Contrast' fonksiyonu çalıştırıldı.
[05:22:39] 'Contrast' fonksiyonu tamamlandı.
[05:22:39] 'Contrast' fonksiyonu çalıştırıldı.
[05:22:39] 'Contrast' fonksiyonu tamamlandı.
[05:22:39] 'Contrast' fonksiyonu çalıştırıldı.
[05:22:39] 'Contrast' fonksiyonu tamamlandı.
[05:22:39] 'Contrast' fonksiyonu çalıştırıldı.
[05:22:39] 'Contrast' fonksiyonu tamamlandı.
[05:22:39] 'Contrast' fonksiyonu çalıştırıldı.
[05:22:39] 'Contrast' fonksiyonu tamamlandı.
[05:22:40] 'Contrast' fonksiyonu çalıştırıldı.
[05:22:40] 'Contrast' fonksiyonu tamamlandı.
[05:22:40] 'Contrast' fonksiyonu çalıştırıldı.
[05:22:40] 'Contrast' fonksiyonu tamamlandı.
[05:22:40] 'Contrast' fonksiyonu çalıştırıldı.
[05:22:40] 'Contrast' fonksiyonu tamamlandı.
[05:22:40] 'Contrast' fonksiyonu çalıştırıldı.
[05:22:40] 'Contrast' fonksiyonu tamamlandı.
[05:22:40] 'Contrast' fonksiyonu çalıştırıldı.
[05:22:40] 'Contrast' fonksiyonu tamamlandı.
[05:22:40] 'Contrast' fonksiyonu çalıştırıldı.
[05:22:40] 'Contrast' fonksiyonu tamamlandı.
[05:22:40] 'Contrast' fonksiyonu çalıştırıldı.
[05:22:40] 'Contrast' fonksiyonu tamamlandı.
[05:22:40] 'Contrast' fonksiyonu çalıştırıldı.
[05:22:40] 'Contrast' fonksiyonu tamamlandı.
[05:22:40] 'Contrast' fonksiyonu çalıştırıldı.
[05:22:40] 'Contrast' fonksiyonu tamamlandı.
[05:22:40] 'Contrast' fonksiyonu çalıştırıldı.
[05:22:40] 'Contrast' fonksiyonu tamamlandı.
[05:22:40] 'Contrast' fonksiyonu çalıştırıldı.
[05:22:40] 'Contrast' fonksiyonu tamamlandı.
[05:22:40] 'Contrast' fonksiyonu çalıştırıldı.
[05:22:40] 'Contrast' fonksiyonu tamamlandı.
[05:22:40] 'Contrast' fonksiyonu çalıştırıldı.
[05:22:40] 'Contrast' fonksiyonu tamamlandı.
[05:22:40] 'Contrast' fonksiyonu çalıştırıldı.
[05:22:40] 'Contrast' fonksiyonu tamamlandı.
[05:22:40] 'Contrast' fonksiyonu çalıştırıldı.
[05:22:40] 'Contrast' fonksiyonu tamamlandı.
[05:22:41] 'Contrast' fonksiyonu çalıştırıldı.
[05:22:41] 'Contrast' fonksiyonu tamamlandı.
[05:22:41] 'Contrast' fonksiyonu çalıştırıldı.
[05:22:41] 'Contrast' fonksiyonu tamamlandı.
[05:22:41] 'Contrast' fonksiyonu çalıştırıldı.
[05:22:41] 'Contrast' fonksiyonu tamamlandı.
[05:22:41] 'Contrast' fonksiyonu çalıştırıldı.
[05:22:41] 'Contrast' fonksiyonu tamamlandı.
[05:22:41] 'Contrast' fonksiyonu çalıştırıldı.
[05:22:41] 'Contrast' fonksiyonu tamamlandı.
[05:22:41] 'Contrast' fonksiyonu çalıştırıldı.
[05:22:41] 'Contrast' fonksiyonu tamamlandı.
[05:22:41] 'Contrast' fonksiyonu çalıştırıldı.
[05:22:41] 'Contrast' fonksiyonu tamamlandı.
[05:22:41] 'Contrast' fonksiyonu çalıştırıldı.
[05:22:41] 'Contrast' fonksiyonu tamamlandı.
[05:22:41] 'Contrast' fonksiyonu çalıştırıldı.
[05:22:41] 'Contrast' fonksiyonu tamamlandı.
[05:22:41] 'Contrast' fonksiyonu çalıştırıldı.
[05:22:41] 'Contrast' fonksiyonu tamamlandı.
[05:22:41] 'Contrast' fonksiyonu çalıştırıldı.
[05:22:41] 'Contrast' fonksiyonu tamamlandı.
[05:22:41] 'Contrast' fonksiyonu çalıştırıldı.
[05:22:41] 'Contrast' fonksiyonu tamamlandı.
[05:22:41] 'Contrast' fonksiyonu çalıştırıldı.
[05:22:41] 'Contrast' fonksiyonu tamamlandı.
[05:22:41] 'Contrast' fonksiyonu çalıştırıldı.
[05:22:41] 'Contrast' fonksiyonu tamamlandı.
[05:22:41] 'Contrast' fonksiyonu çalıştırıldı.
[05:22:41] 'Contrast' fonksiyonu tamamlandı.
[05:22:41] 'Contrast' fonksiyonu çalıştırıldı.
[05:22:41] 'Contrast' fonksiyonu tamamlandı.
[05:22:41] 'Contrast' fonksiyonu çalıştırıldı.
[05:22:41] 'Contrast' fonksiyonu tamamlandı.
[05:22:41] 'Contrast' fonksiyonu çalıştırıldı.
[05:22:41] 'Contrast' fonksiyonu tamamlandı.
[05:22:41] 'Contrast' fonksiyonu çalıştırıldı.
[05:22:41] 'Contrast' fonksiyonu tamamlandı.
[05:22:41] 'Contrast' fonksiyonu çalıştırıldı.
[05:22:41] 'Contrast' fonksiyonu tamamlandı.
[05:22:41] 'Contrast' fonksiyonu çalıştırıldı.
[05:22:41] 'Contrast' fonksiyonu tamamlandı.
[05:22:41] 'Contrast' fonksiyonu çalıştırıldı.
[05:22:41] 'Contrast' fonksiyonu tamamlandı.
[05:22:41] 'Contrast' fonksiyonu çalıştırıldı.
[05:22:41] 'Contrast' fonksiyonu tamamlandı.
[05:22:41] 'Contrast' fonksiyonu çalıştırıldı.
[05:22:41] 'Contrast' fonksiyonu tamamlandı.
[05:22:41] 'Contrast' fonksiyonu çalıştırıldı.
[05:22:41] 'Contrast' fonksiyonu tamamlandı.
[05:22:41] 'Contrast' fonksiyonu çalıştırıldı.
[05:22:41] 'Contrast' fonksiyonu tamamlandı.
[05:22:41] 'Contrast' fonksiyonu çalıştırıldı.
[05:22:41] 'Contrast' fonksiyonu tamamlandı.
[05:22:41] 'Contrast' fonksiyonu çalıştırıldı.
[05:22:41] 'Contrast' fonksiyonu tamamlandı.
[05:22:41] 'Contrast' fonksiyonu çalıştırıldı.
[05:22:41] 'Contrast' fonksiyonu tamamlandı.
[05:22:41] 'Contrast' fonksiyonu çalıştırıldı.
[05:22:41] 'Contrast' fonksiyonu tamamlandı.
[05:22:41] 'Contrast' fonksiyonu çalıştırıldı.
[05:22:41] 'Contrast' fonksiyonu tamamlandı.
[05:22:41] 'Contrast' fonksiyonu çalıştırıldı.
[05:22:41] 'Contrast' fonksiyonu tamamlandı.
[05:22:41] 'Contrast' fonksiyonu çalıştırıldı.
[05:22:41] 'Contrast' fonksiyonu tamamlandı.
[05:22:41] 'Contrast' fonksiyonu çalıştırıldı.
[05:22:41] 'Contrast' fonksiyonu tamamlandı.
[05:22:41] 'Contrast' fonksiyonu çalıştırıldı.
[05:22:41] 'Contrast' fonksiyonu tamamlandı.
[05:22:41] 'Contrast' fonksiyonu çalıştırıldı.
[05:22:41] 'Contrast' fonksiyonu tamamlandı.
[05:22:41] 'Contrast' fonksiyonu çalıştırıldı.
[05:22:41] 'Contrast' fonksiyonu tamamlandı.
[05:22:41] 'Contrast' fonksiyonu çalıştırıldı.
[05:22:41] 'Contrast' fonksiyonu tamamlandı.
[05:22:41] 'Contrast' fonksiyonu çalıştırıldı.
[05:22:41] 'Contrast' fonksiyonu tamamlandı.
[05:22:41] 'Contrast' fonksiyonu çalıştırıldı.
[05:22:41] 'Contrast' fonksiyonu tamamlandı.
[05:22:41] 'Contrast' fonksiyonu çalıştırıldı.
[05:22:41] 'Contrast' fonksiyonu tamamlandı.
[05:22:41] 'Contrast' fonksiyonu çalıştırıldı.
[05:22:41] 'Contrast' fonksiyonu tamamlandı.
[05:22:41] 'Contrast' fonksiyonu çalıştırıldı.
[05:22:41] 'Contrast' fonksiyonu tamamlandı.
[05:22:41] 'Contrast' fonksiyonu çalıştırıldı.
[05:22:41] 'Contrast' fonksiyonu tamamlandı.
[05:22:41] 'Contrast' fonksiyonu çalıştırıldı.
[05:22:41] 'Contrast' fonksiyonu tamamlandı.
[05:22:41] 'Contrast' fonksiyonu çalıştırıldı.
[05:22:41] 'Contrast' fonksiyonu tamamlandı.
[05:22:41] 'Contrast' fonksiyonu çalıştırıldı.
[05:22:41] 'Contrast' fonksiyonu tamamlandı.
[05:22:41] 'Contrast' fonksiyonu çalıştırıldı.
[05:22:41] 'Contrast' fonksiyonu tamamlandı.
[05:22:41] 'Contrast' fonksiyonu çalıştırıldı.
[05:22:41] 'Contrast' fonksiyonu tamamlandı.
[05:22:41] 'Contrast' fonksiyonu çalıştırıldı.
[05:22:41] 'Contrast' fonksiyonu tamamlandı.
[05:22:41] 'Contrast' fonksiyonu çalıştırıldı.
[05:22:41] 'Contrast' fonksiyonu tamamlandı.
[05:22:41] 'Contrast' fonksiyonu çalıştırıldı.
[05:22:41] 'Contrast' fonksiyonu tamamlandı.
[05:22:41] 'Contrast' fonksiyonu çalıştırıldı.
[05:22:41] 'Contrast' fonksiyonu tamamlandı.
[05:22:41] 'Contrast' fonksiyonu çalıştırıldı.
[05:22:41] 'Contrast' fonksiyonu tamamlandı.
[05:22:41] 'Contrast' fonksiyonu çalıştırıldı.
[05:22:41] 'Contrast' fonksiyonu tamamlandı.
[05:22:41] 'Contrast' fonksiyonu çalıştırıldı.
[05:22:41] 'Contrast' fonksiyonu tamamlandı.
[05:22:41] 'Contrast' fonksiyonu çalıştırıldı.
[05:22:41] 'Contrast' fonksiyonu tamamlandı.
[05:22:41] 'Contrast' fonksiyonu çalıştırıldı.
[05:22:41] 'Contrast' fonksiyonu tamamlandı.
[05:22:41] 'Contrast' fonksiyonu çalıştırıldı.
[05:22:41] 'Contrast' fonksiyonu tamamlandı.
[05:22:41] 'Contrast' fonksiyonu çalıştırıldı.
[05:22:41] 'Contrast' fonksiyonu tamamlandı.
[05:22:41] 'Contrast' fonksiyonu çalıştırıldı.
[05:22:41] 'Contrast' fonksiyonu tamamlandı.
[05:22:41] 'Contrast' fonksiyonu çalıştırıldı.
[05:22:41] 'Contrast' fonksiyonu tamamlandı.
[05:22:41] 'Contrast' fonksiyonu çalıştırıldı.
[05:22:41] 'Contrast' fonksiyonu tamamlandı.
[05:22:41] 'Contrast' fonksiyonu çalıştırıldı.
[05:22:41] 'Contrast' fonksiyonu tamamlandı.
[05:22:42] 'Contrast' fonksiyonu çalıştırıldı.
[05:22:42] 'Contrast' fonksiyonu tamamlandı.
[05:22:42] 'Contrast' fonksiyonu çalıştırıldı.
[05:22:42] 'Contrast' fonksiyonu tamamlandı.
[05:22:42] 'Contrast' fonksiyonu çalıştırıldı.
[05:22:42] 'Contrast' fonksiyonu tamamlandı.
[05:22:42] 'Contrast' fonksiyonu çalıştırıldı.
[05:22:42] 'Contrast' fonksiyonu tamamlandı.
[05:22:42] 'Contrast' fonksiyonu çalıştırıldı.
[05:22:42] 'Contrast' fonksiyonu tamamlandı.
[05:22:42] 'Contrast' fonksiyonu çalıştırıldı.
[05:22:42] 'Contrast' fonksiyonu tamamlandı.
[05:22:42] 'Contrast' fonksiyonu çalıştırıldı.
[05:22:42] 'Contrast' fonksiyonu tamamlandı.
[05:22:42] 'Contrast' fonksiyonu çalıştırıldı.
[05:22:42] 'Contrast' fonksiyonu tamamlandı.
[05:22:42] 'Contrast' fonksiyonu çalıştırıldı.
[05:22:42] 'Contrast' fonksiyonu tamamlandı.
[05:22:42] 'Contrast' fonksiyonu çalıştırıldı.
[05:22:42] 'Contrast' fonksiyonu tamamlandı.
[05:22:42] 'Contrast' fonksiyonu çalıştırıldı.
[05:22:42] 'Contrast' fonksiyonu tamamlandı.
[05:22:42] 'Contrast' fonksiyonu çalıştırıldı.
[05:22:42] 'Contrast' fonksiyonu tamamlandı.
[05:22:42] 'Contrast' fonksiyonu çalıştırıldı.
[05:22:42] 'Contrast' fonksiyonu tamamlandı.
[05:22:42] 'Contrast' fonksiyonu çalıştırıldı.
[05:22:42] 'Contrast' fonksiyonu tamamlandı.
[05:22:42] 'Contrast' fonksiyonu çalıştırıldı.
[05:22:42] 'Contrast' fonksiyonu tamamlandı.
[05:22:42] 'Contrast' fonksiyonu çalıştırıldı.
[05:22:42] 'Contrast' fonksiyonu tamamlandı.
[05:22:42] 'Contrast' fonksiyonu çalıştırıldı.
[05:22:42] 'Contrast' fonksiyonu tamamlandı.
[05:22:42] 'Contrast' fonksiyonu çalıştırıldı.
[05:22:42] 'Contrast' fonksiyonu tamamlandı.
[05:22:42] 'Contrast' fonksiyonu çalıştırıldı.
[05:22:42] 'Contrast' fonksiyonu tamamlandı.
[05:22:42] 'Contrast' fonksiyonu çalıştırıldı.
[05:22:42] 'Contrast' fonksiyonu tamamlandı.
[05:22:42] 'Contrast' fonksiyonu çalıştırıldı.
[05:22:42] 'Contrast' fonksiyonu tamamlandı.
[05:22:42] 'Contrast' fonksiyonu çalıştırıldı.
[05:22:42] 'Contrast' fonksiyonu tamamlandı.
[05:22:42] 'Contrast' fonksiyonu çalıştırıldı.
[05:22:42] 'Contrast' fonksiyonu tamamlandı.
[05:22:42] 'Contrast' fonksiyonu çalıştırıldı.
[05:22:42] 'Contrast' fonksiyonu tamamlandı.
[05:22:42] 'Contrast' fonksiyonu çalıştırıldı.
[05:22:42] 'Contrast' fonksiyonu tamamlandı.
[05:22:42] 'Contrast' fonksiyonu çalıştırıldı.
[05:22:42] 'Contrast' fonksiyonu tamamlandı.
[05:22:42] 'Contrast' fonksiyonu çalıştırıldı.
[05:22:42] 'Contrast' fonksiyonu tamamlandı.
[05:22:42] 'Contrast' fonksiyonu çalıştırıldı.
[05:22:42] 'Contrast' fonksiyonu tamamlandı.
[05:22:42] 'Contrast' fonksiyonu çalıştırıldı.
[05:22:42] 'Contrast' fonksiyonu tamamlandı.
[05:22:42] 'Contrast' fonksiyonu çalıştırıldı.
[05:22:42] 'Contrast' fonksiyonu tamamlandı.
[05:22:42] 'Contrast' fonksiyonu çalıştırıldı.
[05:22:42] 'Contrast' fonksiyonu tamamlandı.
[05:22:42] 'Contrast' fonksiyonu çalıştırıldı.
[05:22:42] 'Contrast' fonksiyonu tamamlandı.
[05:22:42] 'Contrast' fonksiyonu çalıştırıldı.
[05:22:42] 'Contrast' fonksiyonu tamamlandı.
[05:22:42] 'Contrast' fonksiyonu çalıştırıldı.
[05:22:42] 'Contrast' fonksiyonu tamamlandı.
[05:22:42] 'Contrast' fonksiyonu çalıştırıldı.
[05:22:42] 'Contrast' fonksiyonu tamamlandı.
[05:22:42] 'Contrast' fonksiyonu çalıştırıldı.
[05:22:42] 'Contrast' fonksiyonu tamamlandı.
[05:22:42] 'Contrast' fonksiyonu çalıştırıldı.
[05:22:42] 'Contrast' fonksiyonu tamamlandı.
[05:22:42] 'Contrast' fonksiyonu çalıştırıldı.
[05:22:42] 'Contrast' fonksiyonu tamamlandı.
[05:22:42] 'Contrast' fonksiyonu çalıştırıldı.
[05:22:42] 'Contrast' fonksiyonu tamamlandı.
[05:22:42] 'Contrast' fonksiyonu çalıştırıldı.
[05:22:42] 'Contrast' fonksiyonu tamamlandı.
[05:22:42] 'Contrast' fonksiyonu çalıştırıldı.
[05:22:42] 'Contrast' fonksiyonu tamamlandı.
[05:22:42] 'Contrast' fonksiyonu çalıştırıldı.
[05:22:42] 'Contrast' fonksiyonu tamamlandı.
[05:22:42] 'Contrast' fonksiyonu çalıştırıldı.
[05:22:42] 'Contrast' fonksiyonu tamamlandı.
[05:22:42] 'Contrast' fonksiyonu çalıştırıldı.
[05:22:42] 'Contrast' fonksiyonu tamamlandı.
[05:22:42] 'Contrast' fonksiyonu çalıştırıldı.
[05:22:42] 'Contrast' fonksiyonu tamamlandı.
[05:22:42] 'Contrast' fonksiyonu çalıştırıldı.
[05:22:42] 'Contrast' fonksiyonu tamamlandı.
[05:22:42] 'Contrast' fonksiyonu çalıştırıldı.
[05:22:42] 'Contrast' fonksiyonu tamamlandı.
[05:22:42] 'Contrast' fonksiyonu çalıştırıldı.
[05:22:42] 'Contrast' fonksiyonu tamamlandı.
[05:22:42] 'Contrast' fonksiyonu çalıştırıldı.
[05:22:42] 'Contrast' fonksiyonu tamamlandı.
[05:22:42] 'Contrast' fonksiyonu çalıştırıldı.
[05:22:42] 'Contrast' fonksiyonu tamamlandı.
[05:22:42] 'Contrast' fonksiyonu çalıştırıldı.
[05:22:42] 'Contrast' fonksiyonu tamamlandı.
[05:22:42] 'Contrast' fonksiyonu çalıştırıldı.
[05:22:42] 'Contrast' fonksiyonu tamamlandı.
[05:22:42] 'Contrast' fonksiyonu çalıştırıldı.
[05:22:42] 'Contrast' fonksiyonu tamamlandı.
[05:22:42] 'Contrast' fonksiyonu çalıştırıldı.
[05:22:42] 'Contrast' fonksiyonu tamamlandı.
[05:22:43] 'Contrast' fonksiyonu çalıştırıldı.
[05:22:43] 'Contrast' fonksiyonu tamamlandı.
[05:22:43] 'Contrast' fonksiyonu çalıştırıldı.
[05:22:43] 'Contrast' fonksiyonu tamamlandı.
[05:22:43] 'Contrast' fonksiyonu çalıştırıldı.
[05:22:43] 'Contrast' fonksiyonu tamamlandı.
[05:22:43] 'Contrast' fonksiyonu çalıştırıldı.
[05:22:43] 'Contrast' fonksiyonu tamamlandı.
[05:22:43] 'Contrast' fonksiyonu çalıştırıldı.
[05:22:43] 'Contrast' fonksiyonu tamamlandı.
[05:22:43] 'Contrast' fonksiyonu çalıştırıldı.
[05:22:43] 'Contrast' fonksiyonu tamamlandı.
[05:22:43] 'Contrast' fonksiyonu çalıştırıldı.
[05:22:43] 'Contrast' fonksiyonu tamamlandı.
[05:22:43] 'Contrast' fonksiyonu çalıştırıldı.
[05:22:43] 'Contrast' fonksiyonu tamamlandı.
[05:22:43] 'Contrast' fonksiyonu çalıştırıldı.
[05:22:43] 'Contrast' fonksiyonu tamamlandı.
[05:22:43] 'Contrast' fonksiyonu çalıştırıldı.
[05:22:43] 'Contrast' fonksiyonu tamamlandı.
[05:22:43] 'Contrast' fonksiyonu çalıştırıldı.
[05:22:43] 'Contrast' fonksiyonu tamamlandı.
[05:22:43] 'Contrast' fonksiyonu çalıştırıldı.
[05:22:43] 'Contrast' fonksiyonu tamamlandı.
[05:22:43] 'Contrast' fonksiyonu çalıştırıldı.
[05:22:43] 'Contrast' fonksiyonu tamamlandı.
[05:22:43] 'Contrast' fonksiyonu çalıştırıldı.
[05:22:43] 'Contrast' fonksiyonu tamamlandı.
[05:22:43] 'Contrast' fonksiyonu çalıştırıldı.
[05:22:43] 'Contrast' fonksiyonu tamamlandı.
[05:22:43] 'Contrast' fonksiyonu çalıştırıldı.
[05:22:43] 'Contrast' fonksiyonu tamamlandı.
[05:22:43] 'Contrast' fonksiyonu çalıştırıldı.
[05:22:43] 'Contrast' fonksiyonu tamamlandı.
[05:22:43] 'Contrast' fonksiyonu çalıştırıldı.
[05:22:43] 'Contrast' fonksiyonu tamamlandı.
[05:22:43] 'Contrast' fonksiyonu çalıştırıldı.
[05:22:43] 'Contrast' fonksiyonu tamamlandı.
[05:22:43] 'Contrast' fonksiyonu çalıştırıldı.
[05:22:43] 'Contrast' fonksiyonu tamamlandı.
[05:22:43] 'Contrast' fonksiyonu çalıştırıldı.
[05:22:43] 'Contrast' fonksiyonu tamamlandı.
[05:22:43] 'Contrast' fonksiyonu çalıştırıldı.
[05:22:43] 'Contrast' fonksiyonu tamamlandı.
[05:22:43] 'Contrast' fonksiyonu çalıştırıldı.
[05:22:43] 'Contrast' fonksiyonu tamamlandı.
[05:22:43] 'Contrast' fonksiyonu çalıştırıldı.
[05:22:43] 'Contrast' fonksiyonu tamamlandı.
[05:22:43] 'Contrast' fonksiyonu çalıştırıldı.
[05:22:43] 'Contrast' fonksiyonu tamamlandı.
[05:22:43] 'Contrast' fonksiyonu çalıştırıldı.
[05:22:43] 'Contrast' fonksiyonu tamamlandı.
[05:22:43] 'Contrast' fonksiyonu çalıştırıldı.
[05:22:43] 'Contrast' fonksiyonu tamamlandı.
[05:22:43] 'Contrast' fonksiyonu çalıştırıldı.
[05:22:43] 'Contrast' fonksiyonu tamamlandı.
[05:22:43] 'Contrast' fonksiyonu çalıştırıldı.
[05:22:43] 'Contrast' fonksiyonu tamamlandı.
[05:22:43] 'Contrast' fonksiyonu çalıştırıldı.
[05:22:43] 'Contrast' fonksiyonu tamamlandı.
[05:22:43] 'Contrast' fonksiyonu çalıştırıldı.
[05:22:43] 'Contrast' fonksiyonu tamamlandı.
[05:22:43] 'Contrast' fonksiyonu çalıştırıldı.
[05:22:43] 'Contrast' fonksiyonu tamamlandı.
[05:22:43] 'Contrast' fonksiyonu çalıştırıldı.
[05:22:43] 'Contrast' fonksiyonu tamamlandı.
[05:22:43] 'Contrast' fonksiyonu çalıştırıldı.
[05:22:43] 'Contrast' fonksiyonu tamamlandı.
[05:22:43] 'Contrast' fonksiyonu çalıştırıldı.
[05:22:43] 'Contrast' fonksiyonu tamamlandı.
[05:22:43] 'Contrast' fonksiyonu çalıştırıldı.
[05:22:43] 'Contrast' fonksiyonu tamamlandı.
[05:22:43] 'Contrast' fonksiyonu çalıştırıldı.
[05:22:43] 'Contrast' fonksiyonu tamamlandı.
[05:22:43] 'Contrast' fonksiyonu çalıştırıldı.
[05:22:43] 'Contrast' fonksiyonu tamamlandı.
[05:22:43] 'Contrast' fonksiyonu çalıştırıldı.
[05:22:43] 'Contrast' fonksiyonu tamamlandı.
[05:22:44] 'Contrast' fonksiyonu çalıştırıldı.
[05:22:44] 'Contrast' fonksiyonu tamamlandı.
[05:22:44] 'Contrast' fonksiyonu çalıştırıldı.
[05:22:44] 'Contrast' fonksiyonu tamamlandı.
[05:22:44] 'Contrast' fonksiyonu çalıştırıldı.
[05:22:44] 'Contrast' fonksiyonu tamamlandı.
[05:22:44] 'Contrast' fonksiyonu çalıştırıldı.
[05:22:44] 'Contrast' fonksiyonu tamamlandı.
[05:22:44] 'Contrast' fonksiyonu çalıştırıldı.
[05:22:44] 'Contrast' fonksiyonu tamamlandı.
[05:22:44] 'Contrast' fonksiyonu çalıştırıldı.
[05:22:44] 'Contrast' fonksiyonu tamamlandı.
[05:22:44] 'Contrast' fonksiyonu çalıştırıldı.
[05:22:44] 'Contrast' fonksiyonu tamamlandı.
[05:22:44] 'Contrast' fonksiyonu çalıştırıldı.
[05:22:44] 'Contrast' fonksiyonu tamamlandı.
[05:22:44] 'Contrast' fonksiyonu çalıştırıldı.
[05:22:44] 'Contrast' fonksiyonu tamamlandı.
[05:22:44] 'Contrast' fonksiyonu çalıştırıldı.
[05:22:44] 'Contrast' fonksiyonu tamamlandı.
[05:22:44] 'Contrast' fonksiyonu çalıştırıldı.
[05:22:44] 'Contrast' fonksiyonu tamamlandı.
[05:22:44] 'Contrast' fonksiyonu çalıştırıldı.
[05:22:44] 'Contrast' fonksiyonu tamamlandı.
[05:22:44] 'Contrast' fonksiyonu çalıştırıldı.
[05:22:44] 'Contrast' fonksiyonu tamamlandı.
[05:22:44] 'Contrast' fonksiyonu çalıştırıldı.
[05:22:44] 'Contrast' fonksiyonu tamamlandı.
[05:22:44] 'Contrast' fonksiyonu çalıştırıldı.
[05:22:44] 'Contrast' fonksiyonu tamamlandı.
[05:22:44] 'Contrast' fonksiyonu çalıştırıldı.
[05:22:44] 'Contrast' fonksiyonu tamamlandı.
[05:22:44] 'Contrast' fonksiyonu çalıştırıldı.
[05:22:44] 'Contrast' fonksiyonu tamamlandı.
[05:22:44] 'Contrast' fonksiyonu çalıştırıldı.
[05:22:44] 'Contrast' fonksiyonu tamamlandı.
[05:22:44] 'Contrast' fonksiyonu çalıştırıldı.
[05:22:44] 'Contrast' fonksiyonu tamamlandı.
[05:22:44] 'Contrast' fonksiyonu çalıştırıldı.
[05:22:44] 'Contrast' fonksiyonu tamamlandı.
[05:22:44] 'Contrast' fonksiyonu çalıştırıldı.
[05:22:44] 'Contrast' fonksiyonu tamamlandı.
[05:22:44] 'Contrast' fonksiyonu çalıştırıldı.
[05:22:44] 'Contrast' fonksiyonu tamamlandı.
[05:22:44] 'Contrast' fonksiyonu çalıştırıldı.
[05:22:44] 'Contrast' fonksiyonu tamamlandı.
[05:22:44] 'Contrast' fonksiyonu çalıştırıldı.
[05:22:44] 'Contrast' fonksiyonu tamamlandı.
[05:22:44] 'Contrast' fonksiyonu çalıştırıldı.
[05:22:44] 'Contrast' fonksiyonu tamamlandı.
[05:22:44] 'Contrast' fonksiyonu çalıştırıldı.
[05:22:44] 'Contrast' fonksiyonu tamamlandı.
[05:22:44] 'Contrast' fonksiyonu çalıştırıldı.
[05:22:44] 'Contrast' fonksiyonu tamamlandı.
[05:22:44] 'Contrast' fonksiyonu çalıştırıldı.
[05:22:44] 'Contrast' fonksiyonu tamamlandı.
[05:22:44] 'Contrast' fonksiyonu çalıştırıldı.
[05:22:44] 'Contrast' fonksiyonu tamamlandı.
[05:22:44] 'Contrast' fonksiyonu çalıştırıldı.
[05:22:44] 'Contrast' fonksiyonu tamamlandı.
[05:22:44] 'Contrast' fonksiyonu çalıştırıldı.
[05:22:44] 'Contrast' fonksiyonu tamamlandı.
[05:22:44] 'Contrast' fonksiyonu çalıştırıldı.
[05:22:44] 'Contrast' fonksiyonu tamamlandı.
[05:22:44] 'Contrast' fonksiyonu çalıştırıldı.
[05:22:44] 'Contrast' fonksiyonu tamamlandı.
[05:22:44] 'Contrast' fonksiyonu çalıştırıldı.
[05:22:44] 'Contrast' fonksiyonu tamamlandı.
[05:22:44] 'Contrast' fonksiyonu çalıştırıldı.
[05:22:44] 'Contrast' fonksiyonu tamamlandı.
[05:22:44] 'Contrast' fonksiyonu çalıştırıldı.
[05:22:44] 'Contrast' fonksiyonu tamamlandı.
[05:22:44] 'Contrast' fonksiyonu çalıştırıldı.
[05:22:44] 'Contrast' fonksiyonu tamamlandı.
[05:22:44] 'Contrast' fonksiyonu çalıştırıldı.
[05:22:44] 'Contrast' fonksiyonu tamamlandı.
[05:22:44] 'Contrast' fonksiyonu çalıştırıldı.
[05:22:44] 'Contrast' fonksiyonu tamamlandı.
[05:22:44] 'Contrast' fonksiyonu çalıştırıldı.
[05:22:44] 'Contrast' fonksiyonu tamamlandı.
[05:22:44] 'Contrast' fonksiyonu çalıştırıldı.
[05:22:44] 'Contrast' fonksiyonu tamamlandı.
[05:22:44] 'Contrast' fonksiyonu çalıştırıldı.
[05:22:44] 'Contrast' fonksiyonu tamamlandı.
[05:22:44] 'Contrast' fonksiyonu çalıştırıldı.
[05:22:44] 'Contrast' fonksiyonu tamamlandı.
[05:22:44] 'Contrast' fonksiyonu çalıştırıldı.
[05:22:44] 'Contrast' fonksiyonu tamamlandı.
[05:22:44] 'Contrast' fonksiyonu çalıştırıldı.
[05:22:44] 'Contrast' fonksiyonu tamamlandı.
[05:22:44] 'Contrast' fonksiyonu çalıştırıldı.
[05:22:44] 'Contrast' fonksiyonu tamamlandı.
[05:22:44] 'Contrast' fonksiyonu çalıştırıldı.
[05:22:44] 'Contrast' fonksiyonu tamamlandı.
[05:22:44] 'Contrast' fonksiyonu çalıştırıldı.
[05:22:44] 'Contrast' fonksiyonu tamamlandı.
[05:22:44] 'Contrast' fonksiyonu çalıştırıldı.
[05:22:44] 'Contrast' fonksiyonu tamamlandı.
[05:22:44] 'Contrast' fonksiyonu çalıştırıldı.
[05:22:44] 'Contrast' fonksiyonu tamamlandı.
[05:22:44] 'Contrast' fonksiyonu çalıştırıldı.
[05:22:44] 'Contrast' fonksiyonu tamamlandı.
[05:22:44] 'Contrast' fonksiyonu çalıştırıldı.
[05:22:44] 'Contrast' fonksiyonu tamamlandı.
[05:22:44] 'Contrast' fonksiyonu çalıştırıldı.
[05:22:44] 'Contrast' fonksiyonu tamamlandı.
[05:22:44] 'Contrast' fonksiyonu çalıştırıldı.
[05:22:44] 'Contrast' fonksiyonu tamamlandı.
[05:22:45] 'Contrast' fonksiyonu çalıştırıldı.
[05:22:45] 'Contrast' fonksiyonu tamamlandı.
[05:22:45] 'Contrast' fonksiyonu çalıştırıldı.
[05:22:45] 'Contrast' fonksiyonu tamamlandı.
[05:22:45] 'Contrast' fonksiyonu çalıştırıldı.
[05:22:45] 'Contrast' fonksiyonu tamamlandı.
[05:22:45] 'Contrast' fonksiyonu çalıştırıldı.
[05:22:45] 'Contrast' fonksiyonu tamamlandı.
[05:22:45] 'Contrast' fonksiyonu çalıştırıldı.
[05:22:45] 'Contrast' fonksiyonu tamamlandı.
[05:22:45] 'Contrast' fonksiyonu çalıştırıldı.
[05:22:45] 'Contrast' fonksiyonu tamamlandı.
[05:22:45] 'Contrast' fonksiyonu çalıştırıldı.
[05:22:45] 'Contrast' fonksiyonu tamamlandı.
[05:22:45] 'Contrast' fonksiyonu çalıştırıldı.
[05:22:45] 'Contrast' fonksiyonu tamamlandı.
[05:22:45] 'Contrast' fonksiyonu çalıştırıldı.
[05:22:45] 'Contrast' fonksiyonu tamamlandı.
[05:22:45] 'Contrast' fonksiyonu çalıştırıldı.
[05:22:45] 'Contrast' fonksiyonu tamamlandı.
[05:22:45] 'Contrast' fonksiyonu çalıştırıldı.
[05:22:45] 'Contrast' fonksiyonu tamamlandı.
[05:22:45] 'Contrast' fonksiyonu çalıştırıldı.
[05:22:45] 'Contrast' fonksiyonu tamamlandı.
[05:22:45] 'Contrast' fonksiyonu çalıştırıldı.
[05:22:45] 'Contrast' fonksiyonu tamamlandı.
[05:22:45] 'Contrast' fonksiyonu çalıştırıldı.
[05:22:45] 'Contrast' fonksiyonu tamamlandı.
[05:22:45] 'Contrast' fonksiyonu çalıştırıldı.
[05:22:45] 'Contrast' fonksiyonu tamamlandı.
[05:22:45] 'Contrast' fonksiyonu çalıştırıldı.
[05:22:45] 'Contrast' fonksiyonu tamamlandı.
[05:22:45] 'Contrast' fonksiyonu çalıştırıldı.
[05:22:45] 'Contrast' fonksiyonu tamamlandı.
[05:22:45] 'Contrast' fonksiyonu çalıştırıldı.
[05:22:45] 'Contrast' fonksiyonu tamamlandı.
[05:22:45] 'Contrast' fonksiyonu çalıştırıldı.
[05:22:45] 'Contrast' fonksiyonu tamamlandı.
[05:22:45] 'Contrast' fonksiyonu çalıştırıldı.
[05:22:45] 'Contrast' fonksiyonu tamamlandı.
[05:22:45] 'Contrast' fonksiyonu çalıştırıldı.
[05:22:45] 'Contrast' fonksiyonu tamamlandı.
[05:22:45] 'Contrast' fonksiyonu çalıştırıldı.
[05:22:45] 'Contrast' fonksiyonu tamamlandı.
[05:22:45] 'Contrast' fonksiyonu çalıştırıldı.
[05:22:45] 'Contrast' fonksiyonu tamamlandı.
[05:22:45] 'Contrast' fonksiyonu çalıştırıldı.
[05:22:45] 'Contrast' fonksiyonu tamamlandı.
[05:22:45] 'Contrast' fonksiyonu çalıştırıldı.
[05:22:45] 'Contrast' fonksiyonu tamamlandı.
[05:22:45] 'Contrast' fonksiyonu çalıştırıldı.
[05:22:45] 'Contrast' fonksiyonu tamamlandı.
[05:22:45] 'Contrast' fonksiyonu çalıştırıldı.
[05:22:45] 'Contrast' fonksiyonu tamamlandı.
[05:22:45] 'Contrast' fonksiyonu çalıştırıldı.
[05:22:45] 'Contrast' fonksiyonu tamamlandı.
[05:22:45] 'Contrast' fonksiyonu çalıştırıldı.
[05:22:45] 'Contrast' fonksiyonu tamamlandı.
[05:22:45] 'Contrast' fonksiyonu çalıştırıldı.
[05:22:45] 'Contrast' fonksiyonu tamamlandı.
[05:22:45] 'Contrast' fonksiyonu çalıştırıldı.
[05:22:45] 'Contrast' fonksiyonu tamamlandı.
[05:22:45] 'Contrast' fonksiyonu çalıştırıldı.
[05:22:45] 'Contrast' fonksiyonu tamamlandı.
[05:22:45] 'Contrast' fonksiyonu çalıştırıldı.
[05:22:45] 'Contrast' fonksiyonu tamamlandı.
[05:22:45] 'Contrast' fonksiyonu çalıştırıldı.
[05:22:45] 'Contrast' fonksiyonu tamamlandı.
[05:22:45] 'Contrast' fonksiyonu çalıştırıldı.
[05:22:45] 'Contrast' fonksiyonu tamamlandı.
[05:22:45] 'Contrast' fonksiyonu çalıştırıldı.
[05:22:45] 'Contrast' fonksiyonu tamamlandı.
[05:22:45] 'Contrast' fonksiyonu çalıştırıldı.
[05:22:45] 'Contrast' fonksiyonu tamamlandı.
[05:22:45] 'Contrast' fonksiyonu çalıştırıldı.
[05:22:45] 'Contrast' fonksiyonu tamamlandı.
[05:22:45] 'Contrast' fonksiyonu çalıştırıldı.
[05:22:45] 'Contrast' fonksiyonu tamamlandı.
[05:22:45] 'Contrast' fonksiyonu çalıştırıldı.
[05:22:45] 'Contrast' fonksiyonu tamamlandı.
[05:22:45] 'Contrast' fonksiyonu çalıştırıldı.
[05:22:45] 'Contrast' fonksiyonu tamamlandı.
[05:22:46] 'Contrast' fonksiyonu çalıştırıldı.
[05:22:46] 'Contrast' fonksiyonu tamamlandı.
[05:22:46] 'Contrast' fonksiyonu çalıştırıldı.
[05:22:46] 'Contrast' fonksiyonu tamamlandı.
[05:22:46] 'Contrast' fonksiyonu çalıştırıldı.
[05:22:46] 'Contrast' fonksiyonu tamamlandı.
[05:22:46] 'Contrast' fonksiyonu çalıştırıldı.
[05:22:46] 'Contrast' fonksiyonu tamamlandı.
[05:22:46] 'Contrast' fonksiyonu çalıştırıldı.
[05:22:46] 'Contrast' fonksiyonu tamamlandı.
[05:22:46] 'Contrast' fonksiyonu çalıştırıldı.
[05:22:46] 'Contrast' fonksiyonu tamamlandı.
[05:22:46] 'Contrast' fonksiyonu çalıştırıldı.
[05:22:46] 'Contrast' fonksiyonu tamamlandı.
[05:22:46] 'Contrast' fonksiyonu çalıştırıldı.
[05:22:46] 'Contrast' fonksiyonu tamamlandı.
[05:22:46] 'Contrast' fonksiyonu çalıştırıldı.
[05:22:46] 'Contrast' fonksiyonu tamamlandı.
[05:22:46] 'Contrast' fonksiyonu çalıştırıldı.
[05:22:46] 'Contrast' fonksiyonu tamamlandı.
[05:22:46] 'Contrast' fonksiyonu çalıştırıldı.
[05:22:46] 'Contrast' fonksiyonu tamamlandı.
[05:22:46] 'Contrast' fonksiyonu çalıştırıldı.
[05:22:46] 'Contrast' fonksiyonu tamamlandı.
[05:22:46] 'Contrast' fonksiyonu çalıştırıldı.
[05:22:46] 'Contrast' fonksiyonu tamamlandı.
[05:22:46] 'Contrast' fonksiyonu çalıştırıldı.
[05:22:46] 'Contrast' fonksiyonu tamamlandı.
[05:22:46] 'Contrast' fonksiyonu çalıştırıldı.
[05:22:46] 'Contrast' fonksiyonu tamamlandı.
[05:22:46] 'Contrast' fonksiyonu çalıştırıldı.
[05:22:46] 'Contrast' fonksiyonu tamamlandı.
[05:22:46] 'Contrast' fonksiyonu çalıştırıldı.
[05:22:46] 'Contrast' fonksiyonu tamamlandı.
[05:22:46] 'Contrast' fonksiyonu çalıştırıldı.
[05:22:46] 'Contrast' fonksiyonu tamamlandı.
[05:22:46] 'Contrast' fonksiyonu çalıştırıldı.
[05:22:46] 'Contrast' fonksiyonu tamamlandı.
[05:22:46] 'Contrast' fonksiyonu çalıştırıldı.
[05:22:46] 'Contrast' fonksiyonu tamamlandı.
[05:22:46] 'Contrast' fonksiyonu çalıştırıldı.
[05:22:46] 'Contrast' fonksiyonu tamamlandı.
[05:22:46] 'Contrast' fonksiyonu çalıştırıldı.
[05:22:46] 'Contrast' fonksiyonu tamamlandı.
[05:22:46] 'Contrast' fonksiyonu çalıştırıldı.
[05:22:46] 'Contrast' fonksiyonu tamamlandı.
[05:22:46] 'Contrast' fonksiyonu çalıştırıldı.
[05:22:46] 'Contrast' fonksiyonu tamamlandı.
[05:22:46] 'Contrast' fonksiyonu çalıştırıldı.
[05:22:46] 'Contrast' fonksiyonu tamamlandı.
[05:22:46] 'Contrast' fonksiyonu çalıştırıldı.
[05:22:46] 'Contrast' fonksiyonu tamamlandı.
[05:22:46] 'Contrast' fonksiyonu çalıştırıldı.
[05:22:46] 'Contrast' fonksiyonu tamamlandı.
[05:22:46] 'Contrast' fonksiyonu çalıştırıldı.
[05:22:46] 'Contrast' fonksiyonu tamamlandı.
[05:22:46] 'Contrast' fonksiyonu çalıştırıldı.
[05:22:46] 'Contrast' fonksiyonu tamamlandı.
[05:22:46] 'Contrast' fonksiyonu çalıştırıldı.
[05:22:46] 'Contrast' fonksiyonu tamamlandı.
[05:22:46] 'Contrast' fonksiyonu çalıştırıldı.
[05:22:46] 'Contrast' fonksiyonu tamamlandı.
[05:22:46] 'Contrast' fonksiyonu çalıştırıldı.
[05:22:46] 'Contrast' fonksiyonu tamamlandı.
[05:22:46] 'Contrast' fonksiyonu çalıştırıldı.
[05:22:46] 'Contrast' fonksiyonu tamamlandı.
[05:22:46] 'Contrast' fonksiyonu çalıştırıldı.
[05:22:46] 'Contrast' fonksiyonu tamamlandı.
[05:22:46] 'Contrast' fonksiyonu çalıştırıldı.
[05:22:46] 'Contrast' fonksiyonu tamamlandı.
[05:22:46] 'Contrast' fonksiyonu çalıştırıldı.
[05:22:46] 'Contrast' fonksiyonu tamamlandı.
[05:22:46] 'Contrast' fonksiyonu çalıştırıldı.
[05:22:46] 'Contrast' fonksiyonu tamamlandı.
[05:22:46] 'Contrast' fonksiyonu çalıştırıldı.
[05:22:46] 'Contrast' fonksiyonu tamamlandı.
[05:22:46] 'Contrast' fonksiyonu çalıştırıldı.
[05:22:46] 'Contrast' fonksiyonu tamamlandı.
[05:22:46] 'Contrast' fonksiyonu çalıştırıldı.
[05:22:46] 'Contrast' fonksiyonu tamamlandı.
[05:22:46] 'Contrast' fonksiyonu çalıştırıldı.
[05:22:46] 'Contrast' fonksiyonu tamamlandı.
[05:22:46] 'Contrast' fonksiyonu çalıştırıldı.
[05:22:46] 'Contrast' fonksiyonu tamamlandı.
[05:22:46] 'Contrast' fonksiyonu çalıştırıldı.
[05:22:46] 'Contrast' fonksiyonu tamamlandı.
[05:22:46] 'Contrast' fonksiyonu çalıştırıldı.
[05:22:46] 'Contrast' fonksiyonu tamamlandı.
[05:22:46] 'Contrast' fonksiyonu çalıştırıldı.
[05:22:46] 'Contrast' fonksiyonu tamamlandı.
[05:22:46] 'Contrast' fonksiyonu çalıştırıldı.
[05:22:46] 'Contrast' fonksiyonu tamamlandı.
[05:22:46] 'Contrast' fonksiyonu çalıştırıldı.
[05:22:46] 'Contrast' fonksiyonu tamamlandı.
[05:22:46] 'Contrast' fonksiyonu çalıştırıldı.
[05:22:46] 'Contrast' fonksiyonu tamamlandı.
[05:22:46] 'Contrast' fonksiyonu çalıştırıldı.
[05:22:46] 'Contrast' fonksiyonu tamamlandı.
[05:22:46] 'Contrast' fonksiyonu çalıştırıldı.
[05:22:46] 'Contrast' fonksiyonu tamamlandı.
[05:22:46] 'Contrast' fonksiyonu çalıştırıldı.
[05:22:46] 'Contrast' fonksiyonu tamamlandı.
[05:22:46] 'Contrast' fonksiyonu çalıştırıldı.
[05:22:46] 'Contrast' fonksiyonu tamamlandı.
[05:22:46] 'Contrast' fonksiyonu çalıştırıldı.
[05:22:46] 'Contrast' fonksiyonu tamamlandı.
[05:22:46] 'Contrast' fonksiyonu çalıştırıldı.
[05:22:46] 'Contrast' fonksiyonu tamamlandı.
[05:22:46] 'Contrast' fonksiyonu çalıştırıldı.
[05:22:46] 'Contrast' fonksiyonu tamamlandı.
[05:22:46] 'Contrast' fonksiyonu çalıştırıldı.
[05:22:46] 'Contrast' fonksiyonu tamamlandı.
[05:22:46] 'Contrast' fonksiyonu çalıştırıldı.
[05:22:46] 'Contrast' fonksiyonu tamamlandı.
[05:22:46] 'Contrast' fonksiyonu çalıştırıldı.
[05:22:46] 'Contrast' fonksiyonu tamamlandı.
[05:22:47] 'Contrast' fonksiyonu çalıştırıldı.
[05:22:47] 'Contrast' fonksiyonu tamamlandı.
[05:22:47] 'Contrast' fonksiyonu çalıştırıldı.
[05:22:47] 'Contrast' fonksiyonu tamamlandı.
[05:22:47] 'Contrast' fonksiyonu çalıştırıldı.
[05:22:47] 'Contrast' fonksiyonu tamamlandı.
[05:22:47] 'Contrast' fonksiyonu çalıştırıldı.
[05:22:47] 'Contrast' fonksiyonu tamamlandı.
[05:22:47] 'Contrast' fonksiyonu çalıştırıldı.
[05:22:47] 'Contrast' fonksiyonu tamamlandı.
[05:22:47] 'Contrast' fonksiyonu çalıştırıldı.
[05:22:47] 'Contrast' fonksiyonu tamamlandı.
[05:22:47] 'Contrast' fonksiyonu çalıştırıldı.
[05:22:47] 'Contrast' fonksiyonu tamamlandı.
[05:22:47] 'Contrast' fonksiyonu çalıştırıldı.
[05:22:47] 'Contrast' fonksiyonu tamamlandı.
[05:22:47] 'Contrast' fonksiyonu çalıştırıldı.
[05:22:47] 'Contrast' fonksiyonu tamamlandı.
[05:22:47] 'Contrast' fonksiyonu çalıştırıldı.
[05:22:47] 'Contrast' fonksiyonu tamamlandı.
[05:22:47] 'Contrast' fonksiyonu çalıştırıldı.
[05:22:47] 'Contrast' fonksiyonu tamamlandı.
[05:22:47] 'Contrast' fonksiyonu çalıştırıldı.
[05:22:47] 'Contrast' fonksiyonu tamamlandı.
[05:22:47] 'Contrast' fonksiyonu çalıştırıldı.
[05:22:47] 'Contrast' fonksiyonu tamamlandı.
[05:22:47] 'Contrast' fonksiyonu çalıştırıldı.
[05:22:47] 'Contrast' fonksiyonu tamamlandı.
[05:22:47] 'Contrast' fonksiyonu çalıştırıldı.
[05:22:47] 'Contrast' fonksiyonu tamamlandı.
[05:22:47] 'Contrast' fonksiyonu çalıştırıldı.
[05:22:47] 'Contrast' fonksiyonu tamamlandı.
[05:22:47] 'Contrast' fonksiyonu çalıştırıldı.
[05:22:47] 'Contrast' fonksiyonu tamamlandı.
[05:22:47] 'Contrast' fonksiyonu çalıştırıldı.
[05:22:47] 'Contrast' fonksiyonu tamamlandı.
[05:22:47] 'Contrast' fonksiyonu çalıştırıldı.
[05:22:47] 'Contrast' fonksiyonu tamamlandı.
[05:22:47] 'Contrast' fonksiyonu çalıştırıldı.
[05:22:47] 'Contrast' fonksiyonu tamamlandı.
[05:22:47] 'Contrast' fonksiyonu çalıştırıldı.
[05:22:47] 'Contrast' fonksiyonu tamamlandı.
[05:22:47] 'Contrast' fonksiyonu çalıştırıldı.
[05:22:47] 'Contrast' fonksiyonu tamamlandı.
[05:22:47] 'Contrast' fonksiyonu çalıştırıldı.
[05:22:47] 'Contrast' fonksiyonu tamamlandı.
[05:22:47] 'Contrast' fonksiyonu çalıştırıldı.
[05:22:47] 'Contrast' fonksiyonu tamamlandı.
[05:22:47] 'Contrast' fonksiyonu çalıştırıldı.
[05:22:47] 'Contrast' fonksiyonu tamamlandı.
[05:22:47] 'Contrast' fonksiyonu çalıştırıldı.
[05:22:47] 'Contrast' fonksiyonu tamamlandı.
[05:22:47] 'Contrast' fonksiyonu çalıştırıldı.
[05:22:47] 'Contrast' fonksiyonu tamamlandı.
[05:22:47] 'Contrast' fonksiyonu çalıştırıldı.
[05:22:47] 'Contrast' fonksiyonu tamamlandı.
[05:22:47] 'Contrast' fonksiyonu çalıştırıldı.
[05:22:47] 'Contrast' fonksiyonu tamamlandı.
[05:22:47] 'Contrast' fonksiyonu çalıştırıldı.
[05:22:47] 'Contrast' fonksiyonu tamamlandı.
[05:22:47] 'Contrast' fonksiyonu çalıştırıldı.
[05:22:47] 'Contrast' fonksiyonu tamamlandı.
[05:22:47] 'Contrast' fonksiyonu çalıştırıldı.
[05:22:47] 'Contrast' fonksiyonu tamamlandı.
[05:22:47] 'Contrast' fonksiyonu çalıştırıldı.
[05:22:47] 'Contrast' fonksiyonu tamamlandı.
[05:22:47] 'Contrast' fonksiyonu çalıştırıldı.
[05:22:47] 'Contrast' fonksiyonu tamamlandı.
[05:22:47] 'Contrast' fonksiyonu çalıştırıldı.
[05:22:47] 'Contrast' fonksiyonu tamamlandı.
[05:22:47] 'Contrast' fonksiyonu çalıştırıldı.
[05:22:47] 'Contrast' fonksiyonu tamamlandı.
[05:22:47] 'Contrast' fonksiyonu çalıştırıldı.
[05:22:47] 'Contrast' fonksiyonu tamamlandı.
[05:22:47] 'Contrast' fonksiyonu çalıştırıldı.
[05:22:47] 'Contrast' fonksiyonu tamamlandı.
[05:22:47] 'Contrast' fonksiyonu çalıştırıldı.
[05:22:47] 'Contrast' fonksiyonu tamamlandı.
[05:22:47] 'Contrast' fonksiyonu çalıştırıldı.
[05:22:47] 'Contrast' fonksiyonu tamamlandı.
[05:22:47] 'Contrast' fonksiyonu çalıştırıldı.
[05:22:47] 'Contrast' fonksiyonu tamamlandı.
[05:22:47] 'Contrast' fonksiyonu çalıştırıldı.
[05:22:47] 'Contrast' fonksiyonu tamamlandı.
[05:22:48] 'Contrast' fonksiyonu çalıştırıldı.
[05:22:48] 'Contrast' fonksiyonu tamamlandı.
[05:22:48] 'Contrast' fonksiyonu çalıştırıldı.
[05:22:48] 'Contrast' fonksiyonu tamamlandı.
[05:22:48] 'Contrast' fonksiyonu çalıştırıldı.
[05:22:48] 'Contrast' fonksiyonu tamamlandı.
[05:22:48] 'Contrast' fonksiyonu çalıştırıldı.
[05:22:48] 'Contrast' fonksiyonu tamamlandı.
[05:22:48] 'Contrast' fonksiyonu çalıştırıldı.
[05:22:48] 'Contrast' fonksiyonu tamamlandı.
[05:22:48] 'Contrast' fonksiyonu çalıştırıldı.
[05:22:48] 'Contrast' fonksiyonu tamamlandı.
[05:22:48] 'Contrast' fonksiyonu çalıştırıldı.
[05:22:48] 'Contrast' fonksiyonu tamamlandı.
[05:22:48] 'Contrast' fonksiyonu çalıştırıldı.
[05:22:48] 'Contrast' fonksiyonu tamamlandı.
[05:22:48] 'Contrast' fonksiyonu çalıştırıldı.
[05:22:48] 'Contrast' fonksiyonu tamamlandı.
[05:22:48] 'Contrast' fonksiyonu çalıştırıldı.
[05:22:48] 'Contrast' fonksiyonu tamamlandı.
[05:22:48] 'Contrast' fonksiyonu çalıştırıldı.
[05:22:48] 'Contrast' fonksiyonu tamamlandı.
[05:22:48] 'Contrast' fonksiyonu çalıştırıldı.
[05:22:48] 'Contrast' fonksiyonu tamamlandı.
[05:22:48] 'Contrast' fonksiyonu çalıştırıldı.
[05:22:48] 'Contrast' fonksiyonu tamamlandı.
[05:22:48] 'Contrast' fonksiyonu çalıştırıldı.
[05:22:48] 'Contrast' fonksiyonu tamamlandı.
[05:22:48] 'Contrast' fonksiyonu çalıştırıldı.
[05:22:48] 'Contrast' fonksiyonu tamamlandı.
[05:22:48] 'Contrast' fonksiyonu çalıştırıldı.
[05:22:48] 'Contrast' fonksiyonu tamamlandı.
[05:22:48] 'Contrast' fonksiyonu çalıştırıldı.
[05:22:48] 'Contrast' fonksiyonu tamamlandı.
[05:22:48] 'Contrast' fonksiyonu çalıştırıldı.
[05:22:48] 'Contrast' fonksiyonu tamamlandı.
[05:22:48] 'Contrast' fonksiyonu çalıştırıldı.
[05:22:48] 'Contrast' fonksiyonu tamamlandı.
[05:22:48] 'Contrast' fonksiyonu çalıştırıldı.
[05:22:48] 'Contrast' fonksiyonu tamamlandı.
[05:22:48] 'Contrast' fonksiyonu çalıştırıldı.
[05:22:48] 'Contrast' fonksiyonu tamamlandı.
[05:22:48] 'Contrast' fonksiyonu çalıştırıldı.
[05:22:48] 'Contrast' fonksiyonu tamamlandı.
[05:22:48] 'Contrast' fonksiyonu çalıştırıldı.
[05:22:48] 'Contrast' fonksiyonu tamamlandı.
[05:22:48] 'Contrast' fonksiyonu çalıştırıldı.
[05:22:48] 'Contrast' fonksiyonu tamamlandı.
[05:22:48] 'Contrast' fonksiyonu çalıştırıldı.
[05:22:48] 'Contrast' fonksiyonu tamamlandı.
[05:22:48] 'Contrast' fonksiyonu çalıştırıldı.
[05:22:48] 'Contrast' fonksiyonu tamamlandı.
[05:22:48] 'Contrast' fonksiyonu çalıştırıldı.
[05:22:48] 'Contrast' fonksiyonu tamamlandı.
[05:22:48] 'Contrast' fonksiyonu çalıştırıldı.
[05:22:48] 'Contrast' fonksiyonu tamamlandı.
[05:22:48] 'Contrast' fonksiyonu çalıştırıldı.
[05:22:48] 'Contrast' fonksiyonu tamamlandı.
[05:22:48] 'Contrast' fonksiyonu çalıştırıldı.
[05:22:48] 'Contrast' fonksiyonu tamamlandı.
[05:22:48] 'Contrast' fonksiyonu çalıştırıldı.
[05:22:48] 'Contrast' fonksiyonu tamamlandı.
[05:22:48] 'Contrast' fonksiyonu çalıştırıldı.
[05:22:48] 'Contrast' fonksiyonu tamamlandı.
[05:22:48] 'Contrast' fonksiyonu çalıştırıldı.
[05:22:48] 'Contrast' fonksiyonu tamamlandı.
[05:22:48] 'Contrast' fonksiyonu çalıştırıldı.
[05:22:48] 'Contrast' fonksiyonu tamamlandı.
[05:22:48] 'Contrast' fonksiyonu çalıştırıldı.
[05:22:48] 'Contrast' fonksiyonu tamamlandı.
[05:22:48] 'Contrast' fonksiyonu çalıştırıldı.
[05:22:48] 'Contrast' fonksiyonu tamamlandı.
[05:22:48] 'Contrast' fonksiyonu çalıştırıldı.
[05:22:48] 'Contrast' fonksiyonu tamamlandı.
[05:22:48] 'Contrast' fonksiyonu çalıştırıldı.
[05:22:48] 'Contrast' fonksiyonu tamamlandı.
[05:22:48] 'Contrast' fonksiyonu çalıştırıldı.
[05:22:48] 'Contrast' fonksiyonu tamamlandı.
[05:22:48] 'Contrast' fonksiyonu çalıştırıldı.
[05:22:48] 'Contrast' fonksiyonu tamamlandı.
[05:22:48] 'Contrast' fonksiyonu çalıştırıldı.
[05:22:48] 'Contrast' fonksiyonu tamamlandı.
[05:23:02] 'Contrast' fonksiyonu aktif.
[05:23:03] 'Contrast' fonksiyonu çalıştırıldı.
[05:23:03] 'Contrast' fonksiyonu tamamlandı.
[05:23:03] 'Contrast' fonksiyonu çalıştırıldı.
[05:23:03] 'Contrast' fonksiyonu tamamlandı.
[05:23:03] 'Contrast' fonksiyonu çalıştırıldı.
[05:23:03] 'Contrast' fonksiyonu tamamlandı.
[05:23:03] 'Contrast' fonksiyonu çalıştırıldı.
[05:23:03] 'Contrast' fonksiyonu tamamlandı.
[05:23:03] 'Contrast' fonksiyonu çalıştırıldı.
[05:23:03] 'Contrast' fonksiyonu tamamlandı.
[05:23:03] 'Contrast' fonksiyonu çalıştırıldı.
[05:23:03] 'Contrast' fonksiyonu tamamlandı.
[05:23:03] 'Contrast' fonksiyonu çalıştırıldı.
[05:23:03] 'Contrast' fonksiyonu tamamlandı.
[05:23:03] 'Contrast' fonksiyonu çalıştırıldı.
[05:23:03] 'Contrast' fonksiyonu tamamlandı.
[05:23:03] 'Contrast' fonksiyonu çalıştırıldı.
[05:23:03] 'Contrast' fonksiyonu tamamlandı.
[05:23:03] 'Contrast' fonksiyonu çalıştırıldı.
[05:23:03] 'Contrast' fonksiyonu tamamlandı.
[05:23:03] 'Contrast' fonksiyonu çalıştırıldı.
[05:23:03] 'Contrast' fonksiyonu tamamlandı.
[05:23:03] 'Contrast' fonksiyonu çalıştırıldı.
[05:23:03] 'Contrast' fonksiyonu tamamlandı.
[05:23:03] 'Contrast' fonksiyonu çalıştırıldı.
[05:23:03] 'Contrast' fonksiyonu tamamlandı.
[05:23:03] 'Contrast' fonksiyonu çalıştırıldı.
[05:23:03] 'Contrast' fonksiyonu tamamlandı.
[05:23:03] 'Contrast' fonksiyonu çalıştırıldı.
[05:23:03] 'Contrast' fonksiyonu tamamlandı.
[05:23:03] 'Contrast' fonksiyonu çalıştırıldı.
[05:23:03] 'Contrast' fonksiyonu tamamlandı.
[05:23:03] 'Contrast' fonksiyonu çalıştırıldı.
[05:23:03] 'Contrast' fonksiyonu tamamlandı.
[05:23:03] 'Contrast' fonksiyonu çalıştırıldı.
[05:23:04] 'Contrast' fonksiyonu tamamlandı.
[05:23:04] 'Contrast' fonksiyonu çalıştırıldı.
[05:23:04] 'Contrast' fonksiyonu tamamlandı.
[05:23:04] 'Contrast' fonksiyonu çalıştırıldı.
[05:23:04] 'Contrast' fonksiyonu tamamlandı.
[05:23:04] 'Contrast' fonksiyonu çalıştırıldı.
[05:23:04] 'Contrast' fonksiyonu tamamlandı.
[05:23:04] 'Contrast' fonksiyonu çalıştırıldı.
[05:23:04] 'Contrast' fonksiyonu tamamlandı.
[05:23:04] 'Contrast' fonksiyonu çalıştırıldı.
[05:23:04] 'Contrast' fonksiyonu tamamlandı.
[05:23:04] 'Contrast' fonksiyonu çalıştırıldı.
[05:23:04] 'Contrast' fonksiyonu tamamlandı.
[05:23:04] 'Contrast' fonksiyonu çalıştırıldı.
[05:23:04] 'Contrast' fonksiyonu tamamlandı.
[05:23:04] 'Contrast' fonksiyonu çalıştırıldı.
[05:23:04] 'Contrast' fonksiyonu tamamlandı.
[05:23:04] 'Contrast' fonksiyonu çalıştırıldı.
[05:23:04] 'Contrast' fonksiyonu tamamlandı.
[05:23:04] 'Contrast' fonksiyonu çalıştırıldı.
[05:23:04] 'Contrast' fonksiyonu tamamlandı.
[05:23:04] 'Contrast' fonksiyonu çalıştırıldı.
[05:23:04] 'Contrast' fonksiyonu tamamlandı.
[05:23:04] 'Contrast' fonksiyonu çalıştırıldı.
[05:23:04] 'Contrast' fonksiyonu tamamlandı.
[05:23:04] 'Contrast' fonksiyonu çalıştırıldı.
[05:23:04] 'Contrast' fonksiyonu tamamlandı.
[05:23:04] 'Contrast' fonksiyonu çalıştırıldı.
[05:23:04] 'Contrast' fonksiyonu tamamlandı.
[05:23:04] 'Contrast' fonksiyonu çalıştırıldı.
[05:23:04] 'Contrast' fonksiyonu tamamlandı.
[05:23:04] 'Contrast' fonksiyonu çalıştırıldı.
[05:23:04] 'Contrast' fonksiyonu tamamlandı.
[05:23:04] 'Contrast' fonksiyonu çalıştırıldı.
[05:23:04] 'Contrast' fonksiyonu tamamlandı.
[05:23:04] 'Contrast' fonksiyonu çalıştırıldı.
[05:23:04] 'Contrast' fonksiyonu tamamlandı.
[05:23:04] 'Contrast' fonksiyonu çalıştırıldı.
[05:23:04] 'Contrast' fonksiyonu tamamlandı.
[05:23:04] 'Contrast' fonksiyonu çalıştırıldı.
[05:23:04] 'Contrast' fonksiyonu tamamlandı.
[05:23:04] 'Contrast' fonksiyonu çalıştırıldı.
[05:23:04] 'Contrast' fonksiyonu tamamlandı.
[05:23:04] 'Contrast' fonksiyonu çalıştırıldı.
[05:23:04] 'Contrast' fonksiyonu tamamlandı.
[05:23:04] 'Contrast' fonksiyonu çalıştırıldı.
[05:23:04] 'Contrast' fonksiyonu tamamlandı.
[05:23:04] 'Contrast' fonksiyonu çalıştırıldı.
[05:23:04] 'Contrast' fonksiyonu tamamlandı.
[05:23:04] 'Contrast' fonksiyonu çalıştırıldı.
[05:23:04] 'Contrast' fonksiyonu tamamlandı.
[05:23:04] 'Contrast' fonksiyonu çalıştırıldı.
[05:23:04] 'Contrast' fonksiyonu tamamlandı.
[05:23:04] 'Contrast' fonksiyonu çalıştırıldı.
[05:23:04] 'Contrast' fonksiyonu tamamlandı.
[05:23:04] 'Contrast' fonksiyonu çalıştırıldı.
[05:23:04] 'Contrast' fonksiyonu tamamlandı.
[05:23:04] 'Contrast' fonksiyonu çalıştırıldı.
[05:23:04] 'Contrast' fonksiyonu tamamlandı.
[05:23:04] 'Contrast' fonksiyonu çalıştırıldı.
[05:23:04] 'Contrast' fonksiyonu tamamlandı.
[05:23:04] 'Contrast' fonksiyonu çalıştırıldı.
[05:23:04] 'Contrast' fonksiyonu tamamlandı.
[05:23:04] 'Contrast' fonksiyonu çalıştırıldı.
[05:23:04] 'Contrast' fonksiyonu tamamlandı.
[05:23:04] 'Contrast' fonksiyonu çalıştırıldı.
[05:23:04] 'Contrast' fonksiyonu tamamlandı.
[05:23:04] 'Contrast' fonksiyonu çalıştırıldı.
[05:23:04] 'Contrast' fonksiyonu tamamlandı.
[05:23:04] 'Contrast' fonksiyonu çalıştırıldı.
[05:23:04] 'Contrast' fonksiyonu tamamlandı.
[05:23:04] 'Contrast' fonksiyonu çalıştırıldı.
[05:23:04] 'Contrast' fonksiyonu tamamlandı.
[05:23:04] 'Contrast' fonksiyonu çalıştırıldı.
[05:23:04] 'Contrast' fonksiyonu tamamlandı.
[05:23:05] 'Contrast' fonksiyonu çalıştırıldı.
[05:23:05] 'Contrast' fonksiyonu tamamlandı.
[05:23:05] 'Contrast' fonksiyonu çalıştırıldı.
[05:23:05] 'Contrast' fonksiyonu tamamlandı.
[05:23:05] 'Contrast' fonksiyonu çalıştırıldı.
[05:23:05] 'Contrast' fonksiyonu tamamlandı.
[05:23:05] 'Contrast' fonksiyonu çalıştırıldı.
[05:23:05] 'Contrast' fonksiyonu tamamlandı.
[05:23:05] 'Contrast' fonksiyonu çalıştırıldı.
[05:23:05] 'Contrast' fonksiyonu tamamlandı.
[05:23:05] 'Contrast' fonksiyonu çalıştırıldı.
[05:23:05] 'Contrast' fonksiyonu tamamlandı.
[05:23:05] 'Contrast' fonksiyonu çalıştırıldı.
[05:23:05] 'Contrast' fonksiyonu tamamlandı.
[05:23:05] 'Contrast' fonksiyonu çalıştırıldı.
[05:23:05] 'Contrast' fonksiyonu tamamlandı.
[05:23:05] 'Contrast' fonksiyonu çalıştırıldı.
[05:23:05] 'Contrast' fonksiyonu tamamlandı.
[05:23:05] 'Contrast' fonksiyonu çalıştırıldı.
[05:23:05] 'Contrast' fonksiyonu tamamlandı.
[05:23:05] 'Contrast' fonksiyonu çalıştırıldı.
[05:23:05] 'Contrast' fonksiyonu tamamlandı.
[05:23:05] 'Contrast' fonksiyonu çalıştırıldı.
[05:23:05] 'Contrast' fonksiyonu tamamlandı.
[05:23:05] 'Contrast' fonksiyonu çalıştırıldı.
[05:23:05] 'Contrast' fonksiyonu tamamlandı.
[05:23:05] 'Contrast' fonksiyonu çalıştırıldı.
[05:23:05] 'Contrast' fonksiyonu tamamlandı.
[05:23:05] 'Contrast' fonksiyonu çalıştırıldı.
[05:23:05] 'Contrast' fonksiyonu tamamlandı.
[05:23:05] 'Contrast' fonksiyonu çalıştırıldı.
[05:23:05] 'Contrast' fonksiyonu tamamlandı.
[05:23:06] 'Contrast' fonksiyonu çalıştırıldı.
[05:23:06] 'Contrast' fonksiyonu tamamlandı.
[05:23:06] 'Contrast' fonksiyonu çalıştırıldı.
[05:23:06] 'Contrast' fonksiyonu tamamlandı.
[05:23:06] 'Contrast' fonksiyonu çalıştırıldı.
[05:23:06] 'Contrast' fonksiyonu tamamlandı.
[05:23:06] 'Contrast' fonksiyonu çalıştırıldı.
[05:23:06] 'Contrast' fonksiyonu tamamlandı.
[05:23:06] 'Contrast' fonksiyonu çalıştırıldı.
[05:23:06] 'Contrast' fonksiyonu tamamlandı.
[05:23:06] 'Contrast' fonksiyonu çalıştırıldı.
[05:23:06] 'Contrast' fonksiyonu tamamlandı.
[05:23:06] 'Contrast' fonksiyonu çalıştırıldı.
[05:23:06] 'Contrast' fonksiyonu tamamlandı.
[05:23:06] 'Contrast' fonksiyonu çalıştırıldı.
[05:23:06] 'Contrast' fonksiyonu tamamlandı.
[05:23:06] 'Contrast' fonksiyonu çalıştırıldı.
[05:23:06] 'Contrast' fonksiyonu tamamlandı.
[05:23:06] 'Contrast' fonksiyonu çalıştırıldı.
[05:23:06] 'Contrast' fonksiyonu tamamlandı.
[05:23:06] 'Contrast' fonksiyonu çalıştırıldı.
[05:23:06] 'Contrast' fonksiyonu tamamlandı.
[05:23:06] 'Contrast' fonksiyonu çalıştırıldı.
[05:23:06] 'Contrast' fonksiyonu tamamlandı.
[05:23:06] 'Contrast' fonksiyonu çalıştırıldı.
[05:23:06] 'Contrast' fonksiyonu tamamlandı.
[05:23:06] 'Contrast' fonksiyonu çalıştırıldı.
[05:23:06] 'Contrast' fonksiyonu tamamlandı.
[05:23:06] 'Contrast' fonksiyonu çalıştırıldı.
[05:23:06] 'Contrast' fonksiyonu tamamlandı.
[05:23:06] 'Contrast' fonksiyonu çalıştırıldı.
[05:23:06] 'Contrast' fonksiyonu tamamlandı.
[05:23:06] 'Contrast' fonksiyonu çalıştırıldı.
[05:23:06] 'Contrast' fonksiyonu tamamlandı.
[05:23:06] 'Contrast' fonksiyonu çalıştırıldı.
[05:23:06] 'Contrast' fonksiyonu tamamlandı.
[05:23:06] 'Contrast' fonksiyonu çalıştırıldı.
[05:23:06] 'Contrast' fonksiyonu tamamlandı.
[05:23:06] 'Contrast' fonksiyonu çalıştırıldı.
[05:23:06] 'Contrast' fonksiyonu tamamlandı.
[05:23:06] 'Contrast' fonksiyonu çalıştırıldı.
[05:23:06] 'Contrast' fonksiyonu tamamlandı.
[05:23:06] 'Contrast' fonksiyonu çalıştırıldı.
[05:23:06] 'Contrast' fonksiyonu tamamlandı.
[05:23:06] 'Contrast' fonksiyonu çalıştırıldı.
[05:23:06] 'Contrast' fonksiyonu tamamlandı.
[05:23:06] 'Contrast' fonksiyonu çalıştırıldı.
[05:23:06] 'Contrast' fonksiyonu tamamlandı.
[05:23:06] 'Contrast' fonksiyonu çalıştırıldı.
[05:23:06] 'Contrast' fonksiyonu tamamlandı.
[05:23:06] 'Contrast' fonksiyonu çalıştırıldı.
[05:23:06] 'Contrast' fonksiyonu tamamlandı.
[05:23:06] 'Contrast' fonksiyonu çalıştırıldı.
[05:23:06] 'Contrast' fonksiyonu tamamlandı.
[05:23:06] 'Contrast' fonksiyonu çalıştırıldı.
[05:23:06] 'Contrast' fonksiyonu tamamlandı.
[05:23:06] 'Contrast' fonksiyonu çalıştırıldı.
[05:23:06] 'Contrast' fonksiyonu tamamlandı.
[05:23:06] 'Contrast' fonksiyonu çalıştırıldı.
[05:23:06] 'Contrast' fonksiyonu tamamlandı.
[05:23:06] 'Contrast' fonksiyonu çalıştırıldı.
[05:23:06] 'Contrast' fonksiyonu tamamlandı.
[05:23:06] 'Contrast' fonksiyonu çalıştırıldı.
[05:23:06] 'Contrast' fonksiyonu tamamlandı.
[05:23:06] 'Contrast' fonksiyonu çalıştırıldı.
[05:23:06] 'Contrast' fonksiyonu tamamlandı.
[05:23:06] 'Contrast' fonksiyonu çalıştırıldı.
[05:23:06] 'Contrast' fonksiyonu tamamlandı.
[05:23:06] 'Contrast' fonksiyonu çalıştırıldı.
[05:23:06] 'Contrast' fonksiyonu tamamlandı.
[05:23:06] 'Contrast' fonksiyonu çalıştırıldı.
[05:23:06] 'Contrast' fonksiyonu tamamlandı.
[05:23:06] 'Contrast' fonksiyonu çalıştırıldı.
[05:23:06] 'Contrast' fonksiyonu tamamlandı.
[05:23:06] 'Contrast' fonksiyonu çalıştırıldı.
[05:23:06] 'Contrast' fonksiyonu tamamlandı.
[05:23:06] 'Contrast' fonksiyonu çalıştırıldı.
[05:23:06] 'Contrast' fonksiyonu tamamlandı.
[05:23:06] 'Contrast' fonksiyonu çalıştırıldı.
[05:23:06] 'Contrast' fonksiyonu tamamlandı.
[05:23:06] 'Contrast' fonksiyonu çalıştırıldı.
[05:23:06] 'Contrast' fonksiyonu tamamlandı.
[05:23:06] 'Contrast' fonksiyonu çalıştırıldı.
[05:23:06] 'Contrast' fonksiyonu tamamlandı.
[05:23:06] 'Contrast' fonksiyonu çalıştırıldı.
[05:23:06] 'Contrast' fonksiyonu tamamlandı.
[05:23:06] 'Contrast' fonksiyonu çalıştırıldı.
[05:23:06] 'Contrast' fonksiyonu tamamlandı.
[05:23:06] 'Contrast' fonksiyonu çalıştırıldı.
[05:23:06] 'Contrast' fonksiyonu tamamlandı.
[05:23:06] 'Contrast' fonksiyonu çalıştırıldı.
[05:23:06] 'Contrast' fonksiyonu tamamlandı.
[05:23:06] 'Contrast' fonksiyonu çalıştırıldı.
[05:23:06] 'Contrast' fonksiyonu tamamlandı.
[05:23:06] 'Contrast' fonksiyonu çalıştırıldı.
[05:23:06] 'Contrast' fonksiyonu tamamlandı.
[05:23:06] 'Contrast' fonksiyonu çalıştırıldı.
[05:23:06] 'Contrast' fonksiyonu tamamlandı.
[05:23:06] 'Contrast' fonksiyonu çalıştırıldı.
[05:23:06] 'Contrast' fonksiyonu tamamlandı.
[05:23:06] 'Contrast' fonksiyonu çalıştırıldı.
[05:23:06] 'Contrast' fonksiyonu tamamlandı.
[05:23:06] 'Contrast' fonksiyonu çalıştırıldı.
[05:23:06] 'Contrast' fonksiyonu tamamlandı.
[05:23:06] 'Contrast' fonksiyonu çalıştırıldı.
[05:23:06] 'Contrast' fonksiyonu tamamlandı.
[05:23:06] 'Contrast' fonksiyonu çalıştırıldı.
[05:23:06] 'Contrast' fonksiyonu tamamlandı.
[05:23:06] 'Contrast' fonksiyonu çalıştırıldı.
[05:23:06] 'Contrast' fonksiyonu tamamlandı.
[05:23:06] 'Contrast' fonksiyonu çalıştırıldı.
[05:23:06] 'Contrast' fonksiyonu tamamlandı.
[05:23:06] 'Contrast' fonksiyonu çalıştırıldı.
[05:23:06] 'Contrast' fonksiyonu tamamlandı.
[05:23:06] 'Contrast' fonksiyonu çalıştırıldı.
[05:23:06] 'Contrast' fonksiyonu tamamlandı.
[05:23:06] 'Contrast' fonksiyonu çalıştırıldı.
[05:23:06] 'Contrast' fonksiyonu tamamlandı.
[05:23:06] 'Contrast' fonksiyonu çalıştırıldı.
[05:23:06] 'Contrast' fonksiyonu tamamlandı.
[05:23:06] 'Contrast' fonksiyonu çalıştırıldı.
[05:23:06] 'Contrast' fonksiyonu tamamlandı.
[05:23:06] 'Contrast' fonksiyonu çalıştırıldı.
[05:23:06] 'Contrast' fonksiyonu tamamlandı.
[05:23:06] 'Contrast' fonksiyonu çalıştırıldı.
[05:23:07] 'Contrast' fonksiyonu tamamlandı.
[05:23:07] 'Contrast' fonksiyonu çalıştırıldı.
[05:23:07] 'Contrast' fonksiyonu tamamlandı.
[05:23:07] 'Contrast' fonksiyonu çalıştırıldı.
[05:23:07] 'Contrast' fonksiyonu tamamlandı.
[05:23:07] 'Contrast' fonksiyonu çalıştırıldı.
[05:23:07] 'Contrast' fonksiyonu tamamlandı.
[05:23:07] 'Contrast' fonksiyonu çalıştırıldı.
[05:23:07] 'Contrast' fonksiyonu tamamlandı.
[05:23:07] 'Contrast' fonksiyonu çalıştırıldı.
[05:23:07] 'Contrast' fonksiyonu tamamlandı.
[05:23:07] 'Contrast' fonksiyonu çalıştırıldı.
[05:23:07] 'Contrast' fonksiyonu tamamlandı.
[05:23:07] 'Contrast' fonksiyonu çalıştırıldı.
[05:23:07] 'Contrast' fonksiyonu tamamlandı.
[05:23:07] 'Contrast' fonksiyonu çalıştırıldı.
[05:23:07] 'Contrast' fonksiyonu tamamlandı.
[05:23:07] 'Contrast' fonksiyonu çalıştırıldı.
[05:23:07] 'Contrast' fonksiyonu tamamlandı.
[05:23:07] 'Contrast' fonksiyonu çalıştırıldı.
[05:23:07] 'Contrast' fonksiyonu tamamlandı.
[05:23:07] 'Contrast' fonksiyonu çalıştırıldı.
[05:23:07] 'Contrast' fonksiyonu tamamlandı.
[05:23:07] 'Contrast' fonksiyonu çalıştırıldı.
[05:23:07] 'Contrast' fonksiyonu tamamlandı.
[05:23:07] 'Contrast' fonksiyonu çalıştırıldı.
[05:23:07] 'Contrast' fonksiyonu tamamlandı.
[05:23:07] 'Contrast' fonksiyonu çalıştırıldı.
[05:23:07] 'Contrast' fonksiyonu tamamlandı.
[05:23:07] 'Contrast' fonksiyonu çalıştırıldı.
[05:23:07] 'Contrast' fonksiyonu tamamlandı.
[05:23:07] 'Contrast' fonksiyonu çalıştırıldı.
[05:23:07] 'Contrast' fonksiyonu tamamlandı.
[05:23:07] 'Contrast' fonksiyonu çalıştırıldı.
[05:23:07] 'Contrast' fonksiyonu tamamlandı.
[05:23:07] 'Contrast' fonksiyonu çalıştırıldı.
[05:23:07] 'Contrast' fonksiyonu tamamlandı.
[05:23:07] 'Contrast' fonksiyonu çalıştırıldı.
[05:23:07] 'Contrast' fonksiyonu tamamlandı.
[05:23:07] 'Contrast' fonksiyonu çalıştırıldı.
[05:23:07] 'Contrast' fonksiyonu tamamlandı.
[05:23:07] 'Contrast' fonksiyonu çalıştırıldı.
[05:23:07] 'Contrast' fonksiyonu tamamlandı.
[05:23:07] 'Contrast' fonksiyonu çalıştırıldı.
[05:23:07] 'Contrast' fonksiyonu tamamlandı.
[05:23:07] 'Contrast' fonksiyonu çalıştırıldı.
[05:23:07] 'Contrast' fonksiyonu tamamlandı.
[05:23:07] 'Contrast' fonksiyonu çalıştırıldı.
[05:23:07] 'Contrast' fonksiyonu tamamlandı.
[05:23:07] 'Contrast' fonksiyonu çalıştırıldı.
[05:23:07] 'Contrast' fonksiyonu tamamlandı.
[05:23:07] 'Contrast' fonksiyonu çalıştırıldı.
[05:23:07] 'Contrast' fonksiyonu tamamlandı.
[05:23:07] 'Contrast' fonksiyonu çalıştırıldı.
[05:23:07] 'Contrast' fonksiyonu tamamlandı.
[05:23:07] 'Contrast' fonksiyonu çalıştırıldı.
[05:23:07] 'Contrast' fonksiyonu tamamlandı.
[05:23:07] 'Contrast' fonksiyonu çalıştırıldı.
[05:23:07] 'Contrast' fonksiyonu tamamlandı.
[05:23:07] 'Contrast' fonksiyonu çalıştırıldı.
[05:23:07] 'Contrast' fonksiyonu tamamlandı.
[05:23:07] 'Contrast' fonksiyonu çalıştırıldı.
[05:23:07] 'Contrast' fonksiyonu tamamlandı.
[05:23:07] 'Contrast' fonksiyonu çalıştırıldı.
[05:23:07] 'Contrast' fonksiyonu tamamlandı.
[05:23:07] 'Contrast' fonksiyonu çalıştırıldı.
[05:23:07] 'Contrast' fonksiyonu tamamlandı.
[05:23:07] 'Contrast' fonksiyonu çalıştırıldı.
[05:23:07] 'Contrast' fonksiyonu tamamlandı.
[05:23:07] 'Contrast' fonksiyonu çalıştırıldı.
[05:23:07] 'Contrast' fonksiyonu tamamlandı.
[05:23:07] 'Contrast' fonksiyonu çalıştırıldı.
[05:23:07] 'Contrast' fonksiyonu tamamlandı.
[05:23:07] 'Contrast' fonksiyonu çalıştırıldı.
[05:23:08] 'Contrast' fonksiyonu tamamlandı.
[05:23:08] 'Contrast' fonksiyonu çalıştırıldı.
[05:23:08] 'Contrast' fonksiyonu tamamlandı.
[05:23:08] 'Contrast' fonksiyonu çalıştırıldı.
[05:23:08] 'Contrast' fonksiyonu tamamlandı.
[05:23:08] 'Contrast' fonksiyonu çalıştırıldı.
[05:23:08] 'Contrast' fonksiyonu tamamlandı.
[05:23:08] 'Contrast' fonksiyonu çalıştırıldı.
[05:23:08] 'Contrast' fonksiyonu tamamlandı.
[05:23:08] 'Contrast' fonksiyonu çalıştırıldı.
[05:23:08] 'Contrast' fonksiyonu tamamlandı.
[05:23:08] 'Contrast' fonksiyonu çalıştırıldı.
[05:23:08] 'Contrast' fonksiyonu tamamlandı.
[05:23:08] 'Contrast' fonksiyonu çalıştırıldı.
[05:23:08] 'Contrast' fonksiyonu tamamlandı.
[05:23:08] 'Contrast' fonksiyonu çalıştırıldı.
[05:23:08] 'Contrast' fonksiyonu tamamlandı.
[05:23:08] 'Contrast' fonksiyonu çalıştırıldı.
[05:23:08] 'Contrast' fonksiyonu tamamlandı.
[05:23:08] 'Contrast' fonksiyonu çalıştırıldı.
[05:23:08] 'Contrast' fonksiyonu tamamlandı.
[05:23:08] 'Contrast' fonksiyonu çalıştırıldı.
[05:23:08] 'Contrast' fonksiyonu tamamlandı.
[05:23:08] 'Contrast' fonksiyonu çalıştırıldı.
[05:23:08] 'Contrast' fonksiyonu tamamlandı.
[05:23:08] 'Contrast' fonksiyonu çalıştırıldı.
[05:23:08] 'Contrast' fonksiyonu tamamlandı.
[05:23:08] 'Contrast' fonksiyonu çalıştırıldı.
[05:23:08] 'Contrast' fonksiyonu tamamlandı.
[05:23:08] 'Contrast' fonksiyonu çalıştırıldı.
[05:23:08] 'Contrast' fonksiyonu tamamlandı.
[05:23:08] 'Contrast' fonksiyonu çalıştırıldı.
[05:23:08] 'Contrast' fonksiyonu tamamlandı.
[05:23:08] 'Contrast' fonksiyonu çalıştırıldı.
[05:23:08] 'Contrast' fonksiyonu tamamlandı.
[05:23:08] 'Contrast' fonksiyonu çalıştırıldı.
[05:23:08] 'Contrast' fonksiyonu tamamlandı.
[05:23:08] 'Contrast' fonksiyonu çalıştırıldı.
[05:23:08] 'Contrast' fonksiyonu tamamlandı.
[05:23:08] 'Contrast' fonksiyonu çalıştırıldı.
[05:23:08] 'Contrast' fonksiyonu tamamlandı.
[05:23:08] 'Contrast' fonksiyonu çalıştırıldı.
[05:23:08] 'Contrast' fonksiyonu tamamlandı.
[05:23:08] 'Contrast' fonksiyonu çalıştırıldı.
[05:23:08] 'Contrast' fonksiyonu tamamlandı.
[05:23:08] 'Contrast' fonksiyonu çalıştırıldı.
[05:23:08] 'Contrast' fonksiyonu tamamlandı.
[05:23:08] 'Contrast' fonksiyonu çalıştırıldı.
[05:23:08] 'Contrast' fonksiyonu tamamlandı.
[05:23:08] 'Contrast' fonksiyonu çalıştırıldı.
[05:23:08] 'Contrast' fonksiyonu tamamlandı.
[05:23:08] 'Contrast' fonksiyonu çalıştırıldı.
[05:23:08] 'Contrast' fonksiyonu tamamlandı.
[05:23:08] 'Contrast' fonksiyonu çalıştırıldı.
[05:23:08] 'Contrast' fonksiyonu tamamlandı.
[05:23:08] 'Contrast' fonksiyonu çalıştırıldı.
[05:23:08] 'Contrast' fonksiyonu tamamlandı.
[05:23:08] 'Contrast' fonksiyonu çalıştırıldı.
[05:23:08] 'Contrast' fonksiyonu tamamlandı.
[05:23:08] 'Contrast' fonksiyonu çalıştırıldı.
[05:23:08] 'Contrast' fonksiyonu tamamlandı.
[05:23:08] 'Contrast' fonksiyonu çalıştırıldı.
[05:23:08] 'Contrast' fonksiyonu tamamlandı.
[05:23:08] 'Contrast' fonksiyonu çalıştırıldı.
[05:23:08] 'Contrast' fonksiyonu tamamlandı.
[05:23:08] 'Contrast' fonksiyonu çalıştırıldı.
[05:23:08] 'Contrast' fonksiyonu tamamlandı.
[05:23:09] 'Contrast' fonksiyonu çalıştırıldı.
[05:23:09] 'Contrast' fonksiyonu tamamlandı.
[05:23:09] 'Contrast' fonksiyonu çalıştırıldı.
[05:23:09] 'Contrast' fonksiyonu tamamlandı.
[05:23:09] 'Contrast' fonksiyonu çalıştırıldı.
[05:23:09] 'Contrast' fonksiyonu tamamlandı.
[05:23:09] 'Contrast' fonksiyonu çalıştırıldı.
[05:23:09] 'Contrast' fonksiyonu tamamlandı.
[05:23:09] 'Contrast' fonksiyonu çalıştırıldı.
[05:23:09] 'Contrast' fonksiyonu tamamlandı.
[05:23:09] 'Contrast' fonksiyonu çalıştırıldı.
[05:23:09] 'Contrast' fonksiyonu tamamlandı.
[05:23:09] 'Contrast' fonksiyonu çalıştırıldı.
[05:23:09] 'Contrast' fonksiyonu tamamlandı.
[05:23:09] 'Contrast' fonksiyonu çalıştırıldı.
[05:23:09] 'Contrast' fonksiyonu tamamlandı.
[05:23:09] 'Contrast' fonksiyonu çalıştırıldı.
[05:23:09] 'Contrast' fonksiyonu tamamlandı.
[05:23:09] 'Contrast' fonksiyonu çalıştırıldı.
[05:23:09] 'Contrast' fonksiyonu tamamlandı.
[05:23:09] 'Contrast' fonksiyonu çalıştırıldı.
[05:23:09] 'Contrast' fonksiyonu tamamlandı.
[05:23:09] 'Contrast' fonksiyonu çalıştırıldı.
[05:23:09] 'Contrast' fonksiyonu tamamlandı.
[05:23:09] 'Contrast' fonksiyonu çalıştırıldı.
[05:23:09] 'Contrast' fonksiyonu tamamlandı.
[05:23:09] 'Contrast' fonksiyonu çalıştırıldı.
[05:23:09] 'Contrast' fonksiyonu tamamlandı.
[05:23:09] 'Contrast' fonksiyonu çalıştırıldı.
[05:23:09] 'Contrast' fonksiyonu tamamlandı.
[05:23:09] 'Contrast' fonksiyonu çalıştırıldı.
[05:23:09] 'Contrast' fonksiyonu tamamlandı.
[05:23:09] 'Contrast' fonksiyonu çalıştırıldı.
[05:23:09] 'Contrast' fonksiyonu tamamlandı.
[05:23:09] 'Contrast' fonksiyonu çalıştırıldı.
[05:23:09] 'Contrast' fonksiyonu tamamlandı.
[05:23:09] 'Contrast' fonksiyonu çalıştırıldı.
[05:23:09] 'Contrast' fonksiyonu tamamlandı.
[05:23:09] 'Contrast' fonksiyonu çalıştırıldı.
[05:23:09] 'Contrast' fonksiyonu tamamlandı.
[05:23:09] 'Contrast' fonksiyonu çalıştırıldı.
[05:23:09] 'Contrast' fonksiyonu tamamlandı.
[05:23:09] 'Contrast' fonksiyonu çalıştırıldı.
[05:23:09] 'Contrast' fonksiyonu tamamlandı.
[05:23:09] 'Contrast' fonksiyonu çalıştırıldı.
[05:23:09] 'Contrast' fonksiyonu tamamlandı.
[05:23:09] 'Contrast' fonksiyonu çalıştırıldı.
[05:23:09] 'Contrast' fonksiyonu tamamlandı.
[05:23:09] 'Contrast' fonksiyonu çalıştırıldı.
[05:23:09] 'Contrast' fonksiyonu tamamlandı.
[05:23:09] 'Contrast' fonksiyonu çalıştırıldı.
[05:23:09] 'Contrast' fonksiyonu tamamlandı.
[05:23:09] 'Contrast' fonksiyonu çalıştırıldı.
[05:23:09] 'Contrast' fonksiyonu tamamlandı.
[05:23:09] 'Contrast' fonksiyonu çalıştırıldı.
[05:23:09] 'Contrast' fonksiyonu tamamlandı.
[05:23:09] 'Contrast' fonksiyonu çalıştırıldı.
[05:23:09] 'Contrast' fonksiyonu tamamlandı.
[05:23:09] 'Contrast' fonksiyonu çalıştırıldı.
[05:23:09] 'Contrast' fonksiyonu tamamlandı.
[05:23:09] 'Contrast' fonksiyonu çalıştırıldı.
[05:23:09] 'Contrast' fonksiyonu tamamlandı.
[05:23:09] 'Contrast' fonksiyonu çalıştırıldı.
[05:23:09] 'Contrast' fonksiyonu tamamlandı.
[05:23:09] 'Contrast' fonksiyonu çalıştırıldı.
[05:23:09] 'Contrast' fonksiyonu tamamlandı.
[05:23:09] 'Contrast' fonksiyonu çalıştırıldı.
[05:23:09] 'Contrast' fonksiyonu tamamlandı.
[05:23:09] 'Contrast' fonksiyonu çalıştırıldı.
[05:23:09] 'Contrast' fonksiyonu tamamlandı.
[05:23:09] 'Contrast' fonksiyonu çalıştırıldı.
[05:23:09] 'Contrast' fonksiyonu tamamlandı.
[05:23:09] 'Contrast' fonksiyonu çalıştırıldı.
[05:23:09] 'Contrast' fonksiyonu tamamlandı.
[05:23:09] 'Contrast' fonksiyonu çalıştırıldı.
[05:23:09] 'Contrast' fonksiyonu tamamlandı.
[05:23:09] 'Contrast' fonksiyonu çalıştırıldı.
[05:23:09] 'Contrast' fonksiyonu tamamlandı.
[05:23:09] 'Contrast' fonksiyonu çalıştırıldı.
[05:23:09] 'Contrast' fonksiyonu tamamlandı.
[05:23:09] 'Contrast' fonksiyonu çalıştırıldı.
[05:23:09] 'Contrast' fonksiyonu tamamlandı.
[05:23:09] 'Contrast' fonksiyonu çalıştırıldı.
[05:23:09] 'Contrast' fonksiyonu tamamlandı.
[05:23:09] 'Contrast' fonksiyonu çalıştırıldı.
[05:23:09] 'Contrast' fonksiyonu tamamlandı.
[05:23:09] 'Contrast' fonksiyonu çalıştırıldı.
[05:23:09] 'Contrast' fonksiyonu tamamlandı.
[05:23:09] 'Contrast' fonksiyonu çalıştırıldı.
[05:23:09] 'Contrast' fonksiyonu tamamlandı.
[05:23:09] 'Contrast' fonksiyonu çalıştırıldı.
[05:23:09] 'Contrast' fonksiyonu tamamlandı.
[05:23:09] 'Contrast' fonksiyonu çalıştırıldı.
[05:23:09] 'Contrast' fonksiyonu tamamlandı.
[05:23:10] 'Contrast' fonksiyonu çalıştırıldı.
[05:23:10] 'Contrast' fonksiyonu tamamlandı.
[05:23:10] 'Contrast' fonksiyonu çalıştırıldı.
[05:23:10] 'Contrast' fonksiyonu tamamlandı.
[05:23:10] 'Contrast' fonksiyonu çalıştırıldı.
[05:23:10] 'Contrast' fonksiyonu tamamlandı.
[05:23:10] 'Contrast' fonksiyonu çalıştırıldı.
[05:23:10] 'Contrast' fonksiyonu tamamlandı.
[05:23:10] 'Contrast' fonksiyonu çalıştırıldı.
[05:23:10] 'Contrast' fonksiyonu tamamlandı.
[05:32:21] 'BlackWhite' fonksiyonu çalıştı.
[05:32:23] 'Contrast' fonksiyonu aktif.
[05:32:33] 'Brightness' fonksiyonu aktif.
[05:32:35] 'Contrast' fonksiyonu inaktif.
[05:32:37] 'Contrast' fonksiyonu aktif.
[05:32:40] 'Brightness' fonksiyonu inaktif.
[05:35:41] 'Contrast' fonksiyonu aktif.
[05:35:44] 'Brightness' fonksiyonu aktif.
[05:35:48] 'Contrast' fonksiyonu aktif.
[05:39:12] 'Brightness' fonksiyonu aktif.
[05:39:14] 'Brightness' fonksiyonu inaktif.
[05:39:16] 'Brightness' fonksiyonu aktif.
[05:39:19] 'Brightness' fonksiyonu inaktif.
[05:39:20] 'Brightness' fonksiyonu aktif.
[05:39:22] 'Brightness' fonksiyonu inaktif.
[05:39:22] 'Brightness' fonksiyonu aktif.
[05:40:34] 'Contrast' fonksiyonu aktif.
[05:40:39] 'Contrast' fonksiyonu inaktif.
[05:40:40] 'Contrast' fonksiyonu aktif.
[05:40:46] 'Contrast' fonksiyonu inaktif.
[05:40:47] 'Brightness' fonksiyonu aktif.
[05:40:49] 'Contrast' fonksiyonu aktif.
[05:40:50] 'Contrast' fonksiyonu inaktif.
[05:40:51] 'Contrast' fonksiyonu aktif.
[05:41:06] 'Brightness' fonksiyonu aktif.
[05:41:08] 'Contrast' fonksiyonu aktif.
[05:41:17] 'Brightness' fonksiyonu aktif.
[05:41:20] 'Contrast' fonksiyonu aktif.
[05:41:25] 'Brightness' fonksiyonu aktif.
[05:41:26] 'Contrast' fonksiyonu aktif.
[05:41:26] 'Brightness' fonksiyonu aktif.
[05:43:15] 'Brightness' fonksiyonu aktif.
[05:43:16] 'Contrast' fonksiyonu aktif.
[05:43:17] 'Contrast' fonksiyonu inaktif.
[05:43:18] 'Contrast' fonksiyonu aktif.
[05:43:33] 'Contrast' fonksiyonu aktif.
[05:43:39] 'Brightness' fonksiyonu aktif.
[05:43:42] 'Contrast' fonksiyonu aktif.
[05:43:43] 'Contrast' fonksiyonu inaktif.
[05:44:33] 'Brightness' fonksiyonu aktif.
[05:44:35] 'Contrast' fonksiyonu aktif.
[05:44:38] 'Contrast' fonksiyonu inaktif.
[05:44:39] 'Contrast' fonksiyonu aktif.
[05:44:47] 'Brightness' fonksiyonu aktif.
[05:47:45] 'Contrast' fonksiyonu aktif.
[05:48:08] 'Contrast' fonksiyonu aktif.
[05:48:11] 'Brightness' fonksiyonu aktif.
[05:48:14] 'Contrast' fonksiyonu aktif.
[05:49:08] 'Zoom' fonksiyonu aktif.
[05:49:25] 'Zoom' fonksiyonu aktif.
[05:51:01] 'Zoom' fonksiyonu aktif.
[05:51:45] 'Zoom' fonksiyonu aktif.
[05:53:25] 'BlackWhite' fonksiyonu aktif.
[05:53:26] 'BlackWhite' fonksiyonu inaktif.
[05:53:27] 'BlackWhite' fonksiyonu aktif.
[05:53:27] 'BlackWhite' fonksiyonu inaktif.
[05:53:45] 'BlackWhite' fonksiyonu aktif.
[05:53:45] 'BlackWhite' fonksiyonu inaktif.
[05:53:46] 'BlackWhite' fonksiyonu aktif.
[05:53:46] 'BlackWhite' fonksiyonu inaktif.
[05:54:08] 'Contrast' fonksiyonu aktif.
[05:54:12] 'Brightness' fonksiyonu aktif.
[05:54:15] 'BlackWhite' fonksiyonu aktif.
[05:54:16] 'BlackWhite' fonksiyonu inaktif.
[05:54:17] 'Brightness' fonksiyonu aktif.
[05:54:19] 'Brightness' fonksiyonu inaktif.
[05:54:20] 'Zoom' fonksiyonu aktif.
[05:54:26] 'Brightness' fonksiyonu aktif.
[05:54:27] 'Zoom' fonksiyonu aktif.
[05:54:28] 'Zoom' fonksiyonu inaktif.
[05:56:07] 'Zoom' fonksiyonu aktif.
[05:56:10] 'Zoom' fonksiyonu inaktif.
[05:56:11] 'Zoom' fonksiyonu aktif.
[05:56:14] 'Zoom' fonksiyonu inaktif.
[05:56:14] 'Brightness' fonksiyonu aktif.
[05:56:16] 'Zoom' fonksiyonu inaktif.
[05:56:16] 'Contrast' fonksiyonu aktif.
[05:56:17] 'Zoom' fonksiyonu aktif.
[05:56:21] 'Contrast' fonksiyonu inaktif.
[05:56:22] 'Zoom' fonksiyonu inaktif.
[05:56:22] 'Contrast' fonksiyonu aktif.
[05:56:24] 'Zoom' fonksiyonu aktif.
[05:56:26] 'Contrast' fonksiyonu inaktif.
[05:56:27] 'Zoom' fonksiyonu inaktif.
[05:56:27] 'Contrast' fonksiyonu aktif.
[05:56:30] 'Contrast' fonksiyonu inaktif.
[05:56:30] 'Zoom' fonksiyonu inaktif.
[05:56:30] 'Contrast' fonksiyonu aktif.
[05:56:33] 'Zoom' fonksiyonu aktif.
[05:56:36] 'Contrast' fonksiyonu inaktif.
[05:56:37] 'Zoom' fonksiyonu inaktif.
[05:56:37] 'Contrast' fonksiyonu aktif.
[05:56:37] 'Zoom' fonksiyonu aktif.
[05:56:40] 'Zoom' fonksiyonu inaktif.
[05:56:40] 'Brightness' fonksiyonu aktif.
[05:56:41] 'Zoom' fonksiyonu inaktif.
[05:56:41] 'Contrast' fonksiyonu aktif.
[05:56:43] 'Zoom' fonksiyonu aktif.
[05:56:45] 'Zoom' fonksiyonu inaktif.
[05:56:45] 'BlackWhite' fonksiyonu aktif.
[05:56:46] 'BlackWhite' fonksiyonu inaktif.
[05:56:46] 'Zoom' fonksiyonu inaktif.
[05:56:46] 'BlackWhite' fonksiyonu aktif.
[05:56:47] 'BlackWhite' fonksiyonu inaktif.
[05:56:48] 'Zoom' fonksiyonu inaktif.
[05:56:48] 'Contrast' fonksiyonu aktif.
[06:01:33] 'Brightness' fonksiyonu inaktif.
[06:01:33] 'Zoom' fonksiyonu inaktif.
[06:01:33] 'Contrast' fonksiyonu aktif.
[06:01:35] 'Contrast' fonksiyonu inaktif.
[06:01:35] 'Zoom' fonksiyonu inaktif.
[06:01:35] 'Brightness' fonksiyonu aktif.
[06:01:39] 'Brightness' fonksiyonu inaktif.
[06:01:39] 'Contrast' fonksiyonu inaktif.
[06:01:39] 'Zoom' fonksiyonu aktif.
[06:01:42] 'Brightness' fonksiyonu inaktif.
[06:01:42] 'Zoom' fonksiyonu inaktif.
[06:01:42] 'Contrast' fonksiyonu aktif.
[06:01:45] 'Brightness' fonksiyonu inaktif.
[06:01:45] 'Contrast' fonksiyonu inaktif.
[06:01:45] 'Zoom' fonksiyonu aktif.
[06:01:56] 'Contrast' fonksiyonu inaktif.
[06:01:56] 'Zoom' fonksiyonu inaktif.
[06:01:56] 'Brightness' fonksiyonu aktif.
[06:02:12] 'Brightness' fonksiyonu inaktif.
[06:02:12] 'Zoom' fonksiyonu inaktif.
[06:02:12] 'Contrast' fonksiyonu aktif.
[06:02:16] 'Zoom' fonksiyonu inaktif.
[06:02:16] 'BlackWhite' fonksiyonu aktif.
[06:02:44] 'Brightness' fonksiyonu inaktif.
[06:02:44] 'Zoom' fonksiyonu inaktif.
[06:02:44] 'Contrast' fonksiyonu aktif.
[06:02:45] 'Brightness' fonksiyonu inaktif.
[06:02:45] 'Contrast' fonksiyonu inaktif.
[06:02:45] 'Zoom' fonksiyonu aktif.
[06:02:52] 'Contrast' fonksiyonu inaktif.
[06:02:52] 'Zoom' fonksiyonu inaktif.
[06:02:52] 'Brightness' fonksiyonu aktif.
[06:02:55] 'Brightness' fonksiyonu inaktif.
[06:02:55] 'Zoom' fonksiyonu inaktif.
[06:02:55] 'Contrast' fonksiyonu aktif.
[06:04:35] 'Brightness' fonksiyonu inaktif.
[06:04:35] 'Zoom' fonksiyonu inaktif.
[06:04:35] 'BlackWhite' fonksiyonu inaktif.
[06:04:35] 'Contrast' fonksiyonu aktif.
[06:04:37] 'Brightness' fonksiyonu inaktif.
[06:04:37] 'Contrast' fonksiyonu inaktif.
[06:04:37] 'Zoom' fonksiyonu inaktif.
[06:04:37] 'BlackWhite' fonksiyonu aktif.
[06:04:38] 'BlackWhite' fonksiyonu inaktif.
[06:04:39] 'Brightness' fonksiyonu inaktif.
[06:04:39] 'Zoom' fonksiyonu inaktif.
[06:04:39] 'BlackWhite' fonksiyonu inaktif.
[06:04:39] 'Contrast' fonksiyonu aktif.
[06:04:41] 'Brightness' fonksiyonu inaktif.
[06:04:41] 'Contrast' fonksiyonu inaktif.
[06:04:41] 'Zoom' fonksiyonu inaktif.
[06:04:41] 'BlackWhite' fonksiyonu aktif.
[06:04:42] 'Brightness' fonksiyonu inaktif.
[06:04:42] 'Zoom' fonksiyonu inaktif.
[06:04:42] 'BlackWhite' fonksiyonu inaktif.
[06:04:42] 'Contrast' fonksiyonu aktif.
[06:04:44] 'Brightness' fonksiyonu inaktif.
[06:04:44] 'Contrast' fonksiyonu inaktif.
[06:04:44] 'BlackWhite' fonksiyonu inaktif.
[06:04:44] 'Zoom' fonksiyonu aktif.
[06:04:48] 'Brightness' fonksiyonu inaktif.
[06:04:48] 'Zoom' fonksiyonu inaktif.
[06:04:48] 'BlackWhite' fonksiyonu inaktif.
[06:04:48] 'Contrast' fonksiyonu aktif.
[06:04:51] 'Brightness' fonksiyonu inaktif.
[06:04:51] 'Contrast' fonksiyonu inaktif.
[06:04:51] 'Zoom' fonksiyonu inaktif.
[06:04:51] 'BlackWhite' fonksiyonu aktif.
[06:04:52] 'BlackWhite' fonksiyonu inaktif.
[06:04:54] 'Brightness' fonksiyonu inaktif.
[06:04:54] 'Zoom' fonksiyonu inaktif.
[06:04:54] 'BlackWhite' fonksiyonu inaktif.
[06:04:54] 'Contrast' fonksiyonu aktif.
[06:04:56] 'Contrast' fonksiyonu inaktif.
[06:04:56] 'Contrast' fonksiyonu inaktif.
[06:04:56] 'Zoom' fonksiyonu inaktif.
[06:04:56] 'BlackWhite' fonksiyonu inaktif.
[06:04:56] 'Brightness' fonksiyonu aktif.
[06:04:59] 'Brightness' fonksiyonu inaktif.
[06:04:59] 'Contrast' fonksiyonu inaktif.
[06:04:59] 'BlackWhite' fonksiyonu inaktif.
[06:05:00] 'Zoom' fonksiyonu aktif.
[06:05:04] 'Contrast' fonksiyonu inaktif.
[06:05:04] 'Zoom' fonksiyonu inaktif.
[06:05:04] 'BlackWhite' fonksiyonu inaktif.
[06:05:04] 'Brightness' fonksiyonu aktif.
[06:05:05] 'Brightness' fonksiyonu inaktif.
[06:05:05] 'Zoom' fonksiyonu inaktif.
[06:05:05] 'BlackWhite' fonksiyonu inaktif.
[06:05:05] 'Contrast' fonksiyonu aktif.
[06:05:07] 'Brightness' fonksiyonu inaktif.
[06:05:07] 'Contrast' fonksiyonu inaktif.
[06:05:07] 'Zoom' fonksiyonu inaktif.
[06:05:07] 'BlackWhite' fonksiyonu aktif.
[06:07:56] 'Brightness' fonksiyonu inaktif.
[06:07:56] 'Contrast' fonksiyonu inaktif.
[06:07:56] 'BlackWhite' fonksiyonu inaktif.
[06:07:56] 'Zoom' fonksiyonu aktif.
[06:07:59] 'Contrast' fonksiyonu inaktif.
[06:07:59] 'Zoom' fonksiyonu inaktif.
[06:07:59] 'BlackWhite' fonksiyonu inaktif.
[06:07:59] 'Brightness' fonksiyonu aktif.
[06:08:01] 'Brightness' fonksiyonu inaktif.
[06:08:01] 'Contrast' fonksiyonu inaktif.
[06:08:01] 'BlackWhite' fonksiyonu inaktif.
[06:08:01] 'Zoom' fonksiyonu aktif.
[06:08:03] 'Contrast' fonksiyonu inaktif.
[06:08:03] 'Zoom' fonksiyonu inaktif.
[06:08:03] 'BlackWhite' fonksiyonu inaktif.
[06:08:03] 'Brightness' fonksiyonu aktif.
[06:08:06] 'Brightness' fonksiyonu inaktif.
[06:08:06] 'Zoom' fonksiyonu inaktif.
[06:08:06] 'BlackWhite' fonksiyonu inaktif.
[06:08:06] 'Contrast' fonksiyonu aktif.
[06:08:16] 'Brightness' fonksiyonu inaktif.
[06:08:16] 'Contrast' fonksiyonu inaktif.
[06:08:16] 'BlackWhite' fonksiyonu inaktif.
[06:08:16] 'Zoom' fonksiyonu aktif.
[06:12:32] 'Contrast' fonksiyonu inaktif.
[06:12:32] 'Zoom' fonksiyonu inaktif.
[06:12:32] 'BlackWhite' fonksiyonu inaktif.
[06:12:32] 'Brightness' fonksiyonu aktif.
[06:12:35] 'Brightness' fonksiyonu inaktif.
[06:12:35] 'Zoom' fonksiyonu inaktif.
[06:12:35] 'BlackWhite' fonksiyonu inaktif.
[06:12:35] 'Contrast' fonksiyonu aktif.
[06:12:40] 'Contrast' fonksiyonu inaktif.
[06:12:40] 'Zoom' fonksiyonu inaktif.
[06:12:40] 'BlackWhite' fonksiyonu inaktif.
[06:12:40] 'Brightness' fonksiyonu aktif.
[06:12:45] 'Brightness' fonksiyonu inaktif.
[06:12:45] 'Contrast' fonksiyonu inaktif.
[06:12:45] 'Zoom' fonksiyonu inaktif.
[06:12:45] 'BlackWhite' fonksiyonu aktif.
[06:12:46] 'BlackWhite' fonksiyonu inaktif.
[06:12:47] 'Brightness' fonksiyonu inaktif.
[06:12:47] 'Contrast' fonksiyonu inaktif.
[06:12:47] 'Zoom' fonksiyonu inaktif.
[06:12:47] 'BlackWhite' fonksiyonu aktif.
[06:12:47] 'BlackWhite' fonksiyonu inaktif.
[06:12:48] 'Brightness' fonksiyonu inaktif.
[06:12:48] 'Contrast' fonksiyonu inaktif.
[06:12:48] 'BlackWhite' fonksiyonu inaktif.
[06:12:48] 'Zoom' fonksiyonu aktif.
[06:12:56] 'Contrast' fonksiyonu inaktif.
[06:12:56] 'Zoom' fonksiyonu inaktif.
[06:12:56] 'BlackWhite' fonksiyonu inaktif.
[06:12:56] 'Brightness' fonksiyonu aktif.
[06:13:01] 'Brightness' fonksiyonu inaktif.
[06:13:01] 'Contrast' fonksiyonu inaktif.
[06:13:01] 'BlackWhite' fonksiyonu inaktif.
[06:13:01] 'Zoom' fonksiyonu aktif.
[06:13:02] 'Brightness' fonksiyonu inaktif.
[06:13:02] 'Zoom' fonksiyonu inaktif.
[06:13:02] 'BlackWhite' fonksiyonu inaktif.
[06:13:02] 'Contrast' fonksiyonu aktif.
[06:13:07] 'Brightness' fonksiyonu inaktif.
[06:13:07] 'Contrast' fonksiyonu inaktif.
[06:13:07] 'Zoom' fonksiyonu inaktif.
[06:13:07] 'BlackWhite' fonksiyonu aktif.
[06:13:07] 'BlackWhite' fonksiyonu inaktif.
[06:22:01] 'Contrast' fonksiyonu inaktif.
[06:22:01] 'Zoom' fonksiyonu inaktif.
[06:22:01] 'BlackWhite' fonksiyonu inaktif.
[06:22:01] 'Brightness' fonksiyonu aktif.
[06:22:07] 'Brightness' fonksiyonu inaktif.
[06:22:07] 'Zoom' fonksiyonu inaktif.
[06:22:07] 'BlackWhite' fonksiyonu inaktif.
[06:22:07] 'Contrast' fonksiyonu aktif.
[06:23:54] 'Brightness' fonksiyonu inaktif.
[06:23:54] 'Zoom' fonksiyonu inaktif.
[06:23:54] 'BlackWhite' fonksiyonu inaktif.
[06:23:54] 'Contrast' fonksiyonu aktif.
[06:23:58] 'BlackWhite' fonksiyonu inaktif.
[06:23:58] 'Brightness' fonksiyonu inaktif.
[06:23:58] 'Contrast' fonksiyonu inaktif.
[06:23:58] 'Zoom' fonksiyonu inaktif.
[06:24:17] 'Brightness' fonksiyonu inaktif.
[06:24:17] 'Zoom' fonksiyonu inaktif.
[06:24:17] 'BlackWhite' fonksiyonu inaktif.
[06:24:17] 'Contrast' fonksiyonu aktif.
[06:24:19] 'BlackWhite' fonksiyonu inaktif.
[06:24:19] 'Brightness' fonksiyonu inaktif.
[06:24:19] 'Contrast' fonksiyonu inaktif.
[06:24:19] 'Zoom' fonksiyonu inaktif.
[06:24:21] 'Contrast' fonksiyonu inaktif.
[06:24:21] 'Zoom' fonksiyonu inaktif.
[06:24:21] 'BlackWhite' fonksiyonu inaktif.
[06:24:21] 'Brightness' fonksiyonu aktif.
[06:24:24] 'BlackWhite' fonksiyonu inaktif.
[06:24:24] 'Brightness' fonksiyonu inaktif.
[06:24:24] 'Contrast' fonksiyonu inaktif.
[06:24:24] 'Zoom' fonksiyonu inaktif.
[06:24:26] 'Brightness' fonksiyonu inaktif.
[06:24:26] 'Contrast' fonksiyonu inaktif.
[06:24:26] 'BlackWhite' fonksiyonu inaktif.
[06:24:26] 'Zoom' fonksiyonu aktif.
[06:27:52] 'Brightness' fonksiyonu inaktif.
[06:27:52] 'Zoom' fonksiyonu inaktif.
[06:27:52] 'BlackWhite' fonksiyonu inaktif.
[06:27:52] 'Contrast' fonksiyonu aktif.
[06:27:55] 'BlackWhite' fonksiyonu inaktif.
[06:27:55] 'Brightness' fonksiyonu inaktif.
[06:27:55] 'Contrast' fonksiyonu inaktif.
[06:27:55] 'Zoom' fonksiyonu inaktif.
[06:27:57] 'Contrast' fonksiyonu inaktif.
[06:27:57] 'Zoom' fonksiyonu inaktif.
[06:27:57] 'BlackWhite' fonksiyonu inaktif.
[06:27:57] 'Brightness' fonksiyonu aktif.
[06:27:59] 'BlackWhite' fonksiyonu inaktif.
[06:27:59] 'Brightness' fonksiyonu inaktif.
[06:27:59] 'Contrast' fonksiyonu inaktif.
[06:27:59] 'Zoom' fonksiyonu inaktif.
[06:28:11] 'Brightness' fonksiyonu inaktif.
[06:28:11] 'Zoom' fonksiyonu inaktif.
[06:28:11] 'BlackWhite' fonksiyonu inaktif.
[06:28:11] 'Contrast' fonksiyonu aktif.
[06:28:13] 'BlackWhite' fonksiyonu inaktif.
[06:28:13] 'Brightness' fonksiyonu inaktif.
[06:28:13] 'Contrast' fonksiyonu inaktif.
[06:28:13] 'Zoom' fonksiyonu inaktif.
[06:28:39] 'Brightness' fonksiyonu inaktif.
[06:28:39] 'Zoom' fonksiyonu inaktif.
[06:28:39] 'BlackWhite' fonksiyonu inaktif.
[06:28:39] 'Contrast' fonksiyonu aktif.
[06:28:41] 'BlackWhite' fonksiyonu inaktif.
[06:28:41] 'Brightness' fonksiyonu inaktif.
[06:28:41] 'Contrast' fonksiyonu inaktif.
[06:28:41] 'Zoom' fonksiyonu inaktif.
[06:28:43] 'Contrast' fonksiyonu inaktif.
[06:28:43] 'Zoom' fonksiyonu inaktif.
[06:28:43] 'BlackWhite' fonksiyonu inaktif.
[06:28:43] 'Brightness' fonksiyonu aktif.
[06:28:46] 'BlackWhite' fonksiyonu inaktif.
[06:28:46] 'Brightness' fonksiyonu inaktif.
[06:28:46] 'Contrast' fonksiyonu inaktif.
[06:28:46] 'Zoom' fonksiyonu inaktif.
[06:29:10] 'Brightness' fonksiyonu inaktif.
[06:29:10] 'Zoom' fonksiyonu inaktif.
[06:29:10] 'BlackWhite' fonksiyonu inaktif.
[06:29:10] 'Contrast' fonksiyonu aktif.
[06:29:12] 'BlackWhite' fonksiyonu inaktif.
[06:29:12] 'Brightness' fonksiyonu inaktif.
[06:29:12] 'Contrast' fonksiyonu inaktif.
[06:29:12] 'Zoom' fonksiyonu inaktif.
[06:29:13] 'Contrast' fonksiyonu inaktif.
[06:29:13] 'Zoom' fonksiyonu inaktif.
[06:29:13] 'BlackWhite' fonksiyonu inaktif.
[06:29:13] 'Brightness' fonksiyonu aktif.
[06:29:16] 'BlackWhite' fonksiyonu inaktif.
[06:29:16] 'Brightness' fonksiyonu inaktif.
[06:29:16] 'Contrast' fonksiyonu inaktif.
[06:29:16] 'Zoom' fonksiyonu inaktif.
[06:32:49] 'Brightness' fonksiyonu inaktif.
[06:32:49] 'Zoom' fonksiyonu inaktif.
[06:32:49] 'BlackWhite' fonksiyonu inaktif.
[06:32:49] 'Contrast' fonksiyonu aktif.
[06:32:51] 'BlackWhite' fonksiyonu inaktif.
[06:32:51] 'Brightness' fonksiyonu inaktif.
[06:32:51] 'Contrast' fonksiyonu inaktif.
[06:32:51] 'Zoom' fonksiyonu inaktif.
[06:32:53] 'Contrast' fonksiyonu inaktif.
[06:32:53] 'Zoom' fonksiyonu inaktif.
[06:32:53] 'BlackWhite' fonksiyonu inaktif.
[06:32:53] 'Brightness' fonksiyonu aktif.
[06:32:55] 'BlackWhite' fonksiyonu inaktif.
[06:32:55] 'Brightness' fonksiyonu inaktif.
[06:32:55] 'Contrast' fonksiyonu inaktif.
[06:32:55] 'Zoom' fonksiyonu inaktif.
[06:34:16] 'Contrast' fonksiyonu inaktif.
[06:34:16] 'Zoom' fonksiyonu inaktif.
[06:34:16] 'BlackWhite' fonksiyonu inaktif.
[06:34:16] 'Brightness' fonksiyonu aktif.
[06:34:18] 'Brightness' fonksiyonu inaktif.
[06:34:18] 'Zoom' fonksiyonu inaktif.
[06:34:18] 'BlackWhite' fonksiyonu inaktif.
[06:34:18] 'Contrast' fonksiyonu aktif.
[06:34:22] 'Brightness' fonksiyonu inaktif.
[06:34:22] 'Contrast' fonksiyonu inaktif.
[06:34:22] 'Zoom' fonksiyonu inaktif.
[06:34:22] 'BlackWhite' fonksiyonu aktif.
[06:34:23] 'BlackWhite' fonksiyonu inaktif.
[06:34:24] 'Brightness' fonksiyonu inaktif.
[06:34:24] 'Contrast' fonksiyonu inaktif.
[06:34:24] 'BlackWhite' fonksiyonu inaktif.
[06:34:24] 'Zoom' fonksiyonu aktif.
[06:34:34] 'Zoom' fonksiyonu inaktif.
[06:34:34] 'Brightness' fonksiyonu inaktif.
[06:34:34] 'Contrast' fonksiyonu inaktif.
[06:34:34] 'BlackWhite' fonksiyonu inaktif.
[06:34:34] 'Zoom' fonksiyonu aktif.
[06:34:36] 'Contrast' fonksiyonu inaktif.
[06:34:36] 'Zoom' fonksiyonu inaktif.
[06:34:36] 'BlackWhite' fonksiyonu inaktif.
[06:34:36] 'Brightness' fonksiyonu aktif.
[06:34:38] 'Brightness' fonksiyonu inaktif.
[06:34:38] 'Contrast' fonksiyonu inaktif.
[06:34:38] 'BlackWhite' fonksiyonu inaktif.
[06:34:38] 'Zoom' fonksiyonu aktif.
[06:34:39] 'Brightness' fonksiyonu inaktif.
[06:34:39] 'Zoom' fonksiyonu inaktif.
[06:34:39] 'BlackWhite' fonksiyonu inaktif.
[06:34:39] 'Contrast' fonksiyonu aktif.
[06:34:42] 'BlackWhite' fonksiyonu inaktif.
[06:34:42] 'Brightness' fonksiyonu inaktif.
[06:34:42] 'Contrast' fonksiyonu inaktif.
[06:34:42] 'Zoom' fonksiyonu inaktif.
[06:34:44] 'Contrast' fonksiyonu inaktif.
[06:34:44] 'Zoom' fonksiyonu inaktif.
[06:34:44] 'BlackWhite' fonksiyonu inaktif.
[06:34:44] 'Brightness' fonksiyonu aktif.
[06:34:47] 'BlackWhite' fonksiyonu inaktif.
[06:34:47] 'Brightness' fonksiyonu inaktif.
[06:34:47] 'Contrast' fonksiyonu inaktif.
[06:34:47] 'Zoom' fonksiyonu inaktif.
[06:34:51] 'Brightness' fonksiyonu inaktif.
[06:34:51] 'Contrast' fonksiyonu inaktif.
[06:34:51] 'Zoom' fonksiyonu inaktif.
[06:34:51] 'BlackWhite' fonksiyonu aktif.
[06:34:52] 'BlackWhite' fonksiyonu inaktif.
[06:34:52] 'Brightness' fonksiyonu inaktif.
[06:34:52] 'Contrast' fonksiyonu inaktif.
[06:34:52] 'Zoom' fonksiyonu inaktif.
[06:34:59] 'Brightness' fonksiyonu inaktif.
[06:34:59] 'Contrast' fonksiyonu inaktif.
[06:34:59] 'Zoom' fonksiyonu inaktif.
[06:34:59] 'BlackWhite' fonksiyonu aktif.
[06:35:00] 'BlackWhite' fonksiyonu inaktif.
[06:35:00] 'Brightness' fonksiyonu inaktif.
[06:35:00] 'Contrast' fonksiyonu inaktif.
[06:35:00] 'Zoom' fonksiyonu inaktif.
[06:35:02] 'Contrast' fonksiyonu inaktif.
[06:35:02] 'Zoom' fonksiyonu inaktif.
[06:35:02] 'BlackWhite' fonksiyonu inaktif.
[06:35:02] 'Brightness' fonksiyonu aktif.
[06:35:04] 'BlackWhite' fonksiyonu inaktif.
[06:35:04] 'Brightness' fonksiyonu inaktif.
[06:35:04] 'Contrast' fonksiyonu inaktif.
[06:35:04] 'Zoom' fonksiyonu inaktif.
