[01:22:32] 'Brightness' fonksiyonu inaktif.
[01:22:32] 'Contrast' fonksiyonu inaktif.
[01:22:32] 'BlackWhite' fonksiyonu inaktif.
[01:22:32] 'Zoom' fonksiyonu aktif.
[01:22:45] 'Zoom' fonksiyonu inaktif.
[01:22:47] 'Brightness' fonksiyonu inaktif.
[01:22:47] 'Contrast' fonksiyonu inaktif.
[01:22:47] 'BlackWhite' fonksiyonu inaktif.
[01:22:47] 'Zoom' fonksiyonu aktif.
[01:22:53] 'Brightness' fonksiyonu inaktif.
[01:22:53] 'Zoom' fonksiyonu inaktif.
[01:22:53] 'BlackWhite' fonksiyonu inaktif.
[01:22:53] 'Contrast' fonksiyonu aktif.
[01:22:56] 'Brightness' fonksiyonu inaktif.
[01:22:56] 'Contrast' fonksiyonu inaktif.
[01:22:56] 'Zoom' fonksiyonu inaktif.
[01:22:56] 'BlackWhite' fonksiyonu aktif.
[01:22:57] 'BlackWhite' fonksiyonu inaktif.
[01:22:57] 'Brightness' fonksiyonu inaktif.
[01:22:57] 'Contrast' fonksiyonu inaktif.
[01:22:57] 'Zoom' fonksiyonu inaktif.
[01:22:57] 'BlackWhite' fonksiyonu aktif.
[01:22:58] 'BlackWhite' fonksiyonu inaktif.
[01:22:58] 'Brightness' fonksiyonu inaktif.
[01:22:58] 'Contrast' fonksiyonu inaktif.
[01:22:58] 'Zoom' fonksiyonu inaktif.
[01:22:58] 'BlackWhite' fonksiyonu aktif.
[01:22:58] 'BlackWhite' fonksiyonu inaktif.
[01:22:59] 'Brightness' fonksiyonu inaktif.
[01:22:59] 'Contrast' fonksiyonu inaktif.
[01:22:59] 'Zoom' fonksiyonu inaktif.
[01:22:59] 'BlackWhite' fonksiyonu aktif.
[01:22:59] 'BlackWhite' fonksiyonu inaktif.
[01:23:00] 'Contrast' fonksiyonu inaktif.
[01:23:00] 'Zoom' fonksiyonu inaktif.
[01:23:00] 'BlackWhite' fonksiyonu inaktif.
[01:23:00] 'Brightness' fonksiyonu aktif.
[01:23:11] 'Brightness' fonksiyonu inaktif.
[01:23:11] 'Contrast' fonksiyonu inaktif.
[01:23:11] 'Zoom' fonksiyonu inaktif.
[01:23:11] 'BlackWhite' fonksiyonu aktif.
[01:23:11] 'Brightness' fonksiyonu inaktif.
[01:23:11] 'Zoom' fonksiyonu inaktif.
[01:23:11] 'BlackWhite' fonksiyonu inaktif.
[01:23:11] 'Contrast' fonksiyonu aktif.
[01:31:58] 'Brightness' fonksiyonu inaktif.
[01:31:58] 'Zoom' fonksiyonu inaktif.
[01:31:58] 'BlackWhite' fonksiyonu inaktif.
[01:31:58] 'Contrast' fonksiyonu aktif.
[01:32:00] 'BlackWhite' fonksiyonu inaktif.
[01:32:00] 'Brightness' fonksiyonu inaktif.
[01:32:00] 'Contrast' fonksiyonu inaktif.
[01:32:00] 'Zoom' fonksiyonu inaktif.
[01:32:15] 'Brightness' fonksiyonu inaktif.
[01:32:15] 'Zoom' fonksiyonu inaktif.
[01:32:15] 'BlackWhite' fonksiyonu inaktif.
[01:32:15] 'Contrast' fonksiyonu aktif.
[01:32:18] 'BlackWhite' fonksiyonu inaktif.
[01:32:18] 'Brightness' fonksiyonu inaktif.
[01:32:18] 'Contrast' fonksiyonu inaktif.
[01:32:18] 'Zoom' fonksiyonu inaktif.
[01:33:17] 'Brightness' fonksiyonu inaktif.
[01:33:17] 'Zoom' fonksiyonu inaktif.
[01:33:17] 'BlackWhite' fonksiyonu inaktif.
[01:33:17] 'Contrast' fonksiyonu aktif.
[01:33:19] 'BlackWhite' fonksiyonu inaktif.
[01:33:19] 'Brightness' fonksiyonu inaktif.
[01:33:19] 'Contrast' fonksiyonu inaktif.
[01:33:19] 'Zoom' fonksiyonu inaktif.
[01:33:46] 'Brightness' fonksiyonu inaktif.
[01:33:46] 'Zoom' fonksiyonu inaktif.
[01:33:46] 'BlackWhite' fonksiyonu inaktif.
[01:33:46] 'Contrast' fonksiyonu aktif.
[01:33:47] 'BlackWhite' fonksiyonu inaktif.
[01:33:47] 'Brightness' fonksiyonu inaktif.
[01:33:47] 'Contrast' fonksiyonu inaktif.
[01:33:47] 'Zoom' fonksiyonu inaktif.
[01:34:50] 'Brightness' fonksiyonu inaktif.
[01:34:50] 'Zoom' fonksiyonu inaktif.
[01:34:50] 'BlackWhite' fonksiyonu inaktif.
[01:34:50] 'Contrast' fonksiyonu aktif.
[01:34:51] 'BlackWhite' fonksiyonu inaktif.
[01:34:51] 'Brightness' fonksiyonu inaktif.
[01:34:51] 'Contrast' fonksiyonu inaktif.
[01:34:51] 'Zoom' fonksiyonu inaktif.
[01:34:55] 'Contrast' fonksiyonu inaktif.
[01:34:55] 'Zoom' fonksiyonu inaktif.
[01:34:55] 'BlackWhite' fonksiyonu inaktif.
[01:34:55] 'Brightness' fonksiyonu aktif.
[01:34:56] 'BlackWhite' fonksiyonu inaktif.
[01:34:56] 'Brightness' fonksiyonu inaktif.
[01:34:56] 'Contrast' fonksiyonu inaktif.
[01:34:56] 'Zoom' fonksiyonu inaktif.
[01:38:44] 'Brightness' fonksiyonu inaktif.
[01:38:44] 'Zoom' fonksiyonu inaktif.
[01:38:44] 'BlackWhite' fonksiyonu inaktif.
[01:38:44] 'Contrast' fonksiyonu aktif.
[01:38:45] 'BlackWhite' fonksiyonu inaktif.
[01:38:45] 'Brightness' fonksiyonu inaktif.
[01:38:45] 'Contrast' fonksiyonu inaktif.
[01:38:45] 'Zoom' fonksiyonu inaktif.
[01:38:47] 'Brightness' fonksiyonu inaktif.
[01:38:47] 'Contrast' fonksiyonu inaktif.
[01:38:47] 'Zoom' fonksiyonu inaktif.
[01:38:47] 'BlackWhite' fonksiyonu aktif.
[01:38:48] 'BlackWhite' fonksiyonu inaktif.
[01:38:48] 'Brightness' fonksiyonu inaktif.
[01:38:48] 'Contrast' fonksiyonu inaktif.
[01:38:48] 'Zoom' fonksiyonu inaktif.
[01:38:53] 'Contrast' fonksiyonu inaktif.
[01:38:53] 'Zoom' fonksiyonu inaktif.
[01:38:53] 'BlackWhite' fonksiyonu inaktif.
[01:38:53] 'Brightness' fonksiyonu aktif.
[01:38:54] 'BlackWhite' fonksiyonu inaktif.
[01:38:54] 'Brightness' fonksiyonu inaktif.
[01:38:54] 'Contrast' fonksiyonu inaktif.
[01:38:54] 'Zoom' fonksiyonu inaktif.
[01:39:36] 'Brightness' fonksiyonu inaktif.
[01:39:36] 'Zoom' fonksiyonu inaktif.
[01:39:36] 'BlackWhite' fonksiyonu inaktif.
[01:39:36] 'Contrast' fonksiyonu aktif.
[01:39:39] 'BlackWhite' fonksiyonu inaktif.
[01:39:39] 'Brightness' fonksiyonu inaktif.
[01:39:39] 'Contrast' fonksiyonu inaktif.
[01:39:39] 'Zoom' fonksiyonu inaktif.
[01:39:42] 'Contrast' fonksiyonu inaktif.
[01:39:42] 'Zoom' fonksiyonu inaktif.
[01:39:42] 'BlackWhite' fonksiyonu inaktif.
[01:39:42] 'Brightness' fonksiyonu aktif.
[01:39:45] 'BlackWhite' fonksiyonu inaktif.
[01:39:45] 'Brightness' fonksiyonu inaktif.
[01:39:45] 'Contrast' fonksiyonu inaktif.
[01:39:45] 'Zoom' fonksiyonu inaktif.
[01:39:46] 'Brightness' fonksiyonu inaktif.
[01:39:46] 'Contrast' fonksiyonu inaktif.
[01:39:46] 'Zoom' fonksiyonu inaktif.
[01:39:46] 'BlackWhite' fonksiyonu aktif.
[01:39:47] 'BlackWhite' fonksiyonu inaktif.
[01:39:47] 'Brightness' fonksiyonu inaktif.
[01:39:47] 'Contrast' fonksiyonu inaktif.
[01:39:47] 'Zoom' fonksiyonu inaktif.
[01:40:10] 'Brightness' fonksiyonu inaktif.
[01:40:10] 'Zoom' fonksiyonu inaktif.
[01:40:10] 'BlackWhite' fonksiyonu inaktif.
[01:40:10] 'Contrast' fonksiyonu aktif.
[01:40:12] 'BlackWhite' fonksiyonu inaktif.
[01:40:12] 'Brightness' fonksiyonu inaktif.
[01:40:12] 'Contrast' fonksiyonu inaktif.
[01:40:12] 'Zoom' fonksiyonu inaktif.
[01:40:14] 'Contrast' fonksiyonu inaktif.
[01:40:14] 'Zoom' fonksiyonu inaktif.
[01:40:14] 'BlackWhite' fonksiyonu inaktif.
[01:40:14] 'Brightness' fonksiyonu aktif.
[01:40:17] 'BlackWhite' fonksiyonu inaktif.
[01:40:17] 'Brightness' fonksiyonu inaktif.
[01:40:17] 'Contrast' fonksiyonu inaktif.
[01:40:17] 'Zoom' fonksiyonu inaktif.
[01:40:19] 'Brightness' fonksiyonu inaktif.
[01:40:19] 'Contrast' fonksiyonu inaktif.
[01:40:19] 'Zoom' fonksiyonu inaktif.
[01:40:19] 'BlackWhite' fonksiyonu aktif.
[01:40:20] 'BlackWhite' fonksiyonu inaktif.
[01:40:20] 'Brightness' fonksiyonu inaktif.
[01:40:20] 'Contrast' fonksiyonu inaktif.
[01:40:20] 'Zoom' fonksiyonu inaktif.
[01:40:48] 'Brightness' fonksiyonu inaktif.
[01:40:48] 'Zoom' fonksiyonu inaktif.
[01:40:48] 'BlackWhite' fonksiyonu inaktif.
[01:40:48] 'Contrast' fonksiyonu aktif.
[01:40:49] 'BlackWhite' fonksiyonu inaktif.
[01:40:49] 'Brightness' fonksiyonu inaktif.
[01:40:49] 'Contrast' fonksiyonu inaktif.
[01:40:49] 'Zoom' fonksiyonu inaktif.
[01:40:51] 'Brightness' fonksiyonu inaktif.
[01:40:51] 'Contrast' fonksiyonu inaktif.
[01:40:51] 'Zoom' fonksiyonu inaktif.
[01:40:51] 'BlackWhite' fonksiyonu aktif.
[01:40:52] 'BlackWhite' fonksiyonu inaktif.
[01:40:52] 'Brightness' fonksiyonu inaktif.
[01:40:52] 'Contrast' fonksiyonu inaktif.
[01:40:52] 'Zoom' fonksiyonu inaktif.
[01:41:42] 'Brightness' fonksiyonu inaktif.
[01:41:42] 'Zoom' fonksiyonu inaktif.
[01:41:42] 'BlackWhite' fonksiyonu inaktif.
[01:41:42] 'Contrast' fonksiyonu aktif.
[01:41:43] 'BlackWhite' fonksiyonu inaktif.
[01:41:43] 'Brightness' fonksiyonu inaktif.
[01:41:43] 'Contrast' fonksiyonu inaktif.
[01:41:43] 'Zoom' fonksiyonu inaktif.
[01:41:46] 'Contrast' fonksiyonu inaktif.
[01:41:46] 'Zoom' fonksiyonu inaktif.
[01:41:46] 'BlackWhite' fonksiyonu inaktif.
[01:41:46] 'Brightness' fonksiyonu aktif.
[01:41:47] 'BlackWhite' fonksiyonu inaktif.
[01:41:47] 'Brightness' fonksiyonu inaktif.
[01:41:47] 'Contrast' fonksiyonu inaktif.
[01:41:47] 'Zoom' fonksiyonu inaktif.
[01:41:51] 'Brightness' fonksiyonu inaktif.
[01:41:51] 'Contrast' fonksiyonu inaktif.
[01:41:51] 'BlackWhite' fonksiyonu inaktif.
[01:41:51] 'Zoom' fonksiyonu aktif.
[01:41:52] 'Zoom' fonksiyonu inaktif.
[01:41:52] 'Brightness' fonksiyonu inaktif.
[01:41:52] 'Contrast' fonksiyonu inaktif.
[01:41:52] 'BlackWhite' fonksiyonu inaktif.
[01:41:52] 'Zoom' fonksiyonu aktif.
[01:41:55] 'BlackWhite' fonksiyonu inaktif.
[01:41:55] 'Brightness' fonksiyonu inaktif.
[01:41:55] 'Contrast' fonksiyonu inaktif.
[01:41:55] 'Zoom' fonksiyonu inaktif.
[01:41:58] 'Brightness' fonksiyonu inaktif.
[01:41:58] 'Contrast' fonksiyonu inaktif.
[01:41:58] 'Zoom' fonksiyonu inaktif.
[01:41:58] 'BlackWhite' fonksiyonu aktif.
[01:42:02] 'Brightness' fonksiyonu inaktif.
[01:42:02] 'Zoom' fonksiyonu inaktif.
[01:42:02] 'BlackWhite' fonksiyonu inaktif.
[01:42:02] 'Contrast' fonksiyonu aktif.
[01:42:02] 'Contrast' fonksiyonu inaktif.
[01:42:05] 'BlackWhite' fonksiyonu inaktif.
[01:42:05] 'Brightness' fonksiyonu inaktif.
[01:42:05] 'Contrast' fonksiyonu inaktif.
[01:42:05] 'Zoom' fonksiyonu inaktif.
[01:42:07] 'Brightness' fonksiyonu inaktif.
[01:42:07] 'Zoom' fonksiyonu inaktif.
[01:42:07] 'BlackWhite' fonksiyonu inaktif.
[01:42:07] 'Contrast' fonksiyonu aktif.
[01:42:29] 'BlackWhite' fonksiyonu inaktif.
[01:42:29] 'Brightness' fonksiyonu inaktif.
[01:42:29] 'Contrast' fonksiyonu inaktif.
[01:42:29] 'Zoom' fonksiyonu inaktif.
[01:43:08] 'Brightness' fonksiyonu inaktif.
[01:43:08] 'Zoom' fonksiyonu inaktif.
[01:43:08] 'BlackWhite' fonksiyonu inaktif.
[01:43:08] 'Contrast' fonksiyonu aktif.
[01:43:10] 'BlackWhite' fonksiyonu inaktif.
[01:43:10] 'Brightness' fonksiyonu inaktif.
[01:43:10] 'Contrast' fonksiyonu inaktif.
[01:43:10] 'Zoom' fonksiyonu inaktif.
[01:43:12] 'Brightness' fonksiyonu inaktif.
[01:43:12] 'Zoom' fonksiyonu inaktif.
[01:43:12] 'BlackWhite' fonksiyonu inaktif.
[01:43:12] 'Contrast' fonksiyonu aktif.
[01:43:14] 'BlackWhite' fonksiyonu inaktif.
[01:43:14] 'Brightness' fonksiyonu inaktif.
[01:43:14] 'Contrast' fonksiyonu inaktif.
[01:43:14] 'Zoom' fonksiyonu inaktif.
[01:43:15] 'Brightness' fonksiyonu inaktif.
[01:43:15] 'Zoom' fonksiyonu inaktif.
[01:43:15] 'BlackWhite' fonksiyonu inaktif.
[01:43:15] 'Contrast' fonksiyonu aktif.
[01:43:17] 'BlackWhite' fonksiyonu inaktif.
[01:43:17] 'Brightness' fonksiyonu inaktif.
[01:43:17] 'Contrast' fonksiyonu inaktif.
[01:43:17] 'Zoom' fonksiyonu inaktif.
[01:43:20] 'Brightness' fonksiyonu inaktif.
[01:43:20] 'Zoom' fonksiyonu inaktif.
[01:43:20] 'BlackWhite' fonksiyonu inaktif.
[01:43:20] 'Contrast' fonksiyonu aktif.
[01:43:22] 'BlackWhite' fonksiyonu inaktif.
[01:43:22] 'Brightness' fonksiyonu inaktif.
[01:43:22] 'Contrast' fonksiyonu inaktif.
[01:43:22] 'Zoom' fonksiyonu inaktif.
[01:43:23] 'Brightness' fonksiyonu inaktif.
[01:43:23] 'Zoom' fonksiyonu inaktif.
[01:43:23] 'BlackWhite' fonksiyonu inaktif.
[01:43:23] 'Contrast' fonksiyonu aktif.
[01:43:26] 'BlackWhite' fonksiyonu inaktif.
[01:43:26] 'Brightness' fonksiyonu inaktif.
[01:43:26] 'Contrast' fonksiyonu inaktif.
[01:43:26] 'Zoom' fonksiyonu inaktif.
[01:43:27] 'Brightness' fonksiyonu inaktif.
[01:43:27] 'Zoom' fonksiyonu inaktif.
[01:43:27] 'BlackWhite' fonksiyonu inaktif.
[01:43:27] 'Contrast' fonksiyonu aktif.
[01:43:31] 'BlackWhite' fonksiyonu inaktif.
[01:43:31] 'Brightness' fonksiyonu inaktif.
[01:43:31] 'Contrast' fonksiyonu inaktif.
[01:43:31] 'Zoom' fonksiyonu inaktif.
[01:46:49] 'Brightness' fonksiyonu inaktif.
[01:46:49] 'Zoom' fonksiyonu inaktif.
[01:46:49] 'BlackWhite' fonksiyonu inaktif.
[01:46:49] 'Contrast' fonksiyonu aktif.
[01:46:50] 'BlackWhite' fonksiyonu inaktif.
[01:46:50] 'Brightness' fonksiyonu inaktif.
[01:46:50] 'Contrast' fonksiyonu inaktif.
[01:46:50] 'Zoom' fonksiyonu inaktif.
[01:46:51] 'Brightness' fonksiyonu inaktif.
[01:46:51] 'Zoom' fonksiyonu inaktif.
[01:46:51] 'BlackWhite' fonksiyonu inaktif.
[01:46:51] 'Contrast' fonksiyonu aktif.
[01:46:52] 'BlackWhite' fonksiyonu inaktif.
[01:46:52] 'Brightness' fonksiyonu inaktif.
[01:46:52] 'Contrast' fonksiyonu inaktif.
[01:46:52] 'Zoom' fonksiyonu inaktif.
[01:46:54] 'Brightness' fonksiyonu inaktif.
[01:46:54] 'Zoom' fonksiyonu inaktif.
[01:46:54] 'BlackWhite' fonksiyonu inaktif.
[01:46:54] 'Contrast' fonksiyonu aktif.
[01:46:55] 'BlackWhite' fonksiyonu inaktif.
[01:46:55] 'Brightness' fonksiyonu inaktif.
[01:46:55] 'Contrast' fonksiyonu inaktif.
[01:46:55] 'Zoom' fonksiyonu inaktif.
[01:46:57] 'Brightness' fonksiyonu inaktif.
[01:46:57] 'Zoom' fonksiyonu inaktif.
[01:46:57] 'BlackWhite' fonksiyonu inaktif.
[01:46:57] 'Contrast' fonksiyonu aktif.
[01:46:58] 'BlackWhite' fonksiyonu inaktif.
[01:46:58] 'Brightness' fonksiyonu inaktif.
[01:46:58] 'Contrast' fonksiyonu inaktif.
[01:46:58] 'Zoom' fonksiyonu inaktif.
[01:54:58] 'Brightness' fonksiyonu inaktif.
[01:54:58] 'Zoom' fonksiyonu inaktif.
[01:54:58] 'BlackWhite' fonksiyonu inaktif.
[01:54:58] 'Contrast' fonksiyonu aktif.
[01:54:59] 'BlackWhite' fonksiyonu inaktif.
[01:54:59] 'Brightness' fonksiyonu inaktif.
[01:54:59] 'Contrast' fonksiyonu inaktif.
[01:54:59] 'Zoom' fonksiyonu inaktif.
[01:55:01] 'Brightness' fonksiyonu inaktif.
[01:55:01] 'Zoom' fonksiyonu inaktif.
[01:55:01] 'BlackWhite' fonksiyonu inaktif.
[01:55:01] 'Contrast' fonksiyonu aktif.
[01:55:02] 'BlackWhite' fonksiyonu inaktif.
[01:55:02] 'Brightness' fonksiyonu inaktif.
[01:55:02] 'Contrast' fonksiyonu inaktif.
[01:55:02] 'Zoom' fonksiyonu inaktif.
[01:55:05] 'BlackWhite' fonksiyonu inaktif.
[01:55:05] 'Brightness' fonksiyonu inaktif.
[01:55:05] 'Contrast' fonksiyonu inaktif.
[01:55:05] 'Zoom' fonksiyonu inaktif.
[01:55:07] 'BlackWhite' fonksiyonu inaktif.
[01:55:07] 'Brightness' fonksiyonu inaktif.
[01:55:07] 'Contrast' fonksiyonu inaktif.
[01:55:07] 'Zoom' fonksiyonu inaktif.
[01:55:09] 'BlackWhite' fonksiyonu inaktif.
[01:55:09] 'Brightness' fonksiyonu inaktif.
[01:55:09] 'Contrast' fonksiyonu inaktif.
[01:55:09] 'Zoom' fonksiyonu inaktif.
[01:55:10] 'Brightness' fonksiyonu inaktif.
[01:55:10] 'Zoom' fonksiyonu inaktif.
[01:55:10] 'BlackWhite' fonksiyonu inaktif.
[01:55:10] 'Contrast' fonksiyonu aktif.
[01:55:12] 'BlackWhite' fonksiyonu inaktif.
[01:55:12] 'Brightness' fonksiyonu inaktif.
[01:55:12] 'Contrast' fonksiyonu inaktif.
[01:55:12] 'Zoom' fonksiyonu inaktif.
[01:55:15] 'Brightness' fonksiyonu inaktif.
[01:55:15] 'Zoom' fonksiyonu inaktif.
[01:55:15] 'BlackWhite' fonksiyonu inaktif.
[01:55:15] 'Contrast' fonksiyonu aktif.
[01:55:17] 'BlackWhite' fonksiyonu inaktif.
[01:55:17] 'Brightness' fonksiyonu inaktif.
[01:55:17] 'Contrast' fonksiyonu inaktif.
[01:55:17] 'Zoom' fonksiyonu inaktif.
[01:56:18] 'Brightness' fonksiyonu inaktif.
[01:56:18] 'Zoom' fonksiyonu inaktif.
[01:56:18] 'BlackWhite' fonksiyonu inaktif.
[01:56:18] 'Contrast' fonksiyonu aktif.
[01:56:19] 'BlackWhite' fonksiyonu inaktif.
[01:56:19] 'Brightness' fonksiyonu inaktif.
[01:56:19] 'Contrast' fonksiyonu inaktif.
[01:56:19] 'Zoom' fonksiyonu inaktif.
[01:56:20] 'Brightness' fonksiyonu inaktif.
[01:56:20] 'Zoom' fonksiyonu inaktif.
[01:56:20] 'BlackWhite' fonksiyonu inaktif.
[01:56:20] 'Contrast' fonksiyonu aktif.
[01:56:21] 'BlackWhite' fonksiyonu inaktif.
[01:56:21] 'Brightness' fonksiyonu inaktif.
[01:56:21] 'Contrast' fonksiyonu inaktif.
[01:56:21] 'Zoom' fonksiyonu inaktif.
[01:56:23] 'Brightness' fonksiyonu inaktif.
[01:56:23] 'Zoom' fonksiyonu inaktif.
[01:56:23] 'BlackWhite' fonksiyonu inaktif.
[01:56:23] 'Contrast' fonksiyonu aktif.
[01:56:24] 'BlackWhite' fonksiyonu inaktif.
[01:56:24] 'Brightness' fonksiyonu inaktif.
[01:56:24] 'Contrast' fonksiyonu inaktif.
[01:56:24] 'Zoom' fonksiyonu inaktif.
[01:58:04] 'Brightness' fonksiyonu inaktif.
[01:58:04] 'Zoom' fonksiyonu inaktif.
[01:58:04] 'BlackWhite' fonksiyonu inaktif.
[01:58:04] 'Contrast' fonksiyonu aktif.
[01:58:05] 'BlackWhite' fonksiyonu inaktif.
[01:58:05] 'Brightness' fonksiyonu inaktif.
[01:58:05] 'Contrast' fonksiyonu inaktif.
[01:58:05] 'Zoom' fonksiyonu inaktif.
[01:58:07] 'Brightness' fonksiyonu inaktif.
[01:58:07] 'Zoom' fonksiyonu inaktif.
[01:58:07] 'BlackWhite' fonksiyonu inaktif.
[01:58:07] 'Contrast' fonksiyonu aktif.
[01:58:09] 'BlackWhite' fonksiyonu inaktif.
[01:58:09] 'Brightness' fonksiyonu inaktif.
[01:58:09] 'Contrast' fonksiyonu inaktif.
[01:58:09] 'Zoom' fonksiyonu inaktif.
[01:59:12] 'Brightness' fonksiyonu inaktif.
[01:59:12] 'Zoom' fonksiyonu inaktif.
[01:59:12] 'BlackWhite' fonksiyonu inaktif.
[01:59:12] 'Contrast' fonksiyonu aktif.
[01:59:14] 'BlackWhite' fonksiyonu inaktif.
[01:59:14] 'Brightness' fonksiyonu inaktif.
[01:59:14] 'Contrast' fonksiyonu inaktif.
[01:59:14] 'Zoom' fonksiyonu inaktif.
[01:59:16] 'Contrast' fonksiyonu inaktif.
[01:59:16] 'Zoom' fonksiyonu inaktif.
[01:59:16] 'BlackWhite' fonksiyonu inaktif.
[01:59:16] 'Brightness' fonksiyonu aktif.
[01:59:17] 'BlackWhite' fonksiyonu inaktif.
[01:59:17] 'Brightness' fonksiyonu inaktif.
[01:59:17] 'Contrast' fonksiyonu inaktif.
[01:59:17] 'Zoom' fonksiyonu inaktif.
[02:00:07] 'Brightness' fonksiyonu inaktif.
[02:00:07] 'Zoom' fonksiyonu inaktif.
[02:00:07] 'BlackWhite' fonksiyonu inaktif.
[02:00:07] 'Contrast' fonksiyonu aktif.
[02:00:08] 'BlackWhite' fonksiyonu inaktif.
[02:00:08] 'Brightness' fonksiyonu inaktif.
[02:00:08] 'Contrast' fonksiyonu inaktif.
[02:00:08] 'Zoom' fonksiyonu inaktif.
[02:00:14] 'Brightness' fonksiyonu inaktif.
[02:00:14] 'Contrast' fonksiyonu inaktif.
[02:00:14] 'Zoom' fonksiyonu inaktif.
[02:00:14] 'BlackWhite' fonksiyonu aktif.
[02:00:15] 'BlackWhite' fonksiyonu inaktif.
[02:00:15] 'Brightness' fonksiyonu inaktif.
[02:00:15] 'Contrast' fonksiyonu inaktif.
[02:00:15] 'Zoom' fonksiyonu inaktif.
[02:01:03] 'Brightness' fonksiyonu inaktif.
[02:01:03] 'Zoom' fonksiyonu inaktif.
[02:01:03] 'BlackWhite' fonksiyonu inaktif.
[02:01:03] 'Contrast' fonksiyonu aktif.
[02:01:05] 'BlackWhite' fonksiyonu inaktif.
[02:01:05] 'Brightness' fonksiyonu inaktif.
[02:01:05] 'Contrast' fonksiyonu inaktif.
[02:01:05] 'Zoom' fonksiyonu inaktif.
[02:01:10] 'Contrast' fonksiyonu inaktif.
[02:01:10] 'Zoom' fonksiyonu inaktif.
[02:01:10] 'BlackWhite' fonksiyonu inaktif.
[02:01:10] 'Brightness' fonksiyonu aktif.
[02:01:11] 'BlackWhite' fonksiyonu inaktif.
[02:01:11] 'Brightness' fonksiyonu inaktif.
[02:01:11] 'Contrast' fonksiyonu inaktif.
[02:01:11] 'Zoom' fonksiyonu inaktif.
[02:01:34] 'Brightness' fonksiyonu inaktif.
[02:01:34] 'Zoom' fonksiyonu inaktif.
[02:01:34] 'BlackWhite' fonksiyonu inaktif.
[02:01:34] 'Contrast' fonksiyonu aktif.
[02:01:36] 'BlackWhite' fonksiyonu inaktif.
[02:01:36] 'Brightness' fonksiyonu inaktif.
[02:01:36] 'Contrast' fonksiyonu inaktif.
[02:01:36] 'Zoom' fonksiyonu inaktif.
[02:01:38] 'Contrast' fonksiyonu inaktif.
[02:01:38] 'Zoom' fonksiyonu inaktif.
[02:01:38] 'BlackWhite' fonksiyonu inaktif.
[02:01:38] 'Brightness' fonksiyonu aktif.
[02:01:39] 'BlackWhite' fonksiyonu inaktif.
[02:01:39] 'Brightness' fonksiyonu inaktif.
[02:01:39] 'Contrast' fonksiyonu inaktif.
[02:01:39] 'Zoom' fonksiyonu inaktif.
[02:01:42] 'Brightness' fonksiyonu inaktif.
[02:01:42] 'Contrast' fonksiyonu inaktif.
[02:01:42] 'Zoom' fonksiyonu inaktif.
[02:01:42] 'BlackWhite' fonksiyonu aktif.
[02:01:43] 'BlackWhite' fonksiyonu inaktif.
[02:01:43] 'Brightness' fonksiyonu inaktif.
[02:01:43] 'Contrast' fonksiyonu inaktif.
[02:01:43] 'Zoom' fonksiyonu inaktif.
[02:02:11] 'Contrast' fonksiyonu inaktif.
[02:02:11] 'Zoom' fonksiyonu inaktif.
[02:02:11] 'BlackWhite' fonksiyonu inaktif.
[02:02:11] 'Brightness' fonksiyonu aktif.
[02:02:13] 'BlackWhite' fonksiyonu inaktif.
[02:02:13] 'Brightness' fonksiyonu inaktif.
[02:02:13] 'Contrast' fonksiyonu inaktif.
[02:02:13] 'Zoom' fonksiyonu inaktif.
[02:02:15] 'Brightness' fonksiyonu inaktif.
[02:02:15] 'Contrast' fonksiyonu inaktif.
[02:02:15] 'Zoom' fonksiyonu inaktif.
[02:02:15] 'BlackWhite' fonksiyonu aktif.
[02:02:16] 'BlackWhite' fonksiyonu inaktif.
[02:02:16] 'Brightness' fonksiyonu inaktif.
[02:02:16] 'Contrast' fonksiyonu inaktif.
[02:02:16] 'Zoom' fonksiyonu inaktif.
[02:06:53] 'Brightness' fonksiyonu inaktif.
[02:06:53] 'Zoom' fonksiyonu inaktif.
[02:06:53] 'BlackWhite' fonksiyonu inaktif.
[02:06:53] 'Contrast' fonksiyonu aktif.
[02:06:55] 'BlackWhite' fonksiyonu inaktif.
[02:06:55] 'Brightness' fonksiyonu inaktif.
[02:06:55] 'Contrast' fonksiyonu inaktif.
[02:06:55] 'Zoom' fonksiyonu inaktif.
[02:06:57] 'Brightness' fonksiyonu inaktif.
[02:06:57] 'Zoom' fonksiyonu inaktif.
[02:06:57] 'BlackWhite' fonksiyonu inaktif.
[02:06:57] 'Contrast' fonksiyonu aktif.
[02:06:59] 'Contrast' fonksiyonu inaktif.
[02:06:59] 'Brightness' fonksiyonu inaktif.
[02:06:59] 'Zoom' fonksiyonu inaktif.
[02:06:59] 'BlackWhite' fonksiyonu inaktif.
[02:06:59] 'Contrast' fonksiyonu aktif.
[02:06:59] 'Contrast' fonksiyonu inaktif.
[02:07:03] 'Brightness' fonksiyonu inaktif.
[02:07:03] 'Zoom' fonksiyonu inaktif.
[02:07:03] 'BlackWhite' fonksiyonu inaktif.
[02:07:03] 'Contrast' fonksiyonu aktif.
[02:12:23] 'Brightness' fonksiyonu inaktif.
[02:12:23] 'Zoom' fonksiyonu inaktif.
[02:12:23] 'BlackWhite' fonksiyonu inaktif.
[02:12:23] 'Contrast' fonksiyonu aktif.
[02:12:25] 'BlackWhite' fonksiyonu inaktif.
[02:12:25] 'Brightness' fonksiyonu inaktif.
[02:12:25] 'Contrast' fonksiyonu inaktif.
[02:12:25] 'Zoom' fonksiyonu inaktif.
[02:12:52] 'Brightness' fonksiyonu inaktif.
[02:12:52] 'Zoom' fonksiyonu inaktif.
[02:12:52] 'BlackWhite' fonksiyonu inaktif.
[02:12:52] 'Contrast' fonksiyonu aktif.
[02:12:54] 'BlackWhite' fonksiyonu inaktif.
[02:12:54] 'Brightness' fonksiyonu inaktif.
[02:12:54] 'Contrast' fonksiyonu inaktif.
[02:12:54] 'Zoom' fonksiyonu inaktif.
[02:13:16] 'Brightness' fonksiyonu inaktif.
[02:13:16] 'Contrast' fonksiyonu inaktif.
[02:13:16] 'Zoom' fonksiyonu inaktif.
[02:13:16] 'BlackWhite' fonksiyonu aktif.
[02:13:24] 'BlackWhite' fonksiyonu inaktif.
[02:13:24] 'Brightness' fonksiyonu inaktif.
[02:13:24] 'Contrast' fonksiyonu inaktif.
[02:13:24] 'Zoom' fonksiyonu inaktif.
[02:13:26] 'Brightness' fonksiyonu inaktif.
[02:13:26] 'Zoom' fonksiyonu inaktif.
[02:13:26] 'BlackWhite' fonksiyonu inaktif.
[02:13:26] 'Contrast' fonksiyonu aktif.
[02:13:28] 'BlackWhite' fonksiyonu inaktif.
[02:13:28] 'Brightness' fonksiyonu inaktif.
[02:13:28] 'Contrast' fonksiyonu inaktif.
[02:13:28] 'Zoom' fonksiyonu inaktif.
[02:13:30] 'Contrast' fonksiyonu inaktif.
[02:13:30] 'Zoom' fonksiyonu inaktif.
[02:13:30] 'BlackWhite' fonksiyonu inaktif.
[02:13:30] 'Brightness' fonksiyonu aktif.
[02:13:32] 'BlackWhite' fonksiyonu inaktif.
[02:13:32] 'Brightness' fonksiyonu inaktif.
[02:13:32] 'Contrast' fonksiyonu inaktif.
[02:13:32] 'Zoom' fonksiyonu inaktif.
[02:14:37] 'Brightness' fonksiyonu inaktif.
[02:14:37] 'Contrast' fonksiyonu inaktif.
[02:14:37] 'BlackWhite' fonksiyonu inaktif.
[02:14:37] 'Zoom' fonksiyonu aktif.
[02:18:47] 'Brightness' fonksiyonu inaktif.
[02:18:47] 'Zoom' fonksiyonu inaktif.
[02:18:47] 'BlackWhite' fonksiyonu inaktif.
[02:18:47] 'Contrast' fonksiyonu aktif.
[02:19:08] 'BlackWhite' fonksiyonu inaktif.
[02:19:08] 'Brightness' fonksiyonu inaktif.
[02:19:08] 'Contrast' fonksiyonu inaktif.
[02:19:08] 'Zoom' fonksiyonu inaktif.
[02:19:19] 'Contrast' fonksiyonu inaktif.
[02:19:19] 'Zoom' fonksiyonu inaktif.
[02:19:19] 'BlackWhite' fonksiyonu inaktif.
[02:19:19] 'Brightness' fonksiyonu aktif.
[02:19:33] 'BlackWhite' fonksiyonu inaktif.
[02:19:33] 'Brightness' fonksiyonu inaktif.
[02:19:33] 'Contrast' fonksiyonu inaktif.
[02:19:33] 'Zoom' fonksiyonu inaktif.
[02:23:10] 'Brightness' fonksiyonu inaktif.
[02:23:10] 'Zoom' fonksiyonu inaktif.
[02:23:10] 'BlackWhite' fonksiyonu inaktif.
[02:23:10] 'Contrast' fonksiyonu aktif.
[02:23:11] 'BlackWhite' fonksiyonu inaktif.
[02:23:11] 'Brightness' fonksiyonu inaktif.
[02:23:11] 'Contrast' fonksiyonu inaktif.
[02:23:11] 'Zoom' fonksiyonu inaktif.
[02:23:13] 'Contrast' fonksiyonu inaktif.
[02:23:13] 'Zoom' fonksiyonu inaktif.
[02:23:13] 'BlackWhite' fonksiyonu inaktif.
[02:23:13] 'Brightness' fonksiyonu aktif.
[02:23:14] 'BlackWhite' fonksiyonu inaktif.
[02:23:14] 'Brightness' fonksiyonu inaktif.
[02:23:14] 'Contrast' fonksiyonu inaktif.
[02:23:14] 'Zoom' fonksiyonu inaktif.
[02:24:00] 'Brightness' fonksiyonu inaktif.
[02:24:00] 'Zoom' fonksiyonu inaktif.
[02:24:00] 'BlackWhite' fonksiyonu inaktif.
[02:24:00] 'Contrast' fonksiyonu aktif.
[02:24:01] 'BlackWhite' fonksiyonu inaktif.
[02:24:01] 'Brightness' fonksiyonu inaktif.
[02:24:01] 'Contrast' fonksiyonu inaktif.
[02:24:01] 'Zoom' fonksiyonu inaktif.
[02:24:04] 'Contrast' fonksiyonu inaktif.
[02:24:04] 'Zoom' fonksiyonu inaktif.
[02:24:04] 'BlackWhite' fonksiyonu inaktif.
[02:24:04] 'Brightness' fonksiyonu aktif.
[02:24:06] 'BlackWhite' fonksiyonu inaktif.
[02:24:06] 'Brightness' fonksiyonu inaktif.
[02:24:06] 'Contrast' fonksiyonu inaktif.
[02:24:06] 'Zoom' fonksiyonu inaktif.
[02:24:09] 'Brightness' fonksiyonu inaktif.
[02:24:09] 'Contrast' fonksiyonu inaktif.
[02:24:09] 'Zoom' fonksiyonu inaktif.
[02:24:09] 'BlackWhite' fonksiyonu aktif.
[02:24:09] 'BlackWhite' fonksiyonu inaktif.
[02:24:09] 'Brightness' fonksiyonu inaktif.
[02:24:09] 'Contrast' fonksiyonu inaktif.
[02:24:09] 'Zoom' fonksiyonu inaktif.
[02:24:12] 'Brightness' fonksiyonu inaktif.
[02:24:12] 'Zoom' fonksiyonu inaktif.
[02:24:12] 'BlackWhite' fonksiyonu inaktif.
[02:24:12] 'Contrast' fonksiyonu aktif.
[02:24:14] 'BlackWhite' fonksiyonu inaktif.
[02:24:14] 'Brightness' fonksiyonu inaktif.
[02:24:14] 'Contrast' fonksiyonu inaktif.
[02:24:14] 'Zoom' fonksiyonu inaktif.
[02:26:34] 'Brightness' fonksiyonu inaktif.
[02:26:34] 'Zoom' fonksiyonu inaktif.
[02:26:34] 'BlackWhite' fonksiyonu inaktif.
[02:26:34] 'Contrast' fonksiyonu aktif.
[02:28:21] 'Brightness' fonksiyonu inaktif.
[02:28:21] 'Zoom' fonksiyonu inaktif.
[02:28:21] 'BlackWhite' fonksiyonu inaktif.
[02:28:21] 'Contrast' fonksiyonu aktif.
[02:28:28] 'BlackWhite' fonksiyonu inaktif.
[02:28:28] 'Brightness' fonksiyonu inaktif.
[02:28:28] 'Contrast' fonksiyonu inaktif.
[02:28:28] 'Zoom' fonksiyonu inaktif.
[02:28:31] 'Contrast' fonksiyonu inaktif.
[02:28:31] 'Zoom' fonksiyonu inaktif.
[02:28:31] 'BlackWhite' fonksiyonu inaktif.
[02:28:31] 'Brightness' fonksiyonu aktif.
[02:28:37] 'BlackWhite' fonksiyonu inaktif.
[02:28:37] 'Brightness' fonksiyonu inaktif.
[02:28:37] 'Contrast' fonksiyonu inaktif.
[02:28:37] 'Zoom' fonksiyonu inaktif.
[02:28:44] 'Brightness' fonksiyonu inaktif.
[02:28:44] 'Contrast' fonksiyonu inaktif.
[02:28:44] 'Zoom' fonksiyonu inaktif.
[02:28:44] 'BlackWhite' fonksiyonu aktif.
[02:28:45] 'BlackWhite' fonksiyonu inaktif.
[02:28:45] 'Brightness' fonksiyonu inaktif.
[02:28:45] 'Contrast' fonksiyonu inaktif.
[02:28:45] 'Zoom' fonksiyonu inaktif.
[02:33:21] 'Brightness' fonksiyonu inaktif.
[02:33:21] 'Zoom' fonksiyonu inaktif.
[02:33:21] 'BlackWhite' fonksiyonu inaktif.
[02:33:21] 'Contrast' fonksiyonu aktif.
[02:33:23] 'BlackWhite' fonksiyonu inaktif.
[02:33:23] 'Brightness' fonksiyonu inaktif.
[02:33:23] 'Contrast' fonksiyonu inaktif.
[02:33:23] 'Zoom' fonksiyonu inaktif.
[02:33:26] 'Contrast' fonksiyonu inaktif.
[02:33:26] 'Zoom' fonksiyonu inaktif.
[02:33:26] 'BlackWhite' fonksiyonu inaktif.
[02:33:26] 'Brightness' fonksiyonu aktif.
[02:33:29] 'BlackWhite' fonksiyonu inaktif.
[02:33:29] 'Brightness' fonksiyonu inaktif.
[02:33:29] 'Contrast' fonksiyonu inaktif.
[02:33:29] 'Zoom' fonksiyonu inaktif.
[02:33:36] 'Brightness' fonksiyonu inaktif.
[02:33:36] 'Zoom' fonksiyonu inaktif.
[02:33:36] 'BlackWhite' fonksiyonu inaktif.
[02:33:36] 'Contrast' fonksiyonu aktif.
[02:33:38] 'BlackWhite' fonksiyonu inaktif.
[02:33:38] 'Brightness' fonksiyonu inaktif.
[02:33:38] 'Contrast' fonksiyonu inaktif.
[02:33:38] 'Zoom' fonksiyonu inaktif.
[02:33:40] 'Brightness' fonksiyonu inaktif.
[02:33:40] 'Contrast' fonksiyonu inaktif.
[02:33:40] 'Zoom' fonksiyonu inaktif.
[02:33:40] 'BlackWhite' fonksiyonu aktif.
[02:33:45] 'BlackWhite' fonksiyonu inaktif.
[02:33:45] 'Brightness' fonksiyonu inaktif.
[02:33:45] 'Contrast' fonksiyonu inaktif.
[02:33:45] 'Zoom' fonksiyonu inaktif.
[02:36:45] 'Brightness' fonksiyonu inaktif.
[02:36:45] 'Zoom' fonksiyonu inaktif.
[02:36:45] 'BlackWhite' fonksiyonu inaktif.
[02:36:45] 'Contrast' fonksiyonu aktif.
[02:37:30] 'BlackWhite' fonksiyonu inaktif.
[02:37:30] 'Brightness' fonksiyonu inaktif.
[02:37:30] 'Contrast' fonksiyonu inaktif.
[02:37:30] 'Zoom' fonksiyonu inaktif.
[02:38:19] 'Contrast' fonksiyonu inaktif.
[02:38:19] 'Zoom' fonksiyonu inaktif.
[02:38:19] 'BlackWhite' fonksiyonu inaktif.
[02:38:19] 'Brightness' fonksiyonu aktif.
[02:38:23] 'BlackWhite' fonksiyonu inaktif.
[02:38:23] 'Brightness' fonksiyonu inaktif.
[02:38:23] 'Contrast' fonksiyonu inaktif.
[02:38:23] 'Zoom' fonksiyonu inaktif.
[02:39:15] 'Brightness' fonksiyonu inaktif.
[02:39:15] 'Zoom' fonksiyonu inaktif.
[02:39:15] 'BlackWhite' fonksiyonu inaktif.
[02:39:15] 'Contrast' fonksiyonu aktif.
[02:39:17] 'BlackWhite' fonksiyonu inaktif.
[02:39:17] 'Brightness' fonksiyonu inaktif.
[02:39:17] 'Contrast' fonksiyonu inaktif.
[02:39:17] 'Zoom' fonksiyonu inaktif.
[02:39:20] 'Contrast' fonksiyonu inaktif.
[02:39:20] 'Zoom' fonksiyonu inaktif.
[02:39:20] 'BlackWhite' fonksiyonu inaktif.
[02:39:20] 'Brightness' fonksiyonu aktif.
[02:39:23] 'BlackWhite' fonksiyonu inaktif.
[02:39:23] 'Brightness' fonksiyonu inaktif.
[02:39:23] 'Contrast' fonksiyonu inaktif.
[02:39:23] 'Zoom' fonksiyonu inaktif.
[03:07:18] 'Brightness' fonksiyonu inaktif.
[03:07:18] 'Contrast' fonksiyonu inaktif.
[03:07:18] 'Zoom' fonksiyonu inaktif.
[03:07:18] 'BlackWhite' fonksiyonu aktif.
[03:07:21] 'BlackWhite' fonksiyonu inaktif.
[03:07:21] 'Brightness' fonksiyonu inaktif.
[03:07:21] 'Contrast' fonksiyonu inaktif.
[03:07:21] 'Zoom' fonksiyonu inaktif.
[03:07:21] 'BlackWhite' fonksiyonu aktif.
[03:07:22] 'BlackWhite' fonksiyonu inaktif.
[03:07:23] 'Contrast' fonksiyonu inaktif.
[03:07:23] 'Zoom' fonksiyonu inaktif.
[03:07:23] 'BlackWhite' fonksiyonu inaktif.
[03:07:23] 'Brightness' fonksiyonu inaktif.
[03:07:23] 'MakeGray' fonksiyonu aktif.
[03:07:23] 'Contrast' fonksiyonu inaktif.
[03:07:23] 'Zoom' fonksiyonu inaktif.
[03:07:23] 'BlackWhite' fonksiyonu inaktif.
[03:07:23] 'Brightness' fonksiyonu inaktif.
[03:07:23] 'MakeGray' fonksiyonu aktif.
[03:07:23] 'Contrast' fonksiyonu inaktif.
[03:07:23] 'Zoom' fonksiyonu inaktif.
[03:07:23] 'BlackWhite' fonksiyonu inaktif.
[03:07:23] 'Brightness' fonksiyonu inaktif.
[03:07:23] 'MakeGray' fonksiyonu aktif.
[03:07:24] 'Contrast' fonksiyonu inaktif.
[03:07:24] 'Zoom' fonksiyonu inaktif.
[03:07:24] 'BlackWhite' fonksiyonu inaktif.
[03:07:24] 'Brightness' fonksiyonu inaktif.
[03:07:24] 'MakeGray' fonksiyonu aktif.
[03:07:24] 'Contrast' fonksiyonu inaktif.
[03:07:24] 'Zoom' fonksiyonu inaktif.
[03:07:24] 'BlackWhite' fonksiyonu inaktif.
[03:07:24] 'Brightness' fonksiyonu inaktif.
[03:07:24] 'MakeGray' fonksiyonu aktif.
[03:07:24] 'Brightness' fonksiyonu inaktif.
[03:07:24] 'Contrast' fonksiyonu inaktif.
[03:07:24] 'Zoom' fonksiyonu inaktif.
[03:07:24] 'BlackWhite' fonksiyonu aktif.
[03:07:25] 'BlackWhite' fonksiyonu inaktif.
[03:07:25] 'Brightness' fonksiyonu inaktif.
[03:07:25] 'Contrast' fonksiyonu inaktif.
[03:07:25] 'Zoom' fonksiyonu inaktif.
[03:07:25] 'BlackWhite' fonksiyonu aktif.
[03:07:25] 'BlackWhite' fonksiyonu inaktif.
[03:07:26] 'Brightness' fonksiyonu inaktif.
[03:07:26] 'Contrast' fonksiyonu inaktif.
[03:07:26] 'Zoom' fonksiyonu inaktif.
[03:07:26] 'BlackWhite' fonksiyonu aktif.
[03:07:26] 'BlackWhite' fonksiyonu inaktif.
[03:07:26] 'Contrast' fonksiyonu inaktif.
[03:07:26] 'Zoom' fonksiyonu inaktif.
[03:07:26] 'BlackWhite' fonksiyonu inaktif.
[03:07:26] 'Brightness' fonksiyonu inaktif.
[03:07:26] 'MakeGray' fonksiyonu aktif.
[03:07:27] 'Contrast' fonksiyonu inaktif.
[03:07:27] 'Zoom' fonksiyonu inaktif.
[03:07:27] 'BlackWhite' fonksiyonu inaktif.
[03:07:27] 'Brightness' fonksiyonu inaktif.
[03:07:27] 'MakeGray' fonksiyonu aktif.
[03:07:27] 'Contrast' fonksiyonu inaktif.
[03:07:27] 'Zoom' fonksiyonu inaktif.
[03:07:27] 'BlackWhite' fonksiyonu inaktif.
[03:07:27] 'Brightness' fonksiyonu inaktif.
[03:07:27] 'MakeGray' fonksiyonu aktif.
[03:07:27] 'Contrast' fonksiyonu inaktif.
[03:07:27] 'Zoom' fonksiyonu inaktif.
[03:07:27] 'BlackWhite' fonksiyonu inaktif.
[03:07:27] 'Brightness' fonksiyonu inaktif.
[03:07:27] 'MakeGray' fonksiyonu aktif.
[03:07:27] 'Contrast' fonksiyonu inaktif.
[03:07:27] 'Zoom' fonksiyonu inaktif.
[03:07:27] 'BlackWhite' fonksiyonu inaktif.
[03:07:27] 'Brightness' fonksiyonu inaktif.
[03:07:27] 'MakeGray' fonksiyonu aktif.
[03:08:21] 'Contrast' fonksiyonu inaktif.
[03:08:21] 'Zoom' fonksiyonu inaktif.
[03:08:21] 'BlackWhite' fonksiyonu inaktif.
[03:08:21] 'Brightness' fonksiyonu inaktif.
[03:08:21] 'MakeGray' fonksiyonu aktif.
[03:08:22] 'Contrast' fonksiyonu inaktif.
[03:08:22] 'Zoom' fonksiyonu inaktif.
[03:08:22] 'BlackWhite' fonksiyonu inaktif.
[03:08:22] 'Brightness' fonksiyonu inaktif.
[03:08:22] 'MakeGray' fonksiyonu aktif.
[03:08:22] 'Contrast' fonksiyonu inaktif.
[03:08:22] 'Zoom' fonksiyonu inaktif.
[03:08:22] 'BlackWhite' fonksiyonu inaktif.
[03:08:22] 'Brightness' fonksiyonu inaktif.
[03:08:22] 'MakeGray' fonksiyonu aktif.
[03:08:22] 'Contrast' fonksiyonu inaktif.
[03:08:22] 'Zoom' fonksiyonu inaktif.
[03:08:22] 'BlackWhite' fonksiyonu inaktif.
[03:08:22] 'Brightness' fonksiyonu inaktif.
[03:08:22] 'MakeGray' fonksiyonu aktif.
[03:08:22] 'Contrast' fonksiyonu inaktif.
[03:08:22] 'Zoom' fonksiyonu inaktif.
[03:08:22] 'BlackWhite' fonksiyonu inaktif.
[03:08:22] 'Brightness' fonksiyonu inaktif.
[03:08:22] 'MakeGray' fonksiyonu aktif.
[03:08:23] 'Contrast' fonksiyonu inaktif.
[03:08:23] 'Zoom' fonksiyonu inaktif.
[03:08:23] 'BlackWhite' fonksiyonu inaktif.
[03:08:23] 'Brightness' fonksiyonu inaktif.
[03:08:23] 'MakeGray' fonksiyonu aktif.
[03:08:23] 'Contrast' fonksiyonu inaktif.
[03:08:23] 'Zoom' fonksiyonu inaktif.
[03:08:23] 'BlackWhite' fonksiyonu inaktif.
[03:08:23] 'Brightness' fonksiyonu inaktif.
[03:08:23] 'MakeGray' fonksiyonu aktif.
[03:08:23] 'Contrast' fonksiyonu inaktif.
[03:08:23] 'Zoom' fonksiyonu inaktif.
[03:08:23] 'BlackWhite' fonksiyonu inaktif.
[03:08:23] 'Brightness' fonksiyonu inaktif.
[03:08:23] 'MakeGray' fonksiyonu aktif.
[03:08:23] 'Contrast' fonksiyonu inaktif.
[03:08:23] 'Zoom' fonksiyonu inaktif.
[03:08:23] 'BlackWhite' fonksiyonu inaktif.
[03:08:23] 'Brightness' fonksiyonu inaktif.
[03:08:23] 'MakeGray' fonksiyonu aktif.
[03:08:23] 'Contrast' fonksiyonu inaktif.
[03:08:23] 'Zoom' fonksiyonu inaktif.
[03:08:23] 'BlackWhite' fonksiyonu inaktif.
[03:08:23] 'Brightness' fonksiyonu inaktif.
[03:08:23] 'MakeGray' fonksiyonu aktif.
[03:08:25] 'BlackWhite' fonksiyonu inaktif.
[03:08:25] 'Brightness' fonksiyonu inaktif.
[03:08:25] 'Contrast' fonksiyonu inaktif.
[03:08:25] 'Zoom' fonksiyonu inaktif.
[03:08:25] 'MakeGray' fonksiyonu inaktif.
[03:08:28] 'Brightness' fonksiyonu inaktif.
[03:08:28] 'Contrast' fonksiyonu inaktif.
[03:08:28] 'Zoom' fonksiyonu inaktif.
[03:08:28] 'BlackWhite' fonksiyonu aktif.
[03:08:29] 'BlackWhite' fonksiyonu inaktif.
[03:08:29] 'Brightness' fonksiyonu inaktif.
[03:08:29] 'Contrast' fonksiyonu inaktif.
[03:08:29] 'Zoom' fonksiyonu inaktif.
[03:08:29] 'BlackWhite' fonksiyonu aktif.
[03:08:29] 'BlackWhite' fonksiyonu inaktif.
[03:08:30] 'Brightness' fonksiyonu inaktif.
[03:08:30] 'Contrast' fonksiyonu inaktif.
[03:08:30] 'Zoom' fonksiyonu inaktif.
[03:08:30] 'BlackWhite' fonksiyonu aktif.
[03:08:30] 'BlackWhite' fonksiyonu inaktif.
[03:08:30] 'Brightness' fonksiyonu inaktif.
[03:08:30] 'Contrast' fonksiyonu inaktif.
[03:08:30] 'Zoom' fonksiyonu inaktif.
[03:08:30] 'BlackWhite' fonksiyonu aktif.
[03:08:31] 'BlackWhite' fonksiyonu inaktif.
[03:09:03] 'Contrast' fonksiyonu inaktif.
[03:09:03] 'Zoom' fonksiyonu inaktif.
[03:09:03] 'BlackWhite' fonksiyonu inaktif.
[03:09:03] 'Brightness' fonksiyonu inaktif.
[03:09:03] 'MakeGray' fonksiyonu aktif.
[03:09:03] 'MakeGray' fonksiyonu inaktif.
[03:09:03] 'Contrast' fonksiyonu inaktif.
[03:09:03] 'Zoom' fonksiyonu inaktif.
[03:09:03] 'BlackWhite' fonksiyonu inaktif.
[03:09:03] 'Brightness' fonksiyonu inaktif.
[03:09:03] 'MakeGray' fonksiyonu aktif.
[03:09:04] 'MakeGray' fonksiyonu inaktif.
[03:09:04] 'Brightness' fonksiyonu inaktif.
[03:09:04] 'Contrast' fonksiyonu inaktif.
[03:09:04] 'Zoom' fonksiyonu inaktif.
[03:09:04] 'BlackWhite' fonksiyonu aktif.
[03:09:05] 'BlackWhite' fonksiyonu inaktif.
[03:09:05] 'Contrast' fonksiyonu inaktif.
[03:09:05] 'Zoom' fonksiyonu inaktif.
[03:09:05] 'BlackWhite' fonksiyonu inaktif.
[03:09:05] 'Brightness' fonksiyonu inaktif.
[03:09:05] 'MakeGray' fonksiyonu aktif.
[03:09:06] 'MakeGray' fonksiyonu inaktif.
[03:09:06] 'Brightness' fonksiyonu inaktif.
[03:09:06] 'Contrast' fonksiyonu inaktif.
[03:09:06] 'Zoom' fonksiyonu inaktif.
[03:09:06] 'BlackWhite' fonksiyonu aktif.
[03:09:06] 'BlackWhite' fonksiyonu inaktif.
[03:09:07] 'Contrast' fonksiyonu inaktif.
[03:09:07] 'Zoom' fonksiyonu inaktif.
[03:09:07] 'BlackWhite' fonksiyonu inaktif.
[03:09:07] 'Brightness' fonksiyonu inaktif.
[03:09:07] 'MakeGray' fonksiyonu aktif.
[03:09:07] 'MakeGray' fonksiyonu inaktif.
[03:09:08] 'Brightness' fonksiyonu inaktif.
[03:09:08] 'Contrast' fonksiyonu inaktif.
[03:09:08] 'Zoom' fonksiyonu inaktif.
[03:09:08] 'BlackWhite' fonksiyonu aktif.
[03:09:08] 'BlackWhite' fonksiyonu inaktif.
[03:09:09] 'Contrast' fonksiyonu inaktif.
[03:09:09] 'Zoom' fonksiyonu inaktif.
[03:09:09] 'BlackWhite' fonksiyonu inaktif.
[03:09:09] 'Brightness' fonksiyonu inaktif.
[03:09:09] 'MakeGray' fonksiyonu aktif.
[03:09:09] 'MakeGray' fonksiyonu inaktif.
[03:09:10] 'Contrast' fonksiyonu inaktif.
[03:09:10] 'Zoom' fonksiyonu inaktif.
[03:09:10] 'BlackWhite' fonksiyonu inaktif.
[03:09:10] 'Brightness' fonksiyonu inaktif.
[03:09:10] 'MakeGray' fonksiyonu aktif.
[03:09:11] 'BlackWhite' fonksiyonu inaktif.
[03:09:11] 'Brightness' fonksiyonu inaktif.
[03:09:11] 'Contrast' fonksiyonu inaktif.
[03:09:11] 'Zoom' fonksiyonu inaktif.
[03:09:11] 'MakeGray' fonksiyonu inaktif.
[03:09:13] 'Brightness' fonksiyonu inaktif.
[03:09:13] 'Contrast' fonksiyonu inaktif.
[03:09:13] 'Zoom' fonksiyonu inaktif.
[03:09:13] 'BlackWhite' fonksiyonu aktif.
[03:09:14] 'BlackWhite' fonksiyonu inaktif.
[03:09:14] 'Brightness' fonksiyonu inaktif.
[03:09:14] 'Contrast' fonksiyonu inaktif.
[03:09:14] 'Zoom' fonksiyonu inaktif.
[03:09:14] 'MakeGray' fonksiyonu inaktif.
[03:09:16] 'Contrast' fonksiyonu inaktif.
[03:09:16] 'Zoom' fonksiyonu inaktif.
[03:09:16] 'BlackWhite' fonksiyonu inaktif.
[03:09:16] 'Brightness' fonksiyonu aktif.
[03:09:18] 'BlackWhite' fonksiyonu inaktif.
[03:09:18] 'Brightness' fonksiyonu inaktif.
[03:09:18] 'Contrast' fonksiyonu inaktif.
[03:09:18] 'Zoom' fonksiyonu inaktif.
[03:09:18] 'MakeGray' fonksiyonu inaktif.
[03:14:18] 'Brightness' fonksiyonu inaktif.
[03:14:18] 'Zoom' fonksiyonu inaktif.
[03:14:18] 'BlackWhite' fonksiyonu inaktif.
[03:14:18] 'Contrast' fonksiyonu aktif.
[03:14:20] 'Contrast' fonksiyonu inaktif.
[03:14:20] 'Zoom' fonksiyonu inaktif.
[03:14:20] 'BlackWhite' fonksiyonu inaktif.
[03:14:20] 'Brightness' fonksiyonu inaktif.
[03:14:20] 'MakeGray' fonksiyonu aktif.
[03:14:21] 'MakeGray' fonksiyonu inaktif.
[03:14:22] 'Brightness' fonksiyonu inaktif.
[03:14:22] 'Contrast' fonksiyonu inaktif.
[03:14:22] 'Zoom' fonksiyonu inaktif.
[03:14:22] 'BlackWhite' fonksiyonu aktif.
[03:14:23] 'BlackWhite' fonksiyonu inaktif.
[03:14:24] 'Contrast' fonksiyonu inaktif.
[03:14:24] 'Zoom' fonksiyonu inaktif.
[03:14:24] 'BlackWhite' fonksiyonu inaktif.
[03:14:24] 'Brightness' fonksiyonu aktif.
[03:14:28] 'Brightness' fonksiyonu inaktif.
[03:14:28] 'Zoom' fonksiyonu inaktif.
[03:14:28] 'BlackWhite' fonksiyonu inaktif.
[03:14:28] 'Contrast' fonksiyonu aktif.
[03:14:30] 'Contrast' fonksiyonu inaktif.
[03:14:30] 'Zoom' fonksiyonu inaktif.
[03:14:30] 'BlackWhite' fonksiyonu inaktif.
[03:14:30] 'Brightness' fonksiyonu aktif.
[03:14:32] 'Contrast' fonksiyonu inaktif.
[03:14:32] 'Zoom' fonksiyonu inaktif.
[03:14:32] 'BlackWhite' fonksiyonu inaktif.
[03:14:32] 'Brightness' fonksiyonu inaktif.
[03:14:32] 'MakeGray' fonksiyonu aktif.
[03:14:33] 'MakeGray' fonksiyonu inaktif.
[03:14:34] 'Contrast' fonksiyonu inaktif.
[03:14:34] 'Zoom' fonksiyonu inaktif.
[03:14:34] 'BlackWhite' fonksiyonu inaktif.
[03:14:34] 'Brightness' fonksiyonu inaktif.
[03:14:34] 'MakeGray' fonksiyonu aktif.
[03:14:35] 'MakeGray' fonksiyonu inaktif.
[03:14:35] 'Brightness' fonksiyonu inaktif.
[03:14:35] 'Zoom' fonksiyonu inaktif.
[03:14:35] 'BlackWhite' fonksiyonu inaktif.
[03:14:35] 'Contrast' fonksiyonu aktif.
[03:14:35] 'Contrast' fonksiyonu inaktif.
[03:14:36] 'Brightness' fonksiyonu inaktif.
[03:14:36] 'Contrast' fonksiyonu inaktif.
[03:14:36] 'Zoom' fonksiyonu inaktif.
[03:14:36] 'BlackWhite' fonksiyonu aktif.
[03:14:36] 'BlackWhite' fonksiyonu inaktif.
[03:14:37] 'Contrast' fonksiyonu inaktif.
[03:14:37] 'Zoom' fonksiyonu inaktif.
[03:14:37] 'BlackWhite' fonksiyonu inaktif.
[03:14:37] 'Brightness' fonksiyonu aktif.
[03:14:38] 'Brightness' fonksiyonu inaktif.
[03:14:38] 'Contrast' fonksiyonu inaktif.
[03:14:38] 'Zoom' fonksiyonu inaktif.
[03:14:38] 'BlackWhite' fonksiyonu inaktif.
[03:14:38] 'Brightness' fonksiyonu aktif.
[03:14:38] 'Brightness' fonksiyonu inaktif.
[03:31:38] 'Brightness' fonksiyonu inaktif.
[03:31:38] 'Zoom' fonksiyonu inaktif.
[03:31:38] 'BlackWhite' fonksiyonu inaktif.
[03:31:38] 'MakeGray' fonksiyonu inaktif.
[03:31:38] 'Contrast' fonksiyonu inaktif.
[03:31:38] 'Binarize' fonksiyonu aktif.
[03:32:12] 'Brightness' fonksiyonu inaktif.
[03:32:12] 'Zoom' fonksiyonu inaktif.
[03:32:12] 'BlackWhite' fonksiyonu inaktif.
[03:32:12] 'MakeGray' fonksiyonu inaktif.
[03:32:12] 'Contrast' fonksiyonu inaktif.
[03:32:12] 'Binarize' fonksiyonu aktif.
[03:32:18] 'Contrast' fonksiyonu inaktif.
[03:32:18] 'Zoom' fonksiyonu inaktif.
[03:32:18] 'BlackWhite' fonksiyonu inaktif.
[03:32:18] 'Brightness' fonksiyonu inaktif.
[03:32:18] 'Binarize' fonksiyonu inaktif.
[03:32:18] 'MakeGray' fonksiyonu aktif.
[03:32:19] 'MakeGray' fonksiyonu inaktif.
[03:32:20] 'Brightness' fonksiyonu inaktif.
[03:32:20] 'Zoom' fonksiyonu inaktif.
[03:32:20] 'BlackWhite' fonksiyonu inaktif.
[03:32:20] 'Contrast' fonksiyonu aktif.
[03:32:23] 'Contrast' fonksiyonu inaktif.
[03:32:23] 'Zoom' fonksiyonu inaktif.
[03:32:23] 'BlackWhite' fonksiyonu inaktif.
[03:32:23] 'Brightness' fonksiyonu aktif.
[03:32:25] 'Brightness' fonksiyonu inaktif.
[03:32:25] 'Zoom' fonksiyonu inaktif.
[03:32:25] 'BlackWhite' fonksiyonu inaktif.
[03:32:25] 'MakeGray' fonksiyonu inaktif.
[03:32:25] 'Contrast' fonksiyonu inaktif.
[03:32:25] 'Binarize' fonksiyonu aktif.
[03:34:11] 'Brightness' fonksiyonu inaktif.
[03:34:11] 'Zoom' fonksiyonu inaktif.
[03:34:11] 'BlackWhite' fonksiyonu inaktif.
[03:34:11] 'MakeGray' fonksiyonu inaktif.
[03:34:11] 'Contrast' fonksiyonu inaktif.
[03:34:11] 'Binarize' fonksiyonu aktif.
[03:34:19] 'BlackWhite' fonksiyonu inaktif.
[03:34:19] 'Brightness' fonksiyonu inaktif.
[03:34:19] 'Contrast' fonksiyonu inaktif.
[03:34:19] 'Zoom' fonksiyonu inaktif.
[03:34:19] 'MakeGray' fonksiyonu inaktif.
[03:34:19] 'Binarize' fonksiyonu inaktif.
[03:35:43] 'Brightness' fonksiyonu inaktif.
[03:35:43] 'Zoom' fonksiyonu inaktif.
[03:35:43] 'BlackWhite' fonksiyonu inaktif.
[03:35:43] 'MakeGray' fonksiyonu inaktif.
[03:35:43] 'Contrast' fonksiyonu inaktif.
[03:35:43] 'Binarize' fonksiyonu aktif.
[03:35:44] 'Brightness' fonksiyonu inaktif.
[03:35:44] 'Contrast' fonksiyonu inaktif.
[03:35:44] 'Zoom' fonksiyonu inaktif.
[03:35:44] 'BlackWhite' fonksiyonu aktif.
[03:35:45] 'BlackWhite' fonksiyonu inaktif.
[03:35:46] 'Brightness' fonksiyonu inaktif.
[03:35:46] 'Zoom' fonksiyonu inaktif.
[03:35:46] 'BlackWhite' fonksiyonu inaktif.
[03:35:46] 'Contrast' fonksiyonu aktif.
[03:35:46] 'Contrast' fonksiyonu inaktif.
[03:35:47] 'Contrast' fonksiyonu inaktif.
[03:35:47] 'Zoom' fonksiyonu inaktif.
[03:35:47] 'BlackWhite' fonksiyonu inaktif.
[03:35:47] 'Brightness' fonksiyonu aktif.
[03:35:48] 'Brightness' fonksiyonu inaktif.
[03:35:49] 'Brightness' fonksiyonu inaktif.
[03:35:49] 'Contrast' fonksiyonu inaktif.
[03:35:49] 'BlackWhite' fonksiyonu inaktif.
[03:35:49] 'Zoom' fonksiyonu aktif.
[03:35:50] 'Zoom' fonksiyonu inaktif.
[03:35:51] 'Contrast' fonksiyonu inaktif.
[03:35:51] 'Zoom' fonksiyonu inaktif.
[03:35:51] 'BlackWhite' fonksiyonu inaktif.
[03:35:51] 'Brightness' fonksiyonu inaktif.
[03:35:51] 'Binarize' fonksiyonu inaktif.
[03:35:51] 'MakeGray' fonksiyonu aktif.
[03:35:52] 'MakeGray' fonksiyonu inaktif.
[03:35:52] 'Brightness' fonksiyonu inaktif.
[03:35:52] 'Zoom' fonksiyonu inaktif.
[03:35:52] 'BlackWhite' fonksiyonu inaktif.
[03:35:52] 'MakeGray' fonksiyonu inaktif.
[03:35:52] 'Contrast' fonksiyonu inaktif.
[03:35:52] 'Binarize' fonksiyonu aktif.
[03:35:57] 'Binarize' fonksiyonu inaktif.
[03:35:57] 'Brightness' fonksiyonu inaktif.
[03:35:57] 'Zoom' fonksiyonu inaktif.
[03:35:57] 'BlackWhite' fonksiyonu inaktif.
[03:35:57] 'MakeGray' fonksiyonu inaktif.
[03:35:57] 'Contrast' fonksiyonu inaktif.
[03:35:57] 'Binarize' fonksiyonu aktif.
[03:36:31] 'Brightness' fonksiyonu inaktif.
[03:36:31] 'Zoom' fonksiyonu inaktif.
[03:36:31] 'BlackWhite' fonksiyonu inaktif.
[03:36:31] 'MakeGray' fonksiyonu inaktif.
[03:36:31] 'Contrast' fonksiyonu inaktif.
[03:36:31] 'Binarize' fonksiyonu aktif.
[03:41:11] 'Contrast' fonksiyonu inaktif.
[03:41:11] 'Zoom' fonksiyonu inaktif.
[03:41:11] 'BlackWhite' fonksiyonu inaktif.
[03:41:11] 'Brightness' fonksiyonu inaktif.
[03:41:11] 'Binarize' fonksiyonu inaktif.
[03:41:11] 'MakeGray' fonksiyonu aktif.
[03:41:12] 'BlackWhite' fonksiyonu inaktif.
[03:41:12] 'Brightness' fonksiyonu inaktif.
[03:41:12] 'Contrast' fonksiyonu inaktif.
[03:41:12] 'Zoom' fonksiyonu inaktif.
[03:41:12] 'MakeGray' fonksiyonu inaktif.
[03:41:12] 'Binarize' fonksiyonu inaktif.
[03:41:15] 'Brightness' fonksiyonu inaktif.
[03:41:15] 'Contrast' fonksiyonu inaktif.
[03:41:15] 'Zoom' fonksiyonu inaktif.
[03:41:15] 'BlackWhite' fonksiyonu aktif.
[03:41:16] 'BlackWhite' fonksiyonu inaktif.
[03:41:16] 'Brightness' fonksiyonu inaktif.
[03:41:16] 'Contrast' fonksiyonu inaktif.
[03:41:16] 'Zoom' fonksiyonu inaktif.
[03:41:16] 'MakeGray' fonksiyonu inaktif.
[03:41:16] 'Binarize' fonksiyonu inaktif.
[03:41:18] 'Brightness' fonksiyonu inaktif.
[03:41:18] 'Zoom' fonksiyonu inaktif.
[03:41:18] 'BlackWhite' fonksiyonu inaktif.
[03:41:18] 'Contrast' fonksiyonu aktif.
[03:41:20] 'BlackWhite' fonksiyonu inaktif.
[03:41:20] 'Brightness' fonksiyonu inaktif.
[03:41:20] 'Contrast' fonksiyonu inaktif.
[03:41:20] 'Zoom' fonksiyonu inaktif.
[03:41:20] 'MakeGray' fonksiyonu inaktif.
[03:41:20] 'Binarize' fonksiyonu inaktif.
[03:42:28] 'Brightness' fonksiyonu inaktif.
[03:42:28] 'Zoom' fonksiyonu inaktif.
[03:42:28] 'BlackWhite' fonksiyonu inaktif.
[03:42:28] 'MakeGray' fonksiyonu inaktif.
[03:42:28] 'Contrast' fonksiyonu inaktif.
[03:42:28] 'Binarize' fonksiyonu aktif.
[04:16:13] 'Contrast' fonksiyonu inaktif.
[04:16:13] 'Zoom' fonksiyonu inaktif.
[04:16:13] 'BlackWhite' fonksiyonu inaktif.
[04:16:13] 'Brightness' fonksiyonu inaktif.
[04:16:13] 'Binarize' fonksiyonu inaktif.
[04:16:13] 'MakeGray' fonksiyonu aktif.
[04:16:13] 'MakeGray' fonksiyonu inaktif.
[04:22:20] 'Contrast' fonksiyonu inaktif.
[04:22:20] 'Zoom' fonksiyonu inaktif.
[04:22:20] 'BlackWhite' fonksiyonu inaktif.
[04:22:20] 'Brightness' fonksiyonu inaktif.
[04:22:20] 'Binarize' fonksiyonu inaktif.
[04:22:20] 'MakeGray' fonksiyonu aktif.
[04:22:21] 'BlackWhite' fonksiyonu inaktif.
[04:22:21] 'Brightness' fonksiyonu inaktif.
[04:22:21] 'Contrast' fonksiyonu inaktif.
[04:22:21] 'Zoom' fonksiyonu inaktif.
[04:22:21] 'MakeGray' fonksiyonu inaktif.
[04:22:21] 'Binarize' fonksiyonu inaktif.
[04:22:25] 'Contrast' fonksiyonu inaktif.
[04:22:25] 'Zoom' fonksiyonu inaktif.
[04:22:25] 'BlackWhite' fonksiyonu inaktif.
[04:22:25] 'Brightness' fonksiyonu aktif.
[04:22:28] 'BlackWhite' fonksiyonu inaktif.
[04:22:28] 'Brightness' fonksiyonu inaktif.
[04:22:28] 'Contrast' fonksiyonu inaktif.
[04:22:28] 'Zoom' fonksiyonu inaktif.
[04:22:28] 'MakeGray' fonksiyonu inaktif.
[04:22:28] 'Binarize' fonksiyonu inaktif.
[04:23:11] 'Contrast' fonksiyonu inaktif.
[04:23:11] 'Zoom' fonksiyonu inaktif.
[04:23:11] 'BlackWhite' fonksiyonu inaktif.
[04:23:11] 'Brightness' fonksiyonu aktif.
[04:23:13] 'BlackWhite' fonksiyonu inaktif.
[04:23:13] 'Brightness' fonksiyonu inaktif.
[04:23:13] 'Contrast' fonksiyonu inaktif.
[04:23:13] 'Zoom' fonksiyonu inaktif.
[04:23:13] 'MakeGray' fonksiyonu inaktif.
[04:23:13] 'Binarize' fonksiyonu inaktif.
[04:23:31] 'Contrast' fonksiyonu inaktif.
[04:23:31] 'Zoom' fonksiyonu inaktif.
[04:23:31] 'BlackWhite' fonksiyonu inaktif.
[04:23:31] 'Brightness' fonksiyonu aktif.
[04:23:35] 'BlackWhite' fonksiyonu inaktif.
[04:23:35] 'Brightness' fonksiyonu inaktif.
[04:23:35] 'Contrast' fonksiyonu inaktif.
[04:23:35] 'Zoom' fonksiyonu inaktif.
[04:23:35] 'MakeGray' fonksiyonu inaktif.
[04:23:35] 'Binarize' fonksiyonu inaktif.
[04:23:41] 'Contrast' fonksiyonu inaktif.
[04:23:41] 'Zoom' fonksiyonu inaktif.
[04:23:41] 'BlackWhite' fonksiyonu inaktif.
[04:23:41] 'Brightness' fonksiyonu aktif.
[04:23:44] 'BlackWhite' fonksiyonu inaktif.
[04:23:44] 'Brightness' fonksiyonu inaktif.
[04:23:44] 'Contrast' fonksiyonu inaktif.
[04:23:44] 'Zoom' fonksiyonu inaktif.
[04:23:44] 'MakeGray' fonksiyonu inaktif.
[04:23:44] 'Binarize' fonksiyonu inaktif.
[04:24:44] 'Contrast' fonksiyonu inaktif.
[04:24:44] 'Zoom' fonksiyonu inaktif.
[04:24:44] 'BlackWhite' fonksiyonu inaktif.
[04:24:44] 'Brightness' fonksiyonu aktif.
[04:24:46] 'BlackWhite' fonksiyonu inaktif.
[04:24:46] 'Brightness' fonksiyonu inaktif.
[04:24:46] 'Contrast' fonksiyonu inaktif.
[04:24:46] 'Zoom' fonksiyonu inaktif.
[04:24:46] 'MakeGray' fonksiyonu inaktif.
[04:24:46] 'Binarize' fonksiyonu inaktif.
[04:24:58] 'Contrast' fonksiyonu inaktif.
[04:24:58] 'Zoom' fonksiyonu inaktif.
[04:24:58] 'BlackWhite' fonksiyonu inaktif.
[04:24:58] 'Brightness' fonksiyonu aktif.
[04:25:01] 'BlackWhite' fonksiyonu inaktif.
[04:25:01] 'Brightness' fonksiyonu inaktif.
[04:25:01] 'Contrast' fonksiyonu inaktif.
[04:25:01] 'Zoom' fonksiyonu inaktif.
[04:25:01] 'MakeGray' fonksiyonu inaktif.
[04:25:01] 'Binarize' fonksiyonu inaktif.
[04:30:10] 'Contrast' fonksiyonu inaktif.
[04:30:10] 'Zoom' fonksiyonu inaktif.
[04:30:10] 'BlackWhite' fonksiyonu inaktif.
[04:30:10] 'Brightness' fonksiyonu aktif.
[04:30:13] 'BlackWhite' fonksiyonu inaktif.
[04:30:13] 'Brightness' fonksiyonu inaktif.
[04:30:13] 'Contrast' fonksiyonu inaktif.
[04:30:13] 'Zoom' fonksiyonu inaktif.
[04:30:13] 'MakeGray' fonksiyonu inaktif.
[04:30:13] 'Binarize' fonksiyonu inaktif.
[04:30:23] 'Brightness' fonksiyonu inaktif.
[04:30:23] 'Zoom' fonksiyonu inaktif.
[04:30:23] 'BlackWhite' fonksiyonu inaktif.
[04:30:23] 'Contrast' fonksiyonu aktif.
[04:30:31] 'BlackWhite' fonksiyonu inaktif.
[04:30:31] 'Brightness' fonksiyonu inaktif.
[04:30:31] 'Contrast' fonksiyonu inaktif.
[04:30:31] 'Zoom' fonksiyonu inaktif.
[04:30:31] 'MakeGray' fonksiyonu inaktif.
[04:30:31] 'Binarize' fonksiyonu inaktif.
[04:31:20] 'Brightness' fonksiyonu inaktif.
[04:31:20] 'Contrast' fonksiyonu inaktif.
[04:31:20] 'BlackWhite' fonksiyonu inaktif.
[04:31:20] 'Zoom' fonksiyonu aktif.
[04:31:23] 'Zoom' fonksiyonu inaktif.
[04:31:24] 'Brightness' fonksiyonu inaktif.
[04:31:24] 'Contrast' fonksiyonu inaktif.
[04:31:24] 'BlackWhite' fonksiyonu inaktif.
[04:31:24] 'Zoom' fonksiyonu aktif.
[04:31:28] 'Zoom' fonksiyonu inaktif.
[04:31:29] 'Contrast' fonksiyonu inaktif.
[04:31:29] 'Zoom' fonksiyonu inaktif.
[04:31:29] 'BlackWhite' fonksiyonu inaktif.
[04:31:29] 'Brightness' fonksiyonu aktif.
[04:31:34] 'BlackWhite' fonksiyonu inaktif.
[04:31:34] 'Brightness' fonksiyonu inaktif.
[04:31:34] 'Contrast' fonksiyonu inaktif.
[04:31:34] 'Zoom' fonksiyonu inaktif.
[04:31:34] 'MakeGray' fonksiyonu inaktif.
[04:31:34] 'Binarize' fonksiyonu inaktif.
[04:31:56] 'Contrast' fonksiyonu inaktif.
[04:31:56] 'Zoom' fonksiyonu inaktif.
[04:31:56] 'BlackWhite' fonksiyonu inaktif.
[04:31:56] 'Brightness' fonksiyonu aktif.
[04:31:59] 'BlackWhite' fonksiyonu inaktif.
[04:31:59] 'Brightness' fonksiyonu inaktif.
[04:31:59] 'Contrast' fonksiyonu inaktif.
[04:31:59] 'Zoom' fonksiyonu inaktif.
[04:31:59] 'MakeGray' fonksiyonu inaktif.
[04:31:59] 'Binarize' fonksiyonu inaktif.
[04:32:04] 'Contrast' fonksiyonu inaktif.
[04:32:04] 'Zoom' fonksiyonu inaktif.
[04:32:04] 'BlackWhite' fonksiyonu inaktif.
[04:32:04] 'Brightness' fonksiyonu aktif.
[04:32:06] 'BlackWhite' fonksiyonu inaktif.
[04:32:06] 'Brightness' fonksiyonu inaktif.
[04:32:06] 'Contrast' fonksiyonu inaktif.
[04:32:06] 'Zoom' fonksiyonu inaktif.
[04:32:06] 'MakeGray' fonksiyonu inaktif.
[04:32:06] 'Binarize' fonksiyonu inaktif.
[04:32:09] 'Contrast' fonksiyonu inaktif.
[04:32:09] 'Zoom' fonksiyonu inaktif.
[04:32:09] 'BlackWhite' fonksiyonu inaktif.
[04:32:09] 'Brightness' fonksiyonu aktif.
[04:32:12] 'BlackWhite' fonksiyonu inaktif.
[04:32:12] 'Brightness' fonksiyonu inaktif.
[04:32:12] 'Contrast' fonksiyonu inaktif.
[04:32:12] 'Zoom' fonksiyonu inaktif.
[04:32:12] 'MakeGray' fonksiyonu inaktif.
[04:32:12] 'Binarize' fonksiyonu inaktif.
[04:32:32] 'Contrast' fonksiyonu inaktif.
[04:32:32] 'Zoom' fonksiyonu inaktif.
[04:32:32] 'BlackWhite' fonksiyonu inaktif.
[04:32:32] 'Brightness' fonksiyonu aktif.
[04:32:35] 'BlackWhite' fonksiyonu inaktif.
[04:32:35] 'Brightness' fonksiyonu inaktif.
[04:32:35] 'Contrast' fonksiyonu inaktif.
[04:32:35] 'Zoom' fonksiyonu inaktif.
[04:32:35] 'MakeGray' fonksiyonu inaktif.
[04:32:35] 'Binarize' fonksiyonu inaktif.
[04:32:38] 'Brightness' fonksiyonu inaktif.
[04:32:38] 'Zoom' fonksiyonu inaktif.
[04:32:38] 'BlackWhite' fonksiyonu inaktif.
[04:32:38] 'Contrast' fonksiyonu aktif.
[04:33:25] 'Contrast' fonksiyonu inaktif.
[04:33:25] 'Zoom' fonksiyonu inaktif.
[04:33:25] 'BlackWhite' fonksiyonu inaktif.
[04:33:25] 'Brightness' fonksiyonu aktif.
[04:33:33] 'BlackWhite' fonksiyonu inaktif.
[04:33:33] 'Brightness' fonksiyonu inaktif.
[04:33:33] 'Contrast' fonksiyonu inaktif.
[04:33:33] 'Zoom' fonksiyonu inaktif.
[04:33:33] 'MakeGray' fonksiyonu inaktif.
[04:33:33] 'Binarize' fonksiyonu inaktif.
[04:33:49] 'Brightness' fonksiyonu inaktif.
[04:33:49] 'Zoom' fonksiyonu inaktif.
[04:33:49] 'BlackWhite' fonksiyonu inaktif.
[04:33:49] 'Contrast' fonksiyonu aktif.
[04:33:52] 'BlackWhite' fonksiyonu inaktif.
[04:33:52] 'Brightness' fonksiyonu inaktif.
[04:33:52] 'Contrast' fonksiyonu inaktif.
[04:33:52] 'Zoom' fonksiyonu inaktif.
[04:33:52] 'MakeGray' fonksiyonu inaktif.
[04:33:52] 'Binarize' fonksiyonu inaktif.
[04:44:19] 'Brightness' fonksiyonu inaktif.
[04:44:19] 'Zoom' fonksiyonu inaktif.
[04:44:19] 'BlackWhite' fonksiyonu inaktif.
[04:44:19] 'Contrast' fonksiyonu aktif.
[04:44:20] 'Contrast' fonksiyonu inaktif.
[04:44:23] 'Brightness' fonksiyonu inaktif.
[04:44:23] 'Zoom' fonksiyonu inaktif.
[04:44:23] 'BlackWhite' fonksiyonu inaktif.
[04:44:23] 'Contrast' fonksiyonu aktif.
[05:07:10] 'Brightness' fonksiyonu inaktif.
[05:07:10] 'Contrast' fonksiyonu inaktif.
[05:07:10] 'BlackWhite' fonksiyonu inaktif.
[05:07:10] 'Zoom' fonksiyonu aktif.
[05:07:15] 'Zoom' fonksiyonu inaktif.
[05:07:24] 'Brightness' fonksiyonu inaktif.
[05:07:24] 'Contrast' fonksiyonu inaktif.
[05:07:24] 'BlackWhite' fonksiyonu inaktif.
[05:07:24] 'Zoom' fonksiyonu aktif.
[05:07:24] 'Zoom' fonksiyonu inaktif.
[05:10:08] 'Brightness' fonksiyonu inaktif.
[05:10:08] 'Zoom' fonksiyonu inaktif.
[05:10:08] 'BlackWhite' fonksiyonu inaktif.
[05:10:08] 'MakeGray' fonksiyonu inaktif.
[05:10:08] 'Contrast' fonksiyonu inaktif.
[05:10:08] 'Binarize' fonksiyonu aktif.
[05:26:52] 'Contrast' fonksiyonu inaktif.
[05:26:52] 'Zoom' fonksiyonu inaktif.
[05:26:52] 'BlackWhite' fonksiyonu inaktif.
[05:26:52] 'Binarize' fonksiyonu inaktif.
[05:26:52] 'Brightness' fonksiyonu inaktif.
[05:26:52] 'MakeGray' fonksiyonu inaktif.
[05:26:52] 'Shift' fonksiyonu aktif.
[05:27:01] 'Shifter' fonksiyonu alrken hata meydana geldi: Parameter must be positive and < Width. (Parameter 'x')
[05:27:03] 'Shifter' fonksiyonu alrken hata meydana geldi: Parameter must be positive and < Width. (Parameter 'x')
[05:27:05] 'Shifter' fonksiyonu alrken hata meydana geldi: Parameter must be positive and < Width. (Parameter 'x')
[05:27:08] 'Shifter' fonksiyonu alrken hata meydana geldi: Parameter must be positive and < Width. (Parameter 'x')
[05:27:10] 'Shifter' fonksiyonu alrken hata meydana geldi: Parameter must be positive and < Width. (Parameter 'x')
[05:27:12] 'Shifter' fonksiyonu alrken hata meydana geldi: Parameter must be positive and < Width. (Parameter 'x')
[05:27:15] 'Shifter' fonksiyonu alrken hata meydana geldi: Parameter must be positive and < Width. (Parameter 'x')
[05:27:16] 'Shifter' fonksiyonu alrken hata meydana geldi: Parameter must be positive and < Width. (Parameter 'x')
[05:27:17] 'Shifter' fonksiyonu alrken hata meydana geldi: Parameter must be positive and < Width. (Parameter 'x')
[05:27:23] 'Shifter' fonksiyonu alrken hata meydana geldi: Parameter must be positive and < Width. (Parameter 'x')
[05:27:25] 'Shifter' fonksiyonu alrken hata meydana geldi: Parameter must be positive and < Width. (Parameter 'x')
[05:27:27] 'Shifter' fonksiyonu alrken hata meydana geldi: Parameter must be positive and < Width. (Parameter 'x')
[05:27:29] 'Shifter' fonksiyonu alrken hata meydana geldi: Parameter must be positive and < Width. (Parameter 'x')
[05:27:30] 'Shifter' fonksiyonu alrken hata meydana geldi: Parameter must be positive and < Width. (Parameter 'x')
[05:27:31] 'Shifter' fonksiyonu alrken hata meydana geldi: Parameter must be positive and < Width. (Parameter 'x')
[05:27:33] 'Shifter' fonksiyonu alrken hata meydana geldi: Parameter must be positive and < Width. (Parameter 'x')
[05:27:34] 'Shifter' fonksiyonu alrken hata meydana geldi: Parameter must be positive and < Width. (Parameter 'x')
[05:27:36] 'Shifter' fonksiyonu alrken hata meydana geldi: Parameter must be positive and < Width. (Parameter 'x')
[05:27:37] 'Shifter' fonksiyonu alrken hata meydana geldi: Parameter must be positive and < Width. (Parameter 'x')
[05:27:38] 'Shifter' fonksiyonu alrken hata meydana geldi: Parameter must be positive and < Width. (Parameter 'x')
[05:27:40] 'Shifter' fonksiyonu alrken hata meydana geldi: Parameter must be positive and < Width. (Parameter 'x')
[05:27:41] 'Shifter' fonksiyonu alrken hata meydana geldi: Parameter must be positive and < Width. (Parameter 'x')
[05:27:44] 'Shifter' fonksiyonu alrken hata meydana geldi: Parameter must be positive and < Width. (Parameter 'x')
[05:28:29] 'Contrast' fonksiyonu inaktif.
[05:28:29] 'Zoom' fonksiyonu inaktif.
[05:28:29] 'BlackWhite' fonksiyonu inaktif.
[05:28:29] 'Binarize' fonksiyonu inaktif.
[05:28:29] 'Brightness' fonksiyonu inaktif.
[05:28:29] 'MakeGray' fonksiyonu inaktif.
[05:28:29] 'Shift' fonksiyonu aktif.
[05:29:51] 'Contrast' fonksiyonu inaktif.
[05:29:51] 'Zoom' fonksiyonu inaktif.
[05:29:51] 'BlackWhite' fonksiyonu inaktif.
[05:29:51] 'Binarize' fonksiyonu inaktif.
[05:29:51] 'Brightness' fonksiyonu inaktif.
[05:29:51] 'MakeGray' fonksiyonu inaktif.
[05:29:51] 'Shift' fonksiyonu aktif.
[05:30:05] 'BlackWhite' fonksiyonu inaktif.
[05:30:05] 'Brightness' fonksiyonu inaktif.
[05:30:05] 'Contrast' fonksiyonu inaktif.
[05:30:05] 'Zoom' fonksiyonu inaktif.
[05:30:05] 'MakeGray' fonksiyonu inaktif.
[05:30:05] 'Binarize' fonksiyonu inaktif.
[05:31:01] 'Contrast' fonksiyonu inaktif.
[05:31:01] 'Zoom' fonksiyonu inaktif.
[05:31:01] 'BlackWhite' fonksiyonu inaktif.
[05:31:01] 'Binarize' fonksiyonu inaktif.
[05:31:01] 'Brightness' fonksiyonu inaktif.
[05:31:01] 'MakeGray' fonksiyonu inaktif.
[05:31:01] 'Shift' fonksiyonu aktif.
[05:31:03] 'BlackWhite' fonksiyonu inaktif.
[05:31:03] 'Brightness' fonksiyonu inaktif.
[05:31:03] 'Contrast' fonksiyonu inaktif.
[05:31:03] 'Zoom' fonksiyonu inaktif.
[05:31:03] 'MakeGray' fonksiyonu inaktif.
[05:31:03] 'Binarize' fonksiyonu inaktif.
[05:31:03] 'Shifter' fonksiyonu inaktif.
[05:31:14] 'Contrast' fonksiyonu inaktif.
[05:31:14] 'Zoom' fonksiyonu inaktif.
[05:31:14] 'BlackWhite' fonksiyonu inaktif.
[05:31:14] 'Binarize' fonksiyonu inaktif.
[05:31:14] 'Brightness' fonksiyonu inaktif.
[05:31:14] 'MakeGray' fonksiyonu inaktif.
[05:31:14] 'Shift' fonksiyonu aktif.
[05:31:24] 'Brightness' fonksiyonu inaktif.
[05:31:24] 'Zoom' fonksiyonu inaktif.
[05:31:24] 'BlackWhite' fonksiyonu inaktif.
[05:31:24] 'Contrast' fonksiyonu aktif.
[05:31:27] 'Contrast' fonksiyonu inaktif.
[05:31:27] 'Zoom' fonksiyonu inaktif.
[05:31:27] 'BlackWhite' fonksiyonu inaktif.
[05:31:27] 'Brightness' fonksiyonu aktif.
[05:31:28] 'Brightness' fonksiyonu inaktif.
[05:31:28] 'Zoom' fonksiyonu inaktif.
[05:31:28] 'BlackWhite' fonksiyonu inaktif.
[05:31:28] 'MakeGray' fonksiyonu inaktif.
[05:31:28] 'Contrast' fonksiyonu inaktif.
[05:31:28] 'Binarize' fonksiyonu aktif.
[05:32:33] 'Contrast' fonksiyonu inaktif.
[05:32:33] 'Zoom' fonksiyonu inaktif.
[05:32:33] 'BlackWhite' fonksiyonu inaktif.
[05:32:33] 'Binarize' fonksiyonu inaktif.
[05:32:33] 'Brightness' fonksiyonu inaktif.
[05:32:33] 'MakeGray' fonksiyonu inaktif.
[05:32:33] 'Shifter' fonksiyonu inaktif.
[05:32:33] 'Shift' fonksiyonu aktif.
[05:32:37] 'Contrast' fonksiyonu inaktif.
[05:32:37] 'Zoom' fonksiyonu inaktif.
[05:32:37] 'BlackWhite' fonksiyonu inaktif.
[05:32:37] 'Brightness' fonksiyonu inaktif.
[05:32:37] 'Binarize' fonksiyonu inaktif.
[05:32:37] 'Shifter' fonksiyonu inaktif.
[05:32:37] 'MakeGray' fonksiyonu aktif.
[05:32:37] 'MakeGray' fonksiyonu inaktif.
[05:32:38] 'Contrast' fonksiyonu inaktif.
[05:32:38] 'Zoom' fonksiyonu inaktif.
[05:32:38] 'BlackWhite' fonksiyonu inaktif.
[05:32:38] 'Brightness' fonksiyonu inaktif.
[05:32:38] 'Binarize' fonksiyonu inaktif.
[05:32:38] 'Shifter' fonksiyonu inaktif.
[05:32:38] 'MakeGray' fonksiyonu aktif.
[05:32:38] 'MakeGray' fonksiyonu inaktif.
[05:32:39] 'Brightness' fonksiyonu inaktif.
[05:32:39] 'Contrast' fonksiyonu inaktif.
[05:32:39] 'Zoom' fonksiyonu inaktif.
[05:32:39] 'Shifter' fonksiyonu inaktif.
[05:32:39] 'BlackWhite' fonksiyonu aktif.
[05:32:39] 'BlackWhite' fonksiyonu inaktif.
[05:32:40] 'Brightness' fonksiyonu inaktif.
[05:32:40] 'Contrast' fonksiyonu inaktif.
[05:32:40] 'Zoom' fonksiyonu inaktif.
[05:32:40] 'Shifter' fonksiyonu inaktif.
[05:32:40] 'BlackWhite' fonksiyonu aktif.
[05:32:40] 'BlackWhite' fonksiyonu inaktif.
[05:32:41] 'Brightness' fonksiyonu inaktif.
[05:32:41] 'Zoom' fonksiyonu inaktif.
[05:32:41] 'BlackWhite' fonksiyonu inaktif.
[05:32:41] 'Shifter' fonksiyonu inaktif.
[05:32:41] 'Contrast' fonksiyonu aktif.
[05:32:42] 'Contrast' fonksiyonu inaktif.
[05:32:42] 'Brightness' fonksiyonu inaktif.
[05:32:42] 'Zoom' fonksiyonu inaktif.
[05:32:42] 'BlackWhite' fonksiyonu inaktif.
[05:32:42] 'Shifter' fonksiyonu inaktif.
[05:32:42] 'Contrast' fonksiyonu aktif.
[05:33:49] 'Brightness' fonksiyonu inaktif.
[05:33:49] 'Zoom' fonksiyonu inaktif.
[05:33:49] 'BlackWhite' fonksiyonu inaktif.
[05:33:49] 'Shifter' fonksiyonu inaktif.
[05:33:49] 'Contrast' fonksiyonu aktif.
[05:33:52] 'BlackWhite' fonksiyonu inaktif.
[05:33:52] 'Brightness' fonksiyonu inaktif.
[05:33:52] 'Contrast' fonksiyonu inaktif.
[05:33:52] 'Zoom' fonksiyonu inaktif.
[05:33:52] 'MakeGray' fonksiyonu inaktif.
[05:33:52] 'Binarize' fonksiyonu inaktif.
[05:33:52] 'Shifter' fonksiyonu inaktif.
[05:33:55] 'Contrast' fonksiyonu inaktif.
[05:33:55] 'Zoom' fonksiyonu inaktif.
[05:33:55] 'BlackWhite' fonksiyonu inaktif.
[05:33:55] 'Shifter' fonksiyonu inaktif.
[05:33:55] 'Brightness' fonksiyonu aktif.
[05:33:58] 'BlackWhite' fonksiyonu inaktif.
[05:33:58] 'Brightness' fonksiyonu inaktif.
[05:33:58] 'Contrast' fonksiyonu inaktif.
[05:33:58] 'Zoom' fonksiyonu inaktif.
[05:33:58] 'MakeGray' fonksiyonu inaktif.
[05:33:58] 'Binarize' fonksiyonu inaktif.
[05:33:58] 'Shifter' fonksiyonu inaktif.
[05:34:05] 'Brightness' fonksiyonu inaktif.
[05:34:05] 'Zoom' fonksiyonu inaktif.
[05:34:05] 'BlackWhite' fonksiyonu inaktif.
[05:34:05] 'MakeGray' fonksiyonu inaktif.
[05:34:05] 'Contrast' fonksiyonu inaktif.
[05:34:05] 'Shifter' fonksiyonu inaktif.
[05:34:05] 'Binarize' fonksiyonu aktif.
[05:34:12] 'BlackWhite' fonksiyonu inaktif.
[05:34:12] 'Brightness' fonksiyonu inaktif.
[05:34:12] 'Contrast' fonksiyonu inaktif.
[05:34:12] 'Zoom' fonksiyonu inaktif.
[05:34:12] 'MakeGray' fonksiyonu inaktif.
[05:34:12] 'Binarize' fonksiyonu inaktif.
[05:34:12] 'Shifter' fonksiyonu inaktif.
[05:34:18] 'Brightness' fonksiyonu inaktif.
[05:34:18] 'Zoom' fonksiyonu inaktif.
[05:34:18] 'BlackWhite' fonksiyonu inaktif.
[05:34:18] 'MakeGray' fonksiyonu inaktif.
[05:34:18] 'Contrast' fonksiyonu inaktif.
[05:34:18] 'Shifter' fonksiyonu inaktif.
[05:34:18] 'Binarize' fonksiyonu aktif.
[05:34:23] 'Binarize' fonksiyonu inaktif.
[05:34:23] 'Brightness' fonksiyonu inaktif.
[05:34:23] 'Zoom' fonksiyonu inaktif.
[05:34:23] 'BlackWhite' fonksiyonu inaktif.
[05:34:23] 'MakeGray' fonksiyonu inaktif.
[05:34:23] 'Contrast' fonksiyonu inaktif.
[05:34:23] 'Shifter' fonksiyonu inaktif.
[05:34:23] 'Binarize' fonksiyonu aktif.
[05:34:35] 'Binarize' fonksiyonu inaktif.
[05:34:44] 'Contrast' fonksiyonu inaktif.
[05:34:44] 'Zoom' fonksiyonu inaktif.
[05:34:44] 'BlackWhite' fonksiyonu inaktif.
[05:34:44] 'Binarize' fonksiyonu inaktif.
[05:34:44] 'Brightness' fonksiyonu inaktif.
[05:34:44] 'MakeGray' fonksiyonu inaktif.
[05:34:44] 'Shifter' fonksiyonu inaktif.
[05:34:44] 'Shift' fonksiyonu aktif.
[05:34:49] 'BlackWhite' fonksiyonu inaktif.
[05:34:49] 'Brightness' fonksiyonu inaktif.
[05:34:49] 'Contrast' fonksiyonu inaktif.
[05:34:49] 'Zoom' fonksiyonu inaktif.
[05:34:49] 'MakeGray' fonksiyonu inaktif.
[05:34:49] 'Binarize' fonksiyonu inaktif.
[05:34:49] 'Shifter' fonksiyonu inaktif.
[05:34:57] 'Contrast' fonksiyonu inaktif.
[05:34:57] 'Zoom' fonksiyonu inaktif.
[05:34:57] 'BlackWhite' fonksiyonu inaktif.
[05:34:57] 'Brightness' fonksiyonu inaktif.
[05:34:57] 'Binarize' fonksiyonu inaktif.
[05:34:57] 'Shifter' fonksiyonu inaktif.
[05:34:57] 'MakeGray' fonksiyonu aktif.
[05:34:58] 'MakeGray' fonksiyonu inaktif.
[05:34:58] 'Brightness' fonksiyonu inaktif.
[05:34:58] 'Contrast' fonksiyonu inaktif.
[05:34:58] 'Zoom' fonksiyonu inaktif.
[05:34:58] 'Shifter' fonksiyonu inaktif.
[05:34:58] 'BlackWhite' fonksiyonu aktif.
[05:34:59] 'BlackWhite' fonksiyonu inaktif.
[05:35:02] 'Contrast' fonksiyonu inaktif.
[05:35:02] 'Zoom' fonksiyonu inaktif.
[05:35:02] 'BlackWhite' fonksiyonu inaktif.
[05:35:02] 'Brightness' fonksiyonu inaktif.
[05:35:02] 'Binarize' fonksiyonu inaktif.
[05:35:02] 'Shifter' fonksiyonu inaktif.
[05:35:02] 'MakeGray' fonksiyonu aktif.
[05:35:02] 'BlackWhite' fonksiyonu inaktif.
[05:35:02] 'Brightness' fonksiyonu inaktif.
[05:35:02] 'Contrast' fonksiyonu inaktif.
[05:35:02] 'Zoom' fonksiyonu inaktif.
[05:35:02] 'MakeGray' fonksiyonu inaktif.
[05:35:02] 'Binarize' fonksiyonu inaktif.
[05:35:02] 'Shifter' fonksiyonu inaktif.
[05:35:08] 'Brightness' fonksiyonu inaktif.
[05:35:08] 'Contrast' fonksiyonu inaktif.
[05:35:08] 'Zoom' fonksiyonu inaktif.
[05:35:08] 'Shifter' fonksiyonu inaktif.
[05:35:08] 'BlackWhite' fonksiyonu aktif.
[05:35:09] 'BlackWhite' fonksiyonu inaktif.
[05:35:09] 'Brightness' fonksiyonu inaktif.
[05:35:09] 'Contrast' fonksiyonu inaktif.
[05:35:09] 'Zoom' fonksiyonu inaktif.
[05:35:09] 'MakeGray' fonksiyonu inaktif.
[05:35:09] 'Binarize' fonksiyonu inaktif.
[05:35:09] 'Shifter' fonksiyonu inaktif.
[05:35:14] 'Contrast' fonksiyonu inaktif.
[05:35:14] 'Zoom' fonksiyonu inaktif.
[05:35:14] 'BlackWhite' fonksiyonu inaktif.
[05:35:14] 'Shifter' fonksiyonu inaktif.
[05:35:14] 'Brightness' fonksiyonu aktif.
[05:35:18] 'BlackWhite' fonksiyonu inaktif.
[05:35:18] 'Brightness' fonksiyonu inaktif.
[05:35:18] 'Contrast' fonksiyonu inaktif.
[05:35:18] 'Zoom' fonksiyonu inaktif.
[05:35:18] 'MakeGray' fonksiyonu inaktif.
[05:35:18] 'Binarize' fonksiyonu inaktif.
[05:35:18] 'Shifter' fonksiyonu inaktif.
[05:35:39] 'Contrast' fonksiyonu inaktif.
[05:35:39] 'Zoom' fonksiyonu inaktif.
[05:35:39] 'BlackWhite' fonksiyonu inaktif.
[05:35:39] 'Shifter' fonksiyonu inaktif.
[05:35:39] 'Brightness' fonksiyonu aktif.
[05:35:51] 'BlackWhite' fonksiyonu inaktif.
[05:35:51] 'Brightness' fonksiyonu inaktif.
[05:35:51] 'Contrast' fonksiyonu inaktif.
[05:35:51] 'Zoom' fonksiyonu inaktif.
[05:35:51] 'MakeGray' fonksiyonu inaktif.
[05:35:51] 'Binarize' fonksiyonu inaktif.
[05:35:51] 'Shifter' fonksiyonu inaktif.
[05:36:06] 'Brightness' fonksiyonu inaktif.
[05:36:06] 'Contrast' fonksiyonu inaktif.
[05:36:06] 'BlackWhite' fonksiyonu inaktif.
[05:36:06] 'Shifter' fonksiyonu inaktif.
[05:36:06] 'Zoom' fonksiyonu aktif.
[05:36:18] 'Zoom' fonksiyonu inaktif.
[05:36:26] 'Contrast' fonksiyonu inaktif.
[05:36:26] 'Zoom' fonksiyonu inaktif.
[05:36:26] 'BlackWhite' fonksiyonu inaktif.
[05:36:26] 'Binarize' fonksiyonu inaktif.
[05:36:26] 'Brightness' fonksiyonu inaktif.
[05:36:26] 'MakeGray' fonksiyonu inaktif.
[05:36:26] 'Shifter' fonksiyonu inaktif.
[05:36:26] 'Shift' fonksiyonu aktif.
[05:36:33] 'Shifter' fonksiyonu inaktif.
[05:37:33] 'Contrast' fonksiyonu inaktif.
[05:37:33] 'Zoom' fonksiyonu inaktif.
[05:37:33] 'BlackWhite' fonksiyonu inaktif.
[05:37:33] 'Shifter' fonksiyonu inaktif.
[05:37:33] 'Brightness' fonksiyonu aktif.
[05:37:35] 'Brightness' fonksiyonu inaktif.
[05:37:35] 'Zoom' fonksiyonu inaktif.
[05:37:35] 'BlackWhite' fonksiyonu inaktif.
[05:37:35] 'Shifter' fonksiyonu inaktif.
[05:37:35] 'Contrast' fonksiyonu aktif.
[05:37:40] 'BlackWhite' fonksiyonu inaktif.
[05:37:40] 'Brightness' fonksiyonu inaktif.
[05:37:40] 'Contrast' fonksiyonu inaktif.
[05:37:40] 'Zoom' fonksiyonu inaktif.
[05:37:40] 'MakeGray' fonksiyonu inaktif.
[05:37:40] 'Binarize' fonksiyonu inaktif.
[05:37:40] 'Shifter' fonksiyonu inaktif.
[05:37:52] 'Brightness' fonksiyonu inaktif.
[05:37:52] 'Contrast' fonksiyonu inaktif.
[05:37:52] 'Zoom' fonksiyonu inaktif.
[05:37:52] 'Shifter' fonksiyonu inaktif.
[05:37:52] 'BlackWhite' fonksiyonu aktif.
[05:37:53] 'BlackWhite' fonksiyonu inaktif.
[05:37:53] 'Brightness' fonksiyonu inaktif.
[05:37:53] 'Contrast' fonksiyonu inaktif.
[05:37:53] 'Zoom' fonksiyonu inaktif.
[05:37:53] 'MakeGray' fonksiyonu inaktif.
[05:37:53] 'Binarize' fonksiyonu inaktif.
[05:37:53] 'Shifter' fonksiyonu inaktif.
[05:38:06] 'Brightness' fonksiyonu inaktif.
[05:38:06] 'Zoom' fonksiyonu inaktif.
[05:38:06] 'BlackWhite' fonksiyonu inaktif.
[05:38:06] 'Shifter' fonksiyonu inaktif.
[05:38:06] 'Contrast' fonksiyonu aktif.
[05:40:16] 'Contrast' fonksiyonu inaktif.
[05:40:16] 'Zoom' fonksiyonu inaktif.
[05:40:16] 'BlackWhite' fonksiyonu inaktif.
[05:40:16] 'Shifter' fonksiyonu inaktif.
[05:40:16] 'Brightness' fonksiyonu aktif.
[05:41:51] 'Contrast' fonksiyonu inaktif.
[05:41:51] 'Zoom' fonksiyonu inaktif.
[05:41:51] 'BlackWhite' fonksiyonu inaktif.
[05:41:51] 'Binarize' fonksiyonu inaktif.
[05:41:51] 'Brightness' fonksiyonu inaktif.
[05:41:51] 'MakeGray' fonksiyonu inaktif.
[05:41:51] 'Shifter' fonksiyonu inaktif.
[05:41:51] 'Shift' fonksiyonu aktif.
[05:41:54] 'Brightness' fonksiyonu inaktif.
[05:41:54] 'Zoom' fonksiyonu inaktif.
[05:41:54] 'BlackWhite' fonksiyonu inaktif.
[05:41:54] 'Shifter' fonksiyonu inaktif.
[05:41:54] 'Contrast' fonksiyonu aktif.
[05:41:58] 'Brightness' fonksiyonu inaktif.
[05:41:58] 'Zoom' fonksiyonu inaktif.
[05:41:58] 'BlackWhite' fonksiyonu inaktif.
[05:41:58] 'MakeGray' fonksiyonu inaktif.
[05:41:58] 'Contrast' fonksiyonu inaktif.
[05:41:58] 'Shifter' fonksiyonu inaktif.
[05:41:58] 'Binarize' fonksiyonu aktif.
[05:42:01] 'BlackWhite' fonksiyonu inaktif.
[05:42:01] 'Brightness' fonksiyonu inaktif.
[05:42:01] 'Contrast' fonksiyonu inaktif.
[05:42:01] 'Zoom' fonksiyonu inaktif.
[05:42:01] 'MakeGray' fonksiyonu inaktif.
[05:42:01] 'Binarize' fonksiyonu inaktif.
[05:42:01] 'Shifter' fonksiyonu inaktif.
[05:42:03] 'Brightness' fonksiyonu inaktif.
[05:42:03] 'Zoom' fonksiyonu inaktif.
[05:42:03] 'BlackWhite' fonksiyonu inaktif.
[05:42:03] 'MakeGray' fonksiyonu inaktif.
[05:42:03] 'Contrast' fonksiyonu inaktif.
[05:42:03] 'Shifter' fonksiyonu inaktif.
[05:42:03] 'Binarize' fonksiyonu aktif.
[05:42:08] 'Binarize' fonksiyonu inaktif.
[05:42:08] 'Brightness' fonksiyonu inaktif.
[05:42:08] 'Zoom' fonksiyonu inaktif.
[05:42:08] 'BlackWhite' fonksiyonu inaktif.
[05:42:08] 'MakeGray' fonksiyonu inaktif.
[05:42:08] 'Contrast' fonksiyonu inaktif.
[05:42:08] 'Shifter' fonksiyonu inaktif.
[05:42:08] 'Binarize' fonksiyonu aktif.
[05:42:22] 'Brightness' fonksiyonu inaktif.
[05:42:22] 'Zoom' fonksiyonu inaktif.
[05:42:22] 'BlackWhite' fonksiyonu inaktif.
[05:42:22] 'MakeGray' fonksiyonu inaktif.
[05:42:22] 'Contrast' fonksiyonu inaktif.
[05:42:22] 'Shifter' fonksiyonu inaktif.
[05:42:22] 'Binarize' fonksiyonu aktif.
[05:42:28] 'BlackWhite' fonksiyonu inaktif.
[05:42:28] 'Brightness' fonksiyonu inaktif.
[05:42:28] 'Contrast' fonksiyonu inaktif.
[05:42:28] 'Zoom' fonksiyonu inaktif.
[05:42:28] 'MakeGray' fonksiyonu inaktif.
[05:42:28] 'Binarize' fonksiyonu inaktif.
[05:42:28] 'Shifter' fonksiyonu inaktif.
[05:42:30] 'Brightness' fonksiyonu inaktif.
[05:42:30] 'Zoom' fonksiyonu inaktif.
[05:42:30] 'BlackWhite' fonksiyonu inaktif.
[05:42:30] 'MakeGray' fonksiyonu inaktif.
[05:42:30] 'Contrast' fonksiyonu inaktif.
[05:42:30] 'Shifter' fonksiyonu inaktif.
[05:42:30] 'Binarize' fonksiyonu aktif.
[05:43:05] 'Brightness' fonksiyonu inaktif.
[05:43:05] 'Zoom' fonksiyonu inaktif.
[05:43:05] 'BlackWhite' fonksiyonu inaktif.
[05:43:05] 'MakeGray' fonksiyonu inaktif.
[05:43:05] 'Contrast' fonksiyonu inaktif.
[05:43:05] 'Shifter' fonksiyonu inaktif.
[05:43:05] 'Binarize' fonksiyonu aktif.
[05:43:08] 'BlackWhite' fonksiyonu inaktif.
[05:43:08] 'Brightness' fonksiyonu inaktif.
[05:43:08] 'Contrast' fonksiyonu inaktif.
[05:43:08] 'Zoom' fonksiyonu inaktif.
[05:43:08] 'MakeGray' fonksiyonu inaktif.
[05:43:08] 'Binarize' fonksiyonu inaktif.
[05:43:08] 'Shifter' fonksiyonu inaktif.
[05:43:10] 'Brightness' fonksiyonu inaktif.
[05:43:10] 'Zoom' fonksiyonu inaktif.
[05:43:10] 'BlackWhite' fonksiyonu inaktif.
[05:43:10] 'MakeGray' fonksiyonu inaktif.
[05:43:10] 'Contrast' fonksiyonu inaktif.
[05:43:10] 'Shifter' fonksiyonu inaktif.
[05:43:10] 'Binarize' fonksiyonu aktif.
[05:43:13] 'Brightness' fonksiyonu inaktif.
[05:43:13] 'Zoom' fonksiyonu inaktif.
[05:43:13] 'BlackWhite' fonksiyonu inaktif.
[05:43:13] 'Shifter' fonksiyonu inaktif.
[05:43:13] 'Contrast' fonksiyonu aktif.
[05:43:16] 'BlackWhite' fonksiyonu inaktif.
[05:43:16] 'Brightness' fonksiyonu inaktif.
[05:43:16] 'Contrast' fonksiyonu inaktif.
[05:43:16] 'Zoom' fonksiyonu inaktif.
[05:43:16] 'MakeGray' fonksiyonu inaktif.
[05:43:16] 'Binarize' fonksiyonu inaktif.
[05:43:16] 'Shifter' fonksiyonu inaktif.
[05:43:18] 'Brightness' fonksiyonu inaktif.
[05:43:18] 'Zoom' fonksiyonu inaktif.
[05:43:18] 'BlackWhite' fonksiyonu inaktif.
[05:43:18] 'MakeGray' fonksiyonu inaktif.
[05:43:18] 'Contrast' fonksiyonu inaktif.
[05:43:18] 'Shifter' fonksiyonu inaktif.
[05:43:18] 'Binarize' fonksiyonu aktif.
[05:43:21] 'Contrast' fonksiyonu inaktif.
[05:43:21] 'Zoom' fonksiyonu inaktif.
[05:43:21] 'BlackWhite' fonksiyonu inaktif.
[05:43:21] 'Shifter' fonksiyonu inaktif.
[05:43:21] 'Brightness' fonksiyonu aktif.
[05:43:25] 'BlackWhite' fonksiyonu inaktif.
[05:43:25] 'Brightness' fonksiyonu inaktif.
[05:43:25] 'Contrast' fonksiyonu inaktif.
[05:43:25] 'Zoom' fonksiyonu inaktif.
[05:43:25] 'MakeGray' fonksiyonu inaktif.
[05:43:25] 'Binarize' fonksiyonu inaktif.
[05:43:25] 'Shifter' fonksiyonu inaktif.
[05:43:27] 'Brightness' fonksiyonu inaktif.
[05:43:27] 'Zoom' fonksiyonu inaktif.
[05:43:27] 'BlackWhite' fonksiyonu inaktif.
[05:43:27] 'MakeGray' fonksiyonu inaktif.
[05:43:27] 'Contrast' fonksiyonu inaktif.
[05:43:27] 'Shifter' fonksiyonu inaktif.
[05:43:27] 'Binarize' fonksiyonu aktif.
[05:43:36] 'Contrast' fonksiyonu inaktif.
[05:43:36] 'Zoom' fonksiyonu inaktif.
[05:43:36] 'BlackWhite' fonksiyonu inaktif.
[05:43:36] 'Shifter' fonksiyonu inaktif.
[05:43:36] 'Brightness' fonksiyonu aktif.
[05:43:42] 'Contrast' fonksiyonu inaktif.
[05:43:42] 'Zoom' fonksiyonu inaktif.
[05:43:42] 'BlackWhite' fonksiyonu inaktif.
[05:43:42] 'Binarize' fonksiyonu inaktif.
[05:43:42] 'Brightness' fonksiyonu inaktif.
[05:43:42] 'MakeGray' fonksiyonu inaktif.
[05:43:42] 'Shifter' fonksiyonu inaktif.
[05:43:42] 'Shift' fonksiyonu aktif.
[05:43:46] 'Contrast' fonksiyonu inaktif.
[05:43:46] 'Zoom' fonksiyonu inaktif.
[05:43:46] 'BlackWhite' fonksiyonu inaktif.
[05:43:46] 'Shifter' fonksiyonu inaktif.
[05:43:46] 'Brightness' fonksiyonu aktif.
[05:43:46] 'Brightness' fonksiyonu inaktif.
[05:43:47] 'Contrast' fonksiyonu inaktif.
[05:43:47] 'Zoom' fonksiyonu inaktif.
[05:43:47] 'BlackWhite' fonksiyonu inaktif.
[05:43:47] 'Shifter' fonksiyonu inaktif.
[05:43:47] 'Brightness' fonksiyonu aktif.
[05:43:47] 'Brightness' fonksiyonu inaktif.
[05:43:48] 'Contrast' fonksiyonu inaktif.
[05:43:48] 'Zoom' fonksiyonu inaktif.
[05:43:48] 'BlackWhite' fonksiyonu inaktif.
[05:43:48] 'Binarize' fonksiyonu inaktif.
[05:43:48] 'Brightness' fonksiyonu inaktif.
[05:43:48] 'MakeGray' fonksiyonu inaktif.
[05:43:48] 'Shifter' fonksiyonu inaktif.
[05:43:48] 'Shift' fonksiyonu aktif.
[05:43:48] 'Shifter' fonksiyonu inaktif.
[05:43:48] 'Shifter' fonksiyonu inaktif.
[05:43:50] 'Shifter' fonksiyonu inaktif.
[05:43:51] 'Shifter' fonksiyonu inaktif.
[05:43:51] 'Shifter' fonksiyonu inaktif.
[05:43:51] 'Shifter' fonksiyonu inaktif.
[05:43:51] 'Shifter' fonksiyonu inaktif.
[05:43:52] 'Shifter' fonksiyonu inaktif.
[05:43:52] 'Shifter' fonksiyonu inaktif.
[05:43:54] 'Brightness' fonksiyonu inaktif.
[05:43:54] 'Zoom' fonksiyonu inaktif.
[05:43:54] 'BlackWhite' fonksiyonu inaktif.
[05:43:54] 'Shifter' fonksiyonu inaktif.
[05:43:54] 'Contrast' fonksiyonu aktif.
[05:43:54] 'Contrast' fonksiyonu inaktif.
[05:43:55] 'Contrast' fonksiyonu inaktif.
[05:43:55] 'Zoom' fonksiyonu inaktif.
[05:43:55] 'BlackWhite' fonksiyonu inaktif.
[05:43:55] 'Binarize' fonksiyonu inaktif.
[05:43:55] 'Brightness' fonksiyonu inaktif.
[05:43:55] 'MakeGray' fonksiyonu inaktif.
[05:43:55] 'Shifter' fonksiyonu inaktif.
[05:43:55] 'Shift' fonksiyonu aktif.
[05:43:55] 'Shifter' fonksiyonu inaktif.
[05:43:55] 'Shifter' fonksiyonu inaktif.
[05:43:56] 'Shifter' fonksiyonu inaktif.
[05:44:46] 'Contrast' fonksiyonu inaktif.
[05:44:46] 'Zoom' fonksiyonu inaktif.
[05:44:46] 'BlackWhite' fonksiyonu inaktif.
[05:44:46] 'Binarize' fonksiyonu inaktif.
[05:44:46] 'Brightness' fonksiyonu inaktif.
[05:44:46] 'MakeGray' fonksiyonu inaktif.
[05:44:46] 'Shifter' fonksiyonu inaktif.
[05:44:46] 'Shift' fonksiyonu aktif.
[05:44:46] 'Shifter' fonksiyonu inaktif.
[05:44:46] 'Contrast' fonksiyonu inaktif.
[05:44:46] 'Zoom' fonksiyonu inaktif.
[05:44:46] 'BlackWhite' fonksiyonu inaktif.
[05:44:46] 'Binarize' fonksiyonu inaktif.
[05:44:46] 'Brightness' fonksiyonu inaktif.
[05:44:46] 'MakeGray' fonksiyonu inaktif.
[05:44:46] 'Shifter' fonksiyonu inaktif.
[05:44:46] 'Shift' fonksiyonu aktif.
[05:44:52] 'Shifter' fonksiyonu inaktif.
[05:44:52] 'Contrast' fonksiyonu inaktif.
[05:44:52] 'Zoom' fonksiyonu inaktif.
[05:44:52] 'BlackWhite' fonksiyonu inaktif.
[05:44:52] 'Binarize' fonksiyonu inaktif.
[05:44:52] 'Brightness' fonksiyonu inaktif.
[05:44:52] 'MakeGray' fonksiyonu inaktif.
[05:44:52] 'Shifter' fonksiyonu inaktif.
[05:44:52] 'Shift' fonksiyonu aktif.
[05:44:53] 'Shifter' fonksiyonu inaktif.
[05:44:54] 'Brightness' fonksiyonu inaktif.
[05:44:54] 'Zoom' fonksiyonu inaktif.
[05:44:54] 'BlackWhite' fonksiyonu inaktif.
[05:44:54] 'MakeGray' fonksiyonu inaktif.
[05:44:54] 'Contrast' fonksiyonu inaktif.
[05:44:54] 'Shifter' fonksiyonu inaktif.
[05:44:54] 'Binarize' fonksiyonu aktif.
[05:44:54] 'Binarize' fonksiyonu inaktif.
[05:44:55] 'Contrast' fonksiyonu inaktif.
[05:44:55] 'Zoom' fonksiyonu inaktif.
[05:44:55] 'BlackWhite' fonksiyonu inaktif.
[05:44:55] 'Shifter' fonksiyonu inaktif.
[05:44:55] 'Brightness' fonksiyonu aktif.
[05:44:55] 'Brightness' fonksiyonu inaktif.
[05:44:55] 'Contrast' fonksiyonu inaktif.
[05:44:55] 'Zoom' fonksiyonu inaktif.
[05:44:55] 'BlackWhite' fonksiyonu inaktif.
[05:44:55] 'Shifter' fonksiyonu inaktif.
[05:44:55] 'Brightness' fonksiyonu aktif.
[05:44:56] 'Brightness' fonksiyonu inaktif.
[05:44:56] 'Contrast' fonksiyonu inaktif.
[05:44:56] 'Zoom' fonksiyonu inaktif.
[05:44:56] 'BlackWhite' fonksiyonu inaktif.
[05:44:56] 'Shifter' fonksiyonu inaktif.
[05:44:56] 'Brightness' fonksiyonu aktif.
[05:44:57] 'Brightness' fonksiyonu inaktif.
[05:44:57] 'Contrast' fonksiyonu inaktif.
[05:44:57] 'Zoom' fonksiyonu inaktif.
[05:44:57] 'BlackWhite' fonksiyonu inaktif.
[05:44:57] 'Binarize' fonksiyonu inaktif.
[05:44:57] 'Brightness' fonksiyonu inaktif.
[05:44:57] 'MakeGray' fonksiyonu inaktif.
[05:44:57] 'Shifter' fonksiyonu inaktif.
[05:44:57] 'Shift' fonksiyonu aktif.
[05:44:58] 'Shifter' fonksiyonu inaktif.
[05:45:01] 'Brightness' fonksiyonu inaktif.
[05:45:01] 'Zoom' fonksiyonu inaktif.
[05:45:01] 'BlackWhite' fonksiyonu inaktif.
[05:45:01] 'MakeGray' fonksiyonu inaktif.
[05:45:01] 'Contrast' fonksiyonu inaktif.
[05:45:01] 'Shifter' fonksiyonu inaktif.
[05:45:01] 'Binarize' fonksiyonu aktif.
[05:48:13] 'Brightness' fonksiyonu inaktif.
[05:48:13] 'Zoom' fonksiyonu inaktif.
[05:48:13] 'BlackWhite' fonksiyonu inaktif.
[05:48:13] 'Shifter' fonksiyonu inaktif.
[05:48:13] 'Contrast' fonksiyonu aktif.
[05:48:13] 'Contrast' fonksiyonu inaktif.
[05:48:56] 'Brightness' fonksiyonu inaktif.
[05:48:56] 'Zoom' fonksiyonu inaktif.
[05:48:56] 'BlackWhite' fonksiyonu inaktif.
[05:48:56] 'Shifter' fonksiyonu inaktif.
[05:48:56] 'Contrast' fonksiyonu aktif.
[05:48:57] 'Contrast' fonksiyonu inaktif.
[05:48:57] 'Zoom' fonksiyonu inaktif.
[05:48:57] 'BlackWhite' fonksiyonu inaktif.
[05:48:57] 'Shifter' fonksiyonu inaktif.
[05:48:57] 'Brightness' fonksiyonu aktif.
[05:48:57] 'Brightness' fonksiyonu inaktif.
[05:48:57] 'Zoom' fonksiyonu inaktif.
[05:48:57] 'BlackWhite' fonksiyonu inaktif.
[05:48:57] 'MakeGray' fonksiyonu inaktif.
[05:48:57] 'Contrast' fonksiyonu inaktif.
[05:48:57] 'Shifter' fonksiyonu inaktif.
[05:48:57] 'Binarize' fonksiyonu aktif.
[05:48:58] 'Brightness' fonksiyonu inaktif.
[05:48:58] 'Zoom' fonksiyonu inaktif.
[05:48:58] 'BlackWhite' fonksiyonu inaktif.
[05:48:58] 'Shifter' fonksiyonu inaktif.
[05:48:58] 'Contrast' fonksiyonu aktif.
