[14:15:49] 'Contrast' fonksiyonu inaktif.
[14:15:49] 'Zoom' fonksiyonu inaktif.
[14:15:49] 'BlackWhite' fonksiyonu inaktif.
[14:15:49] 'Brightness' fonksiyonu inaktif.
[14:15:49] 'Binarize' fonksiyonu inaktif.
[14:15:49] 'Shifter' fonksiyonu inaktif.
[14:15:49] 'MakeGray' fonksiyonu aktif.
[14:15:51] 'BlackWhite' fonksiyonu inaktif.
[14:15:51] 'Brightness' fonksiyonu inaktif.
[14:15:51] 'Contrast' fonksiyonu inaktif.
[14:15:51] 'Zoom' fonksiyonu inaktif.
[14:15:51] 'MakeGray' fonksiyonu inaktif.
[14:15:51] 'Binarize' fonksiyonu inaktif.
[14:15:51] 'Shifter' fonksiyonu inaktif.
[14:16:03] 'Brightness' fonksiyonu inaktif.
[14:16:03] 'Contrast' fonksiyonu inaktif.
[14:16:03] 'BlackWhite' fonksiyonu inaktif.
[14:16:03] 'Shifter' fonksiyonu inaktif.
[14:16:03] 'Zoom' fonksiyonu aktif.
[14:16:10] 'Zoom' fonksiyonu inaktif.
[14:16:37] 'Brightness' fonksiyonu inaktif.
[14:16:37] 'Zoom' fonksiyonu inaktif.
[14:16:37] 'BlackWhite' fonksiyonu inaktif.
[14:16:37] 'Shifter' fonksiyonu inaktif.
[14:16:37] 'Contrast' fonksiyonu aktif.
[14:16:41] 'BlackWhite' fonksiyonu inaktif.
[14:16:41] 'Brightness' fonksiyonu inaktif.
[14:16:41] 'Contrast' fonksiyonu inaktif.
[14:16:41] 'Zoom' fonksiyonu inaktif.
[14:16:41] 'MakeGray' fonksiyonu inaktif.
[14:16:41] 'Binarize' fonksiyonu inaktif.
[14:16:41] 'Shifter' fonksiyonu inaktif.
[14:16:56] 'Contrast' fonksiyonu inaktif.
[14:16:56] 'Zoom' fonksiyonu inaktif.
[14:16:56] 'BlackWhite' fonksiyonu inaktif.
[14:16:56] 'Shifter' fonksiyonu inaktif.
[14:16:56] 'Brightness' fonksiyonu aktif.
[14:17:26] 'BlackWhite' fonksiyonu inaktif.
[14:17:26] 'Brightness' fonksiyonu inaktif.
[14:17:26] 'Contrast' fonksiyonu inaktif.
[14:17:26] 'Zoom' fonksiyonu inaktif.
[14:17:26] 'MakeGray' fonksiyonu inaktif.
[14:17:26] 'Binarize' fonksiyonu inaktif.
[14:17:26] 'Shifter' fonksiyonu inaktif.
[14:17:32] 'Contrast' fonksiyonu inaktif.
[14:17:32] 'Zoom' fonksiyonu inaktif.
[14:17:32] 'BlackWhite' fonksiyonu inaktif.
[14:17:32] 'Binarize' fonksiyonu inaktif.
[14:17:32] 'Brightness' fonksiyonu inaktif.
[14:17:32] 'MakeGray' fonksiyonu inaktif.
[14:17:32] 'Shifter' fonksiyonu inaktif.
[14:17:32] 'Shift' fonksiyonu aktif.
[14:17:46] 'Shifter' fonksiyonu inaktif.
[14:18:18] 'Contrast' fonksiyonu inaktif.
[14:18:18] 'Zoom' fonksiyonu inaktif.
[14:18:18] 'BlackWhite' fonksiyonu inaktif.
[14:18:18] 'Binarize' fonksiyonu inaktif.
[14:18:18] 'Brightness' fonksiyonu inaktif.
[14:18:18] 'MakeGray' fonksiyonu inaktif.
[14:18:18] 'Shifter' fonksiyonu inaktif.
[14:18:18] 'Shift' fonksiyonu aktif.
[14:18:27] 'Brightness' fonksiyonu inaktif.
[14:18:27] 'Contrast' fonksiyonu inaktif.
[14:18:27] 'BlackWhite' fonksiyonu inaktif.
[14:18:27] 'Shifter' fonksiyonu inaktif.
[14:18:27] 'Zoom' fonksiyonu aktif.
[14:18:31] 'Zoom' fonksiyonu inaktif.
[14:18:53] 'Brightness' fonksiyonu inaktif.
[14:18:53] 'Zoom' fonksiyonu inaktif.
[14:18:53] 'BlackWhite' fonksiyonu inaktif.
[14:18:53] 'MakeGray' fonksiyonu inaktif.
[14:18:53] 'Contrast' fonksiyonu inaktif.
[14:18:53] 'Shifter' fonksiyonu inaktif.
[14:18:53] 'Binarize' fonksiyonu aktif.
[14:19:09] 'BlackWhite' fonksiyonu inaktif.
[14:19:09] 'Brightness' fonksiyonu inaktif.
[14:19:09] 'Contrast' fonksiyonu inaktif.
[14:19:09] 'Zoom' fonksiyonu inaktif.
[14:19:09] 'MakeGray' fonksiyonu inaktif.
[14:19:09] 'Binarize' fonksiyonu inaktif.
[14:19:09] 'Shifter' fonksiyonu inaktif.
[14:19:12] 'Brightness' fonksiyonu inaktif.
[14:19:12] 'Zoom' fonksiyonu inaktif.
[14:19:12] 'BlackWhite' fonksiyonu inaktif.
[14:19:12] 'MakeGray' fonksiyonu inaktif.
[14:19:12] 'Contrast' fonksiyonu inaktif.
[14:19:12] 'Shifter' fonksiyonu inaktif.
[14:19:12] 'Binarize' fonksiyonu aktif.
[14:19:25] 'Binarize' fonksiyonu inaktif.
[14:19:26] 'Brightness' fonksiyonu inaktif.
[14:19:26] 'Zoom' fonksiyonu inaktif.
[14:19:26] 'BlackWhite' fonksiyonu inaktif.
[14:19:26] 'MakeGray' fonksiyonu inaktif.
[14:19:26] 'Contrast' fonksiyonu inaktif.
[14:19:26] 'Shifter' fonksiyonu inaktif.
[14:19:26] 'Binarize' fonksiyonu aktif.
[14:19:35] 'Binarize' fonksiyonu inaktif.
[14:19:45] 'Contrast' fonksiyonu inaktif.
[14:19:45] 'Zoom' fonksiyonu inaktif.
[14:19:45] 'BlackWhite' fonksiyonu inaktif.
[14:19:45] 'Shifter' fonksiyonu inaktif.
[14:19:45] 'Brightness' fonksiyonu aktif.
