[11:37:04] 'Contrast' fonksiyonu inaktif.
[11:37:04] 'Zoom' fonksiyonu inaktif.
[11:37:04] 'BlackWhite' fonksiyonu inaktif.
[11:37:04] 'Shifter' fonksiyonu inaktif.
[11:37:04] 'Brightness' fonksiyonu aktif.
[11:37:13] 'BlackWhite' fonksiyonu inaktif.
[11:37:13] 'Brightness' fonksiyonu inaktif.
[11:37:13] 'Contrast' fonksiyonu inaktif.
[11:37:13] 'Zoom' fonksiyonu inaktif.
[11:37:13] 'MakeGray' fonksiyonu inaktif.
[11:37:13] 'Binarize' fonksiyonu inaktif.
[11:37:13] 'Shifter' fonksiyonu inaktif.
[11:37:37] 'Brightness' fonksiyonu inaktif.
[11:37:37] 'Zoom' fonksiyonu inaktif.
[11:37:37] 'BlackWhite' fonksiyonu inaktif.
[11:37:37] 'MakeGray' fonksiyonu inaktif.
[11:37:37] 'Contrast' fonksiyonu inaktif.
[11:37:37] 'Shifter' fonksiyonu inaktif.
[11:37:37] 'Binarize' fonksiyonu aktif.
[11:38:58] 'Brightness' fonksiyonu inaktif.
[11:38:58] 'Contrast' fonksiyonu inaktif.
[11:38:58] 'Zoom' fonksiyonu inaktif.
[11:38:58] 'Shifter' fonksiyonu inaktif.
[11:38:58] 'BlackWhite' fonksiyonu aktif.
[11:39:08] 'BlackWhite' fonksiyonu inaktif.
[11:39:10] 'Contrast' fonksiyonu inaktif.
[11:39:10] 'Zoom' fonksiyonu inaktif.
[11:39:10] 'BlackWhite' fonksiyonu inaktif.
[11:39:10] 'Brightness' fonksiyonu inaktif.
[11:39:10] 'Binarize' fonksiyonu inaktif.
[11:39:10] 'Shifter' fonksiyonu inaktif.
[11:39:10] 'MakeGray' fonksiyonu aktif.
[11:39:12] 'MakeGray' fonksiyonu inaktif.
[11:39:13] 'Brightness' fonksiyonu inaktif.
[11:39:13] 'Contrast' fonksiyonu inaktif.
[11:39:13] 'Zoom' fonksiyonu inaktif.
[11:39:13] 'Shifter' fonksiyonu inaktif.
[11:39:13] 'BlackWhite' fonksiyonu aktif.
[11:39:14] 'BlackWhite' fonksiyonu inaktif.
[11:39:31] 'Brightness' fonksiyonu inaktif.
[11:39:31] 'Zoom' fonksiyonu inaktif.
[11:39:31] 'BlackWhite' fonksiyonu inaktif.
[11:39:31] 'MakeGray' fonksiyonu inaktif.
[11:39:31] 'Contrast' fonksiyonu inaktif.
[11:39:31] 'Shifter' fonksiyonu inaktif.
[11:39:31] 'Binarize' fonksiyonu aktif.
[11:39:34] 'Binarize' fonksiyonu inaktif.
[11:39:35] 'Brightness' fonksiyonu inaktif.
[11:39:35] 'Contrast' fonksiyonu inaktif.
[11:39:35] 'Zoom' fonksiyonu inaktif.
[11:39:35] 'Shifter' fonksiyonu inaktif.
[11:39:35] 'BlackWhite' fonksiyonu aktif.
[11:39:36] 'BlackWhite' fonksiyonu inaktif.
[11:39:44] 'Contrast' fonksiyonu inaktif.
[11:39:44] 'Zoom' fonksiyonu inaktif.
[11:39:44] 'BlackWhite' fonksiyonu inaktif.
[11:39:44] 'Binarize' fonksiyonu inaktif.
[11:39:44] 'Brightness' fonksiyonu inaktif.
[11:39:44] 'MakeGray' fonksiyonu inaktif.
[11:39:44] 'Shifter' fonksiyonu inaktif.
[11:39:44] 'Shift' fonksiyonu aktif.
[11:40:40] 'Shifter' fonksiyonu inaktif.
[11:40:42] 'Contrast' fonksiyonu inaktif.
[11:40:42] 'Zoom' fonksiyonu inaktif.
[11:40:42] 'BlackWhite' fonksiyonu inaktif.
[11:40:42] 'Binarize' fonksiyonu inaktif.
[11:40:42] 'Brightness' fonksiyonu inaktif.
[11:40:42] 'MakeGray' fonksiyonu inaktif.
[11:40:42] 'Shifter' fonksiyonu inaktif.
[11:40:42] 'Shift' fonksiyonu aktif.
[11:40:44] 'Shifter' fonksiyonu inaktif.
[11:41:11] 'Brightness' fonksiyonu inaktif.
[11:41:11] 'Contrast' fonksiyonu inaktif.
[11:41:11] 'BlackWhite' fonksiyonu inaktif.
[11:41:11] 'Shifter' fonksiyonu inaktif.
[11:41:11] 'Zoom' fonksiyonu aktif.
[11:41:12] 'Zoom' fonksiyonu inaktif.
[11:41:16] 'Brightness' fonksiyonu inaktif.
[11:41:16] 'Contrast' fonksiyonu inaktif.
[11:41:16] 'BlackWhite' fonksiyonu inaktif.
[11:41:16] 'Shifter' fonksiyonu inaktif.
[11:41:16] 'Zoom' fonksiyonu aktif.
[11:41:23] 'Zoom' fonksiyonu inaktif.
[11:41:27] 'Brightness' fonksiyonu inaktif.
[11:41:27] 'Contrast' fonksiyonu inaktif.
[11:41:27] 'BlackWhite' fonksiyonu inaktif.
[11:41:27] 'Shifter' fonksiyonu inaktif.
[11:41:27] 'Zoom' fonksiyonu aktif.
[11:41:28] 'Zoom' fonksiyonu inaktif.
[11:41:32] 'Brightness' fonksiyonu inaktif.
[11:41:32] 'Contrast' fonksiyonu inaktif.
[11:41:32] 'BlackWhite' fonksiyonu inaktif.
[11:41:32] 'Shifter' fonksiyonu inaktif.
[11:41:32] 'Zoom' fonksiyonu aktif.
[11:42:12] 'Zoom' fonksiyonu inaktif.
[11:42:12] 'Brightness' fonksiyonu inaktif.
[11:42:12] 'Contrast' fonksiyonu inaktif.
[11:42:12] 'BlackWhite' fonksiyonu inaktif.
[11:42:12] 'Shifter' fonksiyonu inaktif.
[11:42:12] 'Zoom' fonksiyonu aktif.
[11:42:14] 'Zoom' fonksiyonu inaktif.
[11:42:25] 'Contrast' fonksiyonu inaktif.
[11:42:25] 'Zoom' fonksiyonu inaktif.
[11:42:25] 'BlackWhite' fonksiyonu inaktif.
[11:42:25] 'Brightness' fonksiyonu inaktif.
[11:42:25] 'Binarize' fonksiyonu inaktif.
[11:42:25] 'Shifter' fonksiyonu inaktif.
[11:42:25] 'MakeGray' fonksiyonu aktif.
[11:42:26] 'MakeGray' fonksiyonu inaktif.
[11:42:28] 'Brightness' fonksiyonu inaktif.
[11:42:28] 'Contrast' fonksiyonu inaktif.
[11:42:28] 'Zoom' fonksiyonu inaktif.
[11:42:28] 'Shifter' fonksiyonu inaktif.
[11:42:28] 'BlackWhite' fonksiyonu aktif.
[11:42:29] 'BlackWhite' fonksiyonu inaktif.
[11:42:30] 'Brightness' fonksiyonu inaktif.
[11:42:30] 'Contrast' fonksiyonu inaktif.
[11:42:30] 'Zoom' fonksiyonu inaktif.
[11:42:30] 'Shifter' fonksiyonu inaktif.
[11:42:30] 'BlackWhite' fonksiyonu aktif.
[11:42:31] 'BlackWhite' fonksiyonu inaktif.
[11:42:32] 'Brightness' fonksiyonu inaktif.
[11:42:32] 'Contrast' fonksiyonu inaktif.
[11:42:32] 'Zoom' fonksiyonu inaktif.
[11:42:32] 'Shifter' fonksiyonu inaktif.
[11:42:32] 'BlackWhite' fonksiyonu aktif.
[11:42:32] 'BlackWhite' fonksiyonu inaktif.
[11:42:53] 'Brightness' fonksiyonu inaktif.
[11:42:53] 'Contrast' fonksiyonu inaktif.
[11:42:53] 'BlackWhite' fonksiyonu inaktif.
[11:42:53] 'Shifter' fonksiyonu inaktif.
[11:42:53] 'Zoom' fonksiyonu aktif.
[11:43:01] 'Zoom' fonksiyonu inaktif.
[11:43:02] 'Brightness' fonksiyonu inaktif.
[11:43:02] 'Contrast' fonksiyonu inaktif.
[11:43:02] 'BlackWhite' fonksiyonu inaktif.
[11:43:02] 'Shifter' fonksiyonu inaktif.
[11:43:02] 'Zoom' fonksiyonu aktif.
[11:43:02] 'Zoom' fonksiyonu inaktif.
[11:46:16] 'Contrast' fonksiyonu inaktif.
[11:46:16] 'Zoom' fonksiyonu inaktif.
[11:46:16] 'BlackWhite' fonksiyonu inaktif.
[11:46:16] 'Shifter' fonksiyonu inaktif.
[11:46:16] 'Brightness' fonksiyonu aktif.
[11:46:21] 'Brightness' fonksiyonu inaktif.
[11:47:31] 'Contrast' fonksiyonu inaktif.
[11:47:31] 'Zoom' fonksiyonu inaktif.
[11:47:31] 'BlackWhite' fonksiyonu inaktif.
[11:47:31] 'Shifter' fonksiyonu inaktif.
[11:47:31] 'Brightness' fonksiyonu aktif.
[11:47:32] 'Brightness' fonksiyonu inaktif.
[11:48:41] 'Brightness' fonksiyonu inaktif.
[11:48:41] 'Contrast' fonksiyonu inaktif.
[11:48:41] 'BlackWhite' fonksiyonu inaktif.
[11:48:41] 'Shifter' fonksiyonu inaktif.
[11:48:41] 'Zoom' fonksiyonu aktif.
[11:49:03] 'Zoom' fonksiyonu inaktif.
