[01:04:57] 'Brightness' fonksiyonu inaktif.
[01:04:57] 'Contrast' fonksiyonu inaktif.
[01:04:57] 'BlackWhite' fonksiyonu inaktif.
[01:04:57] 'Shifter' fonksiyonu inaktif.
[01:04:57] 'Zoom' fonksiyonu aktif.
[01:05:04] 'Zoom' fonksiyonu inaktif.
[01:05:04] 'Brightness' fonksiyonu inaktif.
[01:05:04] 'Contrast' fonksiyonu inaktif.
[01:05:04] 'BlackWhite' fonksiyonu inaktif.
[01:05:04] 'Shifter' fonksiyonu inaktif.
[01:05:04] 'Zoom' fonksiyonu aktif.
[01:05:07] 'Zoom' fonksiyonu inaktif.
[01:05:08] 'Brightness' fonksiyonu inaktif.
[01:05:08] 'Contrast' fonksiyonu inaktif.
[01:05:08] 'BlackWhite' fonksiyonu inaktif.
[01:05:08] 'Shifter' fonksiyonu inaktif.
[01:05:08] 'Zoom' fonksiyonu aktif.
[01:05:08] 'Zoom' fonksiyonu inaktif.
[01:05:09] 'Brightness' fonksiyonu inaktif.
[01:05:09] 'Contrast' fonksiyonu inaktif.
[01:05:09] 'BlackWhite' fonksiyonu inaktif.
[01:05:09] 'Shifter' fonksiyonu inaktif.
[01:05:09] 'Zoom' fonksiyonu aktif.
[01:05:09] 'Zoom' fonksiyonu inaktif.
[01:05:09] 'Brightness' fonksiyonu inaktif.
[01:05:09] 'Contrast' fonksiyonu inaktif.
[01:05:09] 'BlackWhite' fonksiyonu inaktif.
[01:05:09] 'Shifter' fonksiyonu inaktif.
[01:05:09] 'Zoom' fonksiyonu aktif.
[01:05:12] 'Zoom' fonksiyonu inaktif.
[01:05:15] 'Brightness' fonksiyonu inaktif.
[01:05:15] 'Contrast' fonksiyonu inaktif.
[01:05:15] 'BlackWhite' fonksiyonu inaktif.
[01:05:15] 'Shifter' fonksiyonu inaktif.
[01:05:15] 'Zoom' fonksiyonu aktif.
[01:05:16] 'Zoom' fonksiyonu inaktif.
[01:05:16] 'Brightness' fonksiyonu inaktif.
[01:05:16] 'Contrast' fonksiyonu inaktif.
[01:05:16] 'BlackWhite' fonksiyonu inaktif.
[01:05:16] 'Shifter' fonksiyonu inaktif.
[01:05:16] 'Zoom' fonksiyonu aktif.
[01:05:16] 'Zoom' fonksiyonu inaktif.
[01:05:16] 'Brightness' fonksiyonu inaktif.
[01:05:16] 'Contrast' fonksiyonu inaktif.
[01:05:16] 'BlackWhite' fonksiyonu inaktif.
[01:05:16] 'Shifter' fonksiyonu inaktif.
[01:05:16] 'Zoom' fonksiyonu aktif.
[01:05:16] 'Zoom' fonksiyonu inaktif.
[01:05:16] 'Brightness' fonksiyonu inaktif.
[01:05:16] 'Contrast' fonksiyonu inaktif.
[01:05:16] 'BlackWhite' fonksiyonu inaktif.
[01:05:16] 'Shifter' fonksiyonu inaktif.
[01:05:16] 'Zoom' fonksiyonu aktif.
[01:05:17] 'Zoom' fonksiyonu inaktif.
[01:05:21] 'Brightness' fonksiyonu inaktif.
[01:05:21] 'Contrast' fonksiyonu inaktif.
[01:05:21] 'BlackWhite' fonksiyonu inaktif.
[01:05:21] 'Shifter' fonksiyonu inaktif.
[01:05:21] 'Zoom' fonksiyonu aktif.
[01:06:06] 'Brightness' fonksiyonu inaktif.
[01:06:06] 'Contrast' fonksiyonu inaktif.
[01:06:06] 'BlackWhite' fonksiyonu inaktif.
[01:06:06] 'Shifter' fonksiyonu inaktif.
[01:06:06] 'Zoom' fonksiyonu aktif.
[01:06:57] 'Brightness' fonksiyonu inaktif.
[01:06:57] 'Contrast' fonksiyonu inaktif.
[01:06:57] 'BlackWhite' fonksiyonu inaktif.
[01:06:57] 'Shifter' fonksiyonu inaktif.
[01:06:57] 'Zoom' fonksiyonu aktif.
[01:07:17] 'Brightness' fonksiyonu inaktif.
[01:07:17] 'Contrast' fonksiyonu inaktif.
[01:07:17] 'BlackWhite' fonksiyonu inaktif.
[01:07:17] 'Shifter' fonksiyonu inaktif.
[01:07:17] 'Zoom' fonksiyonu aktif.
