[22:21:26] 'Zoom' fonksiyonu inaktif.
[22:21:26] 'Brightness' fonksiyonu inaktif.
[22:21:26] 'Contrast' fonksiyonu inaktif.
[22:21:26] 'MakeGray' fonksiyonu inaktif.
[22:21:26] 'Binarize' fonksiyonu inaktif.
[22:21:26] 'Shifter' fonksiyonu inaktif.
[22:21:26] 'Rotate' fonksiyonu inaktif.
[22:21:26] 'Morph' fonksiyonu inaktif.
[22:21:26] 'ApplyFilter' fonksiyonu inaktif.
[22:21:26] 'Convolute' fonksiyonu inaktif.
[22:21:26] 'EdgeDetection' fonksiyonu inaktif.
[22:21:26] 'AddSaltAndPepperNoise' fonksiyonu inaktif.
[22:21:26] 'MeanFilter' fonksiyonu inaktif.
[22:21:26] 'MedianFilter' fonksiyonu inaktif.
[22:21:26] 'Dilate' fonksiyonu inaktif.
[22:21:26] 'AdaptiveThreshold' fonksiyonu inaktif.
[22:21:26] 'Open' fonksiyonu inaktif.
[22:21:26] 'Close' fonksiyonu inaktif.
[22:21:26] 'Stretch' fonksiyonu inaktif.
[22:21:26] 'RGB' fonksiyonu aktif.
[22:22:55] 'Zoom' fonksiyonu inaktif.
[22:22:55] 'Brightness' fonksiyonu inaktif.
[22:22:55] 'Contrast' fonksiyonu inaktif.
[22:22:55] 'MakeGray' fonksiyonu inaktif.
[22:22:55] 'Binarize' fonksiyonu inaktif.
[22:22:55] 'Shifter' fonksiyonu inaktif.
[22:22:55] 'Rotate' fonksiyonu inaktif.
[22:22:55] 'Morph' fonksiyonu inaktif.
[22:22:55] 'ApplyFilter' fonksiyonu inaktif.
[22:22:55] 'Convolute' fonksiyonu inaktif.
[22:22:55] 'EdgeDetection' fonksiyonu inaktif.
[22:22:55] 'AddSaltAndPepperNoise' fonksiyonu inaktif.
[22:22:55] 'MeanFilter' fonksiyonu inaktif.
[22:22:55] 'MedianFilter' fonksiyonu inaktif.
[22:22:55] 'Dilate' fonksiyonu inaktif.
[22:22:55] 'AdaptiveThreshold' fonksiyonu inaktif.
[22:22:55] 'Open' fonksiyonu inaktif.
[22:22:55] 'Close' fonksiyonu inaktif.
[22:22:55] 'Stretch' fonksiyonu inaktif.
[22:22:55] 'RGB' fonksiyonu aktif.
[22:24:11] 'Zoom' fonksiyonu inaktif.
[22:24:11] 'Brightness' fonksiyonu inaktif.
[22:24:11] 'Contrast' fonksiyonu inaktif.
[22:24:11] 'MakeGray' fonksiyonu inaktif.
[22:24:11] 'Binarize' fonksiyonu inaktif.
[22:24:11] 'Shifter' fonksiyonu inaktif.
[22:24:11] 'Rotate' fonksiyonu inaktif.
[22:24:11] 'Morph' fonksiyonu inaktif.
[22:24:11] 'ApplyFilter' fonksiyonu inaktif.
[22:24:11] 'Convolute' fonksiyonu inaktif.
[22:24:11] 'EdgeDetection' fonksiyonu inaktif.
[22:24:11] 'AddSaltAndPepperNoise' fonksiyonu inaktif.
[22:24:11] 'MeanFilter' fonksiyonu inaktif.
[22:24:11] 'MedianFilter' fonksiyonu inaktif.
[22:24:11] 'Dilate' fonksiyonu inaktif.
[22:24:11] 'AdaptiveThreshold' fonksiyonu inaktif.
[22:24:11] 'Open' fonksiyonu inaktif.
[22:24:11] 'Close' fonksiyonu inaktif.
[22:24:11] 'Stretch' fonksiyonu inaktif.
[22:24:11] 'RGB' fonksiyonu aktif.
[22:24:40] 'Zoom' fonksiyonu inaktif.
[22:24:40] 'Brightness' fonksiyonu inaktif.
[22:24:40] 'Contrast' fonksiyonu inaktif.
[22:24:40] 'MakeGray' fonksiyonu inaktif.
[22:24:40] 'Binarize' fonksiyonu inaktif.
[22:24:40] 'Shifter' fonksiyonu inaktif.
[22:24:40] 'Rotate' fonksiyonu inaktif.
[22:24:40] 'Morph' fonksiyonu inaktif.
[22:24:40] 'ApplyFilter' fonksiyonu inaktif.
[22:24:40] 'Convolute' fonksiyonu inaktif.
[22:24:40] 'EdgeDetection' fonksiyonu inaktif.
[22:24:40] 'AddSaltAndPepperNoise' fonksiyonu inaktif.
[22:24:40] 'MeanFilter' fonksiyonu inaktif.
[22:24:40] 'MedianFilter' fonksiyonu inaktif.
[22:24:40] 'Dilate' fonksiyonu inaktif.
[22:24:40] 'AdaptiveThreshold' fonksiyonu inaktif.
[22:24:40] 'Open' fonksiyonu inaktif.
[22:24:40] 'Close' fonksiyonu inaktif.
[22:24:40] 'Stretch' fonksiyonu inaktif.
[22:24:40] 'RGB' fonksiyonu aktif.
[22:24:44] 'Zoom' fonksiyonu inaktif.
[22:24:44] 'Brightness' fonksiyonu inaktif.
[22:24:44] 'Contrast' fonksiyonu inaktif.
[22:24:44] 'MakeGray' fonksiyonu inaktif.
[22:24:44] 'Binarize' fonksiyonu inaktif.
[22:24:44] 'Shifter' fonksiyonu inaktif.
[22:24:44] 'Rotate' fonksiyonu inaktif.
[22:24:44] 'Morph' fonksiyonu inaktif.
[22:24:44] 'ApplyFilter' fonksiyonu inaktif.
[22:24:44] 'Convolute' fonksiyonu inaktif.
[22:24:44] 'EdgeDetection' fonksiyonu inaktif.
[22:24:44] 'AddSaltAndPepperNoise' fonksiyonu inaktif.
[22:24:44] 'MeanFilter' fonksiyonu inaktif.
[22:24:44] 'MedianFilter' fonksiyonu inaktif.
[22:24:44] 'Dilate' fonksiyonu inaktif.
[22:24:44] 'AdaptiveThreshold' fonksiyonu inaktif.
[22:24:44] 'Open' fonksiyonu inaktif.
[22:24:44] 'Close' fonksiyonu inaktif.
[22:24:44] 'RGB' fonksiyonu inaktif.
[22:24:44] 'Stretch' fonksiyonu inaktif.
[22:26:09] 'Zoom' fonksiyonu inaktif.
[22:26:09] 'Brightness' fonksiyonu inaktif.
[22:26:09] 'Contrast' fonksiyonu inaktif.
[22:26:09] 'MakeGray' fonksiyonu inaktif.
[22:26:09] 'Binarize' fonksiyonu inaktif.
[22:26:09] 'Shifter' fonksiyonu inaktif.
[22:26:09] 'Rotate' fonksiyonu inaktif.
[22:26:09] 'Morph' fonksiyonu inaktif.
[22:26:09] 'ApplyFilter' fonksiyonu inaktif.
[22:26:09] 'Convolute' fonksiyonu inaktif.
[22:26:09] 'EdgeDetection' fonksiyonu inaktif.
[22:26:09] 'MeanFilter' fonksiyonu inaktif.
[22:26:09] 'MedianFilter' fonksiyonu inaktif.
[22:26:09] 'Dilate' fonksiyonu inaktif.
[22:26:09] 'AdaptiveThreshold' fonksiyonu inaktif.
[22:26:09] 'Open' fonksiyonu inaktif.
[22:26:09] 'Close' fonksiyonu inaktif.
[22:26:09] 'RGB' fonksiyonu inaktif.
[22:26:09] 'Stretch' fonksiyonu inaktif.
[22:26:09] 'AddSaltAndPepper' fonksiyonu aktif.
[22:26:13] 'Zoom' fonksiyonu inaktif.
[22:26:13] 'Brightness' fonksiyonu inaktif.
[22:26:13] 'Contrast' fonksiyonu inaktif.
[22:26:13] 'MakeGray' fonksiyonu inaktif.
[22:26:13] 'Binarize' fonksiyonu inaktif.
[22:26:13] 'Shifter' fonksiyonu inaktif.
[22:26:13] 'Rotate' fonksiyonu inaktif.
[22:26:13] 'Morph' fonksiyonu inaktif.
[22:26:13] 'ApplyFilter' fonksiyonu inaktif.
[22:26:13] 'Convolute' fonksiyonu inaktif.
[22:26:13] 'EdgeDetection' fonksiyonu inaktif.
[22:26:13] 'AddSaltAndPepperNoise' fonksiyonu inaktif.
[22:26:13] 'MeanFilter' fonksiyonu inaktif.
[22:26:13] 'MedianFilter' fonksiyonu inaktif.
[22:26:13] 'Dilate' fonksiyonu inaktif.
[22:26:13] 'AdaptiveThreshold' fonksiyonu inaktif.
[22:26:13] 'Open' fonksiyonu inaktif.
[22:26:13] 'Close' fonksiyonu inaktif.
[22:26:13] 'RGB' fonksiyonu inaktif.
[22:26:13] 'Stretch' fonksiyonu inaktif.
[22:26:55] 'Zoom' fonksiyonu inaktif.
[22:26:55] 'Brightness' fonksiyonu inaktif.
[22:26:55] 'Contrast' fonksiyonu inaktif.
[22:26:55] 'MakeGray' fonksiyonu inaktif.
[22:26:55] 'Binarize' fonksiyonu inaktif.
[22:26:55] 'Shifter' fonksiyonu inaktif.
[22:26:55] 'Rotate' fonksiyonu inaktif.
[22:26:55] 'Morph' fonksiyonu inaktif.
[22:26:55] 'ApplyFilter' fonksiyonu inaktif.
[22:26:55] 'Convolute' fonksiyonu inaktif.
[22:26:55] 'EdgeDetection' fonksiyonu inaktif.
[22:26:55] 'AddSaltAndPepperNoise' fonksiyonu inaktif.
[22:26:55] 'MeanFilter' fonksiyonu inaktif.
[22:26:55] 'MedianFilter' fonksiyonu inaktif.
[22:26:55] 'Dilate' fonksiyonu inaktif.
[22:26:55] 'AdaptiveThreshold' fonksiyonu inaktif.
[22:26:55] 'Open' fonksiyonu inaktif.
[22:26:55] 'Close' fonksiyonu inaktif.
[22:26:55] 'RGB' fonksiyonu inaktif.
[22:26:55] 'Stretch' fonksiyonu inaktif.
[22:26:55] 'Erode' fonksiyonu aktif.
[22:26:59] 'Zoom' fonksiyonu inaktif.
[22:26:59] 'Brightness' fonksiyonu inaktif.
[22:26:59] 'Contrast' fonksiyonu inaktif.
[22:26:59] 'MakeGray' fonksiyonu inaktif.
[22:26:59] 'Binarize' fonksiyonu inaktif.
[22:26:59] 'Shifter' fonksiyonu inaktif.
[22:26:59] 'Rotate' fonksiyonu inaktif.
[22:26:59] 'Morph' fonksiyonu inaktif.
[22:26:59] 'ApplyFilter' fonksiyonu inaktif.
[22:26:59] 'Convolute' fonksiyonu inaktif.
[22:26:59] 'EdgeDetection' fonksiyonu inaktif.
[22:26:59] 'MeanFilter' fonksiyonu inaktif.
[22:26:59] 'MedianFilter' fonksiyonu inaktif.
[22:26:59] 'Dilate' fonksiyonu inaktif.
[22:26:59] 'AdaptiveThreshold' fonksiyonu inaktif.
[22:26:59] 'Open' fonksiyonu inaktif.
[22:26:59] 'Close' fonksiyonu inaktif.
[22:26:59] 'RGB' fonksiyonu inaktif.
[22:26:59] 'Stretch' fonksiyonu inaktif.
[22:26:59] 'AddSaltAndPepper' fonksiyonu aktif.
[22:27:02] 'Zoom' fonksiyonu inaktif.
[22:27:02] 'Brightness' fonksiyonu inaktif.
[22:27:02] 'Contrast' fonksiyonu inaktif.
[22:27:02] 'MakeGray' fonksiyonu inaktif.
[22:27:02] 'Binarize' fonksiyonu inaktif.
[22:27:02] 'Shifter' fonksiyonu inaktif.
[22:27:02] 'Rotate' fonksiyonu inaktif.
[22:27:02] 'Morph' fonksiyonu inaktif.
[22:27:02] 'ApplyFilter' fonksiyonu inaktif.
[22:27:02] 'Convolute' fonksiyonu inaktif.
[22:27:02] 'EdgeDetection' fonksiyonu inaktif.
[22:27:02] 'AddSaltAndPepperNoise' fonksiyonu inaktif.
[22:27:02] 'MeanFilter' fonksiyonu inaktif.
[22:27:02] 'MedianFilter' fonksiyonu inaktif.
[22:27:02] 'Dilate' fonksiyonu inaktif.
[22:27:02] 'AdaptiveThreshold' fonksiyonu inaktif.
[22:27:02] 'Open' fonksiyonu inaktif.
[22:27:02] 'Close' fonksiyonu inaktif.
[22:27:02] 'RGB' fonksiyonu inaktif.
[22:27:02] 'Stretch' fonksiyonu inaktif.
[22:27:02] 'Erode' fonksiyonu aktif.
[22:27:02] 'Erode' fonksiyonu inaktif.
[22:27:03] 'Zoom' fonksiyonu inaktif.
[22:27:03] 'Brightness' fonksiyonu inaktif.
[22:27:03] 'Contrast' fonksiyonu inaktif.
[22:27:03] 'MakeGray' fonksiyonu inaktif.
[22:27:03] 'Binarize' fonksiyonu inaktif.
[22:27:03] 'Shifter' fonksiyonu inaktif.
[22:27:03] 'Rotate' fonksiyonu inaktif.
[22:27:03] 'Morph' fonksiyonu inaktif.
[22:27:03] 'ApplyFilter' fonksiyonu inaktif.
[22:27:03] 'Convolute' fonksiyonu inaktif.
[22:27:03] 'EdgeDetection' fonksiyonu inaktif.
[22:27:03] 'AddSaltAndPepperNoise' fonksiyonu inaktif.
[22:27:03] 'MeanFilter' fonksiyonu inaktif.
[22:27:03] 'MedianFilter' fonksiyonu inaktif.
[22:27:03] 'Dilate' fonksiyonu inaktif.
[22:27:03] 'AdaptiveThreshold' fonksiyonu inaktif.
[22:27:03] 'Open' fonksiyonu inaktif.
[22:27:03] 'Close' fonksiyonu inaktif.
[22:27:03] 'RGB' fonksiyonu inaktif.
[22:27:03] 'Stretch' fonksiyonu inaktif.
[22:27:03] 'Erode' fonksiyonu aktif.
[22:27:06] 'Erode' fonksiyonu inaktif.
[22:27:06] 'Zoom' fonksiyonu inaktif.
[22:27:06] 'Brightness' fonksiyonu inaktif.
[22:27:06] 'Contrast' fonksiyonu inaktif.
[22:27:06] 'MakeGray' fonksiyonu inaktif.
[22:27:06] 'Binarize' fonksiyonu inaktif.
[22:27:06] 'Shifter' fonksiyonu inaktif.
[22:27:06] 'Rotate' fonksiyonu inaktif.
[22:27:06] 'Morph' fonksiyonu inaktif.
[22:27:06] 'ApplyFilter' fonksiyonu inaktif.
[22:27:06] 'Convolute' fonksiyonu inaktif.
[22:27:06] 'EdgeDetection' fonksiyonu inaktif.
[22:27:06] 'AddSaltAndPepperNoise' fonksiyonu inaktif.
[22:27:06] 'MeanFilter' fonksiyonu inaktif.
[22:27:06] 'MedianFilter' fonksiyonu inaktif.
[22:27:06] 'AdaptiveThreshold' fonksiyonu inaktif.
[22:27:06] 'Open' fonksiyonu inaktif.
[22:27:06] 'Close' fonksiyonu inaktif.
[22:27:06] 'RGB' fonksiyonu inaktif.
[22:27:06] 'Stretch' fonksiyonu inaktif.
[22:27:06] 'Dİlate' fonksiyonu aktif.
[22:27:09] 'Dilate' fonksiyonu inaktif.
[22:27:11] 'Zoom' fonksiyonu inaktif.
[22:27:11] 'Brightness' fonksiyonu inaktif.
[22:27:11] 'Contrast' fonksiyonu inaktif.
[22:27:11] 'MakeGray' fonksiyonu inaktif.
[22:27:11] 'Binarize' fonksiyonu inaktif.
[22:27:11] 'Shifter' fonksiyonu inaktif.
[22:27:11] 'Rotate' fonksiyonu inaktif.
[22:27:11] 'Morph' fonksiyonu inaktif.
[22:27:11] 'ApplyFilter' fonksiyonu inaktif.
[22:27:11] 'Convolute' fonksiyonu inaktif.
[22:27:11] 'EdgeDetection' fonksiyonu inaktif.
[22:27:11] 'AddSaltAndPepperNoise' fonksiyonu inaktif.
[22:27:11] 'MeanFilter' fonksiyonu inaktif.
[22:27:11] 'MedianFilter' fonksiyonu inaktif.
[22:27:11] 'Dilate' fonksiyonu inaktif.
[22:27:11] 'Open' fonksiyonu inaktif.
[22:27:11] 'Close' fonksiyonu inaktif.
[22:27:11] 'RGB' fonksiyonu inaktif.
[22:27:11] 'Stretch' fonksiyonu inaktif.
[22:27:11] 'AdaptiveThreshold' fonksiyonu aktif.
[22:27:15] 'AdaptiveThreshold' fonksiyonu inaktif.
[22:27:15] 'Zoom' fonksiyonu inaktif.
[22:27:15] 'Contrast' fonksiyonu inaktif.
[22:27:15] 'MakeGray' fonksiyonu inaktif.
[22:27:15] 'Binarize' fonksiyonu inaktif.
[22:27:15] 'Shifter' fonksiyonu inaktif.
[22:27:15] 'Rotate' fonksiyonu inaktif.
[22:27:15] 'Morph' fonksiyonu inaktif.
[22:27:15] 'ApplyFilter' fonksiyonu inaktif.
[22:27:15] 'Convolute' fonksiyonu inaktif.
[22:27:15] 'EdgeDetection' fonksiyonu inaktif.
[22:27:15] 'AddSaltAndPepperNoise' fonksiyonu inaktif.
[22:27:15] 'MeanFilter' fonksiyonu inaktif.
[22:27:15] 'MedianFilter' fonksiyonu inaktif.
[22:27:15] 'Dilate' fonksiyonu inaktif.
[22:27:15] 'AdaptiveThreshold' fonksiyonu inaktif.
[22:27:15] 'Open' fonksiyonu inaktif.
[22:27:15] 'Close' fonksiyonu inaktif.
[22:27:15] 'RGB' fonksiyonu inaktif.
[22:27:15] 'Stretch' fonksiyonu inaktif.
[22:27:15] 'Brightness' fonksiyonu aktif.
[22:27:16] 'Brightness' fonksiyonu inaktif.
[22:27:16] 'Zoom' fonksiyonu inaktif.
[22:27:16] 'Brightness' fonksiyonu inaktif.
[22:27:16] 'Contrast' fonksiyonu inaktif.
[22:27:16] 'MakeGray' fonksiyonu inaktif.
[22:27:16] 'Shifter' fonksiyonu inaktif.
[22:27:16] 'Rotate' fonksiyonu inaktif.
[22:27:16] 'Morph' fonksiyonu inaktif.
[22:27:16] 'ApplyFilter' fonksiyonu inaktif.
[22:27:16] 'Convolute' fonksiyonu inaktif.
[22:27:16] 'EdgeDetection' fonksiyonu inaktif.
[22:27:16] 'AddSaltAndPepperNoise' fonksiyonu inaktif.
[22:27:16] 'MeanFilter' fonksiyonu inaktif.
[22:27:16] 'MedianFilter' fonksiyonu inaktif.
[22:27:16] 'Dilate' fonksiyonu inaktif.
[22:27:16] 'AdaptiveThreshold' fonksiyonu inaktif.
[22:27:16] 'Open' fonksiyonu inaktif.
[22:27:16] 'Close' fonksiyonu inaktif.
[22:27:16] 'RGB' fonksiyonu inaktif.
[22:27:16] 'Stretch' fonksiyonu inaktif.
[22:27:16] 'Binarize' fonksiyonu aktif.
[22:27:28] 'Binarize' fonksiyonu inaktif.
[22:27:29] 'Zoom' fonksiyonu inaktif.
[22:27:29] 'Brightness' fonksiyonu inaktif.
[22:27:29] 'Contrast' fonksiyonu inaktif.
[22:27:29] 'MakeGray' fonksiyonu inaktif.
[22:27:29] 'Binarize' fonksiyonu inaktif.
[22:27:29] 'Rotate' fonksiyonu inaktif.
[22:27:29] 'Morph' fonksiyonu inaktif.
[22:27:29] 'ApplyFilter' fonksiyonu inaktif.
[22:27:29] 'Convolute' fonksiyonu inaktif.
[22:27:29] 'EdgeDetection' fonksiyonu inaktif.
[22:27:29] 'AddSaltAndPepperNoise' fonksiyonu inaktif.
[22:27:29] 'MeanFilter' fonksiyonu inaktif.
[22:27:29] 'MedianFilter' fonksiyonu inaktif.
[22:27:29] 'Dilate' fonksiyonu inaktif.
[22:27:29] 'AdaptiveThreshold' fonksiyonu inaktif.
[22:27:29] 'Open' fonksiyonu inaktif.
[22:27:29] 'Close' fonksiyonu inaktif.
[22:27:29] 'RGB' fonksiyonu inaktif.
[22:27:29] 'Stretch' fonksiyonu inaktif.
[22:27:29] 'Shift' fonksiyonu aktif.
[22:27:33] 'Shifter' fonksiyonu inaktif.
[22:27:33] 'Zoom' fonksiyonu inaktif.
[22:27:33] 'Brightness' fonksiyonu inaktif.
[22:27:33] 'Contrast' fonksiyonu inaktif.
[22:27:33] 'MakeGray' fonksiyonu inaktif.
[22:27:33] 'Binarize' fonksiyonu inaktif.
[22:27:33] 'Rotate' fonksiyonu inaktif.
[22:27:33] 'Morph' fonksiyonu inaktif.
[22:27:33] 'ApplyFilter' fonksiyonu inaktif.
[22:27:33] 'Convolute' fonksiyonu inaktif.
[22:27:33] 'EdgeDetection' fonksiyonu inaktif.
[22:27:33] 'AddSaltAndPepperNoise' fonksiyonu inaktif.
[22:27:33] 'MeanFilter' fonksiyonu inaktif.
[22:27:33] 'MedianFilter' fonksiyonu inaktif.
[22:27:33] 'Dilate' fonksiyonu inaktif.
[22:27:33] 'AdaptiveThreshold' fonksiyonu inaktif.
[22:27:33] 'Open' fonksiyonu inaktif.
[22:27:33] 'Close' fonksiyonu inaktif.
[22:27:33] 'RGB' fonksiyonu inaktif.
[22:27:33] 'Stretch' fonksiyonu inaktif.
[22:27:33] 'Shift' fonksiyonu aktif.
[22:27:34] 'Shifter' fonksiyonu inaktif.
[22:27:34] 'Zoom' fonksiyonu inaktif.
[22:27:34] 'Brightness' fonksiyonu inaktif.
[22:27:34] 'Contrast' fonksiyonu inaktif.
[22:27:34] 'MakeGray' fonksiyonu inaktif.
[22:27:34] 'Binarize' fonksiyonu inaktif.
[22:27:34] 'Rotate' fonksiyonu inaktif.
[22:27:34] 'Morph' fonksiyonu inaktif.
[22:27:34] 'ApplyFilter' fonksiyonu inaktif.
[22:27:34] 'Convolute' fonksiyonu inaktif.
[22:27:34] 'EdgeDetection' fonksiyonu inaktif.
[22:27:34] 'AddSaltAndPepperNoise' fonksiyonu inaktif.
[22:27:34] 'MeanFilter' fonksiyonu inaktif.
[22:27:34] 'MedianFilter' fonksiyonu inaktif.
[22:27:34] 'Dilate' fonksiyonu inaktif.
[22:27:34] 'AdaptiveThreshold' fonksiyonu inaktif.
[22:27:34] 'Open' fonksiyonu inaktif.
[22:27:34] 'Close' fonksiyonu inaktif.
[22:27:34] 'RGB' fonksiyonu inaktif.
[22:27:34] 'Stretch' fonksiyonu inaktif.
[22:27:34] 'Shift' fonksiyonu aktif.
[22:27:35] 'Shifter' fonksiyonu inaktif.
[22:27:35] 'Zoom' fonksiyonu inaktif.
[22:27:35] 'Brightness' fonksiyonu inaktif.
[22:27:35] 'Contrast' fonksiyonu inaktif.
[22:27:35] 'MakeGray' fonksiyonu inaktif.
[22:27:35] 'Binarize' fonksiyonu inaktif.
[22:27:35] 'Rotate' fonksiyonu inaktif.
[22:27:35] 'Morph' fonksiyonu inaktif.
[22:27:35] 'ApplyFilter' fonksiyonu inaktif.
[22:27:35] 'Convolute' fonksiyonu inaktif.
[22:27:35] 'EdgeDetection' fonksiyonu inaktif.
[22:27:35] 'AddSaltAndPepperNoise' fonksiyonu inaktif.
[22:27:35] 'MeanFilter' fonksiyonu inaktif.
[22:27:35] 'MedianFilter' fonksiyonu inaktif.
[22:27:35] 'Dilate' fonksiyonu inaktif.
[22:27:35] 'AdaptiveThreshold' fonksiyonu inaktif.
[22:27:35] 'Open' fonksiyonu inaktif.
[22:27:35] 'Close' fonksiyonu inaktif.
[22:27:35] 'RGB' fonksiyonu inaktif.
[22:27:35] 'Stretch' fonksiyonu inaktif.
[22:27:35] 'Shift' fonksiyonu aktif.
[22:27:36] 'Shifter' fonksiyonu inaktif.
[22:28:11] 'Zoom' fonksiyonu inaktif.
[22:28:11] 'Brightness' fonksiyonu inaktif.
[22:28:11] 'MakeGray' fonksiyonu inaktif.
[22:28:11] 'Binarize' fonksiyonu inaktif.
[22:28:11] 'Shifter' fonksiyonu inaktif.
[22:28:11] 'Rotate' fonksiyonu inaktif.
[22:28:11] 'Morph' fonksiyonu inaktif.
[22:28:11] 'ApplyFilter' fonksiyonu inaktif.
[22:28:11] 'Convolute' fonksiyonu inaktif.
[22:28:11] 'EdgeDetection' fonksiyonu inaktif.
[22:28:11] 'AddSaltAndPepperNoise' fonksiyonu inaktif.
[22:28:11] 'MeanFilter' fonksiyonu inaktif.
[22:28:11] 'MedianFilter' fonksiyonu inaktif.
[22:28:11] 'Dilate' fonksiyonu inaktif.
[22:28:11] 'AdaptiveThreshold' fonksiyonu inaktif.
[22:28:11] 'Open' fonksiyonu inaktif.
[22:28:11] 'Close' fonksiyonu inaktif.
[22:28:11] 'RGB' fonksiyonu inaktif.
[22:28:11] 'Stretch' fonksiyonu inaktif.
[22:28:11] 'Contrast' fonksiyonu aktif.
[22:28:15] 'Zoom' fonksiyonu inaktif.
[22:28:15] 'Brightness' fonksiyonu inaktif.
[22:28:15] 'Contrast' fonksiyonu inaktif.
[22:28:15] 'MakeGray' fonksiyonu inaktif.
[22:28:15] 'Binarize' fonksiyonu inaktif.
[22:28:15] 'Shifter' fonksiyonu inaktif.
[22:28:15] 'Rotate' fonksiyonu inaktif.
[22:28:15] 'Morph' fonksiyonu inaktif.
[22:28:15] 'ApplyFilter' fonksiyonu inaktif.
[22:28:15] 'Convolute' fonksiyonu inaktif.
[22:28:15] 'EdgeDetection' fonksiyonu inaktif.
[22:28:15] 'AddSaltAndPepperNoise' fonksiyonu inaktif.
[22:28:15] 'MeanFilter' fonksiyonu inaktif.
[22:28:15] 'MedianFilter' fonksiyonu inaktif.
[22:28:15] 'Dilate' fonksiyonu inaktif.
[22:28:15] 'AdaptiveThreshold' fonksiyonu inaktif.
[22:28:15] 'Open' fonksiyonu inaktif.
[22:28:15] 'Close' fonksiyonu inaktif.
[22:28:15] 'RGB' fonksiyonu inaktif.
[22:28:15] 'Stretch' fonksiyonu inaktif.
[22:28:25] 'Zoom' fonksiyonu inaktif.
[22:28:25] 'Brightness' fonksiyonu inaktif.
[22:28:25] 'Contrast' fonksiyonu inaktif.
[22:28:25] 'MakeGray' fonksiyonu inaktif.
[22:28:25] 'Binarize' fonksiyonu inaktif.
[22:28:25] 'Shifter' fonksiyonu inaktif.
[22:28:25] 'Rotate' fonksiyonu inaktif.
[22:28:25] 'Morph' fonksiyonu inaktif.
[22:28:25] 'ApplyFilter' fonksiyonu inaktif.
[22:28:25] 'Convolute' fonksiyonu inaktif.
[22:28:25] 'EdgeDetection' fonksiyonu inaktif.
[22:28:25] 'AddSaltAndPepperNoise' fonksiyonu inaktif.
[22:28:25] 'MeanFilter' fonksiyonu inaktif.
[22:28:25] 'MedianFilter' fonksiyonu inaktif.
[22:28:25] 'Dilate' fonksiyonu inaktif.
[22:28:25] 'AdaptiveThreshold' fonksiyonu inaktif.
[22:28:25] 'Open' fonksiyonu inaktif.
[22:28:25] 'Close' fonksiyonu inaktif.
[22:28:25] 'RGB' fonksiyonu inaktif.
[22:28:25] 'Stretch' fonksiyonu aktif.
[22:28:26] 'Zoom' fonksiyonu inaktif.
[22:28:26] 'Brightness' fonksiyonu inaktif.
[22:28:26] 'Contrast' fonksiyonu inaktif.
[22:28:26] 'MakeGray' fonksiyonu inaktif.
[22:28:26] 'Binarize' fonksiyonu inaktif.
[22:28:26] 'Shifter' fonksiyonu inaktif.
[22:28:26] 'Rotate' fonksiyonu inaktif.
[22:28:26] 'Morph' fonksiyonu inaktif.
[22:28:26] 'ApplyFilter' fonksiyonu inaktif.
[22:28:26] 'Convolute' fonksiyonu inaktif.
[22:28:26] 'EdgeDetection' fonksiyonu inaktif.
[22:28:26] 'AddSaltAndPepperNoise' fonksiyonu inaktif.
[22:28:26] 'MeanFilter' fonksiyonu inaktif.
[22:28:26] 'MedianFilter' fonksiyonu inaktif.
[22:28:26] 'Dilate' fonksiyonu inaktif.
[22:28:26] 'AdaptiveThreshold' fonksiyonu inaktif.
[22:28:26] 'Open' fonksiyonu inaktif.
[22:28:26] 'Close' fonksiyonu inaktif.
[22:28:26] 'RGB' fonksiyonu inaktif.
[22:28:26] 'Stretch' fonksiyonu inaktif.
[22:28:37] 'Zoom' fonksiyonu inaktif.
[22:28:37] 'Brightness' fonksiyonu inaktif.
[22:28:37] 'Contrast' fonksiyonu inaktif.
[22:28:37] 'MakeGray' fonksiyonu inaktif.
[22:28:37] 'Binarize' fonksiyonu inaktif.
[22:28:37] 'Shifter' fonksiyonu inaktif.
[22:28:37] 'Rotate' fonksiyonu inaktif.
[22:28:37] 'Morph' fonksiyonu inaktif.
[22:28:37] 'ApplyFilter' fonksiyonu inaktif.
[22:28:37] 'Convolute' fonksiyonu inaktif.
[22:28:37] 'EdgeDetection' fonksiyonu inaktif.
[22:28:37] 'AddSaltAndPepperNoise' fonksiyonu inaktif.
[22:28:37] 'MeanFilter' fonksiyonu inaktif.
[22:28:37] 'MedianFilter' fonksiyonu inaktif.
[22:28:37] 'Dilate' fonksiyonu inaktif.
[22:28:37] 'AdaptiveThreshold' fonksiyonu inaktif.
[22:28:37] 'Open' fonksiyonu inaktif.
[22:28:37] 'Close' fonksiyonu inaktif.
[22:28:37] 'RGB' fonksiyonu inaktif.
[22:28:37] 'Stretch' fonksiyonu aktif.
[22:28:37] 'Zoom' fonksiyonu inaktif.
[22:28:37] 'Brightness' fonksiyonu inaktif.
[22:28:37] 'Contrast' fonksiyonu inaktif.
[22:28:37] 'MakeGray' fonksiyonu inaktif.
[22:28:37] 'Binarize' fonksiyonu inaktif.
[22:28:37] 'Shifter' fonksiyonu inaktif.
[22:28:37] 'Rotate' fonksiyonu inaktif.
[22:28:37] 'Morph' fonksiyonu inaktif.
[22:28:37] 'ApplyFilter' fonksiyonu inaktif.
[22:28:37] 'Convolute' fonksiyonu inaktif.
[22:28:37] 'EdgeDetection' fonksiyonu inaktif.
[22:28:37] 'AddSaltAndPepperNoise' fonksiyonu inaktif.
[22:28:37] 'MeanFilter' fonksiyonu inaktif.
[22:28:37] 'MedianFilter' fonksiyonu inaktif.
[22:28:37] 'Dilate' fonksiyonu inaktif.
[22:28:37] 'AdaptiveThreshold' fonksiyonu inaktif.
[22:28:37] 'Open' fonksiyonu inaktif.
[22:28:37] 'Close' fonksiyonu inaktif.
[22:28:37] 'RGB' fonksiyonu inaktif.
[22:28:37] 'Stretch' fonksiyonu inaktif.
[22:28:45] 'Zoom' fonksiyonu inaktif.
[22:28:45] 'Brightness' fonksiyonu inaktif.
[22:28:45] 'Contrast' fonksiyonu inaktif.
[22:28:45] 'MakeGray' fonksiyonu inaktif.
[22:28:45] 'Binarize' fonksiyonu inaktif.
[22:28:45] 'Shifter' fonksiyonu inaktif.
[22:28:45] 'Rotate' fonksiyonu inaktif.
[22:28:45] 'Morph' fonksiyonu inaktif.
[22:28:45] 'ApplyFilter' fonksiyonu inaktif.
[22:28:45] 'Convolute' fonksiyonu inaktif.
[22:28:45] 'EdgeDetection' fonksiyonu inaktif.
[22:28:45] 'AddSaltAndPepperNoise' fonksiyonu inaktif.
[22:28:45] 'MeanFilter' fonksiyonu inaktif.
[22:28:45] 'MedianFilter' fonksiyonu inaktif.
[22:28:45] 'Dilate' fonksiyonu inaktif.
[22:28:45] 'AdaptiveThreshold' fonksiyonu inaktif.
[22:28:45] 'Open' fonksiyonu inaktif.
[22:28:45] 'Close' fonksiyonu inaktif.
[22:28:45] 'RGB' fonksiyonu inaktif.
[22:28:45] 'Stretch' fonksiyonu inaktif.
[22:28:47] 'Zoom' fonksiyonu inaktif.
[22:28:47] 'Brightness' fonksiyonu inaktif.
[22:28:47] 'Contrast' fonksiyonu inaktif.
[22:28:47] 'MakeGray' fonksiyonu inaktif.
[22:28:47] 'Binarize' fonksiyonu inaktif.
[22:28:47] 'Shifter' fonksiyonu inaktif.
[22:28:47] 'Rotate' fonksiyonu inaktif.
[22:28:47] 'Morph' fonksiyonu inaktif.
[22:28:47] 'ApplyFilter' fonksiyonu inaktif.
[22:28:47] 'Convolute' fonksiyonu inaktif.
[22:28:47] 'EdgeDetection' fonksiyonu inaktif.
[22:28:47] 'AddSaltAndPepperNoise' fonksiyonu inaktif.
[22:28:47] 'MeanFilter' fonksiyonu inaktif.
[22:28:47] 'MedianFilter' fonksiyonu inaktif.
[22:28:47] 'Dilate' fonksiyonu inaktif.
[22:28:47] 'AdaptiveThreshold' fonksiyonu inaktif.
[22:28:47] 'Open' fonksiyonu inaktif.
[22:28:47] 'Close' fonksiyonu inaktif.
[22:28:47] 'RGB' fonksiyonu inaktif.
[22:28:47] 'Stretch' fonksiyonu aktif.
[22:28:48] 'Zoom' fonksiyonu inaktif.
[22:28:48] 'Brightness' fonksiyonu inaktif.
[22:28:48] 'Contrast' fonksiyonu inaktif.
[22:28:48] 'MakeGray' fonksiyonu inaktif.
[22:28:48] 'Binarize' fonksiyonu inaktif.
[22:28:48] 'Shifter' fonksiyonu inaktif.
[22:28:48] 'Rotate' fonksiyonu inaktif.
[22:28:48] 'Morph' fonksiyonu inaktif.
[22:28:48] 'ApplyFilter' fonksiyonu inaktif.
[22:28:48] 'Convolute' fonksiyonu inaktif.
[22:28:48] 'EdgeDetection' fonksiyonu inaktif.
[22:28:48] 'AddSaltAndPepperNoise' fonksiyonu inaktif.
[22:28:48] 'MeanFilter' fonksiyonu inaktif.
[22:28:48] 'MedianFilter' fonksiyonu inaktif.
[22:28:48] 'Dilate' fonksiyonu inaktif.
[22:28:48] 'AdaptiveThreshold' fonksiyonu inaktif.
[22:28:48] 'Open' fonksiyonu inaktif.
[22:28:48] 'Close' fonksiyonu inaktif.
[22:28:48] 'RGB' fonksiyonu inaktif.
[22:28:48] 'Stretch' fonksiyonu inaktif.
[22:28:59] 'Zoom' fonksiyonu inaktif.
[22:28:59] 'Brightness' fonksiyonu inaktif.
[22:28:59] 'Contrast' fonksiyonu inaktif.
[22:28:59] 'MakeGray' fonksiyonu inaktif.
[22:28:59] 'Binarize' fonksiyonu inaktif.
[22:28:59] 'Shifter' fonksiyonu inaktif.
[22:28:59] 'Rotate' fonksiyonu inaktif.
[22:28:59] 'Morph' fonksiyonu inaktif.
[22:28:59] 'ApplyFilter' fonksiyonu inaktif.
[22:28:59] 'Convolute' fonksiyonu inaktif.
[22:28:59] 'EdgeDetection' fonksiyonu inaktif.
[22:28:59] 'AddSaltAndPepperNoise' fonksiyonu inaktif.
[22:28:59] 'MeanFilter' fonksiyonu inaktif.
[22:28:59] 'MedianFilter' fonksiyonu inaktif.
[22:28:59] 'Dilate' fonksiyonu inaktif.
[22:28:59] 'AdaptiveThreshold' fonksiyonu inaktif.
[22:28:59] 'Open' fonksiyonu inaktif.
[22:28:59] 'Close' fonksiyonu inaktif.
[22:28:59] 'RGB' fonksiyonu inaktif.
[22:28:59] 'Stretch' fonksiyonu inaktif.
[22:29:01] 'Zoom' fonksiyonu inaktif.
[22:29:01] 'Brightness' fonksiyonu inaktif.
[22:29:01] 'Contrast' fonksiyonu inaktif.
[22:29:01] 'MakeGray' fonksiyonu inaktif.
[22:29:01] 'Binarize' fonksiyonu inaktif.
[22:29:01] 'Shifter' fonksiyonu inaktif.
[22:29:01] 'Rotate' fonksiyonu inaktif.
[22:29:01] 'Morph' fonksiyonu inaktif.
[22:29:01] 'ApplyFilter' fonksiyonu inaktif.
[22:29:01] 'Convolute' fonksiyonu inaktif.
[22:29:01] 'EdgeDetection' fonksiyonu inaktif.
[22:29:01] 'AddSaltAndPepperNoise' fonksiyonu inaktif.
[22:29:01] 'MeanFilter' fonksiyonu inaktif.
[22:29:01] 'MedianFilter' fonksiyonu inaktif.
[22:29:01] 'Dilate' fonksiyonu inaktif.
[22:29:01] 'AdaptiveThreshold' fonksiyonu inaktif.
[22:29:01] 'Open' fonksiyonu inaktif.
[22:29:01] 'Close' fonksiyonu inaktif.
[22:29:01] 'RGB' fonksiyonu inaktif.
[22:29:01] 'Stretch' fonksiyonu aktif.
[22:29:03] 'Zoom' fonksiyonu inaktif.
[22:29:03] 'Brightness' fonksiyonu inaktif.
[22:29:03] 'Contrast' fonksiyonu inaktif.
[22:29:03] 'MakeGray' fonksiyonu inaktif.
[22:29:03] 'Binarize' fonksiyonu inaktif.
[22:29:03] 'Shifter' fonksiyonu inaktif.
[22:29:03] 'Rotate' fonksiyonu inaktif.
[22:29:03] 'Morph' fonksiyonu inaktif.
[22:29:03] 'ApplyFilter' fonksiyonu inaktif.
[22:29:03] 'Convolute' fonksiyonu inaktif.
[22:29:03] 'EdgeDetection' fonksiyonu inaktif.
[22:29:03] 'AddSaltAndPepperNoise' fonksiyonu inaktif.
[22:29:03] 'MeanFilter' fonksiyonu inaktif.
[22:29:03] 'MedianFilter' fonksiyonu inaktif.
[22:29:03] 'Dilate' fonksiyonu inaktif.
[22:29:03] 'AdaptiveThreshold' fonksiyonu inaktif.
[22:29:03] 'Open' fonksiyonu inaktif.
[22:29:03] 'Close' fonksiyonu inaktif.
[22:29:03] 'RGB' fonksiyonu inaktif.
[22:29:03] 'Stretch' fonksiyonu inaktif.
[22:29:23] 'Zoom' fonksiyonu inaktif.
[22:29:23] 'Brightness' fonksiyonu inaktif.
[22:29:23] 'Contrast' fonksiyonu inaktif.
[22:29:23] 'MakeGray' fonksiyonu inaktif.
[22:29:23] 'Binarize' fonksiyonu inaktif.
[22:29:23] 'Shifter' fonksiyonu inaktif.
[22:29:23] 'Rotate' fonksiyonu inaktif.
[22:29:23] 'Morph' fonksiyonu inaktif.
[22:29:23] 'ApplyFilter' fonksiyonu inaktif.
[22:29:23] 'Convolute' fonksiyonu inaktif.
[22:29:23] 'EdgeDetection' fonksiyonu inaktif.
[22:29:23] 'AddSaltAndPepperNoise' fonksiyonu inaktif.
[22:29:23] 'MeanFilter' fonksiyonu inaktif.
[22:29:23] 'MedianFilter' fonksiyonu inaktif.
[22:29:23] 'Dilate' fonksiyonu inaktif.
[22:29:23] 'AdaptiveThreshold' fonksiyonu inaktif.
[22:29:23] 'Open' fonksiyonu inaktif.
[22:29:23] 'Close' fonksiyonu inaktif.
[22:29:23] 'RGB' fonksiyonu inaktif.
[22:29:23] 'Stretch' fonksiyonu inaktif.
[22:29:25] 'Zoom' fonksiyonu inaktif.
[22:29:25] 'Brightness' fonksiyonu inaktif.
[22:29:25] 'Contrast' fonksiyonu inaktif.
[22:29:25] 'MakeGray' fonksiyonu inaktif.
[22:29:25] 'Binarize' fonksiyonu inaktif.
[22:29:25] 'Shifter' fonksiyonu inaktif.
[22:29:25] 'Rotate' fonksiyonu inaktif.
[22:29:25] 'Morph' fonksiyonu inaktif.
[22:29:25] 'ApplyFilter' fonksiyonu inaktif.
[22:29:25] 'Convolute' fonksiyonu inaktif.
[22:29:25] 'EdgeDetection' fonksiyonu inaktif.
[22:29:25] 'AddSaltAndPepperNoise' fonksiyonu inaktif.
[22:29:25] 'MeanFilter' fonksiyonu inaktif.
[22:29:25] 'MedianFilter' fonksiyonu inaktif.
[22:29:25] 'Dilate' fonksiyonu inaktif.
[22:29:25] 'AdaptiveThreshold' fonksiyonu inaktif.
[22:29:25] 'Open' fonksiyonu inaktif.
[22:29:25] 'Close' fonksiyonu inaktif.
[22:29:25] 'RGB' fonksiyonu inaktif.
[22:29:25] 'Stretch' fonksiyonu aktif.
[22:29:26] 'Zoom' fonksiyonu inaktif.
[22:29:26] 'Brightness' fonksiyonu inaktif.
[22:29:26] 'Contrast' fonksiyonu inaktif.
[22:29:26] 'MakeGray' fonksiyonu inaktif.
[22:29:26] 'Binarize' fonksiyonu inaktif.
[22:29:26] 'Shifter' fonksiyonu inaktif.
[22:29:26] 'Rotate' fonksiyonu inaktif.
[22:29:26] 'Morph' fonksiyonu inaktif.
[22:29:26] 'ApplyFilter' fonksiyonu inaktif.
[22:29:26] 'Convolute' fonksiyonu inaktif.
[22:29:26] 'EdgeDetection' fonksiyonu inaktif.
[22:29:26] 'AddSaltAndPepperNoise' fonksiyonu inaktif.
[22:29:26] 'MeanFilter' fonksiyonu inaktif.
[22:29:26] 'MedianFilter' fonksiyonu inaktif.
[22:29:26] 'Dilate' fonksiyonu inaktif.
[22:29:26] 'AdaptiveThreshold' fonksiyonu inaktif.
[22:29:26] 'Open' fonksiyonu inaktif.
[22:29:26] 'Close' fonksiyonu inaktif.
[22:29:26] 'RGB' fonksiyonu inaktif.
[22:29:26] 'Stretch' fonksiyonu inaktif.
[22:29:33] 'Zoom' fonksiyonu inaktif.
[22:29:33] 'Brightness' fonksiyonu inaktif.
[22:29:33] 'Contrast' fonksiyonu inaktif.
[22:29:33] 'MakeGray' fonksiyonu inaktif.
[22:29:33] 'Binarize' fonksiyonu inaktif.
[22:29:33] 'Shifter' fonksiyonu inaktif.
[22:29:33] 'Rotate' fonksiyonu inaktif.
[22:29:33] 'Morph' fonksiyonu inaktif.
[22:29:33] 'ApplyFilter' fonksiyonu inaktif.
[22:29:33] 'Convolute' fonksiyonu inaktif.
[22:29:33] 'EdgeDetection' fonksiyonu inaktif.
[22:29:33] 'AddSaltAndPepperNoise' fonksiyonu inaktif.
[22:29:33] 'MeanFilter' fonksiyonu inaktif.
[22:29:33] 'MedianFilter' fonksiyonu inaktif.
[22:29:33] 'Dilate' fonksiyonu inaktif.
[22:29:33] 'AdaptiveThreshold' fonksiyonu inaktif.
[22:29:33] 'Open' fonksiyonu inaktif.
[22:29:33] 'Close' fonksiyonu inaktif.
[22:29:33] 'RGB' fonksiyonu inaktif.
[22:29:33] 'Stretch' fonksiyonu aktif.
[22:29:34] 'Zoom' fonksiyonu inaktif.
[22:29:34] 'Brightness' fonksiyonu inaktif.
[22:29:34] 'Contrast' fonksiyonu inaktif.
[22:29:34] 'MakeGray' fonksiyonu inaktif.
[22:29:34] 'Binarize' fonksiyonu inaktif.
[22:29:34] 'Shifter' fonksiyonu inaktif.
[22:29:34] 'Rotate' fonksiyonu inaktif.
[22:29:34] 'Morph' fonksiyonu inaktif.
[22:29:34] 'ApplyFilter' fonksiyonu inaktif.
[22:29:34] 'Convolute' fonksiyonu inaktif.
[22:29:34] 'EdgeDetection' fonksiyonu inaktif.
[22:29:34] 'AddSaltAndPepperNoise' fonksiyonu inaktif.
[22:29:34] 'MeanFilter' fonksiyonu inaktif.
[22:29:34] 'MedianFilter' fonksiyonu inaktif.
[22:29:34] 'Dilate' fonksiyonu inaktif.
[22:29:34] 'AdaptiveThreshold' fonksiyonu inaktif.
[22:29:34] 'Open' fonksiyonu inaktif.
[22:29:34] 'Close' fonksiyonu inaktif.
[22:29:34] 'RGB' fonksiyonu inaktif.
[22:29:34] 'Stretch' fonksiyonu inaktif.
[22:29:47] 'Zoom' fonksiyonu inaktif.
[22:29:47] 'Brightness' fonksiyonu inaktif.
[22:29:47] 'Contrast' fonksiyonu inaktif.
[22:29:47] 'MakeGray' fonksiyonu inaktif.
[22:29:47] 'Binarize' fonksiyonu inaktif.
[22:29:47] 'Shifter' fonksiyonu inaktif.
[22:29:47] 'Rotate' fonksiyonu inaktif.
[22:29:47] 'Morph' fonksiyonu inaktif.
[22:29:47] 'ApplyFilter' fonksiyonu inaktif.
[22:29:47] 'Convolute' fonksiyonu inaktif.
[22:29:47] 'EdgeDetection' fonksiyonu inaktif.
[22:29:47] 'AddSaltAndPepperNoise' fonksiyonu inaktif.
[22:29:47] 'MeanFilter' fonksiyonu inaktif.
[22:29:47] 'MedianFilter' fonksiyonu inaktif.
[22:29:47] 'Dilate' fonksiyonu inaktif.
[22:29:47] 'AdaptiveThreshold' fonksiyonu inaktif.
[22:29:47] 'Open' fonksiyonu inaktif.
[22:29:47] 'Close' fonksiyonu inaktif.
[22:29:47] 'RGB' fonksiyonu inaktif.
[22:29:47] 'Stretch' fonksiyonu aktif.
[22:29:48] 'Zoom' fonksiyonu inaktif.
[22:29:48] 'Brightness' fonksiyonu inaktif.
[22:29:48] 'Contrast' fonksiyonu inaktif.
[22:29:48] 'MakeGray' fonksiyonu inaktif.
[22:29:48] 'Binarize' fonksiyonu inaktif.
[22:29:48] 'Shifter' fonksiyonu inaktif.
[22:29:48] 'Rotate' fonksiyonu inaktif.
[22:29:48] 'Morph' fonksiyonu inaktif.
[22:29:48] 'ApplyFilter' fonksiyonu inaktif.
[22:29:48] 'Convolute' fonksiyonu inaktif.
[22:29:48] 'EdgeDetection' fonksiyonu inaktif.
[22:29:48] 'AddSaltAndPepperNoise' fonksiyonu inaktif.
[22:29:48] 'MeanFilter' fonksiyonu inaktif.
[22:29:48] 'MedianFilter' fonksiyonu inaktif.
[22:29:48] 'Dilate' fonksiyonu inaktif.
[22:29:48] 'AdaptiveThreshold' fonksiyonu inaktif.
[22:29:48] 'Open' fonksiyonu inaktif.
[22:29:48] 'Close' fonksiyonu inaktif.
[22:29:48] 'RGB' fonksiyonu inaktif.
[22:29:48] 'Stretch' fonksiyonu inaktif.
[22:30:08] 'Zoom' fonksiyonu inaktif.
[22:30:08] 'Brightness' fonksiyonu inaktif.
[22:30:08] 'Contrast' fonksiyonu inaktif.
[22:30:08] 'Binarize' fonksiyonu inaktif.
[22:30:08] 'Shifter' fonksiyonu inaktif.
[22:30:08] 'Rotate' fonksiyonu inaktif.
[22:30:08] 'Morph' fonksiyonu inaktif.
[22:30:08] 'ApplyFilter' fonksiyonu inaktif.
[22:30:08] 'Convolute' fonksiyonu inaktif.
[22:30:08] 'EdgeDetection' fonksiyonu inaktif.
[22:30:08] 'AddSaltAndPepperNoise' fonksiyonu inaktif.
[22:30:08] 'MeanFilter' fonksiyonu inaktif.
[22:30:08] 'MedianFilter' fonksiyonu inaktif.
[22:30:08] 'Dilate' fonksiyonu inaktif.
[22:30:08] 'AdaptiveThreshold' fonksiyonu inaktif.
[22:30:08] 'Open' fonksiyonu inaktif.
[22:30:08] 'Close' fonksiyonu inaktif.
[22:30:08] 'RGB' fonksiyonu inaktif.
[22:30:08] 'Stretch' fonksiyonu inaktif.
[22:30:08] 'MakeGray' fonksiyonu aktif.
[22:30:09] 'MakeGray' fonksiyonu inaktif.
[22:30:09] 'Zoom' fonksiyonu inaktif.
[22:30:09] 'Brightness' fonksiyonu inaktif.
[22:30:09] 'Contrast' fonksiyonu inaktif.
[22:30:09] 'MakeGray' fonksiyonu inaktif.
[22:30:09] 'Binarize' fonksiyonu inaktif.
[22:30:09] 'Shifter' fonksiyonu inaktif.
[22:30:09] 'Rotate' fonksiyonu inaktif.
[22:30:09] 'Morph' fonksiyonu inaktif.
[22:30:09] 'ApplyFilter' fonksiyonu inaktif.
[22:30:09] 'Convolute' fonksiyonu inaktif.
[22:30:09] 'EdgeDetection' fonksiyonu inaktif.
[22:30:09] 'AddSaltAndPepperNoise' fonksiyonu inaktif.
[22:30:09] 'MedianFilter' fonksiyonu inaktif.
[22:30:09] 'Dilate' fonksiyonu inaktif.
[22:30:09] 'AdaptiveThreshold' fonksiyonu inaktif.
[22:30:09] 'Open' fonksiyonu inaktif.
[22:30:09] 'Close' fonksiyonu inaktif.
[22:30:09] 'RGB' fonksiyonu inaktif.
[22:30:09] 'Stretch' fonksiyonu inaktif.
[22:30:09] 'MeanFilter' fonksiyonu aktif.
[22:30:12] 'Zoom' fonksiyonu inaktif.
[22:30:12] 'Brightness' fonksiyonu inaktif.
[22:30:12] 'Contrast' fonksiyonu inaktif.
[22:30:12] 'MakeGray' fonksiyonu inaktif.
[22:30:12] 'Binarize' fonksiyonu inaktif.
[22:30:12] 'Shifter' fonksiyonu inaktif.
[22:30:12] 'Rotate' fonksiyonu inaktif.
[22:30:12] 'Morph' fonksiyonu inaktif.
[22:30:12] 'ApplyFilter' fonksiyonu inaktif.
[22:30:12] 'Convolute' fonksiyonu inaktif.
[22:30:12] 'EdgeDetection' fonksiyonu inaktif.
[22:30:12] 'AddSaltAndPepperNoise' fonksiyonu inaktif.
[22:30:12] 'MeanFilter' fonksiyonu inaktif.
[22:30:12] 'Dilate' fonksiyonu inaktif.
[22:30:12] 'AdaptiveThreshold' fonksiyonu inaktif.
[22:30:12] 'Open' fonksiyonu inaktif.
[22:30:12] 'Close' fonksiyonu inaktif.
[22:30:12] 'RGB' fonksiyonu inaktif.
[22:30:12] 'Stretch' fonksiyonu inaktif.
[22:30:12] 'MedianFilter' fonksiyonu aktif.
[22:30:18] 'MedianFilter' fonksiyonu inaktif.
[22:30:19] 'Zoom' fonksiyonu inaktif.
[22:30:19] 'Brightness' fonksiyonu inaktif.
[22:30:19] 'Contrast' fonksiyonu inaktif.
[22:30:19] 'MakeGray' fonksiyonu inaktif.
[22:30:19] 'Binarize' fonksiyonu inaktif.
[22:30:19] 'Shifter' fonksiyonu inaktif.
[22:30:19] 'Rotate' fonksiyonu inaktif.
[22:30:19] 'Morph' fonksiyonu inaktif.
[22:30:19] 'ApplyFilter' fonksiyonu inaktif.
[22:30:19] 'EdgeDetection' fonksiyonu inaktif.
[22:30:19] 'AddSaltAndPepperNoise' fonksiyonu inaktif.
[22:30:19] 'MeanFilter' fonksiyonu inaktif.
[22:30:19] 'MedianFilter' fonksiyonu inaktif.
[22:30:19] 'Dilate' fonksiyonu inaktif.
[22:30:19] 'AdaptiveThreshold' fonksiyonu inaktif.
[22:30:19] 'Open' fonksiyonu inaktif.
[22:30:19] 'Close' fonksiyonu inaktif.
[22:30:19] 'RGB' fonksiyonu inaktif.
[22:30:19] 'Stretch' fonksiyonu inaktif.
[22:30:19] 'Convolute' fonksiyonu aktif.
[22:30:25] 'Convolute' fonksiyonu inaktif.
[22:30:26] 'Zoom' fonksiyonu inaktif.
[22:30:26] 'Brightness' fonksiyonu inaktif.
[22:30:26] 'Contrast' fonksiyonu inaktif.
[22:30:26] 'MakeGray' fonksiyonu inaktif.
[22:30:26] 'Binarize' fonksiyonu inaktif.
[22:30:26] 'Shifter' fonksiyonu inaktif.
[22:30:26] 'Rotate' fonksiyonu inaktif.
[22:30:26] 'Morph' fonksiyonu inaktif.
[22:30:26] 'Convolute' fonksiyonu inaktif.
[22:30:26] 'EdgeDetection' fonksiyonu inaktif.
[22:30:26] 'AddSaltAndPepperNoise' fonksiyonu inaktif.
[22:30:26] 'MeanFilter' fonksiyonu inaktif.
[22:30:26] 'MedianFilter' fonksiyonu inaktif.
[22:30:26] 'Dilate' fonksiyonu inaktif.
[22:30:26] 'AdaptiveThreshold' fonksiyonu inaktif.
[22:30:26] 'Open' fonksiyonu inaktif.
[22:30:26] 'Close' fonksiyonu inaktif.
[22:30:26] 'RGB' fonksiyonu inaktif.
[22:30:26] 'Stretch' fonksiyonu inaktif.
[22:30:26] 'AddFilter' fonksiyonu aktif.
[22:30:31] 'ApplyFilter' fonksiyonu inaktif.
[22:30:37] 'Zoom' fonksiyonu inaktif.
[22:30:37] 'Brightness' fonksiyonu inaktif.
[22:30:37] 'Contrast' fonksiyonu inaktif.
[22:30:37] 'MakeGray' fonksiyonu inaktif.
[22:30:37] 'Binarize' fonksiyonu inaktif.
[22:30:37] 'Shifter' fonksiyonu inaktif.
[22:30:37] 'Rotate' fonksiyonu inaktif.
[22:30:37] 'Morph' fonksiyonu inaktif.
[22:30:37] 'ApplyFilter' fonksiyonu inaktif.
[22:30:37] 'Convolute' fonksiyonu inaktif.
[22:30:37] 'AddSaltAndPepperNoise' fonksiyonu inaktif.
[22:30:37] 'MeanFilter' fonksiyonu inaktif.
[22:30:37] 'MedianFilter' fonksiyonu inaktif.
[22:30:37] 'Dilate' fonksiyonu inaktif.
[22:30:37] 'AdaptiveThreshold' fonksiyonu inaktif.
[22:30:37] 'Open' fonksiyonu inaktif.
[22:30:37] 'Close' fonksiyonu inaktif.
[22:30:37] 'RGB' fonksiyonu inaktif.
[22:30:37] 'Stretch' fonksiyonu inaktif.
[22:30:37] 'EdgeDetection' fonksiyonu aktif.
[22:30:37] 'EdgeDetection' fonksiyonu inaktif.
[22:30:37] 'Zoom' fonksiyonu inaktif.
[22:30:37] 'Brightness' fonksiyonu inaktif.
[22:30:37] 'Contrast' fonksiyonu inaktif.
[22:30:37] 'MakeGray' fonksiyonu inaktif.
[22:30:37] 'Binarize' fonksiyonu inaktif.
[22:30:37] 'Shifter' fonksiyonu inaktif.
[22:30:37] 'Rotate' fonksiyonu inaktif.
[22:30:37] 'Morph' fonksiyonu inaktif.
[22:30:37] 'ApplyFilter' fonksiyonu inaktif.
[22:30:37] 'Convolute' fonksiyonu inaktif.
[22:30:37] 'AddSaltAndPepperNoise' fonksiyonu inaktif.
[22:30:37] 'MeanFilter' fonksiyonu inaktif.
[22:30:37] 'MedianFilter' fonksiyonu inaktif.
[22:30:37] 'Dilate' fonksiyonu inaktif.
[22:30:37] 'AdaptiveThreshold' fonksiyonu inaktif.
[22:30:37] 'Open' fonksiyonu inaktif.
[22:30:37] 'Close' fonksiyonu inaktif.
[22:30:37] 'RGB' fonksiyonu inaktif.
[22:30:37] 'Stretch' fonksiyonu inaktif.
[22:30:37] 'EdgeDetection' fonksiyonu aktif.
[22:30:38] 'EdgeDetection' fonksiyonu inaktif.
[22:30:38] 'Zoom' fonksiyonu inaktif.
[22:30:38] 'Brightness' fonksiyonu inaktif.
[22:30:38] 'Contrast' fonksiyonu inaktif.
[22:30:38] 'MakeGray' fonksiyonu inaktif.
[22:30:38] 'Binarize' fonksiyonu inaktif.
[22:30:38] 'Shifter' fonksiyonu inaktif.
[22:30:38] 'Rotate' fonksiyonu inaktif.
[22:30:38] 'Morph' fonksiyonu inaktif.
[22:30:38] 'ApplyFilter' fonksiyonu inaktif.
[22:30:38] 'Convolute' fonksiyonu inaktif.
[22:30:38] 'EdgeDetection' fonksiyonu inaktif.
[22:30:38] 'AddSaltAndPepperNoise' fonksiyonu inaktif.
[22:30:38] 'MeanFilter' fonksiyonu inaktif.
[22:30:38] 'MedianFilter' fonksiyonu inaktif.
[22:30:38] 'Dilate' fonksiyonu inaktif.
[22:30:38] 'Open' fonksiyonu inaktif.
[22:30:38] 'Close' fonksiyonu inaktif.
[22:30:38] 'RGB' fonksiyonu inaktif.
[22:30:38] 'Stretch' fonksiyonu inaktif.
[22:30:38] 'AdaptiveThreshold' fonksiyonu aktif.
[22:30:40] 'AdaptiveThreshold' fonksiyonu inaktif.
[22:30:41] 'Zoom' fonksiyonu inaktif.
[22:30:41] 'Contrast' fonksiyonu inaktif.
[22:30:41] 'MakeGray' fonksiyonu inaktif.
[22:30:41] 'Binarize' fonksiyonu inaktif.
[22:30:41] 'Shifter' fonksiyonu inaktif.
[22:30:41] 'Rotate' fonksiyonu inaktif.
[22:30:41] 'Morph' fonksiyonu inaktif.
[22:30:41] 'ApplyFilter' fonksiyonu inaktif.
[22:30:41] 'Convolute' fonksiyonu inaktif.
[22:30:41] 'EdgeDetection' fonksiyonu inaktif.
[22:30:41] 'AddSaltAndPepperNoise' fonksiyonu inaktif.
[22:30:41] 'MeanFilter' fonksiyonu inaktif.
[22:30:41] 'MedianFilter' fonksiyonu inaktif.
[22:30:41] 'Dilate' fonksiyonu inaktif.
[22:30:41] 'AdaptiveThreshold' fonksiyonu inaktif.
[22:30:41] 'Open' fonksiyonu inaktif.
[22:30:41] 'Close' fonksiyonu inaktif.
[22:30:41] 'RGB' fonksiyonu inaktif.
[22:30:41] 'Stretch' fonksiyonu inaktif.
[22:30:41] 'Brightness' fonksiyonu aktif.
[22:30:41] 'Brightness' fonksiyonu inaktif.
[22:30:44] 'Brightness' fonksiyonu inaktif.
[22:30:44] 'Contrast' fonksiyonu inaktif.
[22:30:44] 'MakeGray' fonksiyonu inaktif.
[22:30:44] 'Binarize' fonksiyonu inaktif.
[22:30:44] 'Shifter' fonksiyonu inaktif.
[22:30:44] 'Rotate' fonksiyonu inaktif.
[22:30:44] 'Morph' fonksiyonu inaktif.
[22:30:44] 'ApplyFilter' fonksiyonu inaktif.
[22:30:44] 'Convolute' fonksiyonu inaktif.
[22:30:44] 'EdgeDetection' fonksiyonu inaktif.
[22:30:44] 'AddSaltAndPepperNoise' fonksiyonu inaktif.
[22:30:44] 'MeanFilter' fonksiyonu inaktif.
[22:30:44] 'MedianFilter' fonksiyonu inaktif.
[22:30:44] 'Dilate' fonksiyonu inaktif.
[22:30:44] 'AdaptiveThreshold' fonksiyonu inaktif.
[22:30:44] 'Open' fonksiyonu inaktif.
[22:30:44] 'Close' fonksiyonu inaktif.
[22:30:44] 'RGB' fonksiyonu inaktif.
[22:30:44] 'Stretch' fonksiyonu inaktif.
[22:30:44] 'Zoom' fonksiyonu aktif.
[22:30:56] 'Zoom' fonksiyonu inaktif.
[22:31:02] 'Zoom' fonksiyonu inaktif.
[22:31:02] 'Brightness' fonksiyonu inaktif.
[22:31:02] 'Contrast' fonksiyonu inaktif.
[22:31:02] 'MakeGray' fonksiyonu inaktif.
[22:31:02] 'Binarize' fonksiyonu inaktif.
[22:31:02] 'Rotate' fonksiyonu inaktif.
[22:31:02] 'Morph' fonksiyonu inaktif.
[22:31:02] 'ApplyFilter' fonksiyonu inaktif.
[22:31:02] 'Convolute' fonksiyonu inaktif.
[22:31:02] 'EdgeDetection' fonksiyonu inaktif.
[22:31:02] 'AddSaltAndPepperNoise' fonksiyonu inaktif.
[22:31:02] 'MeanFilter' fonksiyonu inaktif.
[22:31:02] 'MedianFilter' fonksiyonu inaktif.
[22:31:02] 'Dilate' fonksiyonu inaktif.
[22:31:02] 'AdaptiveThreshold' fonksiyonu inaktif.
[22:31:02] 'Open' fonksiyonu inaktif.
[22:31:02] 'Close' fonksiyonu inaktif.
[22:31:02] 'RGB' fonksiyonu inaktif.
[22:31:02] 'Stretch' fonksiyonu inaktif.
[22:31:02] 'Shift' fonksiyonu aktif.
[22:31:02] 'Shifter' fonksiyonu inaktif.
[22:31:03] 'Zoom' fonksiyonu inaktif.
[22:31:03] 'Brightness' fonksiyonu inaktif.
[22:31:03] 'Contrast' fonksiyonu inaktif.
[22:31:03] 'MakeGray' fonksiyonu inaktif.
[22:31:03] 'Binarize' fonksiyonu inaktif.
[22:31:03] 'Rotate' fonksiyonu inaktif.
[22:31:03] 'Morph' fonksiyonu inaktif.
[22:31:03] 'ApplyFilter' fonksiyonu inaktif.
[22:31:03] 'Convolute' fonksiyonu inaktif.
[22:31:03] 'EdgeDetection' fonksiyonu inaktif.
[22:31:03] 'AddSaltAndPepperNoise' fonksiyonu inaktif.
[22:31:03] 'MeanFilter' fonksiyonu inaktif.
[22:31:03] 'MedianFilter' fonksiyonu inaktif.
[22:31:03] 'Dilate' fonksiyonu inaktif.
[22:31:03] 'AdaptiveThreshold' fonksiyonu inaktif.
[22:31:03] 'Open' fonksiyonu inaktif.
[22:31:03] 'Close' fonksiyonu inaktif.
[22:31:03] 'RGB' fonksiyonu inaktif.
[22:31:03] 'Stretch' fonksiyonu inaktif.
[22:31:03] 'Shift' fonksiyonu aktif.
[22:31:09] 'Shifter' fonksiyonu inaktif.
[22:31:10] 'Zoom' fonksiyonu inaktif.
[22:31:10] 'Brightness' fonksiyonu inaktif.
[22:31:10] 'Contrast' fonksiyonu inaktif.
[22:31:10] 'MakeGray' fonksiyonu inaktif.
[22:31:10] 'Binarize' fonksiyonu inaktif.
[22:31:10] 'Shifter' fonksiyonu inaktif.
[22:31:10] 'Morph' fonksiyonu inaktif.
[22:31:10] 'ApplyFilter' fonksiyonu inaktif.
[22:31:10] 'Convolute' fonksiyonu inaktif.
[22:31:10] 'EdgeDetection' fonksiyonu inaktif.
[22:31:10] 'AddSaltAndPepperNoise' fonksiyonu inaktif.
[22:31:10] 'MeanFilter' fonksiyonu inaktif.
[22:31:10] 'MedianFilter' fonksiyonu inaktif.
[22:31:10] 'Dilate' fonksiyonu inaktif.
[22:31:10] 'AdaptiveThreshold' fonksiyonu inaktif.
[22:31:10] 'Open' fonksiyonu inaktif.
[22:31:10] 'Close' fonksiyonu inaktif.
[22:31:10] 'RGB' fonksiyonu inaktif.
[22:31:10] 'Stretch' fonksiyonu inaktif.
[22:31:10] 'Rotate' fonksiyonu inaktif.
[22:31:15] 'Rotate' fonksiyonu inaktif.
[22:31:21] 'Zoom' fonksiyonu inaktif.
[22:31:21] 'Brightness' fonksiyonu inaktif.
[22:31:21] 'Contrast' fonksiyonu inaktif.
[22:31:21] 'MakeGray' fonksiyonu inaktif.
[22:31:21] 'Binarize' fonksiyonu inaktif.
[22:31:21] 'Shifter' fonksiyonu inaktif.
[22:31:21] 'Morph' fonksiyonu inaktif.
[22:31:21] 'ApplyFilter' fonksiyonu inaktif.
[22:31:21] 'Convolute' fonksiyonu inaktif.
[22:31:21] 'EdgeDetection' fonksiyonu inaktif.
[22:31:21] 'AddSaltAndPepperNoise' fonksiyonu inaktif.
[22:31:21] 'MeanFilter' fonksiyonu inaktif.
[22:31:21] 'MedianFilter' fonksiyonu inaktif.
[22:31:21] 'Dilate' fonksiyonu inaktif.
[22:31:21] 'AdaptiveThreshold' fonksiyonu inaktif.
[22:31:21] 'Open' fonksiyonu inaktif.
[22:31:21] 'Close' fonksiyonu inaktif.
[22:31:21] 'RGB' fonksiyonu inaktif.
[22:31:21] 'Stretch' fonksiyonu inaktif.
[22:31:21] 'Rotate' fonksiyonu inaktif.
[22:31:25] 'Zoom' fonksiyonu inaktif.
[22:31:25] 'Brightness' fonksiyonu inaktif.
[22:31:25] 'Contrast' fonksiyonu inaktif.
[22:31:25] 'MakeGray' fonksiyonu inaktif.
[22:31:25] 'Binarize' fonksiyonu inaktif.
[22:31:25] 'Shifter' fonksiyonu inaktif.
[22:31:25] 'Rotate' fonksiyonu inaktif.
[22:31:25] 'Morph' fonksiyonu inaktif.
[22:31:25] 'ApplyFilter' fonksiyonu inaktif.
[22:31:25] 'Convolute' fonksiyonu inaktif.
[22:31:25] 'EdgeDetection' fonksiyonu inaktif.
[22:31:25] 'AddSaltAndPepperNoise' fonksiyonu inaktif.
[22:31:25] 'MeanFilter' fonksiyonu inaktif.
[22:31:25] 'MedianFilter' fonksiyonu inaktif.
[22:31:25] 'Dilate' fonksiyonu inaktif.
[22:31:25] 'AdaptiveThreshold' fonksiyonu inaktif.
[22:31:25] 'Open' fonksiyonu inaktif.
[22:31:25] 'Close' fonksiyonu inaktif.
[22:31:25] 'RGB' fonksiyonu inaktif.
[22:31:25] 'Stretch' fonksiyonu inaktif.
[22:32:36] 'Brightness' fonksiyonu inaktif.
[22:32:36] 'Contrast' fonksiyonu inaktif.
[22:32:36] 'MakeGray' fonksiyonu inaktif.
[22:32:36] 'Binarize' fonksiyonu inaktif.
[22:32:36] 'Shifter' fonksiyonu inaktif.
[22:32:36] 'Rotate' fonksiyonu inaktif.
[22:32:36] 'Morph' fonksiyonu inaktif.
[22:32:36] 'ApplyFilter' fonksiyonu inaktif.
[22:32:36] 'Convolute' fonksiyonu inaktif.
[22:32:36] 'EdgeDetection' fonksiyonu inaktif.
[22:32:36] 'AddSaltAndPepperNoise' fonksiyonu inaktif.
[22:32:36] 'MeanFilter' fonksiyonu inaktif.
[22:32:36] 'MedianFilter' fonksiyonu inaktif.
[22:32:36] 'Dilate' fonksiyonu inaktif.
[22:32:36] 'AdaptiveThreshold' fonksiyonu inaktif.
[22:32:36] 'Open' fonksiyonu inaktif.
[22:32:36] 'Close' fonksiyonu inaktif.
[22:32:36] 'RGB' fonksiyonu inaktif.
[22:32:36] 'Stretch' fonksiyonu inaktif.
[22:32:36] 'Zoom' fonksiyonu aktif.
[22:32:37] 'Zoom' fonksiyonu inaktif.
[22:32:38] 'Brightness' fonksiyonu inaktif.
[22:32:38] 'Contrast' fonksiyonu inaktif.
[22:32:38] 'MakeGray' fonksiyonu inaktif.
[22:32:38] 'Binarize' fonksiyonu inaktif.
[22:32:38] 'Shifter' fonksiyonu inaktif.
[22:32:38] 'Rotate' fonksiyonu inaktif.
[22:32:38] 'Morph' fonksiyonu inaktif.
[22:32:38] 'ApplyFilter' fonksiyonu inaktif.
[22:32:38] 'Convolute' fonksiyonu inaktif.
[22:32:38] 'EdgeDetection' fonksiyonu inaktif.
[22:32:38] 'AddSaltAndPepperNoise' fonksiyonu inaktif.
[22:32:38] 'MeanFilter' fonksiyonu inaktif.
[22:32:38] 'MedianFilter' fonksiyonu inaktif.
[22:32:38] 'Dilate' fonksiyonu inaktif.
[22:32:38] 'AdaptiveThreshold' fonksiyonu inaktif.
[22:32:38] 'Open' fonksiyonu inaktif.
[22:32:38] 'Close' fonksiyonu inaktif.
[22:32:38] 'RGB' fonksiyonu inaktif.
[22:32:38] 'Stretch' fonksiyonu inaktif.
[22:32:38] 'Zoom' fonksiyonu aktif.
[22:32:39] 'Zoom' fonksiyonu inaktif.
[22:33:38] 'Brightness' fonksiyonu inaktif.
[22:33:38] 'Contrast' fonksiyonu inaktif.
[22:33:38] 'MakeGray' fonksiyonu inaktif.
[22:33:38] 'Binarize' fonksiyonu inaktif.
[22:33:38] 'Shifter' fonksiyonu inaktif.
[22:33:38] 'Rotate' fonksiyonu inaktif.
[22:33:38] 'Morph' fonksiyonu inaktif.
[22:33:38] 'ApplyFilter' fonksiyonu inaktif.
[22:33:38] 'Convolute' fonksiyonu inaktif.
[22:33:38] 'EdgeDetection' fonksiyonu inaktif.
[22:33:38] 'AddSaltAndPepperNoise' fonksiyonu inaktif.
[22:33:38] 'MeanFilter' fonksiyonu inaktif.
[22:33:38] 'MedianFilter' fonksiyonu inaktif.
[22:33:38] 'Dilate' fonksiyonu inaktif.
[22:33:38] 'AdaptiveThreshold' fonksiyonu inaktif.
[22:33:38] 'Open' fonksiyonu inaktif.
[22:33:38] 'Close' fonksiyonu inaktif.
[22:33:38] 'RGB' fonksiyonu inaktif.
[22:33:38] 'Stretch' fonksiyonu inaktif.
[22:33:38] 'Zoom' fonksiyonu aktif.
[22:33:41] 'Zoom' fonksiyonu inaktif.
[22:36:43] 'Zoom' fonksiyonu inaktif.
[22:36:43] 'Brightness' fonksiyonu inaktif.
[22:36:43] 'MakeGray' fonksiyonu inaktif.
[22:36:43] 'Binarize' fonksiyonu inaktif.
[22:36:43] 'Shifter' fonksiyonu inaktif.
[22:36:43] 'Rotate' fonksiyonu inaktif.
[22:36:43] 'Morph' fonksiyonu inaktif.
[22:36:43] 'ApplyFilter' fonksiyonu inaktif.
[22:36:43] 'Convolute' fonksiyonu inaktif.
[22:36:43] 'EdgeDetection' fonksiyonu inaktif.
[22:36:43] 'AddSaltAndPepperNoise' fonksiyonu inaktif.
[22:36:43] 'MeanFilter' fonksiyonu inaktif.
[22:36:43] 'MedianFilter' fonksiyonu inaktif.
[22:36:43] 'Dilate' fonksiyonu inaktif.
[22:36:43] 'AdaptiveThreshold' fonksiyonu inaktif.
[22:36:43] 'Open' fonksiyonu inaktif.
[22:36:43] 'Close' fonksiyonu inaktif.
[22:36:43] 'RGB' fonksiyonu inaktif.
[22:36:43] 'Stretch' fonksiyonu inaktif.
[22:36:43] 'Contrast' fonksiyonu aktif.
[22:36:44] 'Zoom' fonksiyonu inaktif.
[22:36:44] 'Brightness' fonksiyonu inaktif.
[22:36:44] 'Contrast' fonksiyonu inaktif.
[22:36:44] 'MakeGray' fonksiyonu inaktif.
[22:36:44] 'Binarize' fonksiyonu inaktif.
[22:36:44] 'Shifter' fonksiyonu inaktif.
[22:36:44] 'Rotate' fonksiyonu inaktif.
[22:36:44] 'Morph' fonksiyonu inaktif.
[22:36:44] 'ApplyFilter' fonksiyonu inaktif.
[22:36:44] 'Convolute' fonksiyonu inaktif.
[22:36:44] 'EdgeDetection' fonksiyonu inaktif.
[22:36:44] 'AddSaltAndPepperNoise' fonksiyonu inaktif.
[22:36:44] 'MeanFilter' fonksiyonu inaktif.
[22:36:44] 'MedianFilter' fonksiyonu inaktif.
[22:36:44] 'Dilate' fonksiyonu inaktif.
[22:36:44] 'AdaptiveThreshold' fonksiyonu inaktif.
[22:36:44] 'Open' fonksiyonu inaktif.
[22:36:44] 'Close' fonksiyonu inaktif.
[22:36:44] 'RGB' fonksiyonu inaktif.
[22:36:44] 'Stretch' fonksiyonu inaktif.
[22:36:49] 'Zoom' fonksiyonu inaktif.
[22:36:49] 'Contrast' fonksiyonu inaktif.
[22:36:49] 'MakeGray' fonksiyonu inaktif.
[22:36:49] 'Binarize' fonksiyonu inaktif.
[22:36:49] 'Shifter' fonksiyonu inaktif.
[22:36:49] 'Rotate' fonksiyonu inaktif.
[22:36:49] 'Morph' fonksiyonu inaktif.
[22:36:49] 'ApplyFilter' fonksiyonu inaktif.
[22:36:49] 'Convolute' fonksiyonu inaktif.
[22:36:49] 'EdgeDetection' fonksiyonu inaktif.
[22:36:49] 'AddSaltAndPepperNoise' fonksiyonu inaktif.
[22:36:49] 'MeanFilter' fonksiyonu inaktif.
[22:36:49] 'MedianFilter' fonksiyonu inaktif.
[22:36:49] 'Dilate' fonksiyonu inaktif.
[22:36:49] 'AdaptiveThreshold' fonksiyonu inaktif.
[22:36:49] 'Open' fonksiyonu inaktif.
[22:36:49] 'Close' fonksiyonu inaktif.
[22:36:49] 'RGB' fonksiyonu inaktif.
[22:36:49] 'Stretch' fonksiyonu inaktif.
[22:36:49] 'Brightness' fonksiyonu aktif.
[22:36:51] 'Zoom' fonksiyonu inaktif.
[22:36:51] 'Brightness' fonksiyonu inaktif.
[22:36:51] 'Contrast' fonksiyonu inaktif.
[22:36:51] 'MakeGray' fonksiyonu inaktif.
[22:36:51] 'Binarize' fonksiyonu inaktif.
[22:36:51] 'Shifter' fonksiyonu inaktif.
[22:36:51] 'Rotate' fonksiyonu inaktif.
[22:36:51] 'Morph' fonksiyonu inaktif.
[22:36:51] 'ApplyFilter' fonksiyonu inaktif.
[22:36:51] 'Convolute' fonksiyonu inaktif.
[22:36:51] 'EdgeDetection' fonksiyonu inaktif.
[22:36:51] 'AddSaltAndPepperNoise' fonksiyonu inaktif.
[22:36:51] 'MeanFilter' fonksiyonu inaktif.
[22:36:51] 'MedianFilter' fonksiyonu inaktif.
[22:36:51] 'Dilate' fonksiyonu inaktif.
[22:36:51] 'AdaptiveThreshold' fonksiyonu inaktif.
[22:36:51] 'Open' fonksiyonu inaktif.
[22:36:51] 'Close' fonksiyonu inaktif.
[22:36:51] 'RGB' fonksiyonu inaktif.
[22:36:51] 'Stretch' fonksiyonu inaktif.
[22:39:02] 'Zoom' fonksiyonu inaktif.
[22:39:02] 'Contrast' fonksiyonu inaktif.
[22:39:02] 'MakeGray' fonksiyonu inaktif.
[22:39:02] 'Binarize' fonksiyonu inaktif.
[22:39:02] 'Shifter' fonksiyonu inaktif.
[22:39:02] 'Rotate' fonksiyonu inaktif.
[22:39:02] 'Morph' fonksiyonu inaktif.
[22:39:02] 'ApplyFilter' fonksiyonu inaktif.
[22:39:02] 'Convolute' fonksiyonu inaktif.
[22:39:02] 'EdgeDetection' fonksiyonu inaktif.
[22:39:02] 'AddSaltAndPepperNoise' fonksiyonu inaktif.
[22:39:02] 'MeanFilter' fonksiyonu inaktif.
[22:39:02] 'MedianFilter' fonksiyonu inaktif.
[22:39:02] 'Dilate' fonksiyonu inaktif.
[22:39:02] 'AdaptiveThreshold' fonksiyonu inaktif.
[22:39:02] 'Open' fonksiyonu inaktif.
[22:39:02] 'Close' fonksiyonu inaktif.
[22:39:02] 'RGB' fonksiyonu inaktif.
[22:39:02] 'Stretch' fonksiyonu inaktif.
[22:39:02] 'Brightness' fonksiyonu aktif.
[22:39:04] 'Zoom' fonksiyonu inaktif.
[22:39:04] 'Brightness' fonksiyonu inaktif.
[22:39:04] 'Contrast' fonksiyonu inaktif.
[22:39:04] 'MakeGray' fonksiyonu inaktif.
[22:39:04] 'Binarize' fonksiyonu inaktif.
[22:39:04] 'Shifter' fonksiyonu inaktif.
[22:39:04] 'Rotate' fonksiyonu inaktif.
[22:39:04] 'Morph' fonksiyonu inaktif.
[22:39:04] 'ApplyFilter' fonksiyonu inaktif.
[22:39:04] 'Convolute' fonksiyonu inaktif.
[22:39:04] 'EdgeDetection' fonksiyonu inaktif.
[22:39:04] 'AddSaltAndPepperNoise' fonksiyonu inaktif.
[22:39:04] 'MeanFilter' fonksiyonu inaktif.
[22:39:04] 'MedianFilter' fonksiyonu inaktif.
[22:39:04] 'Dilate' fonksiyonu inaktif.
[22:39:04] 'AdaptiveThreshold' fonksiyonu inaktif.
[22:39:04] 'Open' fonksiyonu inaktif.
[22:39:04] 'Close' fonksiyonu inaktif.
[22:39:04] 'RGB' fonksiyonu inaktif.
[22:39:04] 'Stretch' fonksiyonu inaktif.
[22:57:02] 'Brightness' fonksiyonu inaktif.
[22:57:02] 'Contrast' fonksiyonu inaktif.
[22:57:02] 'MakeGray' fonksiyonu inaktif.
[22:57:02] 'Binarize' fonksiyonu inaktif.
[22:57:02] 'Shifter' fonksiyonu inaktif.
[22:57:02] 'Rotate' fonksiyonu inaktif.
[22:57:02] 'Morph' fonksiyonu inaktif.
[22:57:02] 'ApplyFilter' fonksiyonu inaktif.
[22:57:02] 'Convolute' fonksiyonu inaktif.
[22:57:02] 'EdgeDetection' fonksiyonu inaktif.
[22:57:02] 'AddSaltAndPepperNoise' fonksiyonu inaktif.
[22:57:02] 'MeanFilter' fonksiyonu inaktif.
[22:57:02] 'MedianFilter' fonksiyonu inaktif.
[22:57:02] 'Dilate' fonksiyonu inaktif.
[22:57:02] 'AdaptiveThreshold' fonksiyonu inaktif.
[22:57:02] 'Open' fonksiyonu inaktif.
[22:57:02] 'Close' fonksiyonu inaktif.
[22:57:02] 'RGB' fonksiyonu inaktif.
[22:57:02] 'Stretch' fonksiyonu inaktif.
[22:57:02] 'Zoom' fonksiyonu aktif.
[22:57:02] 'Zoom' fonksiyonu inaktif.
[22:57:03] 'Brightness' fonksiyonu inaktif.
[22:57:03] 'Contrast' fonksiyonu inaktif.
[22:57:03] 'MakeGray' fonksiyonu inaktif.
[22:57:03] 'Binarize' fonksiyonu inaktif.
[22:57:03] 'Shifter' fonksiyonu inaktif.
[22:57:03] 'Rotate' fonksiyonu inaktif.
[22:57:03] 'Morph' fonksiyonu inaktif.
[22:57:03] 'ApplyFilter' fonksiyonu inaktif.
[22:57:03] 'Convolute' fonksiyonu inaktif.
[22:57:03] 'EdgeDetection' fonksiyonu inaktif.
[22:57:03] 'AddSaltAndPepperNoise' fonksiyonu inaktif.
[22:57:03] 'MeanFilter' fonksiyonu inaktif.
[22:57:03] 'MedianFilter' fonksiyonu inaktif.
[22:57:03] 'Dilate' fonksiyonu inaktif.
[22:57:03] 'AdaptiveThreshold' fonksiyonu inaktif.
[22:57:03] 'Open' fonksiyonu inaktif.
[22:57:03] 'Close' fonksiyonu inaktif.
[22:57:03] 'RGB' fonksiyonu inaktif.
[22:57:03] 'Stretch' fonksiyonu inaktif.
[22:57:03] 'Zoom' fonksiyonu aktif.
[23:11:12] 'Brightness' fonksiyonu inaktif.
[23:11:12] 'Contrast' fonksiyonu inaktif.
[23:11:12] 'MakeGray' fonksiyonu inaktif.
[23:11:12] 'Binarize' fonksiyonu inaktif.
[23:11:12] 'Shifter' fonksiyonu inaktif.
[23:11:12] 'Rotate' fonksiyonu inaktif.
[23:11:12] 'Morph' fonksiyonu inaktif.
[23:11:12] 'ApplyFilter' fonksiyonu inaktif.
[23:11:12] 'Convolute' fonksiyonu inaktif.
[23:11:12] 'EdgeDetection' fonksiyonu inaktif.
[23:11:12] 'AddSaltAndPepperNoise' fonksiyonu inaktif.
[23:11:12] 'MeanFilter' fonksiyonu inaktif.
[23:11:12] 'MedianFilter' fonksiyonu inaktif.
[23:11:12] 'Dilate' fonksiyonu inaktif.
[23:11:12] 'AdaptiveThreshold' fonksiyonu inaktif.
[23:11:12] 'Open' fonksiyonu inaktif.
[23:11:12] 'Close' fonksiyonu inaktif.
[23:11:12] 'RGB' fonksiyonu inaktif.
[23:11:12] 'Stretch' fonksiyonu inaktif.
[23:11:12] 'Zoom' fonksiyonu aktif.
[23:11:26] 'Zoom' fonksiyonu inaktif.
[23:11:27] 'Brightness' fonksiyonu inaktif.
[23:11:27] 'Contrast' fonksiyonu inaktif.
[23:11:27] 'MakeGray' fonksiyonu inaktif.
[23:11:27] 'Binarize' fonksiyonu inaktif.
[23:11:27] 'Shifter' fonksiyonu inaktif.
[23:11:27] 'Rotate' fonksiyonu inaktif.
[23:11:27] 'Morph' fonksiyonu inaktif.
[23:11:27] 'ApplyFilter' fonksiyonu inaktif.
[23:11:27] 'Convolute' fonksiyonu inaktif.
[23:11:27] 'EdgeDetection' fonksiyonu inaktif.
[23:11:27] 'AddSaltAndPepperNoise' fonksiyonu inaktif.
[23:11:27] 'MeanFilter' fonksiyonu inaktif.
[23:11:27] 'MedianFilter' fonksiyonu inaktif.
[23:11:27] 'Dilate' fonksiyonu inaktif.
[23:11:27] 'AdaptiveThreshold' fonksiyonu inaktif.
[23:11:27] 'Open' fonksiyonu inaktif.
[23:11:27] 'Close' fonksiyonu inaktif.
[23:11:27] 'RGB' fonksiyonu inaktif.
[23:11:27] 'Stretch' fonksiyonu inaktif.
[23:11:27] 'Zoom' fonksiyonu aktif.
[23:11:30] 'Zoom' fonksiyonu inaktif.
[23:11:30] 'Brightness' fonksiyonu inaktif.
[23:11:30] 'Contrast' fonksiyonu inaktif.
[23:11:30] 'MakeGray' fonksiyonu inaktif.
[23:11:30] 'Binarize' fonksiyonu inaktif.
[23:11:30] 'Shifter' fonksiyonu inaktif.
[23:11:30] 'Rotate' fonksiyonu inaktif.
[23:11:30] 'Morph' fonksiyonu inaktif.
[23:11:30] 'ApplyFilter' fonksiyonu inaktif.
[23:11:30] 'Convolute' fonksiyonu inaktif.
[23:11:30] 'EdgeDetection' fonksiyonu inaktif.
[23:11:30] 'AddSaltAndPepperNoise' fonksiyonu inaktif.
[23:11:30] 'MeanFilter' fonksiyonu inaktif.
[23:11:30] 'MedianFilter' fonksiyonu inaktif.
[23:11:30] 'Dilate' fonksiyonu inaktif.
[23:11:30] 'AdaptiveThreshold' fonksiyonu inaktif.
[23:11:30] 'Open' fonksiyonu inaktif.
[23:11:30] 'Close' fonksiyonu inaktif.
[23:11:30] 'RGB' fonksiyonu inaktif.
[23:11:30] 'Stretch' fonksiyonu inaktif.
[23:11:30] 'Zoom' fonksiyonu aktif.
[23:11:34] 'Zoom' fonksiyonu inaktif.
[23:11:54] 'Zoom' fonksiyonu inaktif.
[23:11:54] 'Brightness' fonksiyonu inaktif.
[23:11:54] 'Contrast' fonksiyonu inaktif.
[23:11:54] 'MakeGray' fonksiyonu inaktif.
[23:11:54] 'Shifter' fonksiyonu inaktif.
[23:11:54] 'Rotate' fonksiyonu inaktif.
[23:11:54] 'Morph' fonksiyonu inaktif.
[23:11:54] 'ApplyFilter' fonksiyonu inaktif.
[23:11:54] 'Convolute' fonksiyonu inaktif.
[23:11:54] 'EdgeDetection' fonksiyonu inaktif.
[23:11:54] 'AddSaltAndPepperNoise' fonksiyonu inaktif.
[23:11:54] 'MeanFilter' fonksiyonu inaktif.
[23:11:54] 'MedianFilter' fonksiyonu inaktif.
[23:11:54] 'Dilate' fonksiyonu inaktif.
[23:11:54] 'AdaptiveThreshold' fonksiyonu inaktif.
[23:11:54] 'Open' fonksiyonu inaktif.
[23:11:54] 'Close' fonksiyonu inaktif.
[23:11:54] 'RGB' fonksiyonu inaktif.
[23:11:54] 'Stretch' fonksiyonu inaktif.
[23:11:54] 'Binarize' fonksiyonu aktif.
[23:12:01] 'Binarize' fonksiyonu inaktif.
[23:12:02] 'Zoom' fonksiyonu inaktif.
[23:12:02] 'Contrast' fonksiyonu inaktif.
[23:12:02] 'MakeGray' fonksiyonu inaktif.
[23:12:02] 'Binarize' fonksiyonu inaktif.
[23:12:02] 'Shifter' fonksiyonu inaktif.
[23:12:02] 'Rotate' fonksiyonu inaktif.
[23:12:02] 'Morph' fonksiyonu inaktif.
[23:12:02] 'ApplyFilter' fonksiyonu inaktif.
[23:12:02] 'Convolute' fonksiyonu inaktif.
[23:12:02] 'EdgeDetection' fonksiyonu inaktif.
[23:12:02] 'AddSaltAndPepperNoise' fonksiyonu inaktif.
[23:12:02] 'MeanFilter' fonksiyonu inaktif.
[23:12:02] 'MedianFilter' fonksiyonu inaktif.
[23:12:02] 'Dilate' fonksiyonu inaktif.
[23:12:02] 'AdaptiveThreshold' fonksiyonu inaktif.
[23:12:02] 'Open' fonksiyonu inaktif.
[23:12:02] 'Close' fonksiyonu inaktif.
[23:12:02] 'RGB' fonksiyonu inaktif.
[23:12:02] 'Stretch' fonksiyonu inaktif.
[23:12:02] 'Brightness' fonksiyonu aktif.
[23:30:34] 'Zoom' fonksiyonu inaktif.
[23:30:34] 'Brightness' fonksiyonu inaktif.
[23:30:34] 'Contrast' fonksiyonu inaktif.
[23:30:34] 'MakeGray' fonksiyonu inaktif.
[23:30:34] 'Binarize' fonksiyonu inaktif.
[23:30:34] 'Shifter' fonksiyonu inaktif.
[23:30:34] 'Rotate' fonksiyonu inaktif.
[23:30:34] 'Morph' fonksiyonu inaktif.
[23:30:34] 'ApplyFilter' fonksiyonu inaktif.
[23:30:34] 'Convolute' fonksiyonu inaktif.
[23:30:34] 'EdgeDetection' fonksiyonu inaktif.
[23:30:34] 'AddSaltAndPepperNoise' fonksiyonu inaktif.
[23:30:34] 'MeanFilter' fonksiyonu inaktif.
[23:30:34] 'MedianFilter' fonksiyonu inaktif.
[23:30:34] 'Dilate' fonksiyonu inaktif.
[23:30:34] 'AdaptiveThreshold' fonksiyonu inaktif.
[23:30:34] 'Open' fonksiyonu inaktif.
[23:30:34] 'Close' fonksiyonu inaktif.
[23:30:34] 'RGB' fonksiyonu inaktif.
[23:30:34] 'Stretch' fonksiyonu inaktif.
[23:30:34] 'Resize' fonksiyonu aktif.
[23:30:34] 'Resize' fonksiyonu inaktif.
[23:30:35] 'Zoom' fonksiyonu inaktif.
[23:30:35] 'Brightness' fonksiyonu inaktif.
[23:30:35] 'Contrast' fonksiyonu inaktif.
[23:30:35] 'MakeGray' fonksiyonu inaktif.
[23:30:35] 'Binarize' fonksiyonu inaktif.
[23:30:35] 'Shifter' fonksiyonu inaktif.
[23:30:35] 'Rotate' fonksiyonu inaktif.
[23:30:35] 'Morph' fonksiyonu inaktif.
[23:30:35] 'ApplyFilter' fonksiyonu inaktif.
[23:30:35] 'Convolute' fonksiyonu inaktif.
[23:30:35] 'EdgeDetection' fonksiyonu inaktif.
[23:30:35] 'AddSaltAndPepperNoise' fonksiyonu inaktif.
[23:30:35] 'MeanFilter' fonksiyonu inaktif.
[23:30:35] 'MedianFilter' fonksiyonu inaktif.
[23:30:35] 'Dilate' fonksiyonu inaktif.
[23:30:35] 'AdaptiveThreshold' fonksiyonu inaktif.
[23:30:35] 'Open' fonksiyonu inaktif.
[23:30:35] 'Close' fonksiyonu inaktif.
[23:30:35] 'RGB' fonksiyonu inaktif.
[23:30:35] 'Stretch' fonksiyonu inaktif.
[23:30:35] 'Resize' fonksiyonu aktif.
[23:30:35] 'Resize' fonksiyonu inaktif.
[23:30:36] 'Zoom' fonksiyonu inaktif.
[23:30:36] 'Brightness' fonksiyonu inaktif.
[23:30:36] 'Contrast' fonksiyonu inaktif.
[23:30:36] 'MakeGray' fonksiyonu inaktif.
[23:30:36] 'Binarize' fonksiyonu inaktif.
[23:30:36] 'Shifter' fonksiyonu inaktif.
[23:30:36] 'Rotate' fonksiyonu inaktif.
[23:30:36] 'Morph' fonksiyonu inaktif.
[23:30:36] 'ApplyFilter' fonksiyonu inaktif.
[23:30:36] 'Convolute' fonksiyonu inaktif.
[23:30:36] 'EdgeDetection' fonksiyonu inaktif.
[23:30:36] 'AddSaltAndPepperNoise' fonksiyonu inaktif.
[23:30:36] 'MeanFilter' fonksiyonu inaktif.
[23:30:36] 'MedianFilter' fonksiyonu inaktif.
[23:30:36] 'Dilate' fonksiyonu inaktif.
[23:30:36] 'AdaptiveThreshold' fonksiyonu inaktif.
[23:30:36] 'Open' fonksiyonu inaktif.
[23:30:36] 'Close' fonksiyonu inaktif.
[23:30:36] 'RGB' fonksiyonu inaktif.
[23:30:36] 'Stretch' fonksiyonu inaktif.
[23:30:36] 'Resize' fonksiyonu aktif.
[23:30:36] 'Resize' fonksiyonu inaktif.
[23:30:37] 'Zoom' fonksiyonu inaktif.
[23:30:37] 'Brightness' fonksiyonu inaktif.
[23:30:37] 'Contrast' fonksiyonu inaktif.
[23:30:37] 'MakeGray' fonksiyonu inaktif.
[23:30:37] 'Binarize' fonksiyonu inaktif.
[23:30:37] 'Shifter' fonksiyonu inaktif.
[23:30:37] 'Rotate' fonksiyonu inaktif.
[23:30:37] 'Morph' fonksiyonu inaktif.
[23:30:37] 'ApplyFilter' fonksiyonu inaktif.
[23:30:37] 'Convolute' fonksiyonu inaktif.
[23:30:37] 'EdgeDetection' fonksiyonu inaktif.
[23:30:37] 'AddSaltAndPepperNoise' fonksiyonu inaktif.
[23:30:37] 'MeanFilter' fonksiyonu inaktif.
[23:30:37] 'MedianFilter' fonksiyonu inaktif.
[23:30:37] 'Dilate' fonksiyonu inaktif.
[23:30:37] 'AdaptiveThreshold' fonksiyonu inaktif.
[23:30:37] 'Open' fonksiyonu inaktif.
[23:30:37] 'Close' fonksiyonu inaktif.
[23:30:37] 'RGB' fonksiyonu inaktif.
[23:30:37] 'Stretch' fonksiyonu inaktif.
[23:30:37] 'Resize' fonksiyonu aktif.
[23:30:40] 'Resize' fonksiyonu inaktif.
[23:30:40] 'Zoom' fonksiyonu inaktif.
[23:30:40] 'Brightness' fonksiyonu inaktif.
[23:30:40] 'Contrast' fonksiyonu inaktif.
[23:30:40] 'MakeGray' fonksiyonu inaktif.
[23:30:40] 'Binarize' fonksiyonu inaktif.
[23:30:40] 'Shifter' fonksiyonu inaktif.
[23:30:40] 'Rotate' fonksiyonu inaktif.
[23:30:40] 'Morph' fonksiyonu inaktif.
[23:30:40] 'ApplyFilter' fonksiyonu inaktif.
[23:30:40] 'Convolute' fonksiyonu inaktif.
[23:30:40] 'EdgeDetection' fonksiyonu inaktif.
[23:30:40] 'AddSaltAndPepperNoise' fonksiyonu inaktif.
[23:30:40] 'MeanFilter' fonksiyonu inaktif.
[23:30:40] 'MedianFilter' fonksiyonu inaktif.
[23:30:40] 'Dilate' fonksiyonu inaktif.
[23:30:40] 'AdaptiveThreshold' fonksiyonu inaktif.
[23:30:40] 'Open' fonksiyonu inaktif.
[23:30:40] 'Close' fonksiyonu inaktif.
[23:30:40] 'RGB' fonksiyonu inaktif.
[23:30:40] 'Stretch' fonksiyonu inaktif.
[23:30:40] 'Resize' fonksiyonu aktif.
[23:30:40] 'Resize' fonksiyonu inaktif.
[23:30:41] 'Zoom' fonksiyonu inaktif.
[23:30:41] 'Brightness' fonksiyonu inaktif.
[23:30:41] 'Contrast' fonksiyonu inaktif.
[23:30:41] 'MakeGray' fonksiyonu inaktif.
[23:30:41] 'Binarize' fonksiyonu inaktif.
[23:30:41] 'Shifter' fonksiyonu inaktif.
[23:30:41] 'Rotate' fonksiyonu inaktif.
[23:30:41] 'Morph' fonksiyonu inaktif.
[23:30:41] 'ApplyFilter' fonksiyonu inaktif.
[23:30:41] 'Convolute' fonksiyonu inaktif.
[23:30:41] 'EdgeDetection' fonksiyonu inaktif.
[23:30:41] 'AddSaltAndPepperNoise' fonksiyonu inaktif.
[23:30:41] 'MeanFilter' fonksiyonu inaktif.
[23:30:41] 'MedianFilter' fonksiyonu inaktif.
[23:30:41] 'Dilate' fonksiyonu inaktif.
[23:30:41] 'AdaptiveThreshold' fonksiyonu inaktif.
[23:30:41] 'Open' fonksiyonu inaktif.
[23:30:41] 'Close' fonksiyonu inaktif.
[23:30:41] 'RGB' fonksiyonu inaktif.
[23:30:41] 'Stretch' fonksiyonu inaktif.
[23:30:41] 'Resize' fonksiyonu aktif.
[23:30:41] 'Resize' fonksiyonu inaktif.
[23:30:42] 'Zoom' fonksiyonu inaktif.
[23:30:42] 'Brightness' fonksiyonu inaktif.
[23:30:42] 'Contrast' fonksiyonu inaktif.
[23:30:42] 'MakeGray' fonksiyonu inaktif.
[23:30:42] 'Binarize' fonksiyonu inaktif.
[23:30:42] 'Shifter' fonksiyonu inaktif.
[23:30:42] 'Rotate' fonksiyonu inaktif.
[23:30:42] 'Morph' fonksiyonu inaktif.
[23:30:42] 'ApplyFilter' fonksiyonu inaktif.
[23:30:42] 'Convolute' fonksiyonu inaktif.
[23:30:42] 'EdgeDetection' fonksiyonu inaktif.
[23:30:42] 'AddSaltAndPepperNoise' fonksiyonu inaktif.
[23:30:42] 'MeanFilter' fonksiyonu inaktif.
[23:30:42] 'MedianFilter' fonksiyonu inaktif.
[23:30:42] 'Dilate' fonksiyonu inaktif.
[23:30:42] 'AdaptiveThreshold' fonksiyonu inaktif.
[23:30:42] 'Open' fonksiyonu inaktif.
[23:30:42] 'Close' fonksiyonu inaktif.
[23:30:42] 'RGB' fonksiyonu inaktif.
[23:30:42] 'Stretch' fonksiyonu inaktif.
[23:30:42] 'Resize' fonksiyonu aktif.
[23:30:43] 'Resize' fonksiyonu inaktif.
[23:30:43] 'Zoom' fonksiyonu inaktif.
[23:30:43] 'Brightness' fonksiyonu inaktif.
[23:30:43] 'Contrast' fonksiyonu inaktif.
[23:30:43] 'MakeGray' fonksiyonu inaktif.
[23:30:43] 'Binarize' fonksiyonu inaktif.
[23:30:43] 'Shifter' fonksiyonu inaktif.
[23:30:43] 'Rotate' fonksiyonu inaktif.
[23:30:43] 'Morph' fonksiyonu inaktif.
[23:30:43] 'ApplyFilter' fonksiyonu inaktif.
[23:30:43] 'Convolute' fonksiyonu inaktif.
[23:30:43] 'EdgeDetection' fonksiyonu inaktif.
[23:30:43] 'AddSaltAndPepperNoise' fonksiyonu inaktif.
[23:30:43] 'MeanFilter' fonksiyonu inaktif.
[23:30:43] 'MedianFilter' fonksiyonu inaktif.
[23:30:43] 'Dilate' fonksiyonu inaktif.
[23:30:43] 'AdaptiveThreshold' fonksiyonu inaktif.
[23:30:43] 'Open' fonksiyonu inaktif.
[23:30:43] 'Close' fonksiyonu inaktif.
[23:30:43] 'RGB' fonksiyonu inaktif.
[23:30:43] 'Stretch' fonksiyonu inaktif.
[23:30:43] 'Resize' fonksiyonu aktif.
[23:30:43] 'Resize' fonksiyonu inaktif.
[23:30:44] 'Zoom' fonksiyonu inaktif.
[23:30:44] 'Brightness' fonksiyonu inaktif.
[23:30:44] 'Contrast' fonksiyonu inaktif.
[23:30:44] 'MakeGray' fonksiyonu inaktif.
[23:30:44] 'Binarize' fonksiyonu inaktif.
[23:30:44] 'Shifter' fonksiyonu inaktif.
[23:30:44] 'Rotate' fonksiyonu inaktif.
[23:30:44] 'Morph' fonksiyonu inaktif.
[23:30:44] 'ApplyFilter' fonksiyonu inaktif.
[23:30:44] 'Convolute' fonksiyonu inaktif.
[23:30:44] 'EdgeDetection' fonksiyonu inaktif.
[23:30:44] 'AddSaltAndPepperNoise' fonksiyonu inaktif.
[23:30:44] 'MeanFilter' fonksiyonu inaktif.
[23:30:44] 'MedianFilter' fonksiyonu inaktif.
[23:30:44] 'Dilate' fonksiyonu inaktif.
[23:30:44] 'AdaptiveThreshold' fonksiyonu inaktif.
[23:30:44] 'Open' fonksiyonu inaktif.
[23:30:44] 'Close' fonksiyonu inaktif.
[23:30:44] 'RGB' fonksiyonu inaktif.
[23:30:44] 'Stretch' fonksiyonu inaktif.
[23:30:44] 'Resize' fonksiyonu aktif.
[23:30:59] 'Zoom' fonksiyonu inaktif.
[23:30:59] 'Brightness' fonksiyonu inaktif.
[23:30:59] 'Contrast' fonksiyonu inaktif.
[23:30:59] 'MakeGray' fonksiyonu inaktif.
[23:30:59] 'Binarize' fonksiyonu inaktif.
[23:30:59] 'Shifter' fonksiyonu inaktif.
[23:30:59] 'Rotate' fonksiyonu inaktif.
[23:30:59] 'Morph' fonksiyonu inaktif.
[23:30:59] 'ApplyFilter' fonksiyonu inaktif.
[23:30:59] 'Convolute' fonksiyonu inaktif.
[23:30:59] 'EdgeDetection' fonksiyonu inaktif.
[23:30:59] 'AddSaltAndPepperNoise' fonksiyonu inaktif.
[23:30:59] 'MeanFilter' fonksiyonu inaktif.
[23:30:59] 'MedianFilter' fonksiyonu inaktif.
[23:30:59] 'Dilate' fonksiyonu inaktif.
[23:30:59] 'AdaptiveThreshold' fonksiyonu inaktif.
[23:30:59] 'Open' fonksiyonu inaktif.
[23:30:59] 'Close' fonksiyonu inaktif.
[23:30:59] 'RGB' fonksiyonu inaktif.
[23:30:59] 'Stretch' fonksiyonu inaktif.
[23:30:59] 'Resize' fonksiyonu aktif.
[23:30:59] 'Resize' fonksiyonu inaktif.
[23:30:59] 'Zoom' fonksiyonu inaktif.
[23:30:59] 'Brightness' fonksiyonu inaktif.
[23:30:59] 'Contrast' fonksiyonu inaktif.
[23:30:59] 'MakeGray' fonksiyonu inaktif.
[23:30:59] 'Binarize' fonksiyonu inaktif.
[23:30:59] 'Shifter' fonksiyonu inaktif.
[23:30:59] 'Rotate' fonksiyonu inaktif.
[23:30:59] 'Morph' fonksiyonu inaktif.
[23:30:59] 'ApplyFilter' fonksiyonu inaktif.
[23:30:59] 'Convolute' fonksiyonu inaktif.
[23:30:59] 'EdgeDetection' fonksiyonu inaktif.
[23:30:59] 'AddSaltAndPepperNoise' fonksiyonu inaktif.
[23:30:59] 'MeanFilter' fonksiyonu inaktif.
[23:30:59] 'MedianFilter' fonksiyonu inaktif.
[23:30:59] 'Dilate' fonksiyonu inaktif.
[23:30:59] 'AdaptiveThreshold' fonksiyonu inaktif.
[23:30:59] 'Open' fonksiyonu inaktif.
[23:30:59] 'Close' fonksiyonu inaktif.
[23:30:59] 'RGB' fonksiyonu inaktif.
[23:30:59] 'Stretch' fonksiyonu inaktif.
[23:30:59] 'Resize' fonksiyonu aktif.
[23:31:00] 'Resize' fonksiyonu inaktif.
[23:31:00] 'Zoom' fonksiyonu inaktif.
[23:31:00] 'Brightness' fonksiyonu inaktif.
[23:31:00] 'Contrast' fonksiyonu inaktif.
[23:31:00] 'MakeGray' fonksiyonu inaktif.
[23:31:00] 'Binarize' fonksiyonu inaktif.
[23:31:00] 'Shifter' fonksiyonu inaktif.
[23:31:00] 'Rotate' fonksiyonu inaktif.
[23:31:00] 'Morph' fonksiyonu inaktif.
[23:31:00] 'ApplyFilter' fonksiyonu inaktif.
[23:31:00] 'Convolute' fonksiyonu inaktif.
[23:31:00] 'EdgeDetection' fonksiyonu inaktif.
[23:31:00] 'AddSaltAndPepperNoise' fonksiyonu inaktif.
[23:31:00] 'MeanFilter' fonksiyonu inaktif.
[23:31:00] 'MedianFilter' fonksiyonu inaktif.
[23:31:00] 'Dilate' fonksiyonu inaktif.
[23:31:00] 'AdaptiveThreshold' fonksiyonu inaktif.
[23:31:00] 'Open' fonksiyonu inaktif.
[23:31:00] 'Close' fonksiyonu inaktif.
[23:31:00] 'RGB' fonksiyonu inaktif.
[23:31:00] 'Stretch' fonksiyonu inaktif.
[23:31:00] 'Resize' fonksiyonu aktif.
[23:31:01] 'Resize' fonksiyonu inaktif.
[23:31:01] 'Zoom' fonksiyonu inaktif.
[23:31:01] 'Brightness' fonksiyonu inaktif.
[23:31:01] 'Contrast' fonksiyonu inaktif.
[23:31:01] 'MakeGray' fonksiyonu inaktif.
[23:31:01] 'Binarize' fonksiyonu inaktif.
[23:31:01] 'Shifter' fonksiyonu inaktif.
[23:31:01] 'Rotate' fonksiyonu inaktif.
[23:31:01] 'Morph' fonksiyonu inaktif.
[23:31:01] 'ApplyFilter' fonksiyonu inaktif.
[23:31:01] 'Convolute' fonksiyonu inaktif.
[23:31:01] 'EdgeDetection' fonksiyonu inaktif.
[23:31:01] 'AddSaltAndPepperNoise' fonksiyonu inaktif.
[23:31:01] 'MeanFilter' fonksiyonu inaktif.
[23:31:01] 'MedianFilter' fonksiyonu inaktif.
[23:31:01] 'Dilate' fonksiyonu inaktif.
[23:31:01] 'AdaptiveThreshold' fonksiyonu inaktif.
[23:31:01] 'Open' fonksiyonu inaktif.
[23:31:01] 'Close' fonksiyonu inaktif.
[23:31:01] 'RGB' fonksiyonu inaktif.
[23:31:01] 'Stretch' fonksiyonu inaktif.
[23:31:01] 'Resize' fonksiyonu aktif.
[23:31:01] 'Resize' fonksiyonu inaktif.
[23:31:24] 'Zoom' fonksiyonu inaktif.
[23:31:24] 'Brightness' fonksiyonu inaktif.
[23:31:24] 'Contrast' fonksiyonu inaktif.
[23:31:24] 'MakeGray' fonksiyonu inaktif.
[23:31:24] 'Binarize' fonksiyonu inaktif.
[23:31:24] 'Shifter' fonksiyonu inaktif.
[23:31:24] 'Rotate' fonksiyonu inaktif.
[23:31:24] 'Morph' fonksiyonu inaktif.
[23:31:24] 'ApplyFilter' fonksiyonu inaktif.
[23:31:24] 'Convolute' fonksiyonu inaktif.
[23:31:24] 'EdgeDetection' fonksiyonu inaktif.
[23:31:24] 'AddSaltAndPepperNoise' fonksiyonu inaktif.
[23:31:24] 'MeanFilter' fonksiyonu inaktif.
[23:31:24] 'MedianFilter' fonksiyonu inaktif.
[23:31:24] 'Dilate' fonksiyonu inaktif.
[23:31:24] 'AdaptiveThreshold' fonksiyonu inaktif.
[23:31:24] 'Open' fonksiyonu inaktif.
[23:31:24] 'Close' fonksiyonu inaktif.
[23:31:24] 'RGB' fonksiyonu inaktif.
[23:31:24] 'Stretch' fonksiyonu inaktif.
[23:31:24] 'Resize' fonksiyonu aktif.
[23:31:24] 'Resize' fonksiyonu inaktif.
[23:31:24] 'Zoom' fonksiyonu inaktif.
[23:31:24] 'Brightness' fonksiyonu inaktif.
[23:31:24] 'Contrast' fonksiyonu inaktif.
[23:31:24] 'MakeGray' fonksiyonu inaktif.
[23:31:24] 'Binarize' fonksiyonu inaktif.
[23:31:24] 'Shifter' fonksiyonu inaktif.
[23:31:24] 'Rotate' fonksiyonu inaktif.
[23:31:24] 'Morph' fonksiyonu inaktif.
[23:31:24] 'ApplyFilter' fonksiyonu inaktif.
[23:31:24] 'Convolute' fonksiyonu inaktif.
[23:31:24] 'EdgeDetection' fonksiyonu inaktif.
[23:31:24] 'AddSaltAndPepperNoise' fonksiyonu inaktif.
[23:31:24] 'MeanFilter' fonksiyonu inaktif.
[23:31:24] 'MedianFilter' fonksiyonu inaktif.
[23:31:24] 'Dilate' fonksiyonu inaktif.
[23:31:24] 'AdaptiveThreshold' fonksiyonu inaktif.
[23:31:24] 'Open' fonksiyonu inaktif.
[23:31:24] 'Close' fonksiyonu inaktif.
[23:31:24] 'RGB' fonksiyonu inaktif.
[23:31:24] 'Stretch' fonksiyonu inaktif.
[23:31:24] 'Resize' fonksiyonu aktif.
[23:31:25] 'Resize' fonksiyonu inaktif.
[23:31:25] 'Zoom' fonksiyonu inaktif.
[23:31:25] 'Brightness' fonksiyonu inaktif.
[23:31:25] 'Contrast' fonksiyonu inaktif.
[23:31:25] 'MakeGray' fonksiyonu inaktif.
[23:31:25] 'Binarize' fonksiyonu inaktif.
[23:31:25] 'Shifter' fonksiyonu inaktif.
[23:31:25] 'Rotate' fonksiyonu inaktif.
[23:31:25] 'Morph' fonksiyonu inaktif.
[23:31:25] 'ApplyFilter' fonksiyonu inaktif.
[23:31:25] 'Convolute' fonksiyonu inaktif.
[23:31:25] 'EdgeDetection' fonksiyonu inaktif.
[23:31:25] 'AddSaltAndPepperNoise' fonksiyonu inaktif.
[23:31:25] 'MeanFilter' fonksiyonu inaktif.
[23:31:25] 'MedianFilter' fonksiyonu inaktif.
[23:31:25] 'Dilate' fonksiyonu inaktif.
[23:31:25] 'AdaptiveThreshold' fonksiyonu inaktif.
[23:31:25] 'Open' fonksiyonu inaktif.
[23:31:25] 'Close' fonksiyonu inaktif.
[23:31:25] 'RGB' fonksiyonu inaktif.
[23:31:25] 'Stretch' fonksiyonu inaktif.
[23:31:25] 'Resize' fonksiyonu aktif.
[23:31:25] 'Resize' fonksiyonu inaktif.
[23:31:25] 'Zoom' fonksiyonu inaktif.
[23:31:25] 'Brightness' fonksiyonu inaktif.
[23:31:25] 'Contrast' fonksiyonu inaktif.
[23:31:25] 'MakeGray' fonksiyonu inaktif.
[23:31:25] 'Binarize' fonksiyonu inaktif.
[23:31:25] 'Shifter' fonksiyonu inaktif.
[23:31:25] 'Rotate' fonksiyonu inaktif.
[23:31:25] 'Morph' fonksiyonu inaktif.
[23:31:25] 'ApplyFilter' fonksiyonu inaktif.
[23:31:25] 'Convolute' fonksiyonu inaktif.
[23:31:25] 'EdgeDetection' fonksiyonu inaktif.
[23:31:25] 'AddSaltAndPepperNoise' fonksiyonu inaktif.
[23:31:25] 'MeanFilter' fonksiyonu inaktif.
[23:31:25] 'MedianFilter' fonksiyonu inaktif.
[23:31:25] 'Dilate' fonksiyonu inaktif.
[23:31:25] 'AdaptiveThreshold' fonksiyonu inaktif.
[23:31:25] 'Open' fonksiyonu inaktif.
[23:31:25] 'Close' fonksiyonu inaktif.
[23:31:25] 'RGB' fonksiyonu inaktif.
[23:31:25] 'Stretch' fonksiyonu inaktif.
[23:31:25] 'Resize' fonksiyonu aktif.
[23:31:34] 'Zoom' fonksiyonu inaktif.
[23:31:34] 'Brightness' fonksiyonu inaktif.
[23:31:34] 'Contrast' fonksiyonu inaktif.
[23:31:34] 'MakeGray' fonksiyonu inaktif.
[23:31:34] 'Binarize' fonksiyonu inaktif.
[23:31:34] 'Shifter' fonksiyonu inaktif.
[23:31:34] 'Rotate' fonksiyonu inaktif.
[23:31:34] 'Morph' fonksiyonu inaktif.
[23:31:34] 'ApplyFilter' fonksiyonu inaktif.
[23:31:34] 'Convolute' fonksiyonu inaktif.
[23:31:34] 'EdgeDetection' fonksiyonu inaktif.
[23:31:34] 'AddSaltAndPepperNoise' fonksiyonu inaktif.
[23:31:34] 'MeanFilter' fonksiyonu inaktif.
[23:31:34] 'MedianFilter' fonksiyonu inaktif.
[23:31:34] 'Dilate' fonksiyonu inaktif.
[23:31:34] 'AdaptiveThreshold' fonksiyonu inaktif.
[23:31:34] 'Open' fonksiyonu inaktif.
[23:31:34] 'Close' fonksiyonu inaktif.
[23:31:34] 'RGB' fonksiyonu inaktif.
[23:31:34] 'Stretch' fonksiyonu inaktif.
[23:31:34] 'Resize' fonksiyonu aktif.
[23:32:04] 'Zoom' fonksiyonu inaktif.
[23:32:04] 'Brightness' fonksiyonu inaktif.
[23:32:04] 'Contrast' fonksiyonu inaktif.
[23:32:04] 'MakeGray' fonksiyonu inaktif.
[23:32:04] 'Binarize' fonksiyonu inaktif.
[23:32:04] 'Shifter' fonksiyonu inaktif.
[23:32:04] 'Rotate' fonksiyonu inaktif.
[23:32:04] 'Morph' fonksiyonu inaktif.
[23:32:04] 'ApplyFilter' fonksiyonu inaktif.
[23:32:04] 'Convolute' fonksiyonu inaktif.
[23:32:04] 'EdgeDetection' fonksiyonu inaktif.
[23:32:04] 'AddSaltAndPepperNoise' fonksiyonu inaktif.
[23:32:04] 'MeanFilter' fonksiyonu inaktif.
[23:32:04] 'MedianFilter' fonksiyonu inaktif.
[23:32:04] 'Dilate' fonksiyonu inaktif.
[23:32:04] 'AdaptiveThreshold' fonksiyonu inaktif.
[23:32:04] 'Open' fonksiyonu inaktif.
[23:32:04] 'Close' fonksiyonu inaktif.
[23:32:04] 'RGB' fonksiyonu inaktif.
[23:32:04] 'Stretch' fonksiyonu inaktif.
[23:32:04] 'Resize' fonksiyonu aktif.
[23:33:35] 'Zoom' fonksiyonu inaktif.
[23:33:35] 'Brightness' fonksiyonu inaktif.
[23:33:35] 'Contrast' fonksiyonu inaktif.
[23:33:35] 'MakeGray' fonksiyonu inaktif.
[23:33:35] 'Binarize' fonksiyonu inaktif.
[23:33:35] 'Shifter' fonksiyonu inaktif.
[23:33:35] 'Rotate' fonksiyonu inaktif.
[23:33:35] 'Morph' fonksiyonu inaktif.
[23:33:35] 'ApplyFilter' fonksiyonu inaktif.
[23:33:35] 'Convolute' fonksiyonu inaktif.
[23:33:35] 'EdgeDetection' fonksiyonu inaktif.
[23:33:35] 'AddSaltAndPepperNoise' fonksiyonu inaktif.
[23:33:35] 'MeanFilter' fonksiyonu inaktif.
[23:33:35] 'MedianFilter' fonksiyonu inaktif.
[23:33:35] 'Dilate' fonksiyonu inaktif.
[23:33:35] 'AdaptiveThreshold' fonksiyonu inaktif.
[23:33:35] 'Open' fonksiyonu inaktif.
[23:33:35] 'Close' fonksiyonu inaktif.
[23:33:35] 'RGB' fonksiyonu inaktif.
[23:33:35] 'Stretch' fonksiyonu inaktif.
[23:33:35] 'Resize' fonksiyonu aktif.
[23:34:23] 'Zoom' fonksiyonu inaktif.
[23:34:23] 'Brightness' fonksiyonu inaktif.
[23:34:23] 'Contrast' fonksiyonu inaktif.
[23:34:23] 'MakeGray' fonksiyonu inaktif.
[23:34:23] 'Binarize' fonksiyonu inaktif.
[23:34:23] 'Shifter' fonksiyonu inaktif.
[23:34:23] 'Rotate' fonksiyonu inaktif.
[23:34:23] 'Morph' fonksiyonu inaktif.
[23:34:23] 'ApplyFilter' fonksiyonu inaktif.
[23:34:23] 'Convolute' fonksiyonu inaktif.
[23:34:23] 'EdgeDetection' fonksiyonu inaktif.
[23:34:23] 'AddSaltAndPepperNoise' fonksiyonu inaktif.
[23:34:23] 'MeanFilter' fonksiyonu inaktif.
[23:34:23] 'MedianFilter' fonksiyonu inaktif.
[23:34:23] 'Dilate' fonksiyonu inaktif.
[23:34:23] 'AdaptiveThreshold' fonksiyonu inaktif.
[23:34:23] 'Open' fonksiyonu inaktif.
[23:34:23] 'Close' fonksiyonu inaktif.
[23:34:23] 'RGB' fonksiyonu inaktif.
[23:34:23] 'Stretch' fonksiyonu inaktif.
[23:34:23] 'Resize' fonksiyonu aktif.
[23:34:29] 'Resize' fonksiyonu inaktif.
[23:34:30] 'Zoom' fonksiyonu inaktif.
[23:34:30] 'Brightness' fonksiyonu inaktif.
[23:34:30] 'Contrast' fonksiyonu inaktif.
[23:34:30] 'MakeGray' fonksiyonu inaktif.
[23:34:30] 'Binarize' fonksiyonu inaktif.
[23:34:30] 'Shifter' fonksiyonu inaktif.
[23:34:30] 'Rotate' fonksiyonu inaktif.
[23:34:30] 'Morph' fonksiyonu inaktif.
[23:34:30] 'ApplyFilter' fonksiyonu inaktif.
[23:34:30] 'Convolute' fonksiyonu inaktif.
[23:34:30] 'EdgeDetection' fonksiyonu inaktif.
[23:34:30] 'AddSaltAndPepperNoise' fonksiyonu inaktif.
[23:34:30] 'MeanFilter' fonksiyonu inaktif.
[23:34:30] 'MedianFilter' fonksiyonu inaktif.
[23:34:30] 'Dilate' fonksiyonu inaktif.
[23:34:30] 'AdaptiveThreshold' fonksiyonu inaktif.
[23:34:30] 'Open' fonksiyonu inaktif.
[23:34:30] 'Close' fonksiyonu inaktif.
[23:34:30] 'RGB' fonksiyonu inaktif.
[23:34:30] 'Stretch' fonksiyonu inaktif.
[23:34:30] 'Resize' fonksiyonu aktif.
[23:34:30] 'Resize' fonksiyonu inaktif.
[23:34:31] 'Zoom' fonksiyonu inaktif.
[23:34:31] 'Brightness' fonksiyonu inaktif.
[23:34:31] 'Contrast' fonksiyonu inaktif.
[23:34:31] 'MakeGray' fonksiyonu inaktif.
[23:34:31] 'Binarize' fonksiyonu inaktif.
[23:34:31] 'Shifter' fonksiyonu inaktif.
[23:34:31] 'Rotate' fonksiyonu inaktif.
[23:34:31] 'Morph' fonksiyonu inaktif.
[23:34:31] 'ApplyFilter' fonksiyonu inaktif.
[23:34:31] 'Convolute' fonksiyonu inaktif.
[23:34:31] 'EdgeDetection' fonksiyonu inaktif.
[23:34:31] 'AddSaltAndPepperNoise' fonksiyonu inaktif.
[23:34:31] 'MeanFilter' fonksiyonu inaktif.
[23:34:31] 'MedianFilter' fonksiyonu inaktif.
[23:34:31] 'Dilate' fonksiyonu inaktif.
[23:34:31] 'AdaptiveThreshold' fonksiyonu inaktif.
[23:34:31] 'Open' fonksiyonu inaktif.
[23:34:31] 'Close' fonksiyonu inaktif.
[23:34:31] 'RGB' fonksiyonu inaktif.
[23:34:31] 'Stretch' fonksiyonu inaktif.
[23:34:31] 'Resize' fonksiyonu aktif.
[23:34:32] 'Resize' fonksiyonu inaktif.
[23:34:38] 'Zoom' fonksiyonu inaktif.
[23:34:38] 'Brightness' fonksiyonu inaktif.
[23:34:38] 'Contrast' fonksiyonu inaktif.
[23:34:38] 'MakeGray' fonksiyonu inaktif.
[23:34:38] 'Binarize' fonksiyonu inaktif.
[23:34:38] 'Shifter' fonksiyonu inaktif.
[23:34:38] 'Rotate' fonksiyonu inaktif.
[23:34:38] 'Morph' fonksiyonu inaktif.
[23:34:38] 'ApplyFilter' fonksiyonu inaktif.
[23:34:38] 'Convolute' fonksiyonu inaktif.
[23:34:38] 'EdgeDetection' fonksiyonu inaktif.
[23:34:38] 'AddSaltAndPepperNoise' fonksiyonu inaktif.
[23:34:38] 'MeanFilter' fonksiyonu inaktif.
[23:34:38] 'MedianFilter' fonksiyonu inaktif.
[23:34:38] 'Dilate' fonksiyonu inaktif.
[23:34:38] 'AdaptiveThreshold' fonksiyonu inaktif.
[23:34:38] 'Open' fonksiyonu inaktif.
[23:34:38] 'Close' fonksiyonu inaktif.
[23:34:38] 'RGB' fonksiyonu inaktif.
[23:34:38] 'Stretch' fonksiyonu inaktif.
[23:34:38] 'Resize' fonksiyonu aktif.
[23:35:36] 'Zoom' fonksiyonu inaktif.
[23:35:36] 'Brightness' fonksiyonu inaktif.
[23:35:36] 'Contrast' fonksiyonu inaktif.
[23:35:36] 'MakeGray' fonksiyonu inaktif.
[23:35:36] 'Binarize' fonksiyonu inaktif.
[23:35:36] 'Shifter' fonksiyonu inaktif.
[23:35:36] 'Rotate' fonksiyonu inaktif.
[23:35:36] 'Morph' fonksiyonu inaktif.
[23:35:36] 'ApplyFilter' fonksiyonu inaktif.
[23:35:36] 'Convolute' fonksiyonu inaktif.
[23:35:36] 'EdgeDetection' fonksiyonu inaktif.
[23:35:36] 'AddSaltAndPepperNoise' fonksiyonu inaktif.
[23:35:36] 'MeanFilter' fonksiyonu inaktif.
[23:35:36] 'MedianFilter' fonksiyonu inaktif.
[23:35:36] 'Dilate' fonksiyonu inaktif.
[23:35:36] 'AdaptiveThreshold' fonksiyonu inaktif.
[23:35:36] 'Open' fonksiyonu inaktif.
[23:35:36] 'Close' fonksiyonu inaktif.
[23:35:36] 'RGB' fonksiyonu inaktif.
[23:35:36] 'Stretch' fonksiyonu inaktif.
[23:35:36] 'Resize' fonksiyonu aktif.
[23:35:42] 'Zoom' fonksiyonu inaktif.
[23:35:42] 'Brightness' fonksiyonu inaktif.
[23:35:42] 'Contrast' fonksiyonu inaktif.
[23:35:42] 'MakeGray' fonksiyonu inaktif.
[23:35:42] 'Binarize' fonksiyonu inaktif.
[23:35:42] 'Shifter' fonksiyonu inaktif.
[23:35:42] 'Rotate' fonksiyonu inaktif.
[23:35:42] 'Morph' fonksiyonu inaktif.
[23:35:42] 'ApplyFilter' fonksiyonu inaktif.
[23:35:42] 'Convolute' fonksiyonu inaktif.
[23:35:42] 'EdgeDetection' fonksiyonu inaktif.
[23:35:42] 'AddSaltAndPepperNoise' fonksiyonu inaktif.
[23:35:42] 'MeanFilter' fonksiyonu inaktif.
[23:35:42] 'MedianFilter' fonksiyonu inaktif.
[23:35:42] 'Dilate' fonksiyonu inaktif.
[23:35:42] 'AdaptiveThreshold' fonksiyonu inaktif.
[23:35:42] 'Open' fonksiyonu inaktif.
[23:35:42] 'Close' fonksiyonu inaktif.
[23:35:42] 'RGB' fonksiyonu inaktif.
[23:35:42] 'Stretch' fonksiyonu inaktif.
[23:35:42] 'Resize' fonksiyonu inaktif.
[23:35:45] 'Zoom' fonksiyonu inaktif.
[23:35:45] 'Brightness' fonksiyonu inaktif.
[23:35:45] 'Contrast' fonksiyonu inaktif.
[23:35:45] 'MakeGray' fonksiyonu inaktif.
[23:35:45] 'Binarize' fonksiyonu inaktif.
[23:35:45] 'Shifter' fonksiyonu inaktif.
[23:35:45] 'Rotate' fonksiyonu inaktif.
[23:35:45] 'Morph' fonksiyonu inaktif.
[23:35:45] 'ApplyFilter' fonksiyonu inaktif.
[23:35:45] 'Convolute' fonksiyonu inaktif.
[23:35:45] 'EdgeDetection' fonksiyonu inaktif.
[23:35:45] 'AddSaltAndPepperNoise' fonksiyonu inaktif.
[23:35:45] 'MeanFilter' fonksiyonu inaktif.
[23:35:45] 'MedianFilter' fonksiyonu inaktif.
[23:35:45] 'Dilate' fonksiyonu inaktif.
[23:35:45] 'AdaptiveThreshold' fonksiyonu inaktif.
[23:35:45] 'Open' fonksiyonu inaktif.
[23:35:45] 'Close' fonksiyonu inaktif.
[23:35:45] 'RGB' fonksiyonu inaktif.
[23:35:45] 'Stretch' fonksiyonu inaktif.
[23:35:45] 'Resize' fonksiyonu aktif.
[23:35:46] 'Resize' fonksiyonu inaktif.
[23:35:50] 'Zoom' fonksiyonu inaktif.
[23:35:50] 'Brightness' fonksiyonu inaktif.
[23:35:50] 'MakeGray' fonksiyonu inaktif.
[23:35:50] 'Binarize' fonksiyonu inaktif.
[23:35:50] 'Shifter' fonksiyonu inaktif.
[23:35:50] 'Rotate' fonksiyonu inaktif.
[23:35:50] 'Morph' fonksiyonu inaktif.
[23:35:50] 'ApplyFilter' fonksiyonu inaktif.
[23:35:50] 'Convolute' fonksiyonu inaktif.
[23:35:50] 'EdgeDetection' fonksiyonu inaktif.
[23:35:50] 'AddSaltAndPepperNoise' fonksiyonu inaktif.
[23:35:50] 'MeanFilter' fonksiyonu inaktif.
[23:35:50] 'MedianFilter' fonksiyonu inaktif.
[23:35:50] 'Dilate' fonksiyonu inaktif.
[23:35:50] 'AdaptiveThreshold' fonksiyonu inaktif.
[23:35:50] 'Open' fonksiyonu inaktif.
[23:35:50] 'Close' fonksiyonu inaktif.
[23:35:50] 'RGB' fonksiyonu inaktif.
[23:35:50] 'Stretch' fonksiyonu inaktif.
[23:35:50] 'Resize' fonksiyonu inaktif.
[23:35:50] 'Contrast' fonksiyonu aktif.
[23:35:51] 'Contrast' fonksiyonu inaktif.
[23:35:51] 'Zoom' fonksiyonu inaktif.
[23:35:51] 'Contrast' fonksiyonu inaktif.
[23:35:51] 'MakeGray' fonksiyonu inaktif.
[23:35:51] 'Binarize' fonksiyonu inaktif.
[23:35:51] 'Shifter' fonksiyonu inaktif.
[23:35:51] 'Rotate' fonksiyonu inaktif.
[23:35:51] 'Morph' fonksiyonu inaktif.
[23:35:51] 'ApplyFilter' fonksiyonu inaktif.
[23:35:51] 'Convolute' fonksiyonu inaktif.
[23:35:51] 'EdgeDetection' fonksiyonu inaktif.
[23:35:51] 'AddSaltAndPepperNoise' fonksiyonu inaktif.
[23:35:51] 'MeanFilter' fonksiyonu inaktif.
[23:35:51] 'MedianFilter' fonksiyonu inaktif.
[23:35:51] 'Dilate' fonksiyonu inaktif.
[23:35:51] 'AdaptiveThreshold' fonksiyonu inaktif.
[23:35:51] 'Open' fonksiyonu inaktif.
[23:35:51] 'Close' fonksiyonu inaktif.
[23:35:51] 'RGB' fonksiyonu inaktif.
[23:35:51] 'Stretch' fonksiyonu inaktif.
[23:35:51] 'Resize' fonksiyonu inaktif.
[23:35:51] 'Brightness' fonksiyonu aktif.
[23:35:53] 'Zoom' fonksiyonu inaktif.
[23:35:53] 'Brightness' fonksiyonu inaktif.
[23:35:53] 'Contrast' fonksiyonu inaktif.
[23:35:53] 'MakeGray' fonksiyonu inaktif.
[23:35:53] 'Binarize' fonksiyonu inaktif.
[23:35:53] 'Shifter' fonksiyonu inaktif.
[23:35:53] 'Rotate' fonksiyonu inaktif.
[23:35:53] 'Morph' fonksiyonu inaktif.
[23:35:53] 'ApplyFilter' fonksiyonu inaktif.
[23:35:53] 'Convolute' fonksiyonu inaktif.
[23:35:53] 'EdgeDetection' fonksiyonu inaktif.
[23:35:53] 'AddSaltAndPepperNoise' fonksiyonu inaktif.
[23:35:53] 'MeanFilter' fonksiyonu inaktif.
[23:35:53] 'MedianFilter' fonksiyonu inaktif.
[23:35:53] 'Dilate' fonksiyonu inaktif.
[23:35:53] 'AdaptiveThreshold' fonksiyonu inaktif.
[23:35:53] 'Open' fonksiyonu inaktif.
[23:35:53] 'Close' fonksiyonu inaktif.
[23:35:53] 'RGB' fonksiyonu inaktif.
[23:35:53] 'Stretch' fonksiyonu inaktif.
[23:35:53] 'Resize' fonksiyonu inaktif.
[23:35:58] 'Zoom' fonksiyonu inaktif.
[23:35:58] 'Brightness' fonksiyonu inaktif.
[23:35:58] 'Contrast' fonksiyonu inaktif.
[23:35:58] 'MakeGray' fonksiyonu inaktif.
[23:35:58] 'Binarize' fonksiyonu inaktif.
[23:35:58] 'Shifter' fonksiyonu inaktif.
[23:35:58] 'Rotate' fonksiyonu inaktif.
[23:35:58] 'Morph' fonksiyonu inaktif.
[23:35:58] 'ApplyFilter' fonksiyonu inaktif.
[23:35:58] 'Convolute' fonksiyonu inaktif.
[23:35:58] 'EdgeDetection' fonksiyonu inaktif.
[23:35:58] 'AddSaltAndPepperNoise' fonksiyonu inaktif.
[23:35:58] 'MeanFilter' fonksiyonu inaktif.
[23:35:58] 'MedianFilter' fonksiyonu inaktif.
[23:35:58] 'Dilate' fonksiyonu inaktif.
[23:35:58] 'AdaptiveThreshold' fonksiyonu inaktif.
[23:35:58] 'Open' fonksiyonu inaktif.
[23:35:58] 'Close' fonksiyonu inaktif.
[23:35:58] 'RGB' fonksiyonu inaktif.
[23:35:58] 'Stretch' fonksiyonu inaktif.
[23:35:58] 'Resize' fonksiyonu aktif.
[23:36:17] 'Zoom' fonksiyonu inaktif.
[23:36:17] 'Brightness' fonksiyonu inaktif.
[23:36:17] 'Contrast' fonksiyonu inaktif.
[23:36:17] 'MakeGray' fonksiyonu inaktif.
[23:36:17] 'Binarize' fonksiyonu inaktif.
[23:36:17] 'Shifter' fonksiyonu inaktif.
[23:36:17] 'Rotate' fonksiyonu inaktif.
[23:36:17] 'Morph' fonksiyonu inaktif.
[23:36:17] 'ApplyFilter' fonksiyonu inaktif.
[23:36:17] 'Convolute' fonksiyonu inaktif.
[23:36:17] 'EdgeDetection' fonksiyonu inaktif.
[23:36:17] 'AddSaltAndPepperNoise' fonksiyonu inaktif.
[23:36:17] 'MeanFilter' fonksiyonu inaktif.
[23:36:17] 'MedianFilter' fonksiyonu inaktif.
[23:36:17] 'Dilate' fonksiyonu inaktif.
[23:36:17] 'AdaptiveThreshold' fonksiyonu inaktif.
[23:36:17] 'Open' fonksiyonu inaktif.
[23:36:17] 'Close' fonksiyonu inaktif.
[23:36:17] 'RGB' fonksiyonu inaktif.
[23:36:17] 'Stretch' fonksiyonu inaktif.
[23:36:17] 'Resize' fonksiyonu inaktif.
[23:38:01] 'Zoom' fonksiyonu inaktif.
[23:38:01] 'Brightness' fonksiyonu inaktif.
[23:38:01] 'Contrast' fonksiyonu inaktif.
[23:38:01] 'MakeGray' fonksiyonu inaktif.
[23:38:01] 'Binarize' fonksiyonu inaktif.
[23:38:01] 'Shifter' fonksiyonu inaktif.
[23:38:01] 'Rotate' fonksiyonu inaktif.
[23:38:01] 'Morph' fonksiyonu inaktif.
[23:38:01] 'ApplyFilter' fonksiyonu inaktif.
[23:38:01] 'Convolute' fonksiyonu inaktif.
[23:38:01] 'EdgeDetection' fonksiyonu inaktif.
[23:38:01] 'AddSaltAndPepperNoise' fonksiyonu inaktif.
[23:38:01] 'MeanFilter' fonksiyonu inaktif.
[23:38:01] 'MedianFilter' fonksiyonu inaktif.
[23:38:01] 'Dilate' fonksiyonu inaktif.
[23:38:01] 'AdaptiveThreshold' fonksiyonu inaktif.
[23:38:01] 'Open' fonksiyonu inaktif.
[23:38:01] 'Close' fonksiyonu inaktif.
[23:38:01] 'RGB' fonksiyonu inaktif.
[23:38:01] 'Stretch' fonksiyonu inaktif.
[23:38:01] 'Resize' fonksiyonu aktif.
[23:38:10] 'Zoom' fonksiyonu inaktif.
[23:38:10] 'Brightness' fonksiyonu inaktif.
[23:38:10] 'Contrast' fonksiyonu inaktif.
[23:38:10] 'MakeGray' fonksiyonu inaktif.
[23:38:10] 'Binarize' fonksiyonu inaktif.
[23:38:10] 'Shifter' fonksiyonu inaktif.
[23:38:10] 'Rotate' fonksiyonu inaktif.
[23:38:10] 'Morph' fonksiyonu inaktif.
[23:38:10] 'ApplyFilter' fonksiyonu inaktif.
[23:38:10] 'Convolute' fonksiyonu inaktif.
[23:38:10] 'EdgeDetection' fonksiyonu inaktif.
[23:38:10] 'AddSaltAndPepperNoise' fonksiyonu inaktif.
[23:38:10] 'MeanFilter' fonksiyonu inaktif.
[23:38:10] 'MedianFilter' fonksiyonu inaktif.
[23:38:10] 'Dilate' fonksiyonu inaktif.
[23:38:10] 'AdaptiveThreshold' fonksiyonu inaktif.
[23:38:10] 'Open' fonksiyonu inaktif.
[23:38:10] 'Close' fonksiyonu inaktif.
[23:38:10] 'RGB' fonksiyonu inaktif.
[23:38:10] 'Stretch' fonksiyonu inaktif.
[23:38:10] 'Resize' fonksiyonu inaktif.
[23:38:13] 'Zoom' fonksiyonu inaktif.
[23:38:13] 'Contrast' fonksiyonu inaktif.
[23:38:13] 'MakeGray' fonksiyonu inaktif.
[23:38:13] 'Binarize' fonksiyonu inaktif.
[23:38:13] 'Shifter' fonksiyonu inaktif.
[23:38:13] 'Rotate' fonksiyonu inaktif.
[23:38:13] 'Morph' fonksiyonu inaktif.
[23:38:13] 'ApplyFilter' fonksiyonu inaktif.
[23:38:13] 'Convolute' fonksiyonu inaktif.
[23:38:13] 'EdgeDetection' fonksiyonu inaktif.
[23:38:13] 'AddSaltAndPepperNoise' fonksiyonu inaktif.
[23:38:13] 'MeanFilter' fonksiyonu inaktif.
[23:38:13] 'MedianFilter' fonksiyonu inaktif.
[23:38:13] 'Dilate' fonksiyonu inaktif.
[23:38:13] 'AdaptiveThreshold' fonksiyonu inaktif.
[23:38:13] 'Open' fonksiyonu inaktif.
[23:38:13] 'Close' fonksiyonu inaktif.
[23:38:13] 'RGB' fonksiyonu inaktif.
[23:38:13] 'Stretch' fonksiyonu inaktif.
[23:38:13] 'Resize' fonksiyonu inaktif.
[23:38:13] 'Brightness' fonksiyonu aktif.
[23:38:15] 'Brightness' fonksiyonu inaktif.
[23:38:18] 'Brightness' fonksiyonu inaktif.
[23:38:18] 'Contrast' fonksiyonu inaktif.
[23:38:18] 'MakeGray' fonksiyonu inaktif.
[23:38:18] 'Binarize' fonksiyonu inaktif.
[23:38:18] 'Shifter' fonksiyonu inaktif.
[23:38:18] 'Rotate' fonksiyonu inaktif.
[23:38:18] 'Morph' fonksiyonu inaktif.
[23:38:18] 'ApplyFilter' fonksiyonu inaktif.
[23:38:18] 'Convolute' fonksiyonu inaktif.
[23:38:18] 'EdgeDetection' fonksiyonu inaktif.
[23:38:18] 'AddSaltAndPepperNoise' fonksiyonu inaktif.
[23:38:18] 'MeanFilter' fonksiyonu inaktif.
[23:38:18] 'MedianFilter' fonksiyonu inaktif.
[23:38:18] 'Dilate' fonksiyonu inaktif.
[23:38:18] 'AdaptiveThreshold' fonksiyonu inaktif.
[23:38:18] 'Open' fonksiyonu inaktif.
[23:38:18] 'Close' fonksiyonu inaktif.
[23:38:18] 'RGB' fonksiyonu inaktif.
[23:38:18] 'Stretch' fonksiyonu inaktif.
[23:38:18] 'Resize' fonksiyonu inaktif.
[23:38:18] 'Zoom' fonksiyonu aktif.
[23:38:20] 'Zoom' fonksiyonu inaktif.
[23:40:31] 'Zoom' fonksiyonu inaktif.
[23:40:31] 'Brightness' fonksiyonu inaktif.
[23:40:31] 'Contrast' fonksiyonu inaktif.
[23:40:31] 'MakeGray' fonksiyonu inaktif.
[23:40:31] 'Binarize' fonksiyonu inaktif.
[23:40:31] 'Shifter' fonksiyonu inaktif.
[23:40:31] 'Rotate' fonksiyonu inaktif.
[23:40:31] 'Morph' fonksiyonu inaktif.
[23:40:31] 'ApplyFilter' fonksiyonu inaktif.
[23:40:31] 'Convolute' fonksiyonu inaktif.
[23:40:31] 'EdgeDetection' fonksiyonu inaktif.
[23:40:31] 'AddSaltAndPepperNoise' fonksiyonu inaktif.
[23:40:31] 'MeanFilter' fonksiyonu inaktif.
[23:40:31] 'MedianFilter' fonksiyonu inaktif.
[23:40:31] 'Dilate' fonksiyonu inaktif.
[23:40:31] 'AdaptiveThreshold' fonksiyonu inaktif.
[23:40:31] 'Open' fonksiyonu inaktif.
[23:40:31] 'Close' fonksiyonu inaktif.
[23:40:31] 'RGB' fonksiyonu inaktif.
[23:40:31] 'Stretch' fonksiyonu inaktif.
[23:40:31] 'Resize' fonksiyonu aktif.
[23:43:53] 'Zoom' fonksiyonu inaktif.
[23:43:53] 'Brightness' fonksiyonu inaktif.
[23:43:53] 'Contrast' fonksiyonu inaktif.
[23:43:53] 'MakeGray' fonksiyonu inaktif.
[23:43:53] 'Binarize' fonksiyonu inaktif.
[23:43:53] 'Shifter' fonksiyonu inaktif.
[23:43:53] 'Rotate' fonksiyonu inaktif.
[23:43:53] 'Morph' fonksiyonu inaktif.
[23:43:53] 'ApplyFilter' fonksiyonu inaktif.
[23:43:53] 'Convolute' fonksiyonu inaktif.
[23:43:53] 'EdgeDetection' fonksiyonu inaktif.
[23:43:53] 'AddSaltAndPepperNoise' fonksiyonu inaktif.
[23:43:53] 'MeanFilter' fonksiyonu inaktif.
[23:43:53] 'MedianFilter' fonksiyonu inaktif.
[23:43:53] 'Dilate' fonksiyonu inaktif.
[23:43:53] 'AdaptiveThreshold' fonksiyonu inaktif.
[23:43:53] 'Open' fonksiyonu inaktif.
[23:43:53] 'Close' fonksiyonu inaktif.
[23:43:53] 'Stretch' fonksiyonu inaktif.
[23:43:53] 'Resize' fonksiyonu inaktif.
[23:43:53] 'RGB' fonksiyonu aktif.
[23:43:57] 'Zoom' fonksiyonu inaktif.
[23:43:57] 'Brightness' fonksiyonu inaktif.
[23:43:57] 'Contrast' fonksiyonu inaktif.
[23:43:57] 'MakeGray' fonksiyonu inaktif.
[23:43:57] 'Binarize' fonksiyonu inaktif.
[23:43:57] 'Shifter' fonksiyonu inaktif.
[23:43:57] 'Rotate' fonksiyonu inaktif.
[23:43:57] 'Morph' fonksiyonu inaktif.
[23:43:57] 'ApplyFilter' fonksiyonu inaktif.
[23:43:57] 'Convolute' fonksiyonu inaktif.
[23:43:57] 'EdgeDetection' fonksiyonu inaktif.
[23:43:57] 'AddSaltAndPepperNoise' fonksiyonu inaktif.
[23:43:57] 'MeanFilter' fonksiyonu inaktif.
[23:43:57] 'MedianFilter' fonksiyonu inaktif.
[23:43:57] 'Dilate' fonksiyonu inaktif.
[23:43:57] 'AdaptiveThreshold' fonksiyonu inaktif.
[23:43:57] 'Open' fonksiyonu inaktif.
[23:43:57] 'Close' fonksiyonu inaktif.
[23:43:57] 'RGB' fonksiyonu inaktif.
[23:43:57] 'Stretch' fonksiyonu inaktif.
[23:43:57] 'Resize' fonksiyonu inaktif.
