[00:04:43] 'Zoom' fonksiyonu inaktif.
[00:04:43] 'Brightness' fonksiyonu inaktif.
[00:04:43] 'Contrast' fonksiyonu inaktif.
[00:04:43] 'MakeGray' fonksiyonu inaktif.
[00:04:43] 'Binarize' fonksiyonu inaktif.
[00:04:43] 'Shifter' fonksiyonu inaktif.
[00:04:43] 'Rotate' fonksiyonu inaktif.
[00:04:43] 'Morph' fonksiyonu inaktif.
[00:04:43] 'ApplyFilter' fonksiyonu inaktif.
[00:04:43] 'Convolute' fonksiyonu inaktif.
[00:04:43] 'EdgeDetection' fonksiyonu inaktif.
[00:04:43] 'AddSaltAndPepperNoise' fonksiyonu inaktif.
[00:04:43] 'MeanFilter' fonksiyonu inaktif.
[00:04:43] 'MedianFilter' fonksiyonu inaktif.
[00:04:43] 'Dilate' fonksiyonu inaktif.
[00:04:43] 'AdaptiveThreshold' fonksiyonu inaktif.
[00:04:43] 'Open' fonksiyonu inaktif.
[00:04:43] 'Close' fonksiyonu inaktif.
[00:04:43] 'RGB' fonksiyonu inaktif.
[00:04:43] 'Stretch' fonksiyonu inaktif.
[00:04:43] 'Resize' fonksiyonu aktif.
[00:05:23] 'Brightness' fonksiyonu inaktif.
[00:05:23] 'Contrast' fonksiyonu inaktif.
[00:05:23] 'MakeGray' fonksiyonu inaktif.
[00:05:23] 'Binarize' fonksiyonu inaktif.
[00:05:23] 'Shifter' fonksiyonu inaktif.
[00:05:23] 'Rotate' fonksiyonu inaktif.
[00:05:23] 'Morph' fonksiyonu inaktif.
[00:05:23] 'ApplyFilter' fonksiyonu inaktif.
[00:05:23] 'Convolute' fonksiyonu inaktif.
[00:05:23] 'EdgeDetection' fonksiyonu inaktif.
[00:05:23] 'AddSaltAndPepperNoise' fonksiyonu inaktif.
[00:05:23] 'MeanFilter' fonksiyonu inaktif.
[00:05:23] 'MedianFilter' fonksiyonu inaktif.
[00:05:23] 'Dilate' fonksiyonu inaktif.
[00:05:23] 'AdaptiveThreshold' fonksiyonu inaktif.
[00:05:23] 'Open' fonksiyonu inaktif.
[00:05:23] 'Close' fonksiyonu inaktif.
[00:05:23] 'RGB' fonksiyonu inaktif.
[00:05:23] 'Stretch' fonksiyonu inaktif.
[00:05:23] 'Resize' fonksiyonu inaktif.
[00:05:23] 'Zoom' fonksiyonu aktif.
[00:06:15] 'Zoom' fonksiyonu inaktif.
[00:06:15] 'Brightness' fonksiyonu inaktif.
[00:06:15] 'Contrast' fonksiyonu inaktif.
[00:06:15] 'MakeGray' fonksiyonu inaktif.
[00:06:15] 'Binarize' fonksiyonu inaktif.
[00:06:15] 'Shifter' fonksiyonu inaktif.
[00:06:15] 'Rotate' fonksiyonu inaktif.
[00:06:15] 'Morph' fonksiyonu inaktif.
[00:06:15] 'ApplyFilter' fonksiyonu inaktif.
[00:06:15] 'Convolute' fonksiyonu inaktif.
[00:06:15] 'EdgeDetection' fonksiyonu inaktif.
[00:06:15] 'AddSaltAndPepperNoise' fonksiyonu inaktif.
[00:06:15] 'MeanFilter' fonksiyonu inaktif.
[00:06:15] 'MedianFilter' fonksiyonu inaktif.
[00:06:15] 'Dilate' fonksiyonu inaktif.
[00:06:15] 'AdaptiveThreshold' fonksiyonu inaktif.
[00:06:15] 'Open' fonksiyonu inaktif.
[00:06:15] 'Close' fonksiyonu inaktif.
[00:06:15] 'RGB' fonksiyonu inaktif.
[00:06:15] 'Stretch' fonksiyonu inaktif.
[00:06:15] 'Resize' fonksiyonu aktif.
[00:06:43] 'Resize' fonksiyonu inaktif.
[00:06:45] 'Zoom' fonksiyonu inaktif.
[00:06:45] 'Brightness' fonksiyonu inaktif.
[00:06:45] 'Contrast' fonksiyonu inaktif.
[00:06:45] 'MakeGray' fonksiyonu inaktif.
[00:06:45] 'Binarize' fonksiyonu inaktif.
[00:06:45] 'Shifter' fonksiyonu inaktif.
[00:06:45] 'Rotate' fonksiyonu inaktif.
[00:06:45] 'Morph' fonksiyonu inaktif.
[00:06:45] 'ApplyFilter' fonksiyonu inaktif.
[00:06:45] 'Convolute' fonksiyonu inaktif.
[00:06:45] 'EdgeDetection' fonksiyonu inaktif.
[00:06:45] 'AddSaltAndPepperNoise' fonksiyonu inaktif.
[00:06:45] 'MeanFilter' fonksiyonu inaktif.
[00:06:45] 'MedianFilter' fonksiyonu inaktif.
[00:06:45] 'Dilate' fonksiyonu inaktif.
[00:06:45] 'AdaptiveThreshold' fonksiyonu inaktif.
[00:06:45] 'Open' fonksiyonu inaktif.
[00:06:45] 'Close' fonksiyonu inaktif.
[00:06:45] 'RGB' fonksiyonu inaktif.
[00:06:45] 'Stretch' fonksiyonu inaktif.
[00:06:45] 'Resize' fonksiyonu aktif.
[00:06:45] 'Resize' fonksiyonu inaktif.
[00:06:45] 'Zoom' fonksiyonu inaktif.
[00:06:45] 'Brightness' fonksiyonu inaktif.
[00:06:45] 'Contrast' fonksiyonu inaktif.
[00:06:45] 'MakeGray' fonksiyonu inaktif.
[00:06:45] 'Binarize' fonksiyonu inaktif.
[00:06:45] 'Shifter' fonksiyonu inaktif.
[00:06:45] 'Rotate' fonksiyonu inaktif.
[00:06:45] 'Morph' fonksiyonu inaktif.
[00:06:45] 'ApplyFilter' fonksiyonu inaktif.
[00:06:45] 'Convolute' fonksiyonu inaktif.
[00:06:45] 'EdgeDetection' fonksiyonu inaktif.
[00:06:45] 'AddSaltAndPepperNoise' fonksiyonu inaktif.
[00:06:45] 'MeanFilter' fonksiyonu inaktif.
[00:06:45] 'MedianFilter' fonksiyonu inaktif.
[00:06:45] 'Dilate' fonksiyonu inaktif.
[00:06:45] 'AdaptiveThreshold' fonksiyonu inaktif.
[00:06:45] 'Open' fonksiyonu inaktif.
[00:06:45] 'Close' fonksiyonu inaktif.
[00:06:45] 'RGB' fonksiyonu inaktif.
[00:06:45] 'Stretch' fonksiyonu inaktif.
[00:06:45] 'Resize' fonksiyonu aktif.
[00:06:46] 'Resize' fonksiyonu inaktif.
[00:06:46] 'Zoom' fonksiyonu inaktif.
[00:06:46] 'Brightness' fonksiyonu inaktif.
[00:06:46] 'Contrast' fonksiyonu inaktif.
[00:06:46] 'MakeGray' fonksiyonu inaktif.
[00:06:46] 'Binarize' fonksiyonu inaktif.
[00:06:46] 'Shifter' fonksiyonu inaktif.
[00:06:46] 'Rotate' fonksiyonu inaktif.
[00:06:46] 'Morph' fonksiyonu inaktif.
[00:06:46] 'ApplyFilter' fonksiyonu inaktif.
[00:06:46] 'Convolute' fonksiyonu inaktif.
[00:06:46] 'EdgeDetection' fonksiyonu inaktif.
[00:06:46] 'AddSaltAndPepperNoise' fonksiyonu inaktif.
[00:06:46] 'MeanFilter' fonksiyonu inaktif.
[00:06:46] 'MedianFilter' fonksiyonu inaktif.
[00:06:46] 'Dilate' fonksiyonu inaktif.
[00:06:46] 'AdaptiveThreshold' fonksiyonu inaktif.
[00:06:46] 'Open' fonksiyonu inaktif.
[00:06:46] 'Close' fonksiyonu inaktif.
[00:06:46] 'RGB' fonksiyonu inaktif.
[00:06:46] 'Stretch' fonksiyonu inaktif.
[00:06:46] 'Resize' fonksiyonu aktif.
[00:06:50] 'Resize' fonksiyonu inaktif.
[00:06:50] 'Zoom' fonksiyonu inaktif.
[00:06:50] 'Brightness' fonksiyonu inaktif.
[00:06:50] 'Contrast' fonksiyonu inaktif.
[00:06:50] 'MakeGray' fonksiyonu inaktif.
[00:06:50] 'Binarize' fonksiyonu inaktif.
[00:06:50] 'Shifter' fonksiyonu inaktif.
[00:06:50] 'Rotate' fonksiyonu inaktif.
[00:06:50] 'Morph' fonksiyonu inaktif.
[00:06:50] 'ApplyFilter' fonksiyonu inaktif.
[00:06:50] 'Convolute' fonksiyonu inaktif.
[00:06:50] 'EdgeDetection' fonksiyonu inaktif.
[00:06:50] 'AddSaltAndPepperNoise' fonksiyonu inaktif.
[00:06:50] 'MeanFilter' fonksiyonu inaktif.
[00:06:50] 'MedianFilter' fonksiyonu inaktif.
[00:06:50] 'Dilate' fonksiyonu inaktif.
[00:06:50] 'AdaptiveThreshold' fonksiyonu inaktif.
[00:06:50] 'Open' fonksiyonu inaktif.
[00:06:50] 'Close' fonksiyonu inaktif.
[00:06:50] 'RGB' fonksiyonu inaktif.
[00:06:50] 'Stretch' fonksiyonu inaktif.
[00:06:50] 'Resize' fonksiyonu aktif.
[00:06:51] 'Resize' fonksiyonu inaktif.
[00:06:51] 'Zoom' fonksiyonu inaktif.
[00:06:51] 'Brightness' fonksiyonu inaktif.
[00:06:51] 'Contrast' fonksiyonu inaktif.
[00:06:51] 'MakeGray' fonksiyonu inaktif.
[00:06:51] 'Binarize' fonksiyonu inaktif.
[00:06:51] 'Shifter' fonksiyonu inaktif.
[00:06:51] 'Rotate' fonksiyonu inaktif.
[00:06:51] 'Morph' fonksiyonu inaktif.
[00:06:51] 'ApplyFilter' fonksiyonu inaktif.
[00:06:51] 'Convolute' fonksiyonu inaktif.
[00:06:51] 'EdgeDetection' fonksiyonu inaktif.
[00:06:51] 'AddSaltAndPepperNoise' fonksiyonu inaktif.
[00:06:51] 'MeanFilter' fonksiyonu inaktif.
[00:06:51] 'MedianFilter' fonksiyonu inaktif.
[00:06:51] 'Dilate' fonksiyonu inaktif.
[00:06:51] 'AdaptiveThreshold' fonksiyonu inaktif.
[00:06:51] 'Open' fonksiyonu inaktif.
[00:06:51] 'Close' fonksiyonu inaktif.
[00:06:51] 'RGB' fonksiyonu inaktif.
[00:06:51] 'Stretch' fonksiyonu inaktif.
[00:06:51] 'Resize' fonksiyonu aktif.
[00:06:51] 'Resize' fonksiyonu inaktif.
[00:06:52] 'Zoom' fonksiyonu inaktif.
[00:06:52] 'Brightness' fonksiyonu inaktif.
[00:06:52] 'Contrast' fonksiyonu inaktif.
[00:06:52] 'MakeGray' fonksiyonu inaktif.
[00:06:52] 'Binarize' fonksiyonu inaktif.
[00:06:52] 'Shifter' fonksiyonu inaktif.
[00:06:52] 'Rotate' fonksiyonu inaktif.
[00:06:52] 'Morph' fonksiyonu inaktif.
[00:06:52] 'ApplyFilter' fonksiyonu inaktif.
[00:06:52] 'Convolute' fonksiyonu inaktif.
[00:06:52] 'EdgeDetection' fonksiyonu inaktif.
[00:06:52] 'AddSaltAndPepperNoise' fonksiyonu inaktif.
[00:06:52] 'MeanFilter' fonksiyonu inaktif.
[00:06:52] 'MedianFilter' fonksiyonu inaktif.
[00:06:52] 'Dilate' fonksiyonu inaktif.
[00:06:52] 'AdaptiveThreshold' fonksiyonu inaktif.
[00:06:52] 'Open' fonksiyonu inaktif.
[00:06:52] 'Close' fonksiyonu inaktif.
[00:06:52] 'RGB' fonksiyonu inaktif.
[00:06:52] 'Stretch' fonksiyonu inaktif.
[00:06:52] 'Resize' fonksiyonu aktif.
[00:06:52] 'Resize' fonksiyonu inaktif.
[00:07:11] 'Zoom' fonksiyonu inaktif.
[00:07:11] 'Brightness' fonksiyonu inaktif.
[00:07:11] 'Contrast' fonksiyonu inaktif.
[00:07:11] 'MakeGray' fonksiyonu inaktif.
[00:07:11] 'Binarize' fonksiyonu inaktif.
[00:07:11] 'Shifter' fonksiyonu inaktif.
[00:07:11] 'Rotate' fonksiyonu inaktif.
[00:07:11] 'Morph' fonksiyonu inaktif.
[00:07:11] 'ApplyFilter' fonksiyonu inaktif.
[00:07:11] 'Convolute' fonksiyonu inaktif.
[00:07:11] 'EdgeDetection' fonksiyonu inaktif.
[00:07:11] 'AddSaltAndPepperNoise' fonksiyonu inaktif.
[00:07:11] 'MeanFilter' fonksiyonu inaktif.
[00:07:11] 'MedianFilter' fonksiyonu inaktif.
[00:07:11] 'Dilate' fonksiyonu inaktif.
[00:07:11] 'AdaptiveThreshold' fonksiyonu inaktif.
[00:07:11] 'Open' fonksiyonu inaktif.
[00:07:11] 'Close' fonksiyonu inaktif.
[00:07:11] 'RGB' fonksiyonu inaktif.
[00:07:11] 'Stretch' fonksiyonu inaktif.
[00:07:11] 'Resize' fonksiyonu aktif.
[00:07:17] 'Resize' fonksiyonu inaktif.
[00:07:18] 'Zoom' fonksiyonu inaktif.
[00:07:18] 'Brightness' fonksiyonu inaktif.
[00:07:18] 'Contrast' fonksiyonu inaktif.
[00:07:18] 'MakeGray' fonksiyonu inaktif.
[00:07:18] 'Binarize' fonksiyonu inaktif.
[00:07:18] 'Shifter' fonksiyonu inaktif.
[00:07:18] 'Rotate' fonksiyonu inaktif.
[00:07:18] 'Morph' fonksiyonu inaktif.
[00:07:18] 'ApplyFilter' fonksiyonu inaktif.
[00:07:18] 'Convolute' fonksiyonu inaktif.
[00:07:18] 'EdgeDetection' fonksiyonu inaktif.
[00:07:18] 'AddSaltAndPepperNoise' fonksiyonu inaktif.
[00:07:18] 'MeanFilter' fonksiyonu inaktif.
[00:07:18] 'MedianFilter' fonksiyonu inaktif.
[00:07:18] 'Dilate' fonksiyonu inaktif.
[00:07:18] 'AdaptiveThreshold' fonksiyonu inaktif.
[00:07:18] 'Open' fonksiyonu inaktif.
[00:07:18] 'Close' fonksiyonu inaktif.
[00:07:18] 'RGB' fonksiyonu inaktif.
[00:07:18] 'Stretch' fonksiyonu inaktif.
[00:07:18] 'Resize' fonksiyonu aktif.
[12:02:19] 'Zoom' fonksiyonu inaktif.
[12:02:19] 'Brightness' fonksiyonu inaktif.
[12:02:19] 'MakeGray' fonksiyonu inaktif.
[12:02:19] 'Binarize' fonksiyonu inaktif.
[12:02:19] 'Shifter' fonksiyonu inaktif.
[12:02:19] 'Rotate' fonksiyonu inaktif.
[12:02:19] 'Morph' fonksiyonu inaktif.
[12:02:19] 'ApplyFilter' fonksiyonu inaktif.
[12:02:19] 'Convolute' fonksiyonu inaktif.
[12:02:19] 'EdgeDetection' fonksiyonu inaktif.
[12:02:19] 'AddSaltAndPepperNoise' fonksiyonu inaktif.
[12:02:19] 'MeanFilter' fonksiyonu inaktif.
[12:02:19] 'MedianFilter' fonksiyonu inaktif.
[12:02:19] 'Dilate' fonksiyonu inaktif.
[12:02:19] 'AdaptiveThreshold' fonksiyonu inaktif.
[12:02:19] 'Open' fonksiyonu inaktif.
[12:02:19] 'Close' fonksiyonu inaktif.
[12:02:19] 'RGB' fonksiyonu inaktif.
[12:02:19] 'Stretch' fonksiyonu inaktif.
[12:02:19] 'Resize' fonksiyonu inaktif.
[12:02:19] 'Contrast' fonksiyonu aktif.
[12:04:30] 'Zoom' fonksiyonu inaktif.
[12:04:30] 'Brightness' fonksiyonu inaktif.
[12:04:30] 'Contrast' fonksiyonu inaktif.
[12:04:30] 'MakeGray' fonksiyonu inaktif.
[12:04:30] 'Shifter' fonksiyonu inaktif.
[12:04:30] 'Rotate' fonksiyonu inaktif.
[12:04:30] 'Morph' fonksiyonu inaktif.
[12:04:30] 'ApplyFilter' fonksiyonu inaktif.
[12:04:30] 'Convolute' fonksiyonu inaktif.
[12:04:30] 'EdgeDetection' fonksiyonu inaktif.
[12:04:30] 'AddSaltAndPepperNoise' fonksiyonu inaktif.
[12:04:30] 'MeanFilter' fonksiyonu inaktif.
[12:04:30] 'MedianFilter' fonksiyonu inaktif.
[12:04:30] 'Dilate' fonksiyonu inaktif.
[12:04:30] 'AdaptiveThreshold' fonksiyonu inaktif.
[12:04:30] 'Open' fonksiyonu inaktif.
[12:04:30] 'Close' fonksiyonu inaktif.
[12:04:30] 'RGB' fonksiyonu inaktif.
[12:04:30] 'Stretch' fonksiyonu inaktif.
[12:04:30] 'Resize' fonksiyonu inaktif.
[12:04:30] 'Binarize' fonksiyonu aktif.
[12:06:39] 'Zoom' fonksiyonu inaktif.
[12:06:39] 'Brightness' fonksiyonu inaktif.
[12:06:39] 'Contrast' fonksiyonu inaktif.
[12:06:39] 'MakeGray' fonksiyonu inaktif.
[12:06:39] 'Binarize' fonksiyonu inaktif.
[12:06:39] 'Shifter' fonksiyonu inaktif.
[12:06:39] 'Rotate' fonksiyonu inaktif.
[12:06:39] 'Morph' fonksiyonu inaktif.
[12:06:39] 'ApplyFilter' fonksiyonu inaktif.
[12:06:39] 'Convolute' fonksiyonu inaktif.
[12:06:39] 'EdgeDetection' fonksiyonu inaktif.
[12:06:39] 'AddSaltAndPepperNoise' fonksiyonu inaktif.
[12:06:39] 'MeanFilter' fonksiyonu inaktif.
[12:06:39] 'MedianFilter' fonksiyonu inaktif.
[12:06:39] 'Dilate' fonksiyonu inaktif.
[12:06:39] 'Open' fonksiyonu inaktif.
[12:06:39] 'Close' fonksiyonu inaktif.
[12:06:39] 'RGB' fonksiyonu inaktif.
[12:06:39] 'Stretch' fonksiyonu inaktif.
[12:06:39] 'Resize' fonksiyonu inaktif.
[12:06:39] 'AdaptiveThreshold' fonksiyonu aktif.
